INFO:<class 'method_tvr.model.ReLoCLNet'> config {'visual_input_size': 1026, 'sub_input_size': 770, 'query_input_size': 768, 'hidden_size': 384, 'conv_kernel_size': 5, 'conv_stride': 1, 'max_ctx_l': 128, 'max_desc_l': 30, 'input_drop': 0.1, 'drop': 0.1, 'n_heads': 8, 'initializer_range': 0.02, 'ctx_mode': 'video_sub_tef', 'margin': 0.1, 'ranking_loss_type': 'hinge', 'lw_neg_q': 1, 'lw_neg_ctx': 1, 'lw_fcl': 0.03, 'lw_vcl': 0.03, 'lw_st_ed': 0, 'use_hard_negative': False, 'hard_pool_size': 20}
INFO:CUDA enabled.
INFO:EPOCH: 0
INFO:NDCG@10, IoU=0.3	NDCG@10, IoU=0.5	NDCG@10, IoU=0.7	NDCG@20, IoU=0.3	NDCG@20, IoU=0.5	NDCG@20, IoU=0.7	NDCG@40, IoU=0.3	NDCG@40, IoU=0.5	NDCG@40, IoU=0.7	
INFO:VAL:  0.010931 0.007546 0.004940 0.011363 0.007393 0.004397 0.013568 0.008820 0.004787
INFO:TEST:  0.010451 0.007334 0.003794 0.010748 0.007199 0.003595 0.013143 0.008711 0.004221
INFO:save checkpoint: results/tvr_ranking/ReLoCLNet_top_20_20240326_162832/model.ckpt
INFO:
INFO:EPOCH: 0
INFO:NDCG@10, IoU=0.3	NDCG@10, IoU=0.5	NDCG@10, IoU=0.7	NDCG@20, IoU=0.3	NDCG@20, IoU=0.5	NDCG@20, IoU=0.7	NDCG@40, IoU=0.3	NDCG@40, IoU=0.5	NDCG@40, IoU=0.7	
INFO:VAL:  0.037333 0.027570 0.016384 0.039062 0.027683 0.016772 0.045186 0.031604 0.018548
INFO:TEST:  0.040183 0.028382 0.015846 0.041404 0.029633 0.016339 0.048403 0.034579 0.018790
INFO:save checkpoint: results/tvr_ranking/ReLoCLNet_top_20_20240326_162832/model.ckpt
INFO:
INFO:EPOCH: 1
INFO:NDCG@10, IoU=0.3	NDCG@10, IoU=0.5	NDCG@10, IoU=0.7	NDCG@20, IoU=0.3	NDCG@20, IoU=0.5	NDCG@20, IoU=0.7	NDCG@40, IoU=0.3	NDCG@40, IoU=0.5	NDCG@40, IoU=0.7	
INFO:VAL:  0.060410 0.047571 0.029573 0.064695 0.049643 0.031098 0.074318 0.056807 0.035060
INFO:TEST:  0.059400 0.045053 0.027321 0.063452 0.047950 0.028210 0.073320 0.055286 0.032375
INFO:save checkpoint: results/tvr_ranking/ReLoCLNet_top_20_20240326_162832/model.ckpt
INFO:
INFO:EPOCH: 1
INFO:NDCG@10, IoU=0.3	NDCG@10, IoU=0.5	NDCG@10, IoU=0.7	NDCG@20, IoU=0.3	NDCG@20, IoU=0.5	NDCG@20, IoU=0.7	NDCG@40, IoU=0.3	NDCG@40, IoU=0.5	NDCG@40, IoU=0.7	
INFO:VAL:  0.072273 0.056106 0.034392 0.077002 0.059747 0.036835 0.090637 0.071577 0.043966
INFO:TEST:  0.080243 0.064708 0.038866 0.084050 0.067114 0.040184 0.096076 0.076260 0.045679
INFO:save checkpoint: results/tvr_ranking/ReLoCLNet_top_20_20240326_162832/model.ckpt
INFO:
INFO:EPOCH: 2
INFO:NDCG@10, IoU=0.3	NDCG@10, IoU=0.5	NDCG@10, IoU=0.7	NDCG@20, IoU=0.3	NDCG@20, IoU=0.5	NDCG@20, IoU=0.7	NDCG@40, IoU=0.3	NDCG@40, IoU=0.5	NDCG@40, IoU=0.7	
INFO:VAL:  0.083515 0.071390 0.045304 0.089144 0.075139 0.048027 0.103425 0.085904 0.054663
INFO:TEST:  0.092171 0.075724 0.047119 0.096604 0.079267 0.048962 0.109420 0.089390 0.055584
INFO:save checkpoint: results/tvr_ranking/ReLoCLNet_top_20_20240326_162832/model.ckpt
INFO:
INFO:EPOCH: 2
INFO:NDCG@10, IoU=0.3	NDCG@10, IoU=0.5	NDCG@10, IoU=0.7	NDCG@20, IoU=0.3	NDCG@20, IoU=0.5	NDCG@20, IoU=0.7	NDCG@40, IoU=0.3	NDCG@40, IoU=0.5	NDCG@40, IoU=0.7	
INFO:VAL:  0.106034 0.091756 0.060670 0.109057 0.093279 0.060743 0.122042 0.104137 0.068108
INFO:TEST:  0.103522 0.088024 0.056509 0.108413 0.091713 0.058919 0.121880 0.102518 0.066374
INFO:save checkpoint: results/tvr_ranking/ReLoCLNet_top_20_20240326_162832/model.ckpt
INFO:
INFO:EPOCH: 3
INFO:NDCG@10, IoU=0.3	NDCG@10, IoU=0.5	NDCG@10, IoU=0.7	NDCG@20, IoU=0.3	NDCG@20, IoU=0.5	NDCG@20, IoU=0.7	NDCG@40, IoU=0.3	NDCG@40, IoU=0.5	NDCG@40, IoU=0.7	
INFO:VAL:  0.109291 0.095262 0.063893 0.113223 0.098004 0.065550 0.127111 0.109639 0.072281
INFO:TEST:  0.113120 0.096574 0.062948 0.117840 0.100062 0.066126 0.131910 0.112521 0.075064
INFO:save checkpoint: results/tvr_ranking/ReLoCLNet_top_20_20240326_162832/model.ckpt
INFO:
INFO:EPOCH: 3
INFO:NDCG@10, IoU=0.3	NDCG@10, IoU=0.5	NDCG@10, IoU=0.7	NDCG@20, IoU=0.3	NDCG@20, IoU=0.5	NDCG@20, IoU=0.7	NDCG@40, IoU=0.3	NDCG@40, IoU=0.5	NDCG@40, IoU=0.7	
INFO:VAL:  0.113180 0.098382 0.069206 0.118052 0.102643 0.070987 0.131044 0.114333 0.079172
INFO:TEST:  0.121612 0.107214 0.071553 0.125143 0.109355 0.073069 0.138977 0.121344 0.081642
INFO:save checkpoint: results/tvr_ranking/ReLoCLNet_top_20_20240326_162832/model.ckpt
INFO:
INFO:EPOCH: 4
INFO:NDCG@10, IoU=0.3	NDCG@10, IoU=0.5	NDCG@10, IoU=0.7	NDCG@20, IoU=0.3	NDCG@20, IoU=0.5	NDCG@20, IoU=0.7	NDCG@40, IoU=0.3	NDCG@40, IoU=0.5	NDCG@40, IoU=0.7	
INFO:VAL:  0.116327 0.103695 0.076057 0.122501 0.107821 0.078323 0.135502 0.119810 0.086448
INFO:TEST:  0.130409 0.115416 0.079590 0.133917 0.117907 0.081571 0.148495 0.130673 0.090971
INFO:save checkpoint: results/tvr_ranking/ReLoCLNet_top_20_20240326_162832/model.ckpt
INFO:
INFO:EPOCH: 4
INFO:NDCG@10, IoU=0.3	NDCG@10, IoU=0.5	NDCG@10, IoU=0.7	NDCG@20, IoU=0.3	NDCG@20, IoU=0.5	NDCG@20, IoU=0.7	NDCG@40, IoU=0.3	NDCG@40, IoU=0.5	NDCG@40, IoU=0.7	
INFO:VAL:  0.125982 0.113691 0.080662 0.129077 0.114545 0.082157 0.143504 0.127592 0.090693
INFO:TEST:  0.133376 0.118783 0.082444 0.136790 0.121374 0.084389 0.151695 0.134062 0.093517
INFO:save checkpoint: results/tvr_ranking/ReLoCLNet_top_20_20240326_162832/model.ckpt
INFO:
INFO:EPOCH: 5
INFO:NDCG@10, IoU=0.3	NDCG@10, IoU=0.5	NDCG@10, IoU=0.7	NDCG@20, IoU=0.3	NDCG@20, IoU=0.5	NDCG@20, IoU=0.7	NDCG@40, IoU=0.3	NDCG@40, IoU=0.5	NDCG@40, IoU=0.7	
INFO:VAL:  0.137307 0.122823 0.086298 0.139839 0.125648 0.088703 0.153092 0.137503 0.097088
INFO:TEST:  0.142002 0.126162 0.086579 0.144256 0.128105 0.088954 0.158858 0.141007 0.098531
INFO:save checkpoint: results/tvr_ranking/ReLoCLNet_top_20_20240326_162832/model.ckpt
INFO:
INFO:EPOCH: 5
INFO:NDCG@10, IoU=0.3	NDCG@10, IoU=0.5	NDCG@10, IoU=0.7	NDCG@20, IoU=0.3	NDCG@20, IoU=0.5	NDCG@20, IoU=0.7	NDCG@40, IoU=0.3	NDCG@40, IoU=0.5	NDCG@40, IoU=0.7	
INFO:VAL:  0.138437 0.126509 0.091897 0.141102 0.127287 0.092430 0.155624 0.140442 0.101332
INFO:TEST:  0.147385 0.133166 0.091314 0.150157 0.135046 0.093661 0.163215 0.146411 0.102139
INFO:save checkpoint: results/tvr_ranking/ReLoCLNet_top_20_20240326_162832/model.ckpt
INFO:
INFO:EPOCH: 6
INFO:NDCG@10, IoU=0.3	NDCG@10, IoU=0.5	NDCG@10, IoU=0.7	NDCG@20, IoU=0.3	NDCG@20, IoU=0.5	NDCG@20, IoU=0.7	NDCG@40, IoU=0.3	NDCG@40, IoU=0.5	NDCG@40, IoU=0.7	
INFO:VAL:  0.143945 0.130812 0.092784 0.145145 0.132315 0.093086 0.159726 0.144502 0.102776
INFO:TEST:  0.153080 0.139149 0.096550 0.154770 0.139815 0.097765 0.168278 0.151674 0.107298
INFO:save checkpoint: results/tvr_ranking/ReLoCLNet_top_20_20240326_162832/model.ckpt
INFO:
INFO:EPOCH: 6
INFO:NDCG@10, IoU=0.3	NDCG@10, IoU=0.5	NDCG@10, IoU=0.7	NDCG@20, IoU=0.3	NDCG@20, IoU=0.5	NDCG@20, IoU=0.7	NDCG@40, IoU=0.3	NDCG@40, IoU=0.5	NDCG@40, IoU=0.7	
INFO:VAL:  0.150706 0.136334 0.100350 0.151401 0.137592 0.100813 0.165364 0.150483 0.109969
INFO:TEST:  0.158095 0.143303 0.100633 0.159242 0.144173 0.102007 0.171768 0.155368 0.110806
INFO:save checkpoint: results/tvr_ranking/ReLoCLNet_top_20_20240326_162832/model.ckpt
INFO:
INFO:EPOCH: 7
INFO:NDCG@10, IoU=0.3	NDCG@10, IoU=0.5	NDCG@10, IoU=0.7	NDCG@20, IoU=0.3	NDCG@20, IoU=0.5	NDCG@20, IoU=0.7	NDCG@40, IoU=0.3	NDCG@40, IoU=0.5	NDCG@40, IoU=0.7	
INFO:VAL:  0.153984 0.137521 0.099124 0.155923 0.140533 0.102400 0.169067 0.152503 0.111064
INFO:TEST:  0.157731 0.143417 0.102830 0.158803 0.144376 0.103669 0.172527 0.156674 0.113228
INFO:save checkpoint: results/tvr_ranking/ReLoCLNet_top_20_20240326_162832/model.ckpt
INFO:
INFO:EPOCH: 7
INFO:NDCG@10, IoU=0.3	NDCG@10, IoU=0.5	NDCG@10, IoU=0.7	NDCG@20, IoU=0.3	NDCG@20, IoU=0.5	NDCG@20, IoU=0.7	NDCG@40, IoU=0.3	NDCG@40, IoU=0.5	NDCG@40, IoU=0.7	
INFO:VAL:  0.156218 0.141072 0.100397 0.156511 0.141357 0.102024 0.170054 0.153099 0.111795
INFO:TEST:  0.163741 0.149842 0.105378 0.165212 0.150685 0.106770 0.178608 0.162697 0.116840
INFO:save checkpoint: results/tvr_ranking/ReLoCLNet_top_20_20240326_162832/model.ckpt
INFO:
INFO:EPOCH: 8
INFO:NDCG@10, IoU=0.3	NDCG@10, IoU=0.5	NDCG@10, IoU=0.7	NDCG@20, IoU=0.3	NDCG@20, IoU=0.5	NDCG@20, IoU=0.7	NDCG@40, IoU=0.3	NDCG@40, IoU=0.5	NDCG@40, IoU=0.7	
INFO:VAL:  0.153618 0.140445 0.099841 0.156757 0.142930 0.101762 0.169773 0.154351 0.111281
INFO:TEST:  0.166385 0.152239 0.108749 0.166548 0.151794 0.109611 0.178989 0.162679 0.118633
INFO:
INFO:EPOCH: 8
INFO:NDCG@10, IoU=0.3	NDCG@10, IoU=0.5	NDCG@10, IoU=0.7	NDCG@20, IoU=0.3	NDCG@20, IoU=0.5	NDCG@20, IoU=0.7	NDCG@40, IoU=0.3	NDCG@40, IoU=0.5	NDCG@40, IoU=0.7	
INFO:VAL:  0.164960 0.150241 0.108799 0.165338 0.151748 0.110062 0.179085 0.164360 0.119260
INFO:TEST:  0.172530 0.158070 0.113017 0.172269 0.157452 0.113906 0.184662 0.168536 0.123039
INFO:save checkpoint: results/tvr_ranking/ReLoCLNet_top_20_20240326_162832/model.ckpt
INFO:
INFO:EPOCH: 9
INFO:NDCG@10, IoU=0.3	NDCG@10, IoU=0.5	NDCG@10, IoU=0.7	NDCG@20, IoU=0.3	NDCG@20, IoU=0.5	NDCG@20, IoU=0.7	NDCG@40, IoU=0.3	NDCG@40, IoU=0.5	NDCG@40, IoU=0.7	
INFO:VAL:  0.171296 0.156524 0.112783 0.170105 0.155844 0.112568 0.182497 0.166584 0.123125
INFO:TEST:  0.173893 0.159668 0.114728 0.172981 0.159091 0.116036 0.184667 0.169735 0.125139
INFO:save checkpoint: results/tvr_ranking/ReLoCLNet_top_20_20240326_162832/model.ckpt
INFO:
INFO:EPOCH: 9
INFO:NDCG@10, IoU=0.3	NDCG@10, IoU=0.5	NDCG@10, IoU=0.7	NDCG@20, IoU=0.3	NDCG@20, IoU=0.5	NDCG@20, IoU=0.7	NDCG@40, IoU=0.3	NDCG@40, IoU=0.5	NDCG@40, IoU=0.7	
INFO:VAL:  0.171890 0.157193 0.115659 0.172262 0.157966 0.116080 0.184615 0.168307 0.124605
INFO:TEST:  0.177089 0.163584 0.118130 0.176050 0.162595 0.118339 0.188048 0.173368 0.127308
INFO:save checkpoint: results/tvr_ranking/ReLoCLNet_top_20_20240326_162832/model.ckpt
INFO:
INFO:EPOCH: 10
INFO:NDCG@10, IoU=0.3	NDCG@10, IoU=0.5	NDCG@10, IoU=0.7	NDCG@20, IoU=0.3	NDCG@20, IoU=0.5	NDCG@20, IoU=0.7	NDCG@40, IoU=0.3	NDCG@40, IoU=0.5	NDCG@40, IoU=0.7	
INFO:VAL:  0.169523 0.154405 0.113994 0.169036 0.153644 0.114878 0.182443 0.166401 0.125097
INFO:TEST:  0.183327 0.168122 0.122324 0.181966 0.166971 0.122136 0.194284 0.178263 0.131068
INFO:
INFO:EPOCH: 10
INFO:NDCG@10, IoU=0.3	NDCG@10, IoU=0.5	NDCG@10, IoU=0.7	NDCG@20, IoU=0.3	NDCG@20, IoU=0.5	NDCG@20, IoU=0.7	NDCG@40, IoU=0.3	NDCG@40, IoU=0.5	NDCG@40, IoU=0.7	
INFO:VAL:  0.172353 0.158821 0.115055 0.173145 0.159009 0.115886 0.184706 0.170203 0.125648
INFO:TEST:  0.180505 0.165771 0.122418 0.179551 0.165156 0.121993 0.191694 0.175972 0.131189
INFO:save checkpoint: results/tvr_ranking/ReLoCLNet_top_20_20240326_162832/model.ckpt
INFO:
INFO:EPOCH: 11
INFO:NDCG@10, IoU=0.3	NDCG@10, IoU=0.5	NDCG@10, IoU=0.7	NDCG@20, IoU=0.3	NDCG@20, IoU=0.5	NDCG@20, IoU=0.7	NDCG@40, IoU=0.3	NDCG@40, IoU=0.5	NDCG@40, IoU=0.7	
INFO:VAL:  0.174326 0.157744 0.118948 0.172693 0.157879 0.118644 0.186182 0.170639 0.128141
INFO:TEST:  0.184323 0.169605 0.122452 0.183081 0.168068 0.122904 0.195069 0.179058 0.131854
INFO:save checkpoint: results/tvr_ranking/ReLoCLNet_top_20_20240326_162832/model.ckpt
INFO:
INFO:EPOCH: 11
INFO:NDCG@10, IoU=0.3	NDCG@10, IoU=0.5	NDCG@10, IoU=0.7	NDCG@20, IoU=0.3	NDCG@20, IoU=0.5	NDCG@20, IoU=0.7	NDCG@40, IoU=0.3	NDCG@40, IoU=0.5	NDCG@40, IoU=0.7	
INFO:VAL:  0.185930 0.167158 0.120706 0.185264 0.166595 0.122335 0.197053 0.178460 0.131176
INFO:TEST:  0.185145 0.171584 0.124904 0.183001 0.169163 0.124471 0.195080 0.179755 0.133704
INFO:save checkpoint: results/tvr_ranking/ReLoCLNet_top_20_20240326_162832/model.ckpt
INFO:
INFO:EPOCH: 12
INFO:NDCG@10, IoU=0.3	NDCG@10, IoU=0.5	NDCG@10, IoU=0.7	NDCG@20, IoU=0.3	NDCG@20, IoU=0.5	NDCG@20, IoU=0.7	NDCG@40, IoU=0.3	NDCG@40, IoU=0.5	NDCG@40, IoU=0.7	
INFO:VAL:  0.184269 0.166346 0.122380 0.184567 0.167586 0.124693 0.197460 0.180005 0.134604
INFO:TEST:  0.186682 0.171319 0.123966 0.186430 0.171202 0.125271 0.198107 0.182040 0.134904
INFO:save checkpoint: results/tvr_ranking/ReLoCLNet_top_20_20240326_162832/model.ckpt
INFO:
INFO:EPOCH: 12
INFO:NDCG@10, IoU=0.3	NDCG@10, IoU=0.5	NDCG@10, IoU=0.7	NDCG@20, IoU=0.3	NDCG@20, IoU=0.5	NDCG@20, IoU=0.7	NDCG@40, IoU=0.3	NDCG@40, IoU=0.5	NDCG@40, IoU=0.7	
INFO:VAL:  0.186418 0.172498 0.127472 0.184764 0.170591 0.125889 0.197200 0.182043 0.134659
INFO:TEST:  0.188725 0.174192 0.127259 0.187139 0.172543 0.126753 0.198533 0.183160 0.135982
INFO:save checkpoint: results/tvr_ranking/ReLoCLNet_top_20_20240326_162832/model.ckpt
INFO:
INFO:EPOCH: 13
INFO:NDCG@10, IoU=0.3	NDCG@10, IoU=0.5	NDCG@10, IoU=0.7	NDCG@20, IoU=0.3	NDCG@20, IoU=0.5	NDCG@20, IoU=0.7	NDCG@40, IoU=0.3	NDCG@40, IoU=0.5	NDCG@40, IoU=0.7	
INFO:VAL:  0.191398 0.176415 0.130233 0.189572 0.175248 0.131204 0.201688 0.186584 0.140874
INFO:TEST:  0.194286 0.180003 0.133032 0.191621 0.177800 0.132330 0.202383 0.187698 0.140816
INFO:save checkpoint: results/tvr_ranking/ReLoCLNet_top_20_20240326_162832/model.ckpt
INFO:
INFO:EPOCH: 13
INFO:NDCG@10, IoU=0.3	NDCG@10, IoU=0.5	NDCG@10, IoU=0.7	NDCG@20, IoU=0.3	NDCG@20, IoU=0.5	NDCG@20, IoU=0.7	NDCG@40, IoU=0.3	NDCG@40, IoU=0.5	NDCG@40, IoU=0.7	
INFO:VAL:  0.187179 0.172150 0.126133 0.188122 0.172487 0.128304 0.200731 0.184097 0.138000
INFO:TEST:  0.194876 0.180181 0.132975 0.193127 0.178959 0.133178 0.203353 0.188595 0.141090
INFO:
INFO:EPOCH: 14
INFO:NDCG@10, IoU=0.3	NDCG@10, IoU=0.5	NDCG@10, IoU=0.7	NDCG@20, IoU=0.3	NDCG@20, IoU=0.5	NDCG@20, IoU=0.7	NDCG@40, IoU=0.3	NDCG@40, IoU=0.5	NDCG@40, IoU=0.7	
INFO:VAL:  0.188603 0.174493 0.125953 0.187271 0.172050 0.125573 0.199830 0.183934 0.135756
INFO:TEST:  0.196617 0.182816 0.135167 0.194004 0.180095 0.134549 0.205030 0.190436 0.143364
INFO:
INFO:EPOCH: 14
INFO:NDCG@10, IoU=0.3	NDCG@10, IoU=0.5	NDCG@10, IoU=0.7	NDCG@20, IoU=0.3	NDCG@20, IoU=0.5	NDCG@20, IoU=0.7	NDCG@40, IoU=0.3	NDCG@40, IoU=0.5	NDCG@40, IoU=0.7	
INFO:VAL:  0.194214 0.175858 0.130302 0.192751 0.176381 0.131095 0.204808 0.188115 0.140509
INFO:TEST:  0.200621 0.186002 0.137033 0.197272 0.182839 0.136289 0.208230 0.193293 0.145034
INFO:save checkpoint: results/tvr_ranking/ReLoCLNet_top_20_20240326_162832/model.ckpt
INFO:
INFO:EPOCH: 15
INFO:NDCG@10, IoU=0.3	NDCG@10, IoU=0.5	NDCG@10, IoU=0.7	NDCG@20, IoU=0.3	NDCG@20, IoU=0.5	NDCG@20, IoU=0.7	NDCG@40, IoU=0.3	NDCG@40, IoU=0.5	NDCG@40, IoU=0.7	
INFO:VAL:  0.202826 0.184917 0.129662 0.198273 0.181202 0.131132 0.210483 0.192958 0.140935
INFO:TEST:  0.201305 0.186904 0.136709 0.198174 0.183849 0.135841 0.209280 0.194362 0.145302
INFO:save checkpoint: results/tvr_ranking/ReLoCLNet_top_20_20240326_162832/model.ckpt
INFO:
INFO:EPOCH: 15
INFO:NDCG@10, IoU=0.3	NDCG@10, IoU=0.5	NDCG@10, IoU=0.7	NDCG@20, IoU=0.3	NDCG@20, IoU=0.5	NDCG@20, IoU=0.7	NDCG@40, IoU=0.3	NDCG@40, IoU=0.5	NDCG@40, IoU=0.7	
INFO:VAL:  0.199508 0.184514 0.134709 0.196942 0.182641 0.135587 0.208748 0.193854 0.145063
INFO:TEST:  0.199227 0.183917 0.135397 0.196829 0.181641 0.134512 0.207735 0.192016 0.143400
INFO:save checkpoint: results/tvr_ranking/ReLoCLNet_top_20_20240326_162832/model.ckpt
INFO:
INFO:EPOCH: 16
INFO:NDCG@10, IoU=0.3	NDCG@10, IoU=0.5	NDCG@10, IoU=0.7	NDCG@20, IoU=0.3	NDCG@20, IoU=0.5	NDCG@20, IoU=0.7	NDCG@40, IoU=0.3	NDCG@40, IoU=0.5	NDCG@40, IoU=0.7	
INFO:VAL:  0.198845 0.182002 0.133326 0.198892 0.183092 0.136650 0.210763 0.195005 0.145250
INFO:TEST:  0.202843 0.187078 0.136784 0.199797 0.184187 0.136498 0.210603 0.194591 0.145573
INFO:save checkpoint: results/tvr_ranking/ReLoCLNet_top_20_20240326_162832/model.ckpt
INFO:
INFO:EPOCH: 16
INFO:NDCG@10, IoU=0.3	NDCG@10, IoU=0.5	NDCG@10, IoU=0.7	NDCG@20, IoU=0.3	NDCG@20, IoU=0.5	NDCG@20, IoU=0.7	NDCG@40, IoU=0.3	NDCG@40, IoU=0.5	NDCG@40, IoU=0.7	
INFO:VAL:  0.199967 0.183353 0.137708 0.196766 0.181866 0.136461 0.207598 0.191566 0.144911
INFO:TEST:  0.205377 0.191208 0.140481 0.201667 0.188130 0.139677 0.212301 0.197789 0.148481
INFO:
INFO:EPOCH: 17
INFO:NDCG@10, IoU=0.3	NDCG@10, IoU=0.5	NDCG@10, IoU=0.7	NDCG@20, IoU=0.3	NDCG@20, IoU=0.5	NDCG@20, IoU=0.7	NDCG@40, IoU=0.3	NDCG@40, IoU=0.5	NDCG@40, IoU=0.7	
INFO:VAL:  0.205583 0.189020 0.135682 0.203518 0.187564 0.136221 0.214184 0.197499 0.144197
INFO:TEST:  0.203417 0.189104 0.138898 0.201057 0.186988 0.138280 0.212257 0.197203 0.147485
INFO:save checkpoint: results/tvr_ranking/ReLoCLNet_top_20_20240326_162832/model.ckpt
INFO:
INFO:EPOCH: 17
INFO:NDCG@10, IoU=0.3	NDCG@10, IoU=0.5	NDCG@10, IoU=0.7	NDCG@20, IoU=0.3	NDCG@20, IoU=0.5	NDCG@20, IoU=0.7	NDCG@40, IoU=0.3	NDCG@40, IoU=0.5	NDCG@40, IoU=0.7	
INFO:VAL:  0.205379 0.187944 0.137978 0.200445 0.184251 0.135892 0.214324 0.197109 0.146623
INFO:TEST:  0.206942 0.192526 0.142414 0.203925 0.189891 0.142233 0.214090 0.199596 0.150803
INFO:
INFO:EPOCH: 18
INFO:NDCG@10, IoU=0.3	NDCG@10, IoU=0.5	NDCG@10, IoU=0.7	NDCG@20, IoU=0.3	NDCG@20, IoU=0.5	NDCG@20, IoU=0.7	NDCG@40, IoU=0.3	NDCG@40, IoU=0.5	NDCG@40, IoU=0.7	
INFO:VAL:  0.205258 0.187022 0.136419 0.201764 0.185189 0.135521 0.215058 0.198699 0.145621
INFO:TEST:  0.209451 0.194190 0.144973 0.205998 0.190976 0.143343 0.216126 0.200604 0.151627
INFO:
INFO:EPOCH: 18
INFO:NDCG@10, IoU=0.3	NDCG@10, IoU=0.5	NDCG@10, IoU=0.7	NDCG@20, IoU=0.3	NDCG@20, IoU=0.5	NDCG@20, IoU=0.7	NDCG@40, IoU=0.3	NDCG@40, IoU=0.5	NDCG@40, IoU=0.7	
INFO:VAL:  0.211931 0.193669 0.138742 0.208143 0.190681 0.139919 0.218498 0.200440 0.148166
INFO:TEST:  0.211443 0.195861 0.145610 0.207249 0.191954 0.143766 0.217539 0.201803 0.152312
INFO:save checkpoint: results/tvr_ranking/ReLoCLNet_top_20_20240326_162832/model.ckpt
INFO:
INFO:EPOCH: 19
INFO:NDCG@10, IoU=0.3	NDCG@10, IoU=0.5	NDCG@10, IoU=0.7	NDCG@20, IoU=0.3	NDCG@20, IoU=0.5	NDCG@20, IoU=0.7	NDCG@40, IoU=0.3	NDCG@40, IoU=0.5	NDCG@40, IoU=0.7	
INFO:VAL:  0.209298 0.193767 0.141725 0.207289 0.192966 0.142742 0.219971 0.204586 0.152226
INFO:TEST:  0.210651 0.194771 0.144051 0.206954 0.192066 0.143194 0.217889 0.202639 0.152204
INFO:save checkpoint: results/tvr_ranking/ReLoCLNet_top_20_20240326_162832/model.ckpt
INFO:
INFO:EPOCH: 19
INFO:NDCG@10, IoU=0.3	NDCG@10, IoU=0.5	NDCG@10, IoU=0.7	NDCG@20, IoU=0.3	NDCG@20, IoU=0.5	NDCG@20, IoU=0.7	NDCG@40, IoU=0.3	NDCG@40, IoU=0.5	NDCG@40, IoU=0.7	
INFO:VAL:  0.214210 0.199589 0.147703 0.210793 0.195738 0.146637 0.222939 0.207480 0.157222
INFO:TEST:  0.213827 0.198139 0.147993 0.210594 0.195344 0.146908 0.220247 0.204434 0.155286
INFO:save checkpoint: results/tvr_ranking/ReLoCLNet_top_20_20240326_162832/model.ckpt
INFO:
INFO:EPOCH: 20
INFO:NDCG@10, IoU=0.3	NDCG@10, IoU=0.5	NDCG@10, IoU=0.7	NDCG@20, IoU=0.3	NDCG@20, IoU=0.5	NDCG@20, IoU=0.7	NDCG@40, IoU=0.3	NDCG@40, IoU=0.5	NDCG@40, IoU=0.7	
INFO:VAL:  0.222363 0.206270 0.147344 0.216905 0.201589 0.146669 0.228096 0.211866 0.155802
INFO:TEST:  0.222065 0.204932 0.150545 0.217341 0.200916 0.149125 0.227180 0.210366 0.157344
INFO:save checkpoint: results/tvr_ranking/ReLoCLNet_top_20_20240326_162832/model.ckpt
INFO:
INFO:EPOCH: 20
INFO:NDCG@10, IoU=0.3	NDCG@10, IoU=0.5	NDCG@10, IoU=0.7	NDCG@20, IoU=0.3	NDCG@20, IoU=0.5	NDCG@20, IoU=0.7	NDCG@40, IoU=0.3	NDCG@40, IoU=0.5	NDCG@40, IoU=0.7	
INFO:VAL:  0.217994 0.202143 0.147946 0.214796 0.199660 0.149066 0.225393 0.209022 0.157724
INFO:TEST:  0.220140 0.204197 0.150449 0.215658 0.200085 0.149507 0.225495 0.209522 0.158478
INFO:
INFO:EPOCH: 21
INFO:NDCG@10, IoU=0.3	NDCG@10, IoU=0.5	NDCG@10, IoU=0.7	NDCG@20, IoU=0.3	NDCG@20, IoU=0.5	NDCG@20, IoU=0.7	NDCG@40, IoU=0.3	NDCG@40, IoU=0.5	NDCG@40, IoU=0.7	
INFO:VAL:  0.215458 0.198293 0.140739 0.215060 0.198527 0.142588 0.227049 0.209765 0.153737
INFO:TEST:  0.221693 0.205223 0.152765 0.219055 0.202905 0.152341 0.228944 0.212472 0.160932
INFO:
INFO:EPOCH: 21
INFO:NDCG@10, IoU=0.3	NDCG@10, IoU=0.5	NDCG@10, IoU=0.7	NDCG@20, IoU=0.3	NDCG@20, IoU=0.5	NDCG@20, IoU=0.7	NDCG@40, IoU=0.3	NDCG@40, IoU=0.5	NDCG@40, IoU=0.7	
INFO:VAL:  0.229727 0.209433 0.148053 0.222977 0.204659 0.147279 0.234151 0.215634 0.157604
INFO:TEST:  0.225552 0.209818 0.154533 0.221246 0.205911 0.153706 0.231422 0.215672 0.162429
INFO:save checkpoint: results/tvr_ranking/ReLoCLNet_top_20_20240326_162832/model.ckpt
INFO:
INFO:EPOCH: 22
INFO:NDCG@10, IoU=0.3	NDCG@10, IoU=0.5	NDCG@10, IoU=0.7	NDCG@20, IoU=0.3	NDCG@20, IoU=0.5	NDCG@20, IoU=0.7	NDCG@40, IoU=0.3	NDCG@40, IoU=0.5	NDCG@40, IoU=0.7	
INFO:VAL:  0.217993 0.201559 0.144959 0.215443 0.200580 0.145722 0.226090 0.211087 0.154794
INFO:TEST:  0.226052 0.208389 0.152127 0.221286 0.204406 0.150938 0.231163 0.213961 0.160109
INFO:
INFO:EPOCH: 22
INFO:NDCG@10, IoU=0.3	NDCG@10, IoU=0.5	NDCG@10, IoU=0.7	NDCG@20, IoU=0.3	NDCG@20, IoU=0.5	NDCG@20, IoU=0.7	NDCG@40, IoU=0.3	NDCG@40, IoU=0.5	NDCG@40, IoU=0.7	
INFO:VAL:  0.230942 0.214675 0.154079 0.224696 0.208574 0.152153 0.234585 0.218300 0.161167
INFO:TEST:  0.223964 0.207631 0.153150 0.220227 0.204416 0.152282 0.230387 0.214167 0.161248
INFO:save checkpoint: results/tvr_ranking/ReLoCLNet_top_20_20240326_162832/model.ckpt
INFO:
INFO:EPOCH: 23
INFO:NDCG@10, IoU=0.3	NDCG@10, IoU=0.5	NDCG@10, IoU=0.7	NDCG@20, IoU=0.3	NDCG@20, IoU=0.5	NDCG@20, IoU=0.7	NDCG@40, IoU=0.3	NDCG@40, IoU=0.5	NDCG@40, IoU=0.7	
INFO:VAL:  0.231819 0.212767 0.152991 0.227578 0.209196 0.152688 0.237633 0.219165 0.161422
INFO:TEST:  0.227976 0.211927 0.155531 0.223566 0.208045 0.154461 0.233126 0.217412 0.163353
INFO:save checkpoint: results/tvr_ranking/ReLoCLNet_top_20_20240326_162832/model.ckpt
INFO:
INFO:EPOCH: 23
INFO:NDCG@10, IoU=0.3	NDCG@10, IoU=0.5	NDCG@10, IoU=0.7	NDCG@20, IoU=0.3	NDCG@20, IoU=0.5	NDCG@20, IoU=0.7	NDCG@40, IoU=0.3	NDCG@40, IoU=0.5	NDCG@40, IoU=0.7	
INFO:VAL:  0.228672 0.209076 0.149988 0.223327 0.205357 0.150189 0.233650 0.215226 0.158566
INFO:TEST:  0.230730 0.214866 0.157482 0.224608 0.209573 0.156006 0.234787 0.219424 0.165255
INFO:
INFO:EPOCH: 24
INFO:NDCG@10, IoU=0.3	NDCG@10, IoU=0.5	NDCG@10, IoU=0.7	NDCG@20, IoU=0.3	NDCG@20, IoU=0.5	NDCG@20, IoU=0.7	NDCG@40, IoU=0.3	NDCG@40, IoU=0.5	NDCG@40, IoU=0.7	
INFO:VAL:  0.227534 0.210261 0.151497 0.224131 0.208117 0.152667 0.235194 0.218453 0.162412
INFO:TEST:  0.230303 0.213873 0.158206 0.224903 0.209439 0.156659 0.234684 0.218563 0.165624
INFO:
INFO:EPOCH: 24
INFO:NDCG@10, IoU=0.3	NDCG@10, IoU=0.5	NDCG@10, IoU=0.7	NDCG@20, IoU=0.3	NDCG@20, IoU=0.5	NDCG@20, IoU=0.7	NDCG@40, IoU=0.3	NDCG@40, IoU=0.5	NDCG@40, IoU=0.7	
INFO:VAL:  0.234195 0.215662 0.154858 0.227478 0.209816 0.153871 0.236408 0.218887 0.162875
INFO:TEST:  0.229332 0.213316 0.157069 0.225405 0.210027 0.156389 0.235523 0.219888 0.165520
INFO:save checkpoint: results/tvr_ranking/ReLoCLNet_top_20_20240326_162832/model.ckpt
INFO:
INFO:EPOCH: 25
INFO:NDCG@10, IoU=0.3	NDCG@10, IoU=0.5	NDCG@10, IoU=0.7	NDCG@20, IoU=0.3	NDCG@20, IoU=0.5	NDCG@20, IoU=0.7	NDCG@40, IoU=0.3	NDCG@40, IoU=0.5	NDCG@40, IoU=0.7	
INFO:VAL:  0.232698 0.214876 0.152975 0.228918 0.211747 0.155312 0.237866 0.221153 0.164506
INFO:TEST:  0.233942 0.216664 0.160558 0.229121 0.212283 0.158445 0.238848 0.221674 0.167687
INFO:save checkpoint: results/tvr_ranking/ReLoCLNet_top_20_20240326_162832/model.ckpt
INFO:
INFO:EPOCH: 25
INFO:NDCG@10, IoU=0.3	NDCG@10, IoU=0.5	NDCG@10, IoU=0.7	NDCG@20, IoU=0.3	NDCG@20, IoU=0.5	NDCG@20, IoU=0.7	NDCG@40, IoU=0.3	NDCG@40, IoU=0.5	NDCG@40, IoU=0.7	
INFO:VAL:  0.239680 0.221823 0.158833 0.232413 0.214950 0.157465 0.242384 0.224853 0.166900
INFO:TEST:  0.232642 0.215223 0.158181 0.227643 0.210897 0.157474 0.237346 0.220447 0.166596
INFO:save checkpoint: results/tvr_ranking/ReLoCLNet_top_20_20240326_162832/model.ckpt
INFO:
INFO:EPOCH: 26
INFO:NDCG@10, IoU=0.3	NDCG@10, IoU=0.5	NDCG@10, IoU=0.7	NDCG@20, IoU=0.3	NDCG@20, IoU=0.5	NDCG@20, IoU=0.7	NDCG@40, IoU=0.3	NDCG@40, IoU=0.5	NDCG@40, IoU=0.7	
INFO:VAL:  0.235690 0.217419 0.157679 0.230184 0.212833 0.157290 0.241187 0.222745 0.166967
INFO:TEST:  0.236869 0.220194 0.161375 0.231575 0.215474 0.159770 0.240359 0.224679 0.168612
INFO:
INFO:EPOCH: 26
INFO:NDCG@10, IoU=0.3	NDCG@10, IoU=0.5	NDCG@10, IoU=0.7	NDCG@20, IoU=0.3	NDCG@20, IoU=0.5	NDCG@20, IoU=0.7	NDCG@40, IoU=0.3	NDCG@40, IoU=0.5	NDCG@40, IoU=0.7	
INFO:VAL:  0.244296 0.225085 0.163490 0.237306 0.218800 0.160173 0.246460 0.228073 0.169024
INFO:TEST:  0.234367 0.218204 0.159703 0.229101 0.213612 0.158025 0.239004 0.223486 0.167028
INFO:save checkpoint: results/tvr_ranking/ReLoCLNet_top_20_20240326_162832/model.ckpt
INFO:
INFO:EPOCH: 27
INFO:NDCG@10, IoU=0.3	NDCG@10, IoU=0.5	NDCG@10, IoU=0.7	NDCG@20, IoU=0.3	NDCG@20, IoU=0.5	NDCG@20, IoU=0.7	NDCG@40, IoU=0.3	NDCG@40, IoU=0.5	NDCG@40, IoU=0.7	
INFO:VAL:  0.238453 0.219877 0.155002 0.231610 0.214378 0.153557 0.242215 0.225025 0.164124
INFO:TEST:  0.235933 0.218917 0.160785 0.230407 0.214231 0.158963 0.240225 0.223822 0.168503
INFO:
INFO:EPOCH: 27
INFO:NDCG@10, IoU=0.3	NDCG@10, IoU=0.5	NDCG@10, IoU=0.7	NDCG@20, IoU=0.3	NDCG@20, IoU=0.5	NDCG@20, IoU=0.7	NDCG@40, IoU=0.3	NDCG@40, IoU=0.5	NDCG@40, IoU=0.7	
INFO:VAL:  0.246933 0.227440 0.158929 0.238088 0.220270 0.156608 0.248513 0.230814 0.166974
INFO:TEST:  0.237990 0.221893 0.162512 0.232806 0.217463 0.160915 0.241694 0.226021 0.169453
INFO:save checkpoint: results/tvr_ranking/ReLoCLNet_top_20_20240326_162832/model.ckpt
INFO:
INFO:EPOCH: 28
INFO:NDCG@10, IoU=0.3	NDCG@10, IoU=0.5	NDCG@10, IoU=0.7	NDCG@20, IoU=0.3	NDCG@20, IoU=0.5	NDCG@20, IoU=0.7	NDCG@40, IoU=0.3	NDCG@40, IoU=0.5	NDCG@40, IoU=0.7	
INFO:VAL:  0.245698 0.224462 0.158276 0.238917 0.219484 0.157661 0.246875 0.227511 0.166232
INFO:TEST:  0.238655 0.221257 0.163679 0.233344 0.216423 0.161625 0.242112 0.225179 0.169746
INFO:
INFO:EPOCH: 28
INFO:NDCG@10, IoU=0.3	NDCG@10, IoU=0.5	NDCG@10, IoU=0.7	NDCG@20, IoU=0.3	NDCG@20, IoU=0.5	NDCG@20, IoU=0.7	NDCG@40, IoU=0.3	NDCG@40, IoU=0.5	NDCG@40, IoU=0.7	
INFO:VAL:  0.252649 0.232640 0.160046 0.244592 0.226355 0.159843 0.253879 0.235187 0.169081
INFO:TEST:  0.239905 0.223819 0.166291 0.234062 0.218559 0.163854 0.243256 0.227423 0.173013
INFO:save checkpoint: results/tvr_ranking/ReLoCLNet_top_20_20240326_162832/model.ckpt
INFO:
INFO:EPOCH: 29
INFO:NDCG@10, IoU=0.3	NDCG@10, IoU=0.5	NDCG@10, IoU=0.7	NDCG@20, IoU=0.3	NDCG@20, IoU=0.5	NDCG@20, IoU=0.7	NDCG@40, IoU=0.3	NDCG@40, IoU=0.5	NDCG@40, IoU=0.7	
INFO:VAL:  0.254354 0.234400 0.165949 0.245961 0.227733 0.163791 0.253053 0.234495 0.172846
INFO:TEST:  0.238535 0.221665 0.163875 0.233193 0.217468 0.162325 0.243085 0.227263 0.171672
INFO:save checkpoint: results/tvr_ranking/ReLoCLNet_top_20_20240326_162832/model.ckpt
INFO:
INFO:EPOCH: 29
INFO:NDCG@10, IoU=0.3	NDCG@10, IoU=0.5	NDCG@10, IoU=0.7	NDCG@20, IoU=0.3	NDCG@20, IoU=0.5	NDCG@20, IoU=0.7	NDCG@40, IoU=0.3	NDCG@40, IoU=0.5	NDCG@40, IoU=0.7	
INFO:VAL:  0.245959 0.224934 0.158834 0.239923 0.220387 0.159173 0.248338 0.229500 0.169718
INFO:TEST:  0.243789 0.226434 0.167725 0.237402 0.221105 0.165025 0.246503 0.229758 0.173959
INFO:
INFO:EPOCH: 30
INFO:NDCG@10, IoU=0.3	NDCG@10, IoU=0.5	NDCG@10, IoU=0.7	NDCG@20, IoU=0.3	NDCG@20, IoU=0.5	NDCG@20, IoU=0.7	NDCG@40, IoU=0.3	NDCG@40, IoU=0.5	NDCG@40, IoU=0.7	
INFO:VAL:  0.252564 0.228877 0.163486 0.243153 0.221738 0.161676 0.252800 0.232290 0.172649
INFO:TEST:  0.243175 0.226163 0.165899 0.237109 0.221347 0.164266 0.246770 0.230344 0.173409
INFO:
INFO:EPOCH: 30
INFO:NDCG@10, IoU=0.3	NDCG@10, IoU=0.5	NDCG@10, IoU=0.7	NDCG@20, IoU=0.3	NDCG@20, IoU=0.5	NDCG@20, IoU=0.7	NDCG@40, IoU=0.3	NDCG@40, IoU=0.5	NDCG@40, IoU=0.7	
INFO:VAL:  0.245653 0.224612 0.161921 0.239300 0.220252 0.161758 0.247255 0.228093 0.170714
INFO:TEST:  0.243221 0.226681 0.165911 0.237845 0.221456 0.164451 0.246851 0.230371 0.173508
INFO:
INFO:EPOCH: 31
INFO:NDCG@10, IoU=0.3	NDCG@10, IoU=0.5	NDCG@10, IoU=0.7	NDCG@20, IoU=0.3	NDCG@20, IoU=0.5	NDCG@20, IoU=0.7	NDCG@40, IoU=0.3	NDCG@40, IoU=0.5	NDCG@40, IoU=0.7	
INFO:VAL:  0.253134 0.234864 0.165812 0.244995 0.226777 0.164013 0.254234 0.236022 0.173731
INFO:TEST:  0.245601 0.227811 0.167258 0.238935 0.222372 0.165163 0.247845 0.231027 0.173791
INFO:save checkpoint: results/tvr_ranking/ReLoCLNet_top_20_20240326_162832/model.ckpt
INFO:
INFO:EPOCH: 31
INFO:NDCG@10, IoU=0.3	NDCG@10, IoU=0.5	NDCG@10, IoU=0.7	NDCG@20, IoU=0.3	NDCG@20, IoU=0.5	NDCG@20, IoU=0.7	NDCG@40, IoU=0.3	NDCG@40, IoU=0.5	NDCG@40, IoU=0.7	
INFO:VAL:  0.249243 0.230844 0.164384 0.241157 0.223103 0.161182 0.250598 0.232173 0.171892
INFO:TEST:  0.245996 0.228242 0.168224 0.239430 0.222738 0.166000 0.248490 0.231956 0.175642
INFO:
INFO:EPOCH: 32
INFO:NDCG@10, IoU=0.3	NDCG@10, IoU=0.5	NDCG@10, IoU=0.7	NDCG@20, IoU=0.3	NDCG@20, IoU=0.5	NDCG@20, IoU=0.7	NDCG@40, IoU=0.3	NDCG@40, IoU=0.5	NDCG@40, IoU=0.7	
INFO:VAL:  0.256270 0.236541 0.168167 0.247288 0.229413 0.167266 0.256586 0.239047 0.177593
INFO:TEST:  0.244735 0.226870 0.168017 0.238872 0.222151 0.166517 0.247744 0.231024 0.174903
INFO:save checkpoint: results/tvr_ranking/ReLoCLNet_top_20_20240326_162832/model.ckpt
INFO:
INFO:EPOCH: 32
INFO:NDCG@10, IoU=0.3	NDCG@10, IoU=0.5	NDCG@10, IoU=0.7	NDCG@20, IoU=0.3	NDCG@20, IoU=0.5	NDCG@20, IoU=0.7	NDCG@40, IoU=0.3	NDCG@40, IoU=0.5	NDCG@40, IoU=0.7	
INFO:VAL:  0.254705 0.234771 0.166433 0.248899 0.230203 0.165265 0.256322 0.237975 0.175099
INFO:TEST:  0.250861 0.232605 0.171875 0.243102 0.226001 0.168234 0.251892 0.234526 0.177086
INFO:
INFO:EPOCH: 33
INFO:NDCG@10, IoU=0.3	NDCG@10, IoU=0.5	NDCG@10, IoU=0.7	NDCG@20, IoU=0.3	NDCG@20, IoU=0.5	NDCG@20, IoU=0.7	NDCG@40, IoU=0.3	NDCG@40, IoU=0.5	NDCG@40, IoU=0.7	
INFO:VAL:  0.253477 0.231639 0.161656 0.245838 0.226862 0.164125 0.254410 0.235147 0.174096
INFO:TEST:  0.245751 0.228257 0.167568 0.240531 0.223987 0.166498 0.249648 0.232779 0.175010
INFO:
INFO:EPOCH: 33
INFO:NDCG@10, IoU=0.3	NDCG@10, IoU=0.5	NDCG@10, IoU=0.7	NDCG@20, IoU=0.3	NDCG@20, IoU=0.5	NDCG@20, IoU=0.7	NDCG@40, IoU=0.3	NDCG@40, IoU=0.5	NDCG@40, IoU=0.7	
INFO:VAL:  0.254854 0.236050 0.167396 0.247891 0.229640 0.167009 0.257341 0.239136 0.177747
INFO:TEST:  0.248855 0.231209 0.168918 0.241390 0.224790 0.166751 0.250602 0.234202 0.175896
INFO:
INFO:EPOCH: 34
INFO:NDCG@10, IoU=0.3	NDCG@10, IoU=0.5	NDCG@10, IoU=0.7	NDCG@20, IoU=0.3	NDCG@20, IoU=0.5	NDCG@20, IoU=0.7	NDCG@40, IoU=0.3	NDCG@40, IoU=0.5	NDCG@40, IoU=0.7	
INFO:VAL:  0.258606 0.238382 0.168676 0.250277 0.230959 0.166890 0.258700 0.239364 0.176300
INFO:TEST:  0.249273 0.231979 0.169992 0.242209 0.226165 0.168188 0.251560 0.235045 0.176934
INFO:save checkpoint: results/tvr_ranking/ReLoCLNet_top_20_20240326_162832/model.ckpt
INFO:
INFO:EPOCH: 34
INFO:NDCG@10, IoU=0.3	NDCG@10, IoU=0.5	NDCG@10, IoU=0.7	NDCG@20, IoU=0.3	NDCG@20, IoU=0.5	NDCG@20, IoU=0.7	NDCG@40, IoU=0.3	NDCG@40, IoU=0.5	NDCG@40, IoU=0.7	
INFO:VAL:  0.257841 0.238775 0.170906 0.248595 0.231620 0.169037 0.256818 0.240315 0.178281
INFO:TEST:  0.249111 0.230881 0.169454 0.242035 0.225019 0.167527 0.250971 0.234154 0.176415
INFO:save checkpoint: results/tvr_ranking/ReLoCLNet_top_20_20240326_162832/model.ckpt
INFO:
INFO:EPOCH: 35
INFO:NDCG@10, IoU=0.3	NDCG@10, IoU=0.5	NDCG@10, IoU=0.7	NDCG@20, IoU=0.3	NDCG@20, IoU=0.5	NDCG@20, IoU=0.7	NDCG@40, IoU=0.3	NDCG@40, IoU=0.5	NDCG@40, IoU=0.7	
INFO:VAL:  0.264090 0.246014 0.174079 0.254625 0.238466 0.172594 0.262729 0.246567 0.181144
INFO:TEST:  0.249819 0.231916 0.169281 0.243259 0.226386 0.167777 0.252228 0.235571 0.176763
INFO:save checkpoint: results/tvr_ranking/ReLoCLNet_top_20_20240326_162832/model.ckpt
INFO:
INFO:EPOCH: 35
INFO:NDCG@10, IoU=0.3	NDCG@10, IoU=0.5	NDCG@10, IoU=0.7	NDCG@20, IoU=0.3	NDCG@20, IoU=0.5	NDCG@20, IoU=0.7	NDCG@40, IoU=0.3	NDCG@40, IoU=0.5	NDCG@40, IoU=0.7	
INFO:VAL:  0.259475 0.240778 0.170236 0.251685 0.233862 0.168248 0.259895 0.242370 0.177716
INFO:TEST:  0.249448 0.231597 0.169657 0.243200 0.226548 0.168500 0.251770 0.235580 0.177710
INFO:
INFO:EPOCH: 36
INFO:NDCG@10, IoU=0.3	NDCG@10, IoU=0.5	NDCG@10, IoU=0.7	NDCG@20, IoU=0.3	NDCG@20, IoU=0.5	NDCG@20, IoU=0.7	NDCG@40, IoU=0.3	NDCG@40, IoU=0.5	NDCG@40, IoU=0.7	
INFO:VAL:  0.256619 0.235743 0.166922 0.248946 0.229251 0.165537 0.257233 0.238386 0.175914
INFO:TEST:  0.250048 0.232082 0.170892 0.243374 0.225897 0.168297 0.252292 0.235167 0.177233
INFO:
INFO:EPOCH: 36
INFO:NDCG@10, IoU=0.3	NDCG@10, IoU=0.5	NDCG@10, IoU=0.7	NDCG@20, IoU=0.3	NDCG@20, IoU=0.5	NDCG@20, IoU=0.7	NDCG@40, IoU=0.3	NDCG@40, IoU=0.5	NDCG@40, IoU=0.7	
INFO:VAL:  0.258923 0.239867 0.167902 0.250936 0.233610 0.167820 0.259951 0.242363 0.177425
INFO:TEST:  0.252530 0.234808 0.172014 0.244967 0.227939 0.169319 0.253480 0.236846 0.178179
INFO:
INFO:EPOCH: 37
INFO:NDCG@10, IoU=0.3	NDCG@10, IoU=0.5	NDCG@10, IoU=0.7	NDCG@20, IoU=0.3	NDCG@20, IoU=0.5	NDCG@20, IoU=0.7	NDCG@40, IoU=0.3	NDCG@40, IoU=0.5	NDCG@40, IoU=0.7	
INFO:VAL:  0.259509 0.239941 0.169312 0.250047 0.232897 0.168515 0.259779 0.242470 0.178095
INFO:TEST:  0.255882 0.237093 0.175153 0.247503 0.230328 0.171719 0.255849 0.238468 0.179907
INFO:
INFO:EPOCH: 37
INFO:NDCG@10, IoU=0.3	NDCG@10, IoU=0.5	NDCG@10, IoU=0.7	NDCG@20, IoU=0.3	NDCG@20, IoU=0.5	NDCG@20, IoU=0.7	NDCG@40, IoU=0.3	NDCG@40, IoU=0.5	NDCG@40, IoU=0.7	
INFO:VAL:  0.265787 0.246979 0.175339 0.255331 0.238179 0.171969 0.264561 0.247455 0.181893
INFO:TEST:  0.253045 0.235673 0.173039 0.245581 0.229238 0.169849 0.255012 0.238535 0.179164
INFO:save checkpoint: results/tvr_ranking/ReLoCLNet_top_20_20240326_162832/model.ckpt
INFO:
INFO:EPOCH: 38
INFO:NDCG@10, IoU=0.3	NDCG@10, IoU=0.5	NDCG@10, IoU=0.7	NDCG@20, IoU=0.3	NDCG@20, IoU=0.5	NDCG@20, IoU=0.7	NDCG@40, IoU=0.3	NDCG@40, IoU=0.5	NDCG@40, IoU=0.7	
INFO:VAL:  0.257088 0.237847 0.166626 0.249657 0.231697 0.165952 0.258017 0.240203 0.176183
INFO:TEST:  0.254464 0.237915 0.174147 0.246978 0.231030 0.171587 0.255659 0.239497 0.180082
INFO:
INFO:EPOCH: 38
INFO:NDCG@10, IoU=0.3	NDCG@10, IoU=0.5	NDCG@10, IoU=0.7	NDCG@20, IoU=0.3	NDCG@20, IoU=0.5	NDCG@20, IoU=0.7	NDCG@40, IoU=0.3	NDCG@40, IoU=0.5	NDCG@40, IoU=0.7	
INFO:VAL:  0.261681 0.242799 0.171857 0.251896 0.234155 0.170498 0.259847 0.242521 0.180439
INFO:TEST:  0.256861 0.238470 0.175614 0.249163 0.231771 0.173442 0.257638 0.240309 0.181909
INFO:
INFO:EPOCH: 39
INFO:NDCG@10, IoU=0.3	NDCG@10, IoU=0.5	NDCG@10, IoU=0.7	NDCG@20, IoU=0.3	NDCG@20, IoU=0.5	NDCG@20, IoU=0.7	NDCG@40, IoU=0.3	NDCG@40, IoU=0.5	NDCG@40, IoU=0.7	
INFO:VAL:  0.264686 0.244859 0.173613 0.254834 0.236733 0.172279 0.263113 0.244904 0.181467
INFO:TEST:  0.256104 0.237793 0.175560 0.249148 0.232107 0.173175 0.257088 0.240360 0.181865
INFO:
INFO:EPOCH: 39
INFO:NDCG@10, IoU=0.3	NDCG@10, IoU=0.5	NDCG@10, IoU=0.7	NDCG@20, IoU=0.3	NDCG@20, IoU=0.5	NDCG@20, IoU=0.7	NDCG@40, IoU=0.3	NDCG@40, IoU=0.5	NDCG@40, IoU=0.7	
INFO:VAL:  0.265257 0.245029 0.174416 0.254685 0.236938 0.172263 0.263693 0.245700 0.182013
INFO:TEST:  0.258310 0.240172 0.176800 0.250757 0.233942 0.174028 0.259011 0.242023 0.182361
INFO:
INFO:EPOCH: 40
INFO:NDCG@10, IoU=0.3	NDCG@10, IoU=0.5	NDCG@10, IoU=0.7	NDCG@20, IoU=0.3	NDCG@20, IoU=0.5	NDCG@20, IoU=0.7	NDCG@40, IoU=0.3	NDCG@40, IoU=0.5	NDCG@40, IoU=0.7	
INFO:VAL:  0.262365 0.243697 0.173031 0.252820 0.234272 0.169975 0.261269 0.242658 0.179756
INFO:TEST:  0.256176 0.237688 0.174186 0.248553 0.231319 0.172162 0.257174 0.239701 0.181038
INFO:
INFO:EPOCH: 40
INFO:NDCG@10, IoU=0.3	NDCG@10, IoU=0.5	NDCG@10, IoU=0.7	NDCG@20, IoU=0.3	NDCG@20, IoU=0.5	NDCG@20, IoU=0.7	NDCG@40, IoU=0.3	NDCG@40, IoU=0.5	NDCG@40, IoU=0.7	
INFO:VAL:  0.262583 0.243074 0.172443 0.253899 0.235712 0.169938 0.263136 0.245126 0.181038
INFO:TEST:  0.257782 0.240887 0.177842 0.250319 0.234224 0.174995 0.258497 0.242536 0.183662
INFO:
INFO:EPOCH: 41
INFO:NDCG@10, IoU=0.3	NDCG@10, IoU=0.5	NDCG@10, IoU=0.7	NDCG@20, IoU=0.3	NDCG@20, IoU=0.5	NDCG@20, IoU=0.7	NDCG@40, IoU=0.3	NDCG@40, IoU=0.5	NDCG@40, IoU=0.7	
INFO:VAL:  0.264243 0.243914 0.174719 0.255185 0.236794 0.172381 0.263614 0.244813 0.181479
INFO:TEST:  0.257912 0.240320 0.175984 0.250766 0.233859 0.173568 0.258956 0.242580 0.182227
INFO:
INFO:EPOCH: 41
INFO:NDCG@10, IoU=0.3	NDCG@10, IoU=0.5	NDCG@10, IoU=0.7	NDCG@20, IoU=0.3	NDCG@20, IoU=0.5	NDCG@20, IoU=0.7	NDCG@40, IoU=0.3	NDCG@40, IoU=0.5	NDCG@40, IoU=0.7	
INFO:VAL:  0.264605 0.245489 0.175156 0.254486 0.236531 0.171857 0.263591 0.245447 0.181459
INFO:TEST:  0.258109 0.240021 0.176388 0.250882 0.233958 0.173960 0.259130 0.242354 0.182614
INFO:
INFO:EPOCH: 42
INFO:NDCG@10, IoU=0.3	NDCG@10, IoU=0.5	NDCG@10, IoU=0.7	NDCG@20, IoU=0.3	NDCG@20, IoU=0.5	NDCG@20, IoU=0.7	NDCG@40, IoU=0.3	NDCG@40, IoU=0.5	NDCG@40, IoU=0.7	
INFO:VAL:  0.269839 0.248749 0.177915 0.258455 0.238847 0.174785 0.267156 0.247876 0.184961
INFO:TEST:  0.259230 0.241620 0.175854 0.251089 0.234661 0.173524 0.259540 0.243132 0.182267
INFO:save checkpoint: results/tvr_ranking/ReLoCLNet_top_20_20240326_162832/model.ckpt
INFO:
INFO:EPOCH: 42
INFO:NDCG@10, IoU=0.3	NDCG@10, IoU=0.5	NDCG@10, IoU=0.7	NDCG@20, IoU=0.3	NDCG@20, IoU=0.5	NDCG@20, IoU=0.7	NDCG@40, IoU=0.3	NDCG@40, IoU=0.5	NDCG@40, IoU=0.7	
INFO:VAL:  0.264947 0.245262 0.177555 0.255932 0.237729 0.173903 0.264799 0.246168 0.182868
INFO:TEST:  0.261504 0.242105 0.178290 0.253321 0.235343 0.175353 0.261422 0.243630 0.183971
INFO:
INFO:EPOCH: 43
INFO:NDCG@10, IoU=0.3	NDCG@10, IoU=0.5	NDCG@10, IoU=0.7	NDCG@20, IoU=0.3	NDCG@20, IoU=0.5	NDCG@20, IoU=0.7	NDCG@40, IoU=0.3	NDCG@40, IoU=0.5	NDCG@40, IoU=0.7	
INFO:VAL:  0.266413 0.243983 0.179126 0.255788 0.235727 0.174966 0.264671 0.244833 0.184898
INFO:TEST:  0.261277 0.241990 0.178924 0.253390 0.235712 0.176242 0.261510 0.244159 0.184618
INFO:
INFO:EPOCH: 43
INFO:NDCG@10, IoU=0.3	NDCG@10, IoU=0.5	NDCG@10, IoU=0.7	NDCG@20, IoU=0.3	NDCG@20, IoU=0.5	NDCG@20, IoU=0.7	NDCG@40, IoU=0.3	NDCG@40, IoU=0.5	NDCG@40, IoU=0.7	
INFO:VAL:  0.269456 0.249109 0.177812 0.259024 0.240474 0.174569 0.267538 0.249308 0.184592
INFO:TEST:  0.261817 0.243631 0.178673 0.253890 0.236771 0.175857 0.262321 0.245111 0.184497
INFO:save checkpoint: results/tvr_ranking/ReLoCLNet_top_20_20240326_162832/model.ckpt
INFO:
INFO:EPOCH: 44
INFO:NDCG@10, IoU=0.3	NDCG@10, IoU=0.5	NDCG@10, IoU=0.7	NDCG@20, IoU=0.3	NDCG@20, IoU=0.5	NDCG@20, IoU=0.7	NDCG@40, IoU=0.3	NDCG@40, IoU=0.5	NDCG@40, IoU=0.7	
INFO:VAL:  0.264310 0.243156 0.176365 0.256062 0.237348 0.175058 0.264839 0.246074 0.184637
INFO:TEST:  0.260594 0.243137 0.178460 0.253364 0.236771 0.175987 0.261191 0.244636 0.184784
INFO:
INFO:EPOCH: 44
INFO:NDCG@10, IoU=0.3	NDCG@10, IoU=0.5	NDCG@10, IoU=0.7	NDCG@20, IoU=0.3	NDCG@20, IoU=0.5	NDCG@20, IoU=0.7	NDCG@40, IoU=0.3	NDCG@40, IoU=0.5	NDCG@40, IoU=0.7	
INFO:VAL:  0.266401 0.246198 0.178128 0.256167 0.237713 0.175297 0.263797 0.245549 0.185150
INFO:TEST:  0.261249 0.242857 0.179601 0.253896 0.236937 0.177173 0.261803 0.244984 0.185797
INFO:
INFO:EPOCH: 45
INFO:NDCG@10, IoU=0.3	NDCG@10, IoU=0.5	NDCG@10, IoU=0.7	NDCG@20, IoU=0.3	NDCG@20, IoU=0.5	NDCG@20, IoU=0.7	NDCG@40, IoU=0.3	NDCG@40, IoU=0.5	NDCG@40, IoU=0.7	
INFO:VAL:  0.267716 0.249090 0.177225 0.258359 0.242307 0.174446 0.266860 0.250196 0.183049
INFO:TEST:  0.260583 0.242687 0.177870 0.252673 0.236077 0.175468 0.261222 0.244467 0.184137
INFO:
INFO:EPOCH: 45
INFO:NDCG@10, IoU=0.3	NDCG@10, IoU=0.5	NDCG@10, IoU=0.7	NDCG@20, IoU=0.3	NDCG@20, IoU=0.5	NDCG@20, IoU=0.7	NDCG@40, IoU=0.3	NDCG@40, IoU=0.5	NDCG@40, IoU=0.7	
INFO:VAL:  0.273865 0.252211 0.179774 0.261459 0.242426 0.175178 0.270051 0.250912 0.184693
INFO:TEST:  0.262626 0.244182 0.178608 0.254450 0.237261 0.176184 0.262806 0.245481 0.184771
INFO:save checkpoint: results/tvr_ranking/ReLoCLNet_top_20_20240326_162832/model.ckpt
INFO:
INFO:EPOCH: 46
INFO:NDCG@10, IoU=0.3	NDCG@10, IoU=0.5	NDCG@10, IoU=0.7	NDCG@20, IoU=0.3	NDCG@20, IoU=0.5	NDCG@20, IoU=0.7	NDCG@40, IoU=0.3	NDCG@40, IoU=0.5	NDCG@40, IoU=0.7	
INFO:VAL:  0.269979 0.247455 0.176495 0.258741 0.239135 0.174218 0.266972 0.247656 0.183626
INFO:TEST:  0.261584 0.243257 0.178992 0.253595 0.236337 0.176664 0.261767 0.244544 0.185236
INFO:
INFO:EPOCH: 46
INFO:NDCG@10, IoU=0.3	NDCG@10, IoU=0.5	NDCG@10, IoU=0.7	NDCG@20, IoU=0.3	NDCG@20, IoU=0.5	NDCG@20, IoU=0.7	NDCG@40, IoU=0.3	NDCG@40, IoU=0.5	NDCG@40, IoU=0.7	
INFO:VAL:  0.271071 0.250062 0.177863 0.259936 0.241312 0.174005 0.267459 0.249052 0.183662
INFO:TEST:  0.263294 0.244945 0.180540 0.255156 0.238358 0.178121 0.263216 0.246497 0.186644
INFO:
INFO:EPOCH: 47
INFO:NDCG@10, IoU=0.3	NDCG@10, IoU=0.5	NDCG@10, IoU=0.7	NDCG@20, IoU=0.3	NDCG@20, IoU=0.5	NDCG@20, IoU=0.7	NDCG@40, IoU=0.3	NDCG@40, IoU=0.5	NDCG@40, IoU=0.7	
INFO:VAL:  0.271640 0.250807 0.177934 0.260263 0.242020 0.174509 0.268583 0.250356 0.183604
INFO:TEST:  0.262694 0.244118 0.179954 0.254831 0.237445 0.177114 0.263180 0.246030 0.185858
INFO:
INFO:EPOCH: 47
INFO:NDCG@10, IoU=0.3	NDCG@10, IoU=0.5	NDCG@10, IoU=0.7	NDCG@20, IoU=0.3	NDCG@20, IoU=0.5	NDCG@20, IoU=0.7	NDCG@40, IoU=0.3	NDCG@40, IoU=0.5	NDCG@40, IoU=0.7	
INFO:VAL:  0.270300 0.250509 0.181395 0.258750 0.241332 0.176952 0.267068 0.249277 0.186220
INFO:TEST:  0.264525 0.246449 0.180693 0.256071 0.239389 0.178056 0.264220 0.247591 0.186596
INFO:
INFO:EPOCH: 48
INFO:NDCG@10, IoU=0.3	NDCG@10, IoU=0.5	NDCG@10, IoU=0.7	NDCG@20, IoU=0.3	NDCG@20, IoU=0.5	NDCG@20, IoU=0.7	NDCG@40, IoU=0.3	NDCG@40, IoU=0.5	NDCG@40, IoU=0.7	
INFO:VAL:  0.272875 0.250283 0.179952 0.261643 0.241918 0.176296 0.269135 0.249604 0.185588
INFO:TEST:  0.265200 0.246451 0.180789 0.256357 0.239127 0.177804 0.264808 0.247407 0.186472
INFO:
INFO:EPOCH: 48
INFO:NDCG@10, IoU=0.3	NDCG@10, IoU=0.5	NDCG@10, IoU=0.7	NDCG@20, IoU=0.3	NDCG@20, IoU=0.5	NDCG@20, IoU=0.7	NDCG@40, IoU=0.3	NDCG@40, IoU=0.5	NDCG@40, IoU=0.7	
INFO:VAL:  0.273181 0.250658 0.180050 0.261692 0.241626 0.176247 0.269129 0.249533 0.184970
INFO:TEST:  0.263941 0.245914 0.180057 0.255803 0.239111 0.177768 0.264028 0.247348 0.186385
INFO:
INFO:EPOCH: 49
INFO:NDCG@10, IoU=0.3	NDCG@10, IoU=0.5	NDCG@10, IoU=0.7	NDCG@20, IoU=0.3	NDCG@20, IoU=0.5	NDCG@20, IoU=0.7	NDCG@40, IoU=0.3	NDCG@40, IoU=0.5	NDCG@40, IoU=0.7	
INFO:VAL:  0.271824 0.250770 0.180100 0.259793 0.241395 0.176611 0.267876 0.249634 0.185329
INFO:TEST:  0.264122 0.245794 0.180037 0.255677 0.238953 0.177441 0.264066 0.247151 0.186304
INFO:
INFO:EPOCH: 49
INFO:NDCG@10, IoU=0.3	NDCG@10, IoU=0.5	NDCG@10, IoU=0.7	NDCG@20, IoU=0.3	NDCG@20, IoU=0.5	NDCG@20, IoU=0.7	NDCG@40, IoU=0.3	NDCG@40, IoU=0.5	NDCG@40, IoU=0.7	
INFO:VAL:  0.271480 0.249790 0.179212 0.260342 0.241137 0.176037 0.268367 0.249331 0.184729
INFO:TEST:  0.264275 0.245877 0.180259 0.256117 0.239307 0.177730 0.264179 0.247357 0.186276
INFO:


INFO: BEST EPOCH 45 (based on NDCG@20, IoU=0.5)
INFO:VAL:  0.273865 0.252211 0.179774 0.261459 0.242426 0.175178 0.270051 0.250912 0.184693
INFO:TEST:  0.262626 0.244182 0.178608 0.254450 0.237261 0.176184 0.262806 0.245481 0.184771
