INFO:<class 'method_tvr.model.ReLoCLNet'> config {'visual_input_size': 1026, 'sub_input_size': 770, 'query_input_size': 768, 'hidden_size': 384, 'conv_kernel_size': 5, 'conv_stride': 1, 'max_ctx_l': 128, 'max_desc_l': 30, 'input_drop': 0.1, 'drop': 0.1, 'n_heads': 8, 'initializer_range': 0.02, 'ctx_mode': 'video_sub_tef', 'margin': 0.1, 'ranking_loss_type': 'hinge', 'lw_neg_q': 1, 'lw_neg_ctx': 1, 'lw_fcl': 0.03, 'lw_vcl': 0.03, 'lw_st_ed': 0, 'use_hard_negative': False, 'hard_pool_size': 20}
INFO:CUDA enabled.
INFO:EPOCH: 4
INFO:NDCG@10, IoU=0.3	NDCG@10, IoU=0.5	NDCG@10, IoU=0.7	NDCG@20, IoU=0.3	NDCG@20, IoU=0.5	NDCG@20, IoU=0.7	NDCG@40, IoU=0.3	NDCG@40, IoU=0.5	NDCG@40, IoU=0.7	
INFO:VAL:  0.003993 0.003099 0.002435 0.004319 0.003150 0.002356 0.005089 0.003634 0.002646
INFO:TEST:  0.002351 0.001477 0.000953 0.002450 0.001469 0.000885 0.003004 0.001798 0.001051
INFO:BEST VAL:  0.003993 0.003099 0.002435 0.004319 0.003150 0.002356 0.005089 0.003634 0.002646
INFO:BEST TEST:  0.002351 0.001477 0.000953 0.002450 0.001469 0.000885 0.003004 0.001798 0.001051
INFO:
INFO:EPOCH: 9
INFO:NDCG@10, IoU=0.3	NDCG@10, IoU=0.5	NDCG@10, IoU=0.7	NDCG@20, IoU=0.3	NDCG@20, IoU=0.5	NDCG@20, IoU=0.7	NDCG@40, IoU=0.3	NDCG@40, IoU=0.5	NDCG@40, IoU=0.7	
INFO:VAL:  0.012515 0.006773 0.004156 0.014118 0.008639 0.005061 0.017243 0.011165 0.006520
INFO:TEST:  0.009872 0.006060 0.002533 0.011704 0.007179 0.003321 0.014958 0.009238 0.004473
INFO:BEST VAL:  0.012515 0.006773 0.004156 0.014118 0.008639 0.005061 0.017243 0.011165 0.006520
INFO:BEST TEST:  0.009872 0.006060 0.002533 0.011704 0.007179 0.003321 0.014958 0.009238 0.004473
INFO:
INFO:EPOCH: 14
INFO:NDCG@10, IoU=0.3	NDCG@10, IoU=0.5	NDCG@10, IoU=0.7	NDCG@20, IoU=0.3	NDCG@20, IoU=0.5	NDCG@20, IoU=0.7	NDCG@40, IoU=0.3	NDCG@40, IoU=0.5	NDCG@40, IoU=0.7	
INFO:VAL:  0.021467 0.014502 0.007374 0.024557 0.017032 0.009205 0.030859 0.021678 0.012053
INFO:TEST:  0.021541 0.014820 0.007928 0.024347 0.016748 0.008915 0.029934 0.020134 0.010774
INFO:BEST VAL:  0.021467 0.014502 0.007374 0.024557 0.017032 0.009205 0.030859 0.021678 0.012053
INFO:BEST TEST:  0.021541 0.014820 0.007928 0.024347 0.016748 0.008915 0.029934 0.020134 0.010774
INFO:
INFO:EPOCH: 19
INFO:NDCG@10, IoU=0.3	NDCG@10, IoU=0.5	NDCG@10, IoU=0.7	NDCG@20, IoU=0.3	NDCG@20, IoU=0.5	NDCG@20, IoU=0.7	NDCG@40, IoU=0.3	NDCG@40, IoU=0.5	NDCG@40, IoU=0.7	
INFO:VAL:  0.033909 0.023971 0.014567 0.035716 0.025464 0.014674 0.043312 0.031102 0.018194
INFO:TEST:  0.031643 0.022086 0.012002 0.034307 0.024133 0.013000 0.041261 0.029255 0.015582
INFO:BEST VAL:  0.033909 0.023971 0.014567 0.035716 0.025464 0.014674 0.043312 0.031102 0.018194
INFO:BEST TEST:  0.031643 0.022086 0.012002 0.034307 0.024133 0.013000 0.041261 0.029255 0.015582
INFO:
INFO:EPOCH: 24
INFO:NDCG@10, IoU=0.3	NDCG@10, IoU=0.5	NDCG@10, IoU=0.7	NDCG@20, IoU=0.3	NDCG@20, IoU=0.5	NDCG@20, IoU=0.7	NDCG@40, IoU=0.3	NDCG@40, IoU=0.5	NDCG@40, IoU=0.7	
INFO:VAL:  0.040262 0.027019 0.015430 0.044227 0.030145 0.017321 0.052558 0.036546 0.021109
INFO:TEST:  0.038734 0.028048 0.015411 0.042584 0.030860 0.016867 0.050487 0.036490 0.020201
INFO:BEST VAL:  0.040262 0.027019 0.015430 0.044227 0.030145 0.017321 0.052558 0.036546 0.021109
INFO:BEST TEST:  0.038734 0.028048 0.015411 0.042584 0.030860 0.016867 0.050487 0.036490 0.020201
INFO:
INFO:EPOCH: 29
INFO:NDCG@10, IoU=0.3	NDCG@10, IoU=0.5	NDCG@10, IoU=0.7	NDCG@20, IoU=0.3	NDCG@20, IoU=0.5	NDCG@20, IoU=0.7	NDCG@40, IoU=0.3	NDCG@40, IoU=0.5	NDCG@40, IoU=0.7	
INFO:VAL:  0.053607 0.039464 0.022545 0.056548 0.042026 0.024526 0.064773 0.049244 0.027981
INFO:TEST:  0.047207 0.034754 0.019314 0.050139 0.036950 0.020703 0.058028 0.042301 0.023691
INFO:BEST VAL:  0.053607 0.039464 0.022545 0.056548 0.042026 0.024526 0.064773 0.049244 0.027981
INFO:BEST TEST:  0.047207 0.034754 0.019314 0.050139 0.036950 0.020703 0.058028 0.042301 0.023691
INFO:
INFO:EPOCH: 34
INFO:NDCG@10, IoU=0.3	NDCG@10, IoU=0.5	NDCG@10, IoU=0.7	NDCG@20, IoU=0.3	NDCG@20, IoU=0.5	NDCG@20, IoU=0.7	NDCG@40, IoU=0.3	NDCG@40, IoU=0.5	NDCG@40, IoU=0.7	
INFO:VAL:  0.053792 0.043593 0.024748 0.057198 0.045700 0.025970 0.068123 0.053015 0.030172
INFO:TEST:  0.050466 0.037177 0.020756 0.053540 0.039281 0.021649 0.062960 0.045968 0.025522
INFO:BEST VAL:  0.053792 0.043593 0.024748 0.057198 0.045700 0.025970 0.068123 0.053015 0.030172
INFO:BEST TEST:  0.050466 0.037177 0.020756 0.053540 0.039281 0.021649 0.062960 0.045968 0.025522
INFO:
INFO:EPOCH: 39
INFO:NDCG@10, IoU=0.3	NDCG@10, IoU=0.5	NDCG@10, IoU=0.7	NDCG@20, IoU=0.3	NDCG@20, IoU=0.5	NDCG@20, IoU=0.7	NDCG@40, IoU=0.3	NDCG@40, IoU=0.5	NDCG@40, IoU=0.7	
INFO:VAL:  0.061723 0.048693 0.028414 0.063636 0.049598 0.028557 0.072948 0.057280 0.033909
INFO:TEST:  0.057932 0.042716 0.023461 0.060755 0.044966 0.024461 0.069809 0.051818 0.028461
INFO:BEST VAL:  0.061723 0.048693 0.028414 0.063636 0.049598 0.028557 0.072948 0.057280 0.033909
INFO:BEST TEST:  0.057932 0.042716 0.023461 0.060755 0.044966 0.024461 0.069809 0.051818 0.028461
INFO:
INFO:EPOCH: 44
INFO:NDCG@10, IoU=0.3	NDCG@10, IoU=0.5	NDCG@10, IoU=0.7	NDCG@20, IoU=0.3	NDCG@20, IoU=0.5	NDCG@20, IoU=0.7	NDCG@40, IoU=0.3	NDCG@40, IoU=0.5	NDCG@40, IoU=0.7	
INFO:VAL:  0.069891 0.055917 0.033428 0.072339 0.057958 0.033353 0.082839 0.065982 0.038165
INFO:TEST:  0.062480 0.047483 0.025862 0.065739 0.049838 0.027173 0.075363 0.057164 0.031417
INFO:BEST VAL:  0.069891 0.055917 0.033428 0.072339 0.057958 0.033353 0.082839 0.065982 0.038165
INFO:BEST TEST:  0.062480 0.047483 0.025862 0.065739 0.049838 0.027173 0.075363 0.057164 0.031417
INFO:
INFO:EPOCH: 49
INFO:NDCG@10, IoU=0.3	NDCG@10, IoU=0.5	NDCG@10, IoU=0.7	NDCG@20, IoU=0.3	NDCG@20, IoU=0.5	NDCG@20, IoU=0.7	NDCG@40, IoU=0.3	NDCG@40, IoU=0.5	NDCG@40, IoU=0.7	
INFO:VAL:  0.079067 0.061855 0.034042 0.079491 0.061241 0.033719 0.088172 0.069129 0.038029
INFO:TEST:  0.066547 0.051379 0.028346 0.069220 0.053230 0.029913 0.079016 0.060662 0.034246
INFO:BEST VAL:  0.079067 0.061855 0.034042 0.079491 0.061241 0.033719 0.088172 0.069129 0.038029
INFO:BEST TEST:  0.066547 0.051379 0.028346 0.069220 0.053230 0.029913 0.079016 0.060662 0.034246
INFO:
INFO:EPOCH: 54
INFO:NDCG@10, IoU=0.3	NDCG@10, IoU=0.5	NDCG@10, IoU=0.7	NDCG@20, IoU=0.3	NDCG@20, IoU=0.5	NDCG@20, IoU=0.7	NDCG@40, IoU=0.3	NDCG@40, IoU=0.5	NDCG@40, IoU=0.7	
INFO:VAL:  0.070796 0.054193 0.031571 0.073660 0.056887 0.032277 0.084462 0.066648 0.037044
INFO:TEST:  0.071101 0.053672 0.030097 0.074413 0.056398 0.031593 0.084102 0.064150 0.035911
INFO:
INFO:EPOCH: 59
INFO:NDCG@10, IoU=0.3	NDCG@10, IoU=0.5	NDCG@10, IoU=0.7	NDCG@20, IoU=0.3	NDCG@20, IoU=0.5	NDCG@20, IoU=0.7	NDCG@40, IoU=0.3	NDCG@40, IoU=0.5	NDCG@40, IoU=0.7	
INFO:VAL:  0.086192 0.065886 0.039163 0.085368 0.066598 0.038621 0.094713 0.074125 0.043831
INFO:TEST:  0.076630 0.059250 0.033137 0.079726 0.061415 0.034323 0.089557 0.068808 0.038875
INFO:BEST VAL:  0.086192 0.065886 0.039163 0.085368 0.066598 0.038621 0.094713 0.074125 0.043831
INFO:BEST TEST:  0.076630 0.059250 0.033137 0.079726 0.061415 0.034323 0.089557 0.068808 0.038875
INFO:
INFO:EPOCH: 64
INFO:NDCG@10, IoU=0.3	NDCG@10, IoU=0.5	NDCG@10, IoU=0.7	NDCG@20, IoU=0.3	NDCG@20, IoU=0.5	NDCG@20, IoU=0.7	NDCG@40, IoU=0.3	NDCG@40, IoU=0.5	NDCG@40, IoU=0.7	
INFO:VAL:  0.083067 0.065234 0.036379 0.084712 0.066594 0.037748 0.093313 0.073915 0.041540
INFO:TEST:  0.080078 0.062008 0.035153 0.082129 0.063373 0.036155 0.092204 0.070931 0.040434
INFO:
INFO:EPOCH: 69
INFO:NDCG@10, IoU=0.3	NDCG@10, IoU=0.5	NDCG@10, IoU=0.7	NDCG@20, IoU=0.3	NDCG@20, IoU=0.5	NDCG@20, IoU=0.7	NDCG@40, IoU=0.3	NDCG@40, IoU=0.5	NDCG@40, IoU=0.7	
INFO:VAL:  0.088649 0.069550 0.037966 0.087991 0.070211 0.038662 0.094781 0.075969 0.042789
INFO:TEST:  0.083865 0.066260 0.038160 0.085198 0.067266 0.038496 0.094384 0.073840 0.042200
INFO:BEST VAL:  0.088649 0.069550 0.037966 0.087991 0.070211 0.038662 0.094781 0.075969 0.042789
INFO:BEST TEST:  0.083865 0.066260 0.038160 0.085198 0.067266 0.038496 0.094384 0.073840 0.042200
INFO:
INFO:EPOCH: 74
INFO:NDCG@10, IoU=0.3	NDCG@10, IoU=0.5	NDCG@10, IoU=0.7	NDCG@20, IoU=0.3	NDCG@20, IoU=0.5	NDCG@20, IoU=0.7	NDCG@40, IoU=0.3	NDCG@40, IoU=0.5	NDCG@40, IoU=0.7	
INFO:VAL:  0.088512 0.071280 0.041071 0.089277 0.071655 0.042328 0.096799 0.077605 0.045091
INFO:TEST:  0.084813 0.067537 0.040947 0.085936 0.068330 0.041159 0.095515 0.075597 0.045120
INFO:BEST VAL:  0.088512 0.071280 0.041071 0.089277 0.071655 0.042328 0.096799 0.077605 0.045091
INFO:BEST TEST:  0.084813 0.067537 0.040947 0.085936 0.068330 0.041159 0.095515 0.075597 0.045120
INFO:
INFO:EPOCH: 79
INFO:NDCG@10, IoU=0.3	NDCG@10, IoU=0.5	NDCG@10, IoU=0.7	NDCG@20, IoU=0.3	NDCG@20, IoU=0.5	NDCG@20, IoU=0.7	NDCG@40, IoU=0.3	NDCG@40, IoU=0.5	NDCG@40, IoU=0.7	
INFO:VAL:  0.093466 0.073749 0.042245 0.093357 0.075867 0.043243 0.102290 0.083114 0.048139
INFO:TEST:  0.084971 0.066632 0.040053 0.087402 0.068552 0.041063 0.096390 0.075707 0.045298
INFO:BEST VAL:  0.093466 0.073749 0.042245 0.093357 0.075867 0.043243 0.102290 0.083114 0.048139
INFO:BEST TEST:  0.084971 0.066632 0.040053 0.087402 0.068552 0.041063 0.096390 0.075707 0.045298
INFO:
INFO:EPOCH: 84
INFO:NDCG@10, IoU=0.3	NDCG@10, IoU=0.5	NDCG@10, IoU=0.7	NDCG@20, IoU=0.3	NDCG@20, IoU=0.5	NDCG@20, IoU=0.7	NDCG@40, IoU=0.3	NDCG@40, IoU=0.5	NDCG@40, IoU=0.7	
INFO:VAL:  0.092979 0.074835 0.043137 0.092588 0.074620 0.042940 0.102500 0.081769 0.046877
INFO:TEST:  0.087751 0.068244 0.042442 0.089455 0.069637 0.042755 0.097790 0.076139 0.046384
INFO:
INFO:EPOCH: 89
INFO:NDCG@10, IoU=0.3	NDCG@10, IoU=0.5	NDCG@10, IoU=0.7	NDCG@20, IoU=0.3	NDCG@20, IoU=0.5	NDCG@20, IoU=0.7	NDCG@40, IoU=0.3	NDCG@40, IoU=0.5	NDCG@40, IoU=0.7	
INFO:VAL:  0.094932 0.076386 0.043537 0.096324 0.077278 0.044011 0.105439 0.084386 0.048354
INFO:TEST:  0.090934 0.072147 0.044374 0.090813 0.071811 0.044020 0.099688 0.079298 0.048664
INFO:BEST VAL:  0.094932 0.076386 0.043537 0.096324 0.077278 0.044011 0.105439 0.084386 0.048354
INFO:BEST TEST:  0.090934 0.072147 0.044374 0.090813 0.071811 0.044020 0.099688 0.079298 0.048664
INFO:
INFO:EPOCH: 94
INFO:NDCG@10, IoU=0.3	NDCG@10, IoU=0.5	NDCG@10, IoU=0.7	NDCG@20, IoU=0.3	NDCG@20, IoU=0.5	NDCG@20, IoU=0.7	NDCG@40, IoU=0.3	NDCG@40, IoU=0.5	NDCG@40, IoU=0.7	
INFO:VAL:  0.097059 0.080412 0.046678 0.096665 0.080319 0.046574 0.105898 0.087358 0.050347
INFO:TEST:  0.095556 0.075471 0.047077 0.094669 0.074528 0.046154 0.103125 0.080990 0.050432
INFO:BEST VAL:  0.097059 0.080412 0.046678 0.096665 0.080319 0.046574 0.105898 0.087358 0.050347
INFO:BEST TEST:  0.095556 0.075471 0.047077 0.094669 0.074528 0.046154 0.103125 0.080990 0.050432
INFO:
INFO:EPOCH: 99
INFO:NDCG@10, IoU=0.3	NDCG@10, IoU=0.5	NDCG@10, IoU=0.7	NDCG@20, IoU=0.3	NDCG@20, IoU=0.5	NDCG@20, IoU=0.7	NDCG@40, IoU=0.3	NDCG@40, IoU=0.5	NDCG@40, IoU=0.7	
INFO:VAL:  0.100694 0.082607 0.046570 0.098667 0.081431 0.046563 0.107588 0.088986 0.051300
INFO:TEST:  0.093020 0.075498 0.047002 0.093499 0.075323 0.046796 0.102177 0.082153 0.050747
INFO:BEST VAL:  0.100694 0.082607 0.046570 0.098667 0.081431 0.046563 0.107588 0.088986 0.051300
INFO:BEST TEST:  0.093020 0.075498 0.047002 0.093499 0.075323 0.046796 0.102177 0.082153 0.050747
INFO:
INFO:EPOCH: 104
INFO:NDCG@10, IoU=0.3	NDCG@10, IoU=0.5	NDCG@10, IoU=0.7	NDCG@20, IoU=0.3	NDCG@20, IoU=0.5	NDCG@20, IoU=0.7	NDCG@40, IoU=0.3	NDCG@40, IoU=0.5	NDCG@40, IoU=0.7	
INFO:VAL:  0.099661 0.082299 0.047790 0.096770 0.080220 0.047560 0.105509 0.086200 0.051543
INFO:TEST:  0.096951 0.077629 0.049402 0.096619 0.077629 0.049219 0.104982 0.084441 0.053424
INFO:
INFO:EPOCH: 109
INFO:NDCG@10, IoU=0.3	NDCG@10, IoU=0.5	NDCG@10, IoU=0.7	NDCG@20, IoU=0.3	NDCG@20, IoU=0.5	NDCG@20, IoU=0.7	NDCG@40, IoU=0.3	NDCG@40, IoU=0.5	NDCG@40, IoU=0.7	
INFO:VAL:  0.102600 0.082562 0.048481 0.100833 0.082204 0.048705 0.108113 0.087842 0.051507
INFO:TEST:  0.097019 0.079029 0.050525 0.096847 0.078222 0.049844 0.105388 0.084997 0.054258
INFO:BEST VAL:  0.102600 0.082562 0.048481 0.100833 0.082204 0.048705 0.108113 0.087842 0.051507
INFO:BEST TEST:  0.097019 0.079029 0.050525 0.096847 0.078222 0.049844 0.105388 0.084997 0.054258
INFO:
INFO:EPOCH: 114
INFO:NDCG@10, IoU=0.3	NDCG@10, IoU=0.5	NDCG@10, IoU=0.7	NDCG@20, IoU=0.3	NDCG@20, IoU=0.5	NDCG@20, IoU=0.7	NDCG@40, IoU=0.3	NDCG@40, IoU=0.5	NDCG@40, IoU=0.7	
INFO:VAL:  0.104722 0.086684 0.050400 0.101589 0.083024 0.048497 0.109976 0.089491 0.053014
INFO:TEST:  0.098882 0.079741 0.051131 0.097549 0.078812 0.050534 0.105647 0.085584 0.054860
INFO:BEST VAL:  0.104722 0.086684 0.050400 0.101589 0.083024 0.048497 0.109976 0.089491 0.053014
INFO:BEST TEST:  0.098882 0.079741 0.051131 0.097549 0.078812 0.050534 0.105647 0.085584 0.054860
INFO:
INFO:EPOCH: 119
INFO:NDCG@10, IoU=0.3	NDCG@10, IoU=0.5	NDCG@10, IoU=0.7	NDCG@20, IoU=0.3	NDCG@20, IoU=0.5	NDCG@20, IoU=0.7	NDCG@40, IoU=0.3	NDCG@40, IoU=0.5	NDCG@40, IoU=0.7	
INFO:VAL:  0.105692 0.087732 0.053438 0.103426 0.086290 0.052909 0.110406 0.092011 0.056226
INFO:TEST:  0.100408 0.082807 0.053426 0.099382 0.081505 0.052553 0.107078 0.087788 0.056455
INFO:BEST VAL:  0.105692 0.087732 0.053438 0.103426 0.086290 0.052909 0.110406 0.092011 0.056226
INFO:BEST TEST:  0.100408 0.082807 0.053426 0.099382 0.081505 0.052553 0.107078 0.087788 0.056455
INFO:
INFO:EPOCH: 124
INFO:NDCG@10, IoU=0.3	NDCG@10, IoU=0.5	NDCG@10, IoU=0.7	NDCG@20, IoU=0.3	NDCG@20, IoU=0.5	NDCG@20, IoU=0.7	NDCG@40, IoU=0.3	NDCG@40, IoU=0.5	NDCG@40, IoU=0.7	
INFO:VAL:  0.106428 0.088542 0.052052 0.103553 0.086061 0.050814 0.110335 0.091146 0.054375
INFO:TEST:  0.100537 0.082616 0.052811 0.098985 0.081192 0.051615 0.106798 0.087492 0.056081
INFO:
INFO:EPOCH: 129
INFO:NDCG@10, IoU=0.3	NDCG@10, IoU=0.5	NDCG@10, IoU=0.7	NDCG@20, IoU=0.3	NDCG@20, IoU=0.5	NDCG@20, IoU=0.7	NDCG@40, IoU=0.3	NDCG@40, IoU=0.5	NDCG@40, IoU=0.7	
INFO:VAL:  0.109610 0.093521 0.053134 0.104726 0.089172 0.050787 0.112659 0.095847 0.055345
INFO:TEST:  0.099606 0.083430 0.055254 0.098090 0.081598 0.053312 0.105777 0.087641 0.057510
INFO:BEST VAL:  0.109610 0.093521 0.053134 0.104726 0.089172 0.050787 0.112659 0.095847 0.055345
INFO:BEST TEST:  0.099606 0.083430 0.055254 0.098090 0.081598 0.053312 0.105777 0.087641 0.057510
INFO:
INFO:EPOCH: 134
INFO:NDCG@10, IoU=0.3	NDCG@10, IoU=0.5	NDCG@10, IoU=0.7	NDCG@20, IoU=0.3	NDCG@20, IoU=0.5	NDCG@20, IoU=0.7	NDCG@40, IoU=0.3	NDCG@40, IoU=0.5	NDCG@40, IoU=0.7	
INFO:VAL:  0.105640 0.089625 0.051815 0.103758 0.087817 0.050767 0.109909 0.092672 0.054909
INFO:TEST:  0.101420 0.083709 0.054398 0.099981 0.081960 0.053325 0.108325 0.088503 0.057435
INFO:
INFO:EPOCH: 139
INFO:NDCG@10, IoU=0.3	NDCG@10, IoU=0.5	NDCG@10, IoU=0.7	NDCG@20, IoU=0.3	NDCG@20, IoU=0.5	NDCG@20, IoU=0.7	NDCG@40, IoU=0.3	NDCG@40, IoU=0.5	NDCG@40, IoU=0.7	
INFO:VAL:  0.111049 0.094468 0.056714 0.107112 0.090165 0.053948 0.113015 0.094361 0.056310
INFO:TEST:  0.102574 0.086061 0.057551 0.100784 0.083604 0.055339 0.107784 0.089361 0.059101
INFO:BEST VAL:  0.111049 0.094468 0.056714 0.107112 0.090165 0.053948 0.113015 0.094361 0.056310
INFO:BEST TEST:  0.102574 0.086061 0.057551 0.100784 0.083604 0.055339 0.107784 0.089361 0.059101
INFO:
INFO:EPOCH: 144
INFO:NDCG@10, IoU=0.3	NDCG@10, IoU=0.5	NDCG@10, IoU=0.7	NDCG@20, IoU=0.3	NDCG@20, IoU=0.5	NDCG@20, IoU=0.7	NDCG@40, IoU=0.3	NDCG@40, IoU=0.5	NDCG@40, IoU=0.7	
INFO:VAL:  0.109419 0.093758 0.055166 0.107064 0.090398 0.053890 0.114232 0.097450 0.058401
INFO:TEST:  0.102620 0.086891 0.056007 0.100654 0.084740 0.054671 0.107208 0.089642 0.057704
INFO:BEST VAL:  0.109419 0.093758 0.055166 0.107064 0.090398 0.053890 0.114232 0.097450 0.058401
INFO:BEST TEST:  0.102620 0.086891 0.056007 0.100654 0.084740 0.054671 0.107208 0.089642 0.057704
INFO:
INFO:EPOCH: 149
INFO:NDCG@10, IoU=0.3	NDCG@10, IoU=0.5	NDCG@10, IoU=0.7	NDCG@20, IoU=0.3	NDCG@20, IoU=0.5	NDCG@20, IoU=0.7	NDCG@40, IoU=0.3	NDCG@40, IoU=0.5	NDCG@40, IoU=0.7	
INFO:VAL:  0.110060 0.093518 0.055823 0.106208 0.090447 0.053810 0.113115 0.096750 0.057962
INFO:TEST:  0.106790 0.089390 0.058310 0.104844 0.087308 0.057408 0.111493 0.092521 0.060571
INFO:
INFO:EPOCH: 154
INFO:NDCG@10, IoU=0.3	NDCG@10, IoU=0.5	NDCG@10, IoU=0.7	NDCG@20, IoU=0.3	NDCG@20, IoU=0.5	NDCG@20, IoU=0.7	NDCG@40, IoU=0.3	NDCG@40, IoU=0.5	NDCG@40, IoU=0.7	
INFO:VAL:  0.110102 0.093136 0.055492 0.105202 0.088915 0.053175 0.112063 0.094056 0.057111
INFO:TEST:  0.105495 0.088618 0.059881 0.103460 0.086503 0.058257 0.110366 0.092008 0.061597
INFO:
INFO:EPOCH: 159
INFO:NDCG@10, IoU=0.3	NDCG@10, IoU=0.5	NDCG@10, IoU=0.7	NDCG@20, IoU=0.3	NDCG@20, IoU=0.5	NDCG@20, IoU=0.7	NDCG@40, IoU=0.3	NDCG@40, IoU=0.5	NDCG@40, IoU=0.7	
INFO:VAL:  0.118409 0.102927 0.059767 0.112806 0.097615 0.057020 0.119599 0.102639 0.060304
INFO:TEST:  0.107450 0.090548 0.060172 0.104950 0.088133 0.058637 0.111783 0.093404 0.061733
INFO:BEST VAL:  0.118409 0.102927 0.059767 0.112806 0.097615 0.057020 0.119599 0.102639 0.060304
INFO:BEST TEST:  0.107450 0.090548 0.060172 0.104950 0.088133 0.058637 0.111783 0.093404 0.061733
INFO:
INFO:EPOCH: 164
INFO:NDCG@10, IoU=0.3	NDCG@10, IoU=0.5	NDCG@10, IoU=0.7	NDCG@20, IoU=0.3	NDCG@20, IoU=0.5	NDCG@20, IoU=0.7	NDCG@40, IoU=0.3	NDCG@40, IoU=0.5	NDCG@40, IoU=0.7	
INFO:VAL:  0.115124 0.099686 0.059589 0.110735 0.095406 0.056720 0.117005 0.099844 0.060258
INFO:TEST:  0.108253 0.090453 0.059820 0.105307 0.087614 0.058290 0.112381 0.093228 0.061870
INFO:
INFO:EPOCH: 169
INFO:NDCG@10, IoU=0.3	NDCG@10, IoU=0.5	NDCG@10, IoU=0.7	NDCG@20, IoU=0.3	NDCG@20, IoU=0.5	NDCG@20, IoU=0.7	NDCG@40, IoU=0.3	NDCG@40, IoU=0.5	NDCG@40, IoU=0.7	
INFO:VAL:  0.114336 0.097277 0.059418 0.109937 0.093094 0.056515 0.116445 0.098101 0.059966
INFO:TEST:  0.108169 0.090757 0.060441 0.106544 0.089036 0.059494 0.112927 0.093967 0.062806
INFO:
INFO:EPOCH: 174
INFO:NDCG@10, IoU=0.3	NDCG@10, IoU=0.5	NDCG@10, IoU=0.7	NDCG@20, IoU=0.3	NDCG@20, IoU=0.5	NDCG@20, IoU=0.7	NDCG@40, IoU=0.3	NDCG@40, IoU=0.5	NDCG@40, IoU=0.7	
INFO:VAL:  0.114418 0.097123 0.060087 0.111225 0.095346 0.059235 0.117136 0.099484 0.063348
INFO:TEST:  0.110189 0.093514 0.062365 0.106998 0.090400 0.060085 0.113953 0.095633 0.063877
INFO:
INFO:EPOCH: 179
INFO:NDCG@10, IoU=0.3	NDCG@10, IoU=0.5	NDCG@10, IoU=0.7	NDCG@20, IoU=0.3	NDCG@20, IoU=0.5	NDCG@20, IoU=0.7	NDCG@40, IoU=0.3	NDCG@40, IoU=0.5	NDCG@40, IoU=0.7	
INFO:VAL:  0.117127 0.101036 0.059289 0.113079 0.097415 0.058285 0.118878 0.101389 0.060576
INFO:TEST:  0.110521 0.093154 0.063437 0.107197 0.090257 0.061026 0.114097 0.095682 0.064117
INFO:
INFO:EPOCH: 184
INFO:NDCG@10, IoU=0.3	NDCG@10, IoU=0.5	NDCG@10, IoU=0.7	NDCG@20, IoU=0.3	NDCG@20, IoU=0.5	NDCG@20, IoU=0.7	NDCG@40, IoU=0.3	NDCG@40, IoU=0.5	NDCG@40, IoU=0.7	
INFO:VAL:  0.118588 0.099255 0.060816 0.114478 0.095351 0.057609 0.120448 0.100282 0.061124
INFO:TEST:  0.109150 0.092720 0.063479 0.106407 0.090113 0.061270 0.112737 0.095121 0.064195
INFO:
INFO:EPOCH: 189
INFO:NDCG@10, IoU=0.3	NDCG@10, IoU=0.5	NDCG@10, IoU=0.7	NDCG@20, IoU=0.3	NDCG@20, IoU=0.5	NDCG@20, IoU=0.7	NDCG@40, IoU=0.3	NDCG@40, IoU=0.5	NDCG@40, IoU=0.7	
INFO:VAL:  0.118577 0.099947 0.062042 0.113123 0.095099 0.058883 0.117746 0.099465 0.061039
INFO:TEST:  0.111199 0.094978 0.063734 0.107969 0.091493 0.061478 0.114382 0.096630 0.064605
INFO:
INFO:EPOCH: 194
INFO:NDCG@10, IoU=0.3	NDCG@10, IoU=0.5	NDCG@10, IoU=0.7	NDCG@20, IoU=0.3	NDCG@20, IoU=0.5	NDCG@20, IoU=0.7	NDCG@40, IoU=0.3	NDCG@40, IoU=0.5	NDCG@40, IoU=0.7	
INFO:VAL:  0.119743 0.103202 0.065621 0.113305 0.097684 0.060906 0.119966 0.102744 0.065029
INFO:TEST:  0.111280 0.094705 0.064496 0.108236 0.091556 0.062112 0.114664 0.096823 0.065413
INFO:BEST VAL:  0.119743 0.103202 0.065621 0.113305 0.097684 0.060906 0.119966 0.102744 0.065029
INFO:BEST TEST:  0.111280 0.094705 0.064496 0.108236 0.091556 0.062112 0.114664 0.096823 0.065413
INFO:
INFO:EPOCH: 199
INFO:NDCG@10, IoU=0.3	NDCG@10, IoU=0.5	NDCG@10, IoU=0.7	NDCG@20, IoU=0.3	NDCG@20, IoU=0.5	NDCG@20, IoU=0.7	NDCG@40, IoU=0.3	NDCG@40, IoU=0.5	NDCG@40, IoU=0.7	
INFO:VAL:  0.119832 0.102921 0.066778 0.115688 0.098730 0.061577 0.122437 0.104027 0.065249
INFO:TEST:  0.112059 0.095277 0.064540 0.109388 0.092584 0.062869 0.115360 0.097230 0.065484
INFO:BEST VAL:  0.119832 0.102921 0.066778 0.115688 0.098730 0.061577 0.122437 0.104027 0.065249
INFO:BEST TEST:  0.112059 0.095277 0.064540 0.109388 0.092584 0.062869 0.115360 0.097230 0.065484
INFO:
INFO:EPOCH: 204
INFO:NDCG@10, IoU=0.3	NDCG@10, IoU=0.5	NDCG@10, IoU=0.7	NDCG@20, IoU=0.3	NDCG@20, IoU=0.5	NDCG@20, IoU=0.7	NDCG@40, IoU=0.3	NDCG@40, IoU=0.5	NDCG@40, IoU=0.7	
INFO:VAL:  0.121250 0.102593 0.063224 0.115810 0.098291 0.060541 0.122232 0.103526 0.062869
INFO:TEST:  0.112758 0.097299 0.066002 0.109591 0.094019 0.063342 0.116017 0.099238 0.066648
INFO:
INFO:EPOCH: 209
INFO:NDCG@10, IoU=0.3	NDCG@10, IoU=0.5	NDCG@10, IoU=0.7	NDCG@20, IoU=0.3	NDCG@20, IoU=0.5	NDCG@20, IoU=0.7	NDCG@40, IoU=0.3	NDCG@40, IoU=0.5	NDCG@40, IoU=0.7	
INFO:VAL:  0.119747 0.102371 0.063782 0.112778 0.097403 0.059469 0.118056 0.100688 0.061449
INFO:TEST:  0.113109 0.096669 0.065585 0.108670 0.092468 0.062520 0.115503 0.098306 0.066061
INFO:
INFO:EPOCH: 214
INFO:NDCG@10, IoU=0.3	NDCG@10, IoU=0.5	NDCG@10, IoU=0.7	NDCG@20, IoU=0.3	NDCG@20, IoU=0.5	NDCG@20, IoU=0.7	NDCG@40, IoU=0.3	NDCG@40, IoU=0.5	NDCG@40, IoU=0.7	
INFO:VAL:  0.117695 0.104321 0.066375 0.110079 0.095975 0.061644 0.119185 0.103254 0.065446
INFO:TEST:  0.114738 0.098890 0.066764 0.110911 0.094947 0.063508 0.117249 0.099861 0.066963
INFO:
INFO:EPOCH: 219
INFO:NDCG@10, IoU=0.3	NDCG@10, IoU=0.5	NDCG@10, IoU=0.7	NDCG@20, IoU=0.3	NDCG@20, IoU=0.5	NDCG@20, IoU=0.7	NDCG@40, IoU=0.3	NDCG@40, IoU=0.5	NDCG@40, IoU=0.7	
INFO:VAL:  0.119025 0.103895 0.066332 0.114066 0.098838 0.062241 0.120223 0.103634 0.064786
INFO:TEST:  0.112999 0.098075 0.066796 0.109267 0.094062 0.063709 0.115444 0.098766 0.066870
INFO:
INFO:EPOCH: 224
INFO:NDCG@10, IoU=0.3	NDCG@10, IoU=0.5	NDCG@10, IoU=0.7	NDCG@20, IoU=0.3	NDCG@20, IoU=0.5	NDCG@20, IoU=0.7	NDCG@40, IoU=0.3	NDCG@40, IoU=0.5	NDCG@40, IoU=0.7	
INFO:VAL:  0.120491 0.102813 0.065928 0.116555 0.099764 0.063168 0.122693 0.104602 0.066425
INFO:TEST:  0.114480 0.098555 0.067288 0.110778 0.095058 0.064630 0.117161 0.100220 0.068059
INFO:BEST VAL:  0.120491 0.102813 0.065928 0.116555 0.099764 0.063168 0.122693 0.104602 0.066425
INFO:BEST TEST:  0.114480 0.098555 0.067288 0.110778 0.095058 0.064630 0.117161 0.100220 0.068059
INFO:
INFO:EPOCH: 229
INFO:NDCG@10, IoU=0.3	NDCG@10, IoU=0.5	NDCG@10, IoU=0.7	NDCG@20, IoU=0.3	NDCG@20, IoU=0.5	NDCG@20, IoU=0.7	NDCG@40, IoU=0.3	NDCG@40, IoU=0.5	NDCG@40, IoU=0.7	
INFO:VAL:  0.125201 0.109505 0.068850 0.119077 0.103145 0.065388 0.122935 0.106874 0.067222
INFO:TEST:  0.115504 0.099291 0.067653 0.112295 0.095932 0.065464 0.117559 0.100266 0.068148
INFO:BEST VAL:  0.125201 0.109505 0.068850 0.119077 0.103145 0.065388 0.122935 0.106874 0.067222
INFO:BEST TEST:  0.115504 0.099291 0.067653 0.112295 0.095932 0.065464 0.117559 0.100266 0.068148
INFO:
INFO:EPOCH: 234
INFO:NDCG@10, IoU=0.3	NDCG@10, IoU=0.5	NDCG@10, IoU=0.7	NDCG@20, IoU=0.3	NDCG@20, IoU=0.5	NDCG@20, IoU=0.7	NDCG@40, IoU=0.3	NDCG@40, IoU=0.5	NDCG@40, IoU=0.7	
INFO:VAL:  0.122604 0.106206 0.064309 0.116420 0.100218 0.060989 0.121615 0.104120 0.064362
INFO:TEST:  0.116858 0.100005 0.068183 0.112887 0.096349 0.065328 0.118759 0.101037 0.068790
INFO:
INFO:EPOCH: 239
INFO:NDCG@10, IoU=0.3	NDCG@10, IoU=0.5	NDCG@10, IoU=0.7	NDCG@20, IoU=0.3	NDCG@20, IoU=0.5	NDCG@20, IoU=0.7	NDCG@40, IoU=0.3	NDCG@40, IoU=0.5	NDCG@40, IoU=0.7	
INFO:VAL:  0.120425 0.105465 0.065309 0.113845 0.099295 0.060897 0.120162 0.103911 0.064484
INFO:TEST:  0.115880 0.100567 0.067801 0.111885 0.096423 0.065014 0.117805 0.101234 0.068316
INFO:
INFO:EPOCH: 244
INFO:NDCG@10, IoU=0.3	NDCG@10, IoU=0.5	NDCG@10, IoU=0.7	NDCG@20, IoU=0.3	NDCG@20, IoU=0.5	NDCG@20, IoU=0.7	NDCG@40, IoU=0.3	NDCG@40, IoU=0.5	NDCG@40, IoU=0.7	
INFO:VAL:  0.121542 0.106021 0.066303 0.115857 0.100703 0.062511 0.120257 0.103579 0.063957
INFO:TEST:  0.116756 0.100675 0.068353 0.112640 0.096699 0.065374 0.118456 0.101393 0.068285
INFO:
INFO:EPOCH: 249
INFO:NDCG@10, IoU=0.3	NDCG@10, IoU=0.5	NDCG@10, IoU=0.7	NDCG@20, IoU=0.3	NDCG@20, IoU=0.5	NDCG@20, IoU=0.7	NDCG@40, IoU=0.3	NDCG@40, IoU=0.5	NDCG@40, IoU=0.7	
INFO:VAL:  0.119313 0.105706 0.065461 0.115244 0.101129 0.062194 0.121094 0.105321 0.065287
INFO:TEST:  0.115595 0.100794 0.068830 0.111472 0.096499 0.065698 0.117564 0.100915 0.068821
INFO:
INFO:EPOCH: 254
INFO:NDCG@10, IoU=0.3	NDCG@10, IoU=0.5	NDCG@10, IoU=0.7	NDCG@20, IoU=0.3	NDCG@20, IoU=0.5	NDCG@20, IoU=0.7	NDCG@40, IoU=0.3	NDCG@40, IoU=0.5	NDCG@40, IoU=0.7	
INFO:VAL:  0.121895 0.106678 0.065911 0.116522 0.101254 0.063758 0.120467 0.104375 0.065295
INFO:TEST:  0.117045 0.100066 0.067800 0.112734 0.096445 0.065707 0.117664 0.100550 0.068443
INFO:
INFO:EPOCH: 259
INFO:NDCG@10, IoU=0.3	NDCG@10, IoU=0.5	NDCG@10, IoU=0.7	NDCG@20, IoU=0.3	NDCG@20, IoU=0.5	NDCG@20, IoU=0.7	NDCG@40, IoU=0.3	NDCG@40, IoU=0.5	NDCG@40, IoU=0.7	
INFO:VAL:  0.122380 0.106357 0.068420 0.117588 0.102502 0.065202 0.123881 0.107836 0.069022
INFO:TEST:  0.115530 0.100223 0.068434 0.111635 0.096668 0.066309 0.117629 0.101345 0.069157
INFO:
INFO:EPOCH: 264
INFO:NDCG@10, IoU=0.3	NDCG@10, IoU=0.5	NDCG@10, IoU=0.7	NDCG@20, IoU=0.3	NDCG@20, IoU=0.5	NDCG@20, IoU=0.7	NDCG@40, IoU=0.3	NDCG@40, IoU=0.5	NDCG@40, IoU=0.7	
INFO:VAL:  0.120626 0.106928 0.064705 0.115580 0.102089 0.062969 0.119707 0.105133 0.065810
INFO:TEST:  0.116459 0.100612 0.068127 0.113032 0.097223 0.066011 0.118569 0.101455 0.068431
INFO:
INFO:EPOCH: 269
INFO:NDCG@10, IoU=0.3	NDCG@10, IoU=0.5	NDCG@10, IoU=0.7	NDCG@20, IoU=0.3	NDCG@20, IoU=0.5	NDCG@20, IoU=0.7	NDCG@40, IoU=0.3	NDCG@40, IoU=0.5	NDCG@40, IoU=0.7	
INFO:VAL:  0.120437 0.103984 0.064655 0.116356 0.100041 0.061778 0.120657 0.103282 0.064699
INFO:TEST:  0.119163 0.104550 0.070795 0.114055 0.099426 0.067460 0.119212 0.103634 0.070593
INFO:
INFO:EPOCH: 274
INFO:NDCG@10, IoU=0.3	NDCG@10, IoU=0.5	NDCG@10, IoU=0.7	NDCG@20, IoU=0.3	NDCG@20, IoU=0.5	NDCG@20, IoU=0.7	NDCG@40, IoU=0.3	NDCG@40, IoU=0.5	NDCG@40, IoU=0.7	
INFO:VAL:  0.121447 0.105611 0.066003 0.115806 0.100857 0.063224 0.120638 0.104171 0.065327
INFO:TEST:  0.116375 0.101328 0.069184 0.113398 0.098150 0.066871 0.118645 0.102132 0.069625
INFO:
INFO:EPOCH: 279
INFO:NDCG@10, IoU=0.3	NDCG@10, IoU=0.5	NDCG@10, IoU=0.7	NDCG@20, IoU=0.3	NDCG@20, IoU=0.5	NDCG@20, IoU=0.7	NDCG@40, IoU=0.3	NDCG@40, IoU=0.5	NDCG@40, IoU=0.7	
INFO:VAL:  0.123025 0.108539 0.069223 0.118557 0.103347 0.065901 0.123522 0.106370 0.067044
INFO:TEST:  0.121623 0.105832 0.072000 0.117347 0.101475 0.068910 0.121876 0.105405 0.071076
INFO:
INFO:EPOCH: 284
INFO:NDCG@10, IoU=0.3	NDCG@10, IoU=0.5	NDCG@10, IoU=0.7	NDCG@20, IoU=0.3	NDCG@20, IoU=0.5	NDCG@20, IoU=0.7	NDCG@40, IoU=0.3	NDCG@40, IoU=0.5	NDCG@40, IoU=0.7	
INFO:VAL:  0.120598 0.105162 0.064931 0.115849 0.100647 0.061555 0.121674 0.104965 0.064875
INFO:TEST:  0.119870 0.103276 0.070342 0.115210 0.098903 0.067320 0.120226 0.102697 0.070010
INFO:
INFO:EPOCH: 289
INFO:NDCG@10, IoU=0.3	NDCG@10, IoU=0.5	NDCG@10, IoU=0.7	NDCG@20, IoU=0.3	NDCG@20, IoU=0.5	NDCG@20, IoU=0.7	NDCG@40, IoU=0.3	NDCG@40, IoU=0.5	NDCG@40, IoU=0.7	
INFO:VAL:  0.124153 0.108339 0.065858 0.117745 0.102145 0.061920 0.121053 0.104894 0.064747
INFO:TEST:  0.119315 0.104699 0.071282 0.114584 0.099716 0.067510 0.120481 0.104164 0.070694
INFO:
INFO:EPOCH: 294
INFO:NDCG@10, IoU=0.3	NDCG@10, IoU=0.5	NDCG@10, IoU=0.7	NDCG@20, IoU=0.3	NDCG@20, IoU=0.5	NDCG@20, IoU=0.7	NDCG@40, IoU=0.3	NDCG@40, IoU=0.5	NDCG@40, IoU=0.7	
INFO:VAL:  0.120880 0.105708 0.064238 0.117172 0.102244 0.062482 0.122481 0.105478 0.065374
INFO:TEST:  0.119044 0.103933 0.070736 0.114477 0.099363 0.067437 0.119452 0.103231 0.069956
INFO:
INFO:EPOCH: 299
INFO:NDCG@10, IoU=0.3	NDCG@10, IoU=0.5	NDCG@10, IoU=0.7	NDCG@20, IoU=0.3	NDCG@20, IoU=0.5	NDCG@20, IoU=0.7	NDCG@40, IoU=0.3	NDCG@40, IoU=0.5	NDCG@40, IoU=0.7	
INFO:VAL:  0.120727 0.105406 0.066075 0.114467 0.099749 0.062494 0.119245 0.103770 0.065285
INFO:TEST:  0.119617 0.104921 0.070438 0.115064 0.100135 0.067221 0.120757 0.104695 0.070107
INFO:
INFO:EPOCH: 304
INFO:NDCG@10, IoU=0.3	NDCG@10, IoU=0.5	NDCG@10, IoU=0.7	NDCG@20, IoU=0.3	NDCG@20, IoU=0.5	NDCG@20, IoU=0.7	NDCG@40, IoU=0.3	NDCG@40, IoU=0.5	NDCG@40, IoU=0.7	
INFO:VAL:  0.123352 0.108337 0.068151 0.117105 0.101870 0.064351 0.123439 0.106386 0.067479
INFO:TEST:  0.120036 0.105382 0.070937 0.115094 0.100665 0.067961 0.120446 0.104784 0.070871
INFO:
INFO:EPOCH: 309
INFO:NDCG@10, IoU=0.3	NDCG@10, IoU=0.5	NDCG@10, IoU=0.7	NDCG@20, IoU=0.3	NDCG@20, IoU=0.5	NDCG@20, IoU=0.7	NDCG@40, IoU=0.3	NDCG@40, IoU=0.5	NDCG@40, IoU=0.7	
INFO:VAL:  0.119423 0.106509 0.064683 0.112524 0.099412 0.061131 0.119631 0.104495 0.064972
INFO:TEST:  0.118416 0.104257 0.071008 0.114086 0.099705 0.067987 0.119219 0.103681 0.070904
INFO:
INFO:EPOCH: 314
INFO:NDCG@10, IoU=0.3	NDCG@10, IoU=0.5	NDCG@10, IoU=0.7	NDCG@20, IoU=0.3	NDCG@20, IoU=0.5	NDCG@20, IoU=0.7	NDCG@40, IoU=0.3	NDCG@40, IoU=0.5	NDCG@40, IoU=0.7	
INFO:VAL:  0.123477 0.108928 0.066946 0.116178 0.102953 0.063700 0.120097 0.105584 0.066181
INFO:TEST:  0.120027 0.104807 0.072244 0.114635 0.099644 0.068453 0.119901 0.103295 0.071062
INFO:
INFO:EPOCH: 319
INFO:NDCG@10, IoU=0.3	NDCG@10, IoU=0.5	NDCG@10, IoU=0.7	NDCG@20, IoU=0.3	NDCG@20, IoU=0.5	NDCG@20, IoU=0.7	NDCG@40, IoU=0.3	NDCG@40, IoU=0.5	NDCG@40, IoU=0.7	
INFO:VAL:  0.124862 0.110162 0.069269 0.117229 0.103463 0.064831 0.120065 0.105919 0.066107
INFO:TEST:  0.121259 0.105144 0.071630 0.115833 0.100041 0.068310 0.120905 0.104287 0.070626
INFO:
INFO:EPOCH: 324
INFO:NDCG@10, IoU=0.3	NDCG@10, IoU=0.5	NDCG@10, IoU=0.7	NDCG@20, IoU=0.3	NDCG@20, IoU=0.5	NDCG@20, IoU=0.7	NDCG@40, IoU=0.3	NDCG@40, IoU=0.5	NDCG@40, IoU=0.7	
INFO:VAL:  0.120531 0.105738 0.065497 0.114614 0.099655 0.061985 0.119934 0.103591 0.064921
INFO:TEST:  0.120431 0.105423 0.073838 0.116179 0.101006 0.070182 0.120940 0.104824 0.072552
INFO:
INFO:EPOCH: 329
INFO:NDCG@10, IoU=0.3	NDCG@10, IoU=0.5	NDCG@10, IoU=0.7	NDCG@20, IoU=0.3	NDCG@20, IoU=0.5	NDCG@20, IoU=0.7	NDCG@40, IoU=0.3	NDCG@40, IoU=0.5	NDCG@40, IoU=0.7	
INFO:VAL:  0.124317 0.110066 0.066885 0.118893 0.104590 0.063975 0.122838 0.108220 0.066356
INFO:TEST:  0.120108 0.104947 0.071932 0.114860 0.099807 0.068951 0.119453 0.103115 0.070883
INFO:
INFO:EPOCH: 334
INFO:NDCG@10, IoU=0.3	NDCG@10, IoU=0.5	NDCG@10, IoU=0.7	NDCG@20, IoU=0.3	NDCG@20, IoU=0.5	NDCG@20, IoU=0.7	NDCG@40, IoU=0.3	NDCG@40, IoU=0.5	NDCG@40, IoU=0.7	
INFO:VAL:  0.123032 0.107363 0.064122 0.117652 0.102657 0.062972 0.123346 0.106601 0.065604
INFO:TEST:  0.119207 0.105893 0.071852 0.114495 0.100883 0.068674 0.119773 0.104717 0.071303
INFO:
INFO:EPOCH: 339
INFO:NDCG@10, IoU=0.3	NDCG@10, IoU=0.5	NDCG@10, IoU=0.7	NDCG@20, IoU=0.3	NDCG@20, IoU=0.5	NDCG@20, IoU=0.7	NDCG@40, IoU=0.3	NDCG@40, IoU=0.5	NDCG@40, IoU=0.7	
INFO:VAL:  0.121560 0.106846 0.066875 0.117251 0.102893 0.064219 0.121810 0.106288 0.066471
INFO:TEST:  0.119863 0.105529 0.072551 0.115274 0.100894 0.069329 0.120397 0.105011 0.072015
INFO:
INFO:EPOCH: 344
INFO:NDCG@10, IoU=0.3	NDCG@10, IoU=0.5	NDCG@10, IoU=0.7	NDCG@20, IoU=0.3	NDCG@20, IoU=0.5	NDCG@20, IoU=0.7	NDCG@40, IoU=0.3	NDCG@40, IoU=0.5	NDCG@40, IoU=0.7	
INFO:VAL:  0.123612 0.108573 0.069192 0.117405 0.102798 0.065513 0.122709 0.107134 0.068593
INFO:TEST:  0.122884 0.107123 0.073208 0.116779 0.101823 0.069052 0.120738 0.104854 0.071403
INFO:
INFO:EPOCH: 349
INFO:NDCG@10, IoU=0.3	NDCG@10, IoU=0.5	NDCG@10, IoU=0.7	NDCG@20, IoU=0.3	NDCG@20, IoU=0.5	NDCG@20, IoU=0.7	NDCG@40, IoU=0.3	NDCG@40, IoU=0.5	NDCG@40, IoU=0.7	
INFO:VAL:  0.123200 0.107667 0.070905 0.117354 0.102097 0.065899 0.122954 0.105652 0.067422
INFO:TEST:  0.123334 0.107653 0.073452 0.117810 0.102296 0.069880 0.122169 0.105536 0.072030
INFO:
INFO:EPOCH: 354
INFO:NDCG@10, IoU=0.3	NDCG@10, IoU=0.5	NDCG@10, IoU=0.7	NDCG@20, IoU=0.3	NDCG@20, IoU=0.5	NDCG@20, IoU=0.7	NDCG@40, IoU=0.3	NDCG@40, IoU=0.5	NDCG@40, IoU=0.7	
INFO:VAL:  0.125303 0.110113 0.070347 0.119758 0.104082 0.067392 0.123040 0.107103 0.069263
INFO:TEST:  0.120991 0.105471 0.071299 0.116076 0.100853 0.068328 0.120793 0.104711 0.071006
INFO:BEST VAL:  0.125303 0.110113 0.070347 0.119758 0.104082 0.067392 0.123040 0.107103 0.069263
INFO:BEST TEST:  0.120991 0.105471 0.071299 0.116076 0.100853 0.068328 0.120793 0.104711 0.071006
INFO:
INFO:EPOCH: 359
INFO:NDCG@10, IoU=0.3	NDCG@10, IoU=0.5	NDCG@10, IoU=0.7	NDCG@20, IoU=0.3	NDCG@20, IoU=0.5	NDCG@20, IoU=0.7	NDCG@40, IoU=0.3	NDCG@40, IoU=0.5	NDCG@40, IoU=0.7	
INFO:VAL:  0.125567 0.110384 0.069653 0.118462 0.103681 0.065420 0.123186 0.107981 0.068309
INFO:TEST:  0.121076 0.106333 0.072121 0.115663 0.101000 0.068617 0.119844 0.104420 0.071112
INFO:
INFO:EPOCH: 364
INFO:NDCG@10, IoU=0.3	NDCG@10, IoU=0.5	NDCG@10, IoU=0.7	NDCG@20, IoU=0.3	NDCG@20, IoU=0.5	NDCG@20, IoU=0.7	NDCG@40, IoU=0.3	NDCG@40, IoU=0.5	NDCG@40, IoU=0.7	
INFO:VAL:  0.121097 0.107278 0.068195 0.116137 0.101565 0.065381 0.121238 0.105295 0.067290
INFO:TEST:  0.120709 0.105529 0.071652 0.115599 0.100766 0.068370 0.120054 0.104358 0.070719
INFO:
INFO:EPOCH: 369
INFO:NDCG@10, IoU=0.3	NDCG@10, IoU=0.5	NDCG@10, IoU=0.7	NDCG@20, IoU=0.3	NDCG@20, IoU=0.5	NDCG@20, IoU=0.7	NDCG@40, IoU=0.3	NDCG@40, IoU=0.5	NDCG@40, IoU=0.7	
INFO:VAL:  0.123210 0.107037 0.068384 0.119038 0.103274 0.065273 0.122183 0.105820 0.067508
INFO:TEST:  0.120674 0.105311 0.072034 0.115525 0.100617 0.068669 0.120864 0.104810 0.071659
INFO:
INFO:EPOCH: 374
INFO:NDCG@10, IoU=0.3	NDCG@10, IoU=0.5	NDCG@10, IoU=0.7	NDCG@20, IoU=0.3	NDCG@20, IoU=0.5	NDCG@20, IoU=0.7	NDCG@40, IoU=0.3	NDCG@40, IoU=0.5	NDCG@40, IoU=0.7	
INFO:VAL:  0.127803 0.110905 0.070745 0.121287 0.104733 0.067176 0.126006 0.108748 0.068870
INFO:TEST:  0.120691 0.105802 0.072182 0.115819 0.100872 0.068750 0.120323 0.104217 0.071172
INFO:BEST VAL:  0.127803 0.110905 0.070745 0.121287 0.104733 0.067176 0.126006 0.108748 0.068870
INFO:BEST TEST:  0.120691 0.105802 0.072182 0.115819 0.100872 0.068750 0.120323 0.104217 0.071172
INFO:
INFO:EPOCH: 379
INFO:NDCG@10, IoU=0.3	NDCG@10, IoU=0.5	NDCG@10, IoU=0.7	NDCG@20, IoU=0.3	NDCG@20, IoU=0.5	NDCG@20, IoU=0.7	NDCG@40, IoU=0.3	NDCG@40, IoU=0.5	NDCG@40, IoU=0.7	
INFO:VAL:  0.126603 0.112949 0.070869 0.121861 0.108415 0.068728 0.125206 0.110274 0.069746
INFO:TEST:  0.121517 0.107373 0.073391 0.116289 0.101902 0.069648 0.121268 0.105668 0.071893
INFO:BEST VAL:  0.126603 0.112949 0.070869 0.121861 0.108415 0.068728 0.125206 0.110274 0.069746
INFO:BEST TEST:  0.121517 0.107373 0.073391 0.116289 0.101902 0.069648 0.121268 0.105668 0.071893
INFO:
INFO:EPOCH: 384
INFO:NDCG@10, IoU=0.3	NDCG@10, IoU=0.5	NDCG@10, IoU=0.7	NDCG@20, IoU=0.3	NDCG@20, IoU=0.5	NDCG@20, IoU=0.7	NDCG@40, IoU=0.3	NDCG@40, IoU=0.5	NDCG@40, IoU=0.7	
INFO:VAL:  0.125057 0.108217 0.068778 0.118505 0.103378 0.065269 0.123351 0.106852 0.068853
INFO:TEST:  0.123813 0.109048 0.073778 0.117462 0.102712 0.069504 0.122147 0.106154 0.071612
INFO:
INFO:EPOCH: 389
INFO:NDCG@10, IoU=0.3	NDCG@10, IoU=0.5	NDCG@10, IoU=0.7	NDCG@20, IoU=0.3	NDCG@20, IoU=0.5	NDCG@20, IoU=0.7	NDCG@40, IoU=0.3	NDCG@40, IoU=0.5	NDCG@40, IoU=0.7	
INFO:VAL:  0.125875 0.111340 0.068792 0.120095 0.105401 0.065537 0.124404 0.107929 0.068428
INFO:TEST:  0.122347 0.107966 0.072627 0.116617 0.102035 0.068937 0.120972 0.105490 0.071483
INFO:
INFO:EPOCH: 394
INFO:NDCG@10, IoU=0.3	NDCG@10, IoU=0.5	NDCG@10, IoU=0.7	NDCG@20, IoU=0.3	NDCG@20, IoU=0.5	NDCG@20, IoU=0.7	NDCG@40, IoU=0.3	NDCG@40, IoU=0.5	NDCG@40, IoU=0.7	
INFO:VAL:  0.124582 0.111331 0.067254 0.119929 0.106892 0.064480 0.123631 0.109552 0.066589
INFO:TEST:  0.123982 0.109413 0.073848 0.117416 0.103117 0.069482 0.122128 0.106432 0.072087
INFO:
INFO:EPOCH: 399
INFO:NDCG@10, IoU=0.3	NDCG@10, IoU=0.5	NDCG@10, IoU=0.7	NDCG@20, IoU=0.3	NDCG@20, IoU=0.5	NDCG@20, IoU=0.7	NDCG@40, IoU=0.3	NDCG@40, IoU=0.5	NDCG@40, IoU=0.7	
INFO:VAL:  0.123603 0.106774 0.066636 0.120431 0.103937 0.065897 0.124634 0.106921 0.067494
INFO:TEST:  0.125028 0.109830 0.075487 0.119107 0.104017 0.071453 0.123450 0.107300 0.073691
INFO:
INFO:EPOCH: 404
INFO:NDCG@10, IoU=0.3	NDCG@10, IoU=0.5	NDCG@10, IoU=0.7	NDCG@20, IoU=0.3	NDCG@20, IoU=0.5	NDCG@20, IoU=0.7	NDCG@40, IoU=0.3	NDCG@40, IoU=0.5	NDCG@40, IoU=0.7	
INFO:VAL:  0.120161 0.105962 0.068724 0.118411 0.104423 0.066796 0.123201 0.107784 0.069160
INFO:TEST:  0.124216 0.109017 0.075072 0.118381 0.103491 0.071519 0.122990 0.106925 0.073722
INFO:
INFO:EPOCH: 409
INFO:NDCG@10, IoU=0.3	NDCG@10, IoU=0.5	NDCG@10, IoU=0.7	NDCG@20, IoU=0.3	NDCG@20, IoU=0.5	NDCG@20, IoU=0.7	NDCG@40, IoU=0.3	NDCG@40, IoU=0.5	NDCG@40, IoU=0.7	
INFO:VAL:  0.121211 0.105742 0.068065 0.115180 0.099647 0.064502 0.120624 0.104681 0.067938
INFO:TEST:  0.125889 0.110849 0.075556 0.119223 0.104284 0.071465 0.123800 0.107993 0.073906
INFO:
INFO:EPOCH: 414
INFO:NDCG@10, IoU=0.3	NDCG@10, IoU=0.5	NDCG@10, IoU=0.7	NDCG@20, IoU=0.3	NDCG@20, IoU=0.5	NDCG@20, IoU=0.7	NDCG@40, IoU=0.3	NDCG@40, IoU=0.5	NDCG@40, IoU=0.7	
INFO:VAL:  0.126213 0.111890 0.071469 0.120585 0.106067 0.067858 0.122599 0.107740 0.069965
INFO:TEST:  0.124058 0.108883 0.074461 0.118242 0.103414 0.071170 0.122889 0.106821 0.073047
INFO:
INFO:EPOCH: 419
INFO:NDCG@10, IoU=0.3	NDCG@10, IoU=0.5	NDCG@10, IoU=0.7	NDCG@20, IoU=0.3	NDCG@20, IoU=0.5	NDCG@20, IoU=0.7	NDCG@40, IoU=0.3	NDCG@40, IoU=0.5	NDCG@40, IoU=0.7	
INFO:VAL:  0.123191 0.108927 0.068569 0.119312 0.104875 0.066900 0.123764 0.108351 0.069625
INFO:TEST:  0.123866 0.108877 0.073655 0.118560 0.103693 0.070565 0.122660 0.106580 0.072775
INFO:
INFO:EPOCH: 424
INFO:NDCG@10, IoU=0.3	NDCG@10, IoU=0.5	NDCG@10, IoU=0.7	NDCG@20, IoU=0.3	NDCG@20, IoU=0.5	NDCG@20, IoU=0.7	NDCG@40, IoU=0.3	NDCG@40, IoU=0.5	NDCG@40, IoU=0.7	
INFO:VAL:  0.123745 0.107506 0.071098 0.116337 0.100865 0.066722 0.121954 0.104969 0.069553
INFO:TEST:  0.125988 0.109897 0.074957 0.120595 0.104882 0.071602 0.124933 0.108328 0.073985
INFO:
INFO:EPOCH: 429
INFO:NDCG@10, IoU=0.3	NDCG@10, IoU=0.5	NDCG@10, IoU=0.7	NDCG@20, IoU=0.3	NDCG@20, IoU=0.5	NDCG@20, IoU=0.7	NDCG@40, IoU=0.3	NDCG@40, IoU=0.5	NDCG@40, IoU=0.7	
INFO:VAL:  0.126363 0.112511 0.072746 0.121115 0.106438 0.068086 0.123981 0.108598 0.069762
INFO:TEST:  0.124963 0.109581 0.075205 0.119773 0.104657 0.071601 0.123753 0.107866 0.073939
INFO:
INFO:EPOCH: 434
INFO:NDCG@10, IoU=0.3	NDCG@10, IoU=0.5	NDCG@10, IoU=0.7	NDCG@20, IoU=0.3	NDCG@20, IoU=0.5	NDCG@20, IoU=0.7	NDCG@40, IoU=0.3	NDCG@40, IoU=0.5	NDCG@40, IoU=0.7	
INFO:VAL:  0.128183 0.113485 0.070193 0.122664 0.108228 0.067347 0.125013 0.109572 0.068773
INFO:TEST:  0.124610 0.109658 0.074594 0.119572 0.104803 0.071153 0.123734 0.107936 0.073071
INFO:
INFO:EPOCH: 439
INFO:NDCG@10, IoU=0.3	NDCG@10, IoU=0.5	NDCG@10, IoU=0.7	NDCG@20, IoU=0.3	NDCG@20, IoU=0.5	NDCG@20, IoU=0.7	NDCG@40, IoU=0.3	NDCG@40, IoU=0.5	NDCG@40, IoU=0.7	
INFO:VAL:  0.122321 0.108547 0.071401 0.117017 0.103240 0.068332 0.122404 0.107732 0.070811
INFO:TEST:  0.123835 0.108647 0.073266 0.117944 0.103355 0.069812 0.122654 0.106961 0.072217
INFO:
INFO:EPOCH: 444
INFO:NDCG@10, IoU=0.3	NDCG@10, IoU=0.5	NDCG@10, IoU=0.7	NDCG@20, IoU=0.3	NDCG@20, IoU=0.5	NDCG@20, IoU=0.7	NDCG@40, IoU=0.3	NDCG@40, IoU=0.5	NDCG@40, IoU=0.7	
INFO:VAL:  0.127176 0.114608 0.073610 0.120000 0.106907 0.069317 0.125209 0.110721 0.071217
INFO:TEST:  0.124788 0.109761 0.074466 0.118419 0.103545 0.070601 0.122737 0.106797 0.072802
INFO:BEST VAL:  0.127176 0.114608 0.073610 0.120000 0.106907 0.069317 0.125209 0.110721 0.071217
INFO:BEST TEST:  0.124788 0.109761 0.074466 0.118419 0.103545 0.070601 0.122737 0.106797 0.072802
INFO:
INFO:EPOCH: 449
INFO:NDCG@10, IoU=0.3	NDCG@10, IoU=0.5	NDCG@10, IoU=0.7	NDCG@20, IoU=0.3	NDCG@20, IoU=0.5	NDCG@20, IoU=0.7	NDCG@40, IoU=0.3	NDCG@40, IoU=0.5	NDCG@40, IoU=0.7	
INFO:VAL:  0.122141 0.111559 0.072339 0.117990 0.106329 0.070299 0.120974 0.109110 0.071675
INFO:TEST:  0.125543 0.109757 0.075504 0.118550 0.103079 0.070277 0.123089 0.106976 0.072905
INFO:
INFO:EPOCH: 454
INFO:NDCG@10, IoU=0.3	NDCG@10, IoU=0.5	NDCG@10, IoU=0.7	NDCG@20, IoU=0.3	NDCG@20, IoU=0.5	NDCG@20, IoU=0.7	NDCG@40, IoU=0.3	NDCG@40, IoU=0.5	NDCG@40, IoU=0.7	
INFO:VAL:  0.125265 0.112623 0.071802 0.118925 0.105997 0.067613 0.123942 0.110610 0.070007
INFO:TEST:  0.126066 0.110757 0.075897 0.119224 0.104301 0.071378 0.123408 0.107290 0.073296
INFO:
INFO:EPOCH: 459
INFO:NDCG@10, IoU=0.3	NDCG@10, IoU=0.5	NDCG@10, IoU=0.7	NDCG@20, IoU=0.3	NDCG@20, IoU=0.5	NDCG@20, IoU=0.7	NDCG@40, IoU=0.3	NDCG@40, IoU=0.5	NDCG@40, IoU=0.7	
INFO:VAL:  0.122215 0.109048 0.070924 0.115527 0.103656 0.067647 0.121301 0.107495 0.069513
INFO:TEST:  0.123960 0.109129 0.074866 0.118595 0.103817 0.071082 0.122334 0.106878 0.073008
INFO:
INFO:EPOCH: 464
INFO:NDCG@10, IoU=0.3	NDCG@10, IoU=0.5	NDCG@10, IoU=0.7	NDCG@20, IoU=0.3	NDCG@20, IoU=0.5	NDCG@20, IoU=0.7	NDCG@40, IoU=0.3	NDCG@40, IoU=0.5	NDCG@40, IoU=0.7	
INFO:VAL:  0.120077 0.109719 0.070271 0.114729 0.103637 0.066192 0.120168 0.107664 0.068210
INFO:TEST:  0.123418 0.108961 0.074560 0.118062 0.103502 0.071150 0.122306 0.106472 0.073123
INFO:
INFO:EPOCH: 469
INFO:NDCG@10, IoU=0.3	NDCG@10, IoU=0.5	NDCG@10, IoU=0.7	NDCG@20, IoU=0.3	NDCG@20, IoU=0.5	NDCG@20, IoU=0.7	NDCG@40, IoU=0.3	NDCG@40, IoU=0.5	NDCG@40, IoU=0.7	
INFO:VAL:  0.124876 0.113202 0.071122 0.120613 0.108798 0.069526 0.123994 0.111686 0.070817
INFO:TEST:  0.124561 0.110199 0.075423 0.118617 0.104336 0.071905 0.123311 0.107903 0.074496
INFO:
INFO:EPOCH: 474
INFO:NDCG@10, IoU=0.3	NDCG@10, IoU=0.5	NDCG@10, IoU=0.7	NDCG@20, IoU=0.3	NDCG@20, IoU=0.5	NDCG@20, IoU=0.7	NDCG@40, IoU=0.3	NDCG@40, IoU=0.5	NDCG@40, IoU=0.7	
INFO:VAL:  0.122777 0.109812 0.069319 0.118578 0.105324 0.066787 0.122745 0.108170 0.068136
INFO:TEST:  0.125728 0.110841 0.076860 0.119236 0.104389 0.071840 0.123717 0.108097 0.074375
INFO:
INFO:EPOCH: 479
INFO:NDCG@10, IoU=0.3	NDCG@10, IoU=0.5	NDCG@10, IoU=0.7	NDCG@20, IoU=0.3	NDCG@20, IoU=0.5	NDCG@20, IoU=0.7	NDCG@40, IoU=0.3	NDCG@40, IoU=0.5	NDCG@40, IoU=0.7	
INFO:VAL:  0.122103 0.108265 0.069450 0.117150 0.103822 0.067028 0.121047 0.106837 0.069295
INFO:TEST:  0.124900 0.109217 0.075301 0.118343 0.103306 0.071096 0.122607 0.106813 0.073424
INFO:
INFO:EPOCH: 484
INFO:NDCG@10, IoU=0.3	NDCG@10, IoU=0.5	NDCG@10, IoU=0.7	NDCG@20, IoU=0.3	NDCG@20, IoU=0.5	NDCG@20, IoU=0.7	NDCG@40, IoU=0.3	NDCG@40, IoU=0.5	NDCG@40, IoU=0.7	
INFO:VAL:  0.124623 0.109906 0.069663 0.119070 0.104696 0.066546 0.123357 0.107702 0.067790
INFO:TEST:  0.123600 0.108516 0.074663 0.117659 0.102870 0.071128 0.122488 0.106684 0.073648
INFO:
INFO:EPOCH: 489
INFO:NDCG@10, IoU=0.3	NDCG@10, IoU=0.5	NDCG@10, IoU=0.7	NDCG@20, IoU=0.3	NDCG@20, IoU=0.5	NDCG@20, IoU=0.7	NDCG@40, IoU=0.3	NDCG@40, IoU=0.5	NDCG@40, IoU=0.7	
INFO:VAL:  0.126962 0.113463 0.072417 0.120673 0.106553 0.067932 0.124422 0.109290 0.069879
INFO:TEST:  0.125356 0.110347 0.075562 0.118488 0.103848 0.071272 0.123034 0.107596 0.073805
INFO:
INFO:EPOCH: 494
INFO:NDCG@10, IoU=0.3	NDCG@10, IoU=0.5	NDCG@10, IoU=0.7	NDCG@20, IoU=0.3	NDCG@20, IoU=0.5	NDCG@20, IoU=0.7	NDCG@40, IoU=0.3	NDCG@40, IoU=0.5	NDCG@40, IoU=0.7	
INFO:VAL:  0.122596 0.111476 0.071106 0.117241 0.105754 0.067961 0.121739 0.108251 0.069705
INFO:TEST:  0.124136 0.108472 0.074095 0.117939 0.103081 0.070490 0.122935 0.107067 0.073066
INFO:
INFO:EPOCH: 499
INFO:NDCG@10, IoU=0.3	NDCG@10, IoU=0.5	NDCG@10, IoU=0.7	NDCG@20, IoU=0.3	NDCG@20, IoU=0.5	NDCG@20, IoU=0.7	NDCG@40, IoU=0.3	NDCG@40, IoU=0.5	NDCG@40, IoU=0.7	
INFO:VAL:  0.124188 0.111155 0.069761 0.118057 0.105671 0.066227 0.121204 0.108250 0.068529
INFO:TEST:  0.124473 0.110136 0.076540 0.118458 0.104155 0.071636 0.122127 0.107023 0.073414
INFO:
INFO:EPOCH: 504
INFO:NDCG@10, IoU=0.3	NDCG@10, IoU=0.5	NDCG@10, IoU=0.7	NDCG@20, IoU=0.3	NDCG@20, IoU=0.5	NDCG@20, IoU=0.7	NDCG@40, IoU=0.3	NDCG@40, IoU=0.5	NDCG@40, IoU=0.7	
INFO:VAL:  0.119902 0.109321 0.067095 0.116815 0.105257 0.065692 0.121800 0.108825 0.068589
INFO:TEST:  0.124907 0.109965 0.076323 0.119002 0.104648 0.072198 0.122775 0.107558 0.074012
INFO:
INFO:EPOCH: 509
INFO:NDCG@10, IoU=0.3	NDCG@10, IoU=0.5	NDCG@10, IoU=0.7	NDCG@20, IoU=0.3	NDCG@20, IoU=0.5	NDCG@20, IoU=0.7	NDCG@40, IoU=0.3	NDCG@40, IoU=0.5	NDCG@40, IoU=0.7	
INFO:VAL:  0.124015 0.110218 0.069963 0.119829 0.106455 0.068936 0.123555 0.108644 0.070090
INFO:TEST:  0.124589 0.110557 0.076436 0.118360 0.104728 0.072213 0.123380 0.108938 0.075048
INFO:
INFO:EPOCH: 514
INFO:NDCG@10, IoU=0.3	NDCG@10, IoU=0.5	NDCG@10, IoU=0.7	NDCG@20, IoU=0.3	NDCG@20, IoU=0.5	NDCG@20, IoU=0.7	NDCG@40, IoU=0.3	NDCG@40, IoU=0.5	NDCG@40, IoU=0.7	
INFO:VAL:  0.121825 0.110450 0.068829 0.118826 0.106431 0.066881 0.123802 0.109697 0.069098
INFO:TEST:  0.123928 0.109754 0.076495 0.118116 0.104353 0.072763 0.122613 0.107713 0.074930
INFO:
INFO:EPOCH: 519
INFO:NDCG@10, IoU=0.3	NDCG@10, IoU=0.5	NDCG@10, IoU=0.7	NDCG@20, IoU=0.3	NDCG@20, IoU=0.5	NDCG@20, IoU=0.7	NDCG@40, IoU=0.3	NDCG@40, IoU=0.5	NDCG@40, IoU=0.7	
INFO:VAL:  0.129052 0.116702 0.072869 0.122201 0.109785 0.069074 0.126214 0.112571 0.070741
INFO:TEST:  0.123395 0.109025 0.075358 0.117912 0.103832 0.071518 0.122274 0.107288 0.073867
INFO:BEST VAL:  0.129052 0.116702 0.072869 0.122201 0.109785 0.069074 0.126214 0.112571 0.070741
INFO:BEST TEST:  0.123395 0.109025 0.075358 0.117912 0.103832 0.071518 0.122274 0.107288 0.073867
INFO:
INFO:EPOCH: 524
INFO:NDCG@10, IoU=0.3	NDCG@10, IoU=0.5	NDCG@10, IoU=0.7	NDCG@20, IoU=0.3	NDCG@20, IoU=0.5	NDCG@20, IoU=0.7	NDCG@40, IoU=0.3	NDCG@40, IoU=0.5	NDCG@40, IoU=0.7	
INFO:VAL:  0.125422 0.112741 0.071574 0.118578 0.106439 0.067988 0.124174 0.110644 0.071201
INFO:TEST:  0.122369 0.108378 0.074498 0.116944 0.103468 0.071386 0.121675 0.107219 0.074316
INFO:
INFO:EPOCH: 529
INFO:NDCG@10, IoU=0.3	NDCG@10, IoU=0.5	NDCG@10, IoU=0.7	NDCG@20, IoU=0.3	NDCG@20, IoU=0.5	NDCG@20, IoU=0.7	NDCG@40, IoU=0.3	NDCG@40, IoU=0.5	NDCG@40, IoU=0.7	
INFO:VAL:  0.128625 0.113794 0.074482 0.122582 0.108058 0.069977 0.125554 0.110125 0.070900
INFO:TEST:  0.122766 0.108933 0.075197 0.117390 0.103712 0.071357 0.120978 0.106317 0.073312
INFO:
INFO:EPOCH: 534
INFO:NDCG@10, IoU=0.3	NDCG@10, IoU=0.5	NDCG@10, IoU=0.7	NDCG@20, IoU=0.3	NDCG@20, IoU=0.5	NDCG@20, IoU=0.7	NDCG@40, IoU=0.3	NDCG@40, IoU=0.5	NDCG@40, IoU=0.7	
INFO:VAL:  0.124225 0.111573 0.071536 0.118232 0.104978 0.068246 0.123227 0.109335 0.070745
INFO:TEST:  0.124685 0.110351 0.076839 0.117595 0.103800 0.072324 0.122342 0.107353 0.074769
INFO:
INFO:EPOCH: 539
INFO:NDCG@10, IoU=0.3	NDCG@10, IoU=0.5	NDCG@10, IoU=0.7	NDCG@20, IoU=0.3	NDCG@20, IoU=0.5	NDCG@20, IoU=0.7	NDCG@40, IoU=0.3	NDCG@40, IoU=0.5	NDCG@40, IoU=0.7	
INFO:VAL:  0.124892 0.111943 0.073107 0.118170 0.105518 0.068932 0.122980 0.109155 0.071257
INFO:TEST:  0.125649 0.111843 0.077394 0.119979 0.106439 0.073892 0.123756 0.109075 0.075855
INFO:
INFO:EPOCH: 544
INFO:NDCG@10, IoU=0.3	NDCG@10, IoU=0.5	NDCG@10, IoU=0.7	NDCG@20, IoU=0.3	NDCG@20, IoU=0.5	NDCG@20, IoU=0.7	NDCG@40, IoU=0.3	NDCG@40, IoU=0.5	NDCG@40, IoU=0.7	
INFO:VAL:  0.119450 0.106495 0.069872 0.115288 0.102228 0.066522 0.120592 0.106823 0.069684
INFO:TEST:  0.124247 0.109178 0.075039 0.118743 0.103953 0.071470 0.122571 0.106979 0.073652
INFO:
INFO:EPOCH: 549
INFO:NDCG@10, IoU=0.3	NDCG@10, IoU=0.5	NDCG@10, IoU=0.7	NDCG@20, IoU=0.3	NDCG@20, IoU=0.5	NDCG@20, IoU=0.7	NDCG@40, IoU=0.3	NDCG@40, IoU=0.5	NDCG@40, IoU=0.7	
INFO:VAL:  0.128014 0.113082 0.073932 0.121159 0.107014 0.069989 0.125884 0.110220 0.071925
INFO:TEST:  0.125531 0.110684 0.076714 0.119244 0.104987 0.072768 0.123304 0.108192 0.075225
INFO:
INFO:EPOCH: 554
INFO:NDCG@10, IoU=0.3	NDCG@10, IoU=0.5	NDCG@10, IoU=0.7	NDCG@20, IoU=0.3	NDCG@20, IoU=0.5	NDCG@20, IoU=0.7	NDCG@40, IoU=0.3	NDCG@40, IoU=0.5	NDCG@40, IoU=0.7	
INFO:VAL:  0.121248 0.108560 0.068795 0.116368 0.104281 0.065340 0.122752 0.108671 0.068465
INFO:TEST:  0.125316 0.110716 0.075901 0.118206 0.104167 0.071218 0.123168 0.107677 0.073921
INFO:
INFO:EPOCH: 559
INFO:NDCG@10, IoU=0.3	NDCG@10, IoU=0.5	NDCG@10, IoU=0.7	NDCG@20, IoU=0.3	NDCG@20, IoU=0.5	NDCG@20, IoU=0.7	NDCG@40, IoU=0.3	NDCG@40, IoU=0.5	NDCG@40, IoU=0.7	
INFO:VAL:  0.122684 0.109312 0.070100 0.118433 0.104715 0.066898 0.124792 0.109900 0.069867
INFO:TEST:  0.124752 0.109897 0.075448 0.118380 0.103955 0.071584 0.123347 0.107830 0.074199
INFO:
INFO:EPOCH: 564
INFO:NDCG@10, IoU=0.3	NDCG@10, IoU=0.5	NDCG@10, IoU=0.7	NDCG@20, IoU=0.3	NDCG@20, IoU=0.5	NDCG@20, IoU=0.7	NDCG@40, IoU=0.3	NDCG@40, IoU=0.5	NDCG@40, IoU=0.7	
INFO:VAL:  0.125267 0.111462 0.073490 0.120257 0.106698 0.070730 0.124871 0.110529 0.071942
INFO:TEST:  0.126494 0.112155 0.077253 0.120009 0.105695 0.072904 0.124123 0.108760 0.074816
INFO:
INFO:EPOCH: 569
INFO:NDCG@10, IoU=0.3	NDCG@10, IoU=0.5	NDCG@10, IoU=0.7	NDCG@20, IoU=0.3	NDCG@20, IoU=0.5	NDCG@20, IoU=0.7	NDCG@40, IoU=0.3	NDCG@40, IoU=0.5	NDCG@40, IoU=0.7	
INFO:VAL:  0.122669 0.111315 0.071786 0.116002 0.104281 0.067726 0.120688 0.107558 0.069625
INFO:TEST:  0.126290 0.111169 0.077261 0.120048 0.105261 0.073137 0.124201 0.108573 0.075551
INFO:
INFO:EPOCH: 574
INFO:NDCG@10, IoU=0.3	NDCG@10, IoU=0.5	NDCG@10, IoU=0.7	NDCG@20, IoU=0.3	NDCG@20, IoU=0.5	NDCG@20, IoU=0.7	NDCG@40, IoU=0.3	NDCG@40, IoU=0.5	NDCG@40, IoU=0.7	
INFO:VAL:  0.126845 0.114758 0.071730 0.119247 0.106341 0.066972 0.123561 0.109162 0.068335
INFO:TEST:  0.126265 0.111256 0.076715 0.120544 0.105768 0.072860 0.124382 0.108887 0.075101
INFO:
INFO:EPOCH: 579
INFO:NDCG@10, IoU=0.3	NDCG@10, IoU=0.5	NDCG@10, IoU=0.7	NDCG@20, IoU=0.3	NDCG@20, IoU=0.5	NDCG@20, IoU=0.7	NDCG@40, IoU=0.3	NDCG@40, IoU=0.5	NDCG@40, IoU=0.7	
INFO:VAL:  0.125590 0.114210 0.070899 0.119087 0.107629 0.068074 0.123454 0.110810 0.070529
INFO:TEST:  0.127261 0.111947 0.077485 0.120328 0.105528 0.073146 0.124617 0.108944 0.075656
INFO:
INFO:EPOCH: 584
INFO:NDCG@10, IoU=0.3	NDCG@10, IoU=0.5	NDCG@10, IoU=0.7	NDCG@20, IoU=0.3	NDCG@20, IoU=0.5	NDCG@20, IoU=0.7	NDCG@40, IoU=0.3	NDCG@40, IoU=0.5	NDCG@40, IoU=0.7	
INFO:VAL:  0.124236 0.111104 0.073054 0.118384 0.105811 0.069702 0.122953 0.108567 0.071716
INFO:TEST:  0.124604 0.110944 0.076391 0.118162 0.104693 0.072090 0.122975 0.108700 0.074922
INFO:
INFO:EPOCH: 589
INFO:NDCG@10, IoU=0.3	NDCG@10, IoU=0.5	NDCG@10, IoU=0.7	NDCG@20, IoU=0.3	NDCG@20, IoU=0.5	NDCG@20, IoU=0.7	NDCG@40, IoU=0.3	NDCG@40, IoU=0.5	NDCG@40, IoU=0.7	
INFO:VAL:  0.122983 0.110664 0.070036 0.117475 0.105087 0.066875 0.121731 0.107563 0.068444
INFO:TEST:  0.125669 0.111723 0.076498 0.118980 0.105308 0.072247 0.123760 0.109000 0.075112
INFO:
INFO:EPOCH: 594
INFO:NDCG@10, IoU=0.3	NDCG@10, IoU=0.5	NDCG@10, IoU=0.7	NDCG@20, IoU=0.3	NDCG@20, IoU=0.5	NDCG@20, IoU=0.7	NDCG@40, IoU=0.3	NDCG@40, IoU=0.5	NDCG@40, IoU=0.7	
INFO:VAL:  0.123406 0.110059 0.069207 0.117052 0.103518 0.065426 0.121453 0.106726 0.068151
INFO:TEST:  0.126166 0.111533 0.076707 0.119657 0.105742 0.072895 0.123958 0.108961 0.074892
INFO:
INFO:EPOCH: 599
INFO:NDCG@10, IoU=0.3	NDCG@10, IoU=0.5	NDCG@10, IoU=0.7	NDCG@20, IoU=0.3	NDCG@20, IoU=0.5	NDCG@20, IoU=0.7	NDCG@40, IoU=0.3	NDCG@40, IoU=0.5	NDCG@40, IoU=0.7	
INFO:VAL:  0.130969 0.115703 0.074134 0.122999 0.108473 0.069746 0.126991 0.111902 0.072276
INFO:TEST:  0.125367 0.111375 0.077067 0.119400 0.105475 0.073172 0.123646 0.109073 0.075398
INFO:BEST VAL:  0.130969 0.115703 0.074134 0.122999 0.108473 0.069746 0.126991 0.111902 0.072276
INFO:BEST TEST:  0.125367 0.111375 0.077067 0.119400 0.105475 0.073172 0.123646 0.109073 0.075398
INFO:
INFO:EPOCH: 604
INFO:NDCG@10, IoU=0.3	NDCG@10, IoU=0.5	NDCG@10, IoU=0.7	NDCG@20, IoU=0.3	NDCG@20, IoU=0.5	NDCG@20, IoU=0.7	NDCG@40, IoU=0.3	NDCG@40, IoU=0.5	NDCG@40, IoU=0.7	
INFO:VAL:  0.125044 0.111726 0.072893 0.119088 0.106746 0.070016 0.122798 0.109138 0.071827
INFO:TEST:  0.126645 0.111430 0.076162 0.120952 0.106330 0.072685 0.124472 0.109307 0.074781
INFO:
INFO:EPOCH: 609
INFO:NDCG@10, IoU=0.3	NDCG@10, IoU=0.5	NDCG@10, IoU=0.7	NDCG@20, IoU=0.3	NDCG@20, IoU=0.5	NDCG@20, IoU=0.7	NDCG@40, IoU=0.3	NDCG@40, IoU=0.5	NDCG@40, IoU=0.7	
INFO:VAL:  0.123938 0.111760 0.072640 0.118109 0.105461 0.068744 0.122849 0.109298 0.071171
INFO:TEST:  0.124781 0.110974 0.076580 0.118596 0.104823 0.072752 0.122741 0.107917 0.074584
INFO:
INFO:EPOCH: 614
INFO:NDCG@10, IoU=0.3	NDCG@10, IoU=0.5	NDCG@10, IoU=0.7	NDCG@20, IoU=0.3	NDCG@20, IoU=0.5	NDCG@20, IoU=0.7	NDCG@40, IoU=0.3	NDCG@40, IoU=0.5	NDCG@40, IoU=0.7	
INFO:VAL:  0.125786 0.112943 0.072681 0.120735 0.107491 0.069538 0.125097 0.110534 0.071890
INFO:TEST:  0.126653 0.111905 0.076655 0.120662 0.106334 0.072470 0.125085 0.109787 0.074861
INFO:
INFO:EPOCH: 619
INFO:NDCG@10, IoU=0.3	NDCG@10, IoU=0.5	NDCG@10, IoU=0.7	NDCG@20, IoU=0.3	NDCG@20, IoU=0.5	NDCG@20, IoU=0.7	NDCG@40, IoU=0.3	NDCG@40, IoU=0.5	NDCG@40, IoU=0.7	
INFO:VAL:  0.120896 0.108805 0.070257 0.115896 0.103511 0.067109 0.121195 0.107318 0.069377
INFO:TEST:  0.125302 0.111209 0.076332 0.119147 0.105631 0.072591 0.123573 0.108970 0.075094
INFO:
INFO:EPOCH: 624
INFO:NDCG@10, IoU=0.3	NDCG@10, IoU=0.5	NDCG@10, IoU=0.7	NDCG@20, IoU=0.3	NDCG@20, IoU=0.5	NDCG@20, IoU=0.7	NDCG@40, IoU=0.3	NDCG@40, IoU=0.5	NDCG@40, IoU=0.7	
INFO:VAL:  0.124056 0.111500 0.071232 0.119463 0.106569 0.068719 0.123810 0.109409 0.070852
INFO:TEST:  0.127429 0.112717 0.077816 0.121022 0.106636 0.073337 0.125556 0.110294 0.076014
INFO:
INFO:EPOCH: 629
INFO:NDCG@10, IoU=0.3	NDCG@10, IoU=0.5	NDCG@10, IoU=0.7	NDCG@20, IoU=0.3	NDCG@20, IoU=0.5	NDCG@20, IoU=0.7	NDCG@40, IoU=0.3	NDCG@40, IoU=0.5	NDCG@40, IoU=0.7	
INFO:VAL:  0.126492 0.112794 0.071350 0.120886 0.106700 0.067258 0.124401 0.109757 0.069180
INFO:TEST:  0.127859 0.113625 0.078517 0.121371 0.107250 0.074049 0.125379 0.110564 0.076360
INFO:
INFO:EPOCH: 634
INFO:NDCG@10, IoU=0.3	NDCG@10, IoU=0.5	NDCG@10, IoU=0.7	NDCG@20, IoU=0.3	NDCG@20, IoU=0.5	NDCG@20, IoU=0.7	NDCG@40, IoU=0.3	NDCG@40, IoU=0.5	NDCG@40, IoU=0.7	
INFO:VAL:  0.123069 0.110433 0.074483 0.119128 0.105410 0.070456 0.123546 0.108337 0.072180
INFO:TEST:  0.127319 0.112815 0.077737 0.121381 0.106902 0.073921 0.125414 0.110061 0.075957
INFO:
INFO:EPOCH: 639
INFO:NDCG@10, IoU=0.3	NDCG@10, IoU=0.5	NDCG@10, IoU=0.7	NDCG@20, IoU=0.3	NDCG@20, IoU=0.5	NDCG@20, IoU=0.7	NDCG@40, IoU=0.3	NDCG@40, IoU=0.5	NDCG@40, IoU=0.7	
INFO:VAL:  0.128755 0.114957 0.074320 0.121994 0.107595 0.069259 0.125687 0.110466 0.070707
INFO:TEST:  0.125685 0.110996 0.076427 0.119627 0.105834 0.072824 0.123445 0.108717 0.074726
INFO:
INFO:EPOCH: 644
INFO:NDCG@10, IoU=0.3	NDCG@10, IoU=0.5	NDCG@10, IoU=0.7	NDCG@20, IoU=0.3	NDCG@20, IoU=0.5	NDCG@20, IoU=0.7	NDCG@40, IoU=0.3	NDCG@40, IoU=0.5	NDCG@40, IoU=0.7	
INFO:VAL:  0.122957 0.112035 0.071131 0.118197 0.106547 0.068702 0.123243 0.109211 0.070043
INFO:TEST:  0.126218 0.111936 0.077948 0.119891 0.106082 0.073588 0.123995 0.109583 0.075911
INFO:
INFO:EPOCH: 649
INFO:NDCG@10, IoU=0.3	NDCG@10, IoU=0.5	NDCG@10, IoU=0.7	NDCG@20, IoU=0.3	NDCG@20, IoU=0.5	NDCG@20, IoU=0.7	NDCG@40, IoU=0.3	NDCG@40, IoU=0.5	NDCG@40, IoU=0.7	
INFO:VAL:  0.123603 0.111642 0.073523 0.119834 0.106460 0.070194 0.123871 0.109056 0.071360
INFO:TEST:  0.127358 0.112285 0.077994 0.120460 0.105956 0.073168 0.123890 0.108934 0.075689
INFO:
INFO:EPOCH: 654
INFO:NDCG@10, IoU=0.3	NDCG@10, IoU=0.5	NDCG@10, IoU=0.7	NDCG@20, IoU=0.3	NDCG@20, IoU=0.5	NDCG@20, IoU=0.7	NDCG@40, IoU=0.3	NDCG@40, IoU=0.5	NDCG@40, IoU=0.7	
INFO:VAL:  0.126896 0.114227 0.073133 0.120739 0.107521 0.069537 0.126024 0.111041 0.071695
INFO:TEST:  0.126843 0.112900 0.077969 0.120417 0.106652 0.073934 0.124417 0.109582 0.076258
INFO:
INFO:EPOCH: 659
INFO:NDCG@10, IoU=0.3	NDCG@10, IoU=0.5	NDCG@10, IoU=0.7	NDCG@20, IoU=0.3	NDCG@20, IoU=0.5	NDCG@20, IoU=0.7	NDCG@40, IoU=0.3	NDCG@40, IoU=0.5	NDCG@40, IoU=0.7	
INFO:VAL:  0.127842 0.115707 0.073170 0.123117 0.110266 0.069950 0.126241 0.112044 0.071209
INFO:TEST:  0.127018 0.112653 0.078502 0.121129 0.107153 0.074536 0.125430 0.110616 0.076766
INFO:
INFO:EPOCH: 664
INFO:NDCG@10, IoU=0.3	NDCG@10, IoU=0.5	NDCG@10, IoU=0.7	NDCG@20, IoU=0.3	NDCG@20, IoU=0.5	NDCG@20, IoU=0.7	NDCG@40, IoU=0.3	NDCG@40, IoU=0.5	NDCG@40, IoU=0.7	
INFO:VAL:  0.125000 0.113257 0.073092 0.119272 0.106191 0.068990 0.125113 0.110919 0.072376
INFO:TEST:  0.127955 0.113418 0.078784 0.122123 0.107806 0.074653 0.126444 0.111173 0.077245
INFO:
INFO:EPOCH: 669
INFO:NDCG@10, IoU=0.3	NDCG@10, IoU=0.5	NDCG@10, IoU=0.7	NDCG@20, IoU=0.3	NDCG@20, IoU=0.5	NDCG@20, IoU=0.7	NDCG@40, IoU=0.3	NDCG@40, IoU=0.5	NDCG@40, IoU=0.7	
INFO:VAL:  0.124532 0.111651 0.073750 0.118043 0.104451 0.068338 0.121997 0.107489 0.071185
INFO:TEST:  0.128437 0.112858 0.078919 0.122218 0.107085 0.074758 0.125498 0.109787 0.076395
INFO:
INFO:EPOCH: 674
INFO:NDCG@10, IoU=0.3	NDCG@10, IoU=0.5	NDCG@10, IoU=0.7	NDCG@20, IoU=0.3	NDCG@20, IoU=0.5	NDCG@20, IoU=0.7	NDCG@40, IoU=0.3	NDCG@40, IoU=0.5	NDCG@40, IoU=0.7	
INFO:VAL:  0.125881 0.112191 0.067581 0.119032 0.106330 0.064871 0.123820 0.109154 0.067443
INFO:TEST:  0.126863 0.112688 0.078932 0.120837 0.106921 0.074771 0.124750 0.109928 0.076976
INFO:
INFO:EPOCH: 679
INFO:NDCG@10, IoU=0.3	NDCG@10, IoU=0.5	NDCG@10, IoU=0.7	NDCG@20, IoU=0.3	NDCG@20, IoU=0.5	NDCG@20, IoU=0.7	NDCG@40, IoU=0.3	NDCG@40, IoU=0.5	NDCG@40, IoU=0.7	
INFO:VAL:  0.123677 0.112845 0.074113 0.119018 0.107035 0.069419 0.123710 0.109764 0.071113
INFO:TEST:  0.129358 0.113765 0.078976 0.121878 0.107026 0.074342 0.126400 0.110808 0.077106
INFO:
INFO:EPOCH: 684
INFO:NDCG@10, IoU=0.3	NDCG@10, IoU=0.5	NDCG@10, IoU=0.7	NDCG@20, IoU=0.3	NDCG@20, IoU=0.5	NDCG@20, IoU=0.7	NDCG@40, IoU=0.3	NDCG@40, IoU=0.5	NDCG@40, IoU=0.7	
INFO:VAL:  0.121195 0.109508 0.069969 0.117236 0.104396 0.067141 0.121970 0.107886 0.068630
INFO:TEST:  0.127119 0.113107 0.077890 0.120295 0.106912 0.074043 0.124761 0.110559 0.076683
INFO:
INFO:EPOCH: 689
INFO:NDCG@10, IoU=0.3	NDCG@10, IoU=0.5	NDCG@10, IoU=0.7	NDCG@20, IoU=0.3	NDCG@20, IoU=0.5	NDCG@20, IoU=0.7	NDCG@40, IoU=0.3	NDCG@40, IoU=0.5	NDCG@40, IoU=0.7	
INFO:VAL:  0.124204 0.109497 0.068078 0.117927 0.103519 0.064904 0.122267 0.106404 0.066711
INFO:TEST:  0.127970 0.113155 0.078230 0.121716 0.107324 0.074043 0.125444 0.110107 0.076290
INFO:
INFO:EPOCH: 694
INFO:NDCG@10, IoU=0.3	NDCG@10, IoU=0.5	NDCG@10, IoU=0.7	NDCG@20, IoU=0.3	NDCG@20, IoU=0.5	NDCG@20, IoU=0.7	NDCG@40, IoU=0.3	NDCG@40, IoU=0.5	NDCG@40, IoU=0.7	
INFO:VAL:  0.124131 0.111345 0.070409 0.118143 0.105729 0.067101 0.123251 0.109596 0.069456
INFO:TEST:  0.127685 0.113442 0.078706 0.121379 0.107591 0.074918 0.125160 0.110387 0.076719
INFO:
INFO:EPOCH: 699
INFO:NDCG@10, IoU=0.3	NDCG@10, IoU=0.5	NDCG@10, IoU=0.7	NDCG@20, IoU=0.3	NDCG@20, IoU=0.5	NDCG@20, IoU=0.7	NDCG@40, IoU=0.3	NDCG@40, IoU=0.5	NDCG@40, IoU=0.7	
INFO:VAL:  0.124711 0.111391 0.069913 0.120580 0.107415 0.067499 0.124038 0.110127 0.069199
INFO:TEST:  0.127836 0.113125 0.078997 0.121096 0.106384 0.074582 0.125100 0.109416 0.076845
INFO:
INFO:EPOCH: 704
INFO:NDCG@10, IoU=0.3	NDCG@10, IoU=0.5	NDCG@10, IoU=0.7	NDCG@20, IoU=0.3	NDCG@20, IoU=0.5	NDCG@20, IoU=0.7	NDCG@40, IoU=0.3	NDCG@40, IoU=0.5	NDCG@40, IoU=0.7	
INFO:VAL:  0.121039 0.108144 0.069394 0.117076 0.103492 0.066582 0.122612 0.107850 0.069049
INFO:TEST:  0.126876 0.112654 0.077839 0.120291 0.106311 0.073562 0.125045 0.109960 0.076371
INFO:
INFO:EPOCH: 709
INFO:NDCG@10, IoU=0.3	NDCG@10, IoU=0.5	NDCG@10, IoU=0.7	NDCG@20, IoU=0.3	NDCG@20, IoU=0.5	NDCG@20, IoU=0.7	NDCG@40, IoU=0.3	NDCG@40, IoU=0.5	NDCG@40, IoU=0.7	
INFO:VAL:  0.124671 0.111672 0.071333 0.120280 0.107141 0.068376 0.124554 0.110068 0.070445
INFO:TEST:  0.126699 0.112172 0.077937 0.120074 0.105570 0.073621 0.124307 0.109047 0.075688
INFO:
INFO:EPOCH: 714
INFO:NDCG@10, IoU=0.3	NDCG@10, IoU=0.5	NDCG@10, IoU=0.7	NDCG@20, IoU=0.3	NDCG@20, IoU=0.5	NDCG@20, IoU=0.7	NDCG@40, IoU=0.3	NDCG@40, IoU=0.5	NDCG@40, IoU=0.7	
INFO:VAL:  0.122588 0.109981 0.069301 0.119607 0.106236 0.066918 0.122853 0.108354 0.069169
INFO:TEST:  0.126559 0.112440 0.078924 0.120607 0.106775 0.074808 0.124995 0.110303 0.077119
INFO:
INFO:EPOCH: 719
INFO:NDCG@10, IoU=0.3	NDCG@10, IoU=0.5	NDCG@10, IoU=0.7	NDCG@20, IoU=0.3	NDCG@20, IoU=0.5	NDCG@20, IoU=0.7	NDCG@40, IoU=0.3	NDCG@40, IoU=0.5	NDCG@40, IoU=0.7	
INFO:VAL:  0.125776 0.113169 0.075160 0.120292 0.107360 0.070029 0.123464 0.109102 0.070923
INFO:TEST:  0.127093 0.112724 0.079222 0.121241 0.107166 0.075001 0.125239 0.110413 0.077202
INFO:
INFO:EPOCH: 724
INFO:NDCG@10, IoU=0.3	NDCG@10, IoU=0.5	NDCG@10, IoU=0.7	NDCG@20, IoU=0.3	NDCG@20, IoU=0.5	NDCG@20, IoU=0.7	NDCG@40, IoU=0.3	NDCG@40, IoU=0.5	NDCG@40, IoU=0.7	
INFO:VAL:  0.126223 0.113444 0.074369 0.120745 0.107107 0.069303 0.125471 0.109938 0.071302
INFO:TEST:  0.125443 0.111818 0.078381 0.119702 0.105972 0.074311 0.123861 0.109378 0.076532
INFO:
INFO:EPOCH: 729
INFO:NDCG@10, IoU=0.3	NDCG@10, IoU=0.5	NDCG@10, IoU=0.7	NDCG@20, IoU=0.3	NDCG@20, IoU=0.5	NDCG@20, IoU=0.7	NDCG@40, IoU=0.3	NDCG@40, IoU=0.5	NDCG@40, IoU=0.7	
INFO:VAL:  0.127142 0.113677 0.074344 0.119411 0.106229 0.068342 0.125120 0.110539 0.071244
INFO:TEST:  0.127167 0.113397 0.079131 0.120994 0.107454 0.075154 0.125384 0.110872 0.077404
INFO:
INFO:EPOCH: 734
INFO:NDCG@10, IoU=0.3	NDCG@10, IoU=0.5	NDCG@10, IoU=0.7	NDCG@20, IoU=0.3	NDCG@20, IoU=0.5	NDCG@20, IoU=0.7	NDCG@40, IoU=0.3	NDCG@40, IoU=0.5	NDCG@40, IoU=0.7	
INFO:VAL:  0.124948 0.111444 0.069906 0.118071 0.104826 0.065481 0.123266 0.108115 0.068159
INFO:TEST:  0.127515 0.113587 0.079574 0.121018 0.107177 0.075061 0.125502 0.110761 0.077638
INFO:
INFO:EPOCH: 739
INFO:NDCG@10, IoU=0.3	NDCG@10, IoU=0.5	NDCG@10, IoU=0.7	NDCG@20, IoU=0.3	NDCG@20, IoU=0.5	NDCG@20, IoU=0.7	NDCG@40, IoU=0.3	NDCG@40, IoU=0.5	NDCG@40, IoU=0.7	
INFO:VAL:  0.125068 0.111298 0.072369 0.119839 0.105600 0.068108 0.123283 0.107553 0.069645
INFO:TEST:  0.127492 0.113295 0.079351 0.120549 0.106530 0.074413 0.124761 0.110191 0.076840
INFO:
INFO:EPOCH: 744
INFO:NDCG@10, IoU=0.3	NDCG@10, IoU=0.5	NDCG@10, IoU=0.7	NDCG@20, IoU=0.3	NDCG@20, IoU=0.5	NDCG@20, IoU=0.7	NDCG@40, IoU=0.3	NDCG@40, IoU=0.5	NDCG@40, IoU=0.7	
INFO:VAL:  0.123876 0.111263 0.072211 0.118139 0.104697 0.066995 0.121753 0.106854 0.068608
INFO:TEST:  0.127328 0.112705 0.078871 0.121302 0.106798 0.074614 0.125682 0.110630 0.077239
INFO:
INFO:EPOCH: 749
INFO:NDCG@10, IoU=0.3	NDCG@10, IoU=0.5	NDCG@10, IoU=0.7	NDCG@20, IoU=0.3	NDCG@20, IoU=0.5	NDCG@20, IoU=0.7	NDCG@40, IoU=0.3	NDCG@40, IoU=0.5	NDCG@40, IoU=0.7	
INFO:VAL:  0.123506 0.110776 0.071819 0.117948 0.105138 0.067182 0.120862 0.106912 0.068356
INFO:TEST:  0.127155 0.112701 0.079854 0.120230 0.106181 0.074737 0.124229 0.109439 0.076985
INFO:
INFO:EPOCH: 754
INFO:NDCG@10, IoU=0.3	NDCG@10, IoU=0.5	NDCG@10, IoU=0.7	NDCG@20, IoU=0.3	NDCG@20, IoU=0.5	NDCG@20, IoU=0.7	NDCG@40, IoU=0.3	NDCG@40, IoU=0.5	NDCG@40, IoU=0.7	
INFO:VAL:  0.126534 0.112413 0.073478 0.120376 0.105718 0.067879 0.123533 0.108560 0.070700
INFO:TEST:  0.126530 0.112545 0.078530 0.119853 0.106359 0.074621 0.124044 0.109865 0.076836
INFO:
INFO:EPOCH: 759
INFO:NDCG@10, IoU=0.3	NDCG@10, IoU=0.5	NDCG@10, IoU=0.7	NDCG@20, IoU=0.3	NDCG@20, IoU=0.5	NDCG@20, IoU=0.7	NDCG@40, IoU=0.3	NDCG@40, IoU=0.5	NDCG@40, IoU=0.7	
INFO:VAL:  0.126333 0.112740 0.072298 0.121480 0.106528 0.068038 0.125253 0.109390 0.070606
INFO:TEST:  0.127396 0.113014 0.079033 0.121731 0.107722 0.075359 0.126170 0.111242 0.077605
INFO:
INFO:EPOCH: 764
INFO:NDCG@10, IoU=0.3	NDCG@10, IoU=0.5	NDCG@10, IoU=0.7	NDCG@20, IoU=0.3	NDCG@20, IoU=0.5	NDCG@20, IoU=0.7	NDCG@40, IoU=0.3	NDCG@40, IoU=0.5	NDCG@40, IoU=0.7	
INFO:VAL:  0.126922 0.113628 0.074151 0.119426 0.105960 0.068483 0.122978 0.108686 0.070169
INFO:TEST:  0.128526 0.114269 0.079851 0.122007 0.108027 0.075875 0.126195 0.111357 0.078061
INFO:
INFO:EPOCH: 769
INFO:NDCG@10, IoU=0.3	NDCG@10, IoU=0.5	NDCG@10, IoU=0.7	NDCG@20, IoU=0.3	NDCG@20, IoU=0.5	NDCG@20, IoU=0.7	NDCG@40, IoU=0.3	NDCG@40, IoU=0.5	NDCG@40, IoU=0.7	
INFO:VAL:  0.124792 0.111887 0.071785 0.119240 0.105161 0.067632 0.124468 0.108585 0.069380
INFO:TEST:  0.127597 0.113829 0.080255 0.121561 0.108306 0.076117 0.124995 0.110854 0.077828
INFO:
INFO:EPOCH: 774
INFO:NDCG@10, IoU=0.3	NDCG@10, IoU=0.5	NDCG@10, IoU=0.7	NDCG@20, IoU=0.3	NDCG@20, IoU=0.5	NDCG@20, IoU=0.7	NDCG@40, IoU=0.3	NDCG@40, IoU=0.5	NDCG@40, IoU=0.7	
INFO:VAL:  0.125931 0.113654 0.072898 0.120105 0.107011 0.068893 0.122109 0.108487 0.070428
INFO:TEST:  0.127847 0.114379 0.079939 0.122150 0.108618 0.076103 0.125513 0.111475 0.077847
INFO:
INFO:EPOCH: 779
INFO:NDCG@10, IoU=0.3	NDCG@10, IoU=0.5	NDCG@10, IoU=0.7	NDCG@20, IoU=0.3	NDCG@20, IoU=0.5	NDCG@20, IoU=0.7	NDCG@40, IoU=0.3	NDCG@40, IoU=0.5	NDCG@40, IoU=0.7	
INFO:VAL:  0.127075 0.113952 0.075629 0.120136 0.106196 0.069075 0.122751 0.108564 0.070623
INFO:TEST:  0.128968 0.114868 0.080801 0.121750 0.107808 0.075926 0.126053 0.111432 0.078162
INFO:
INFO:EPOCH: 784
INFO:NDCG@10, IoU=0.3	NDCG@10, IoU=0.5	NDCG@10, IoU=0.7	NDCG@20, IoU=0.3	NDCG@20, IoU=0.5	NDCG@20, IoU=0.7	NDCG@40, IoU=0.3	NDCG@40, IoU=0.5	NDCG@40, IoU=0.7	
INFO:VAL:  0.125707 0.111887 0.073210 0.119337 0.105290 0.068665 0.124086 0.109299 0.071651
INFO:TEST:  0.128990 0.114807 0.079997 0.122593 0.108619 0.075853 0.126466 0.111550 0.077868
INFO:
INFO:EPOCH: 789
INFO:NDCG@10, IoU=0.3	NDCG@10, IoU=0.5	NDCG@10, IoU=0.7	NDCG@20, IoU=0.3	NDCG@20, IoU=0.5	NDCG@20, IoU=0.7	NDCG@40, IoU=0.3	NDCG@40, IoU=0.5	NDCG@40, IoU=0.7	
INFO:VAL:  0.124380 0.110691 0.072089 0.116870 0.102888 0.067435 0.122190 0.107273 0.070131
INFO:TEST:  0.127319 0.113105 0.079406 0.121494 0.107817 0.075307 0.125221 0.110621 0.077046
INFO:
INFO:EPOCH: 794
INFO:NDCG@10, IoU=0.3	NDCG@10, IoU=0.5	NDCG@10, IoU=0.7	NDCG@20, IoU=0.3	NDCG@20, IoU=0.5	NDCG@20, IoU=0.7	NDCG@40, IoU=0.3	NDCG@40, IoU=0.5	NDCG@40, IoU=0.7	
INFO:VAL:  0.126695 0.113838 0.073136 0.120308 0.107255 0.069119 0.124759 0.110468 0.071462
INFO:TEST:  0.127779 0.113754 0.079701 0.121007 0.107444 0.075259 0.124768 0.110466 0.077248
INFO:
INFO:EPOCH: 799
INFO:NDCG@10, IoU=0.3	NDCG@10, IoU=0.5	NDCG@10, IoU=0.7	NDCG@20, IoU=0.3	NDCG@20, IoU=0.5	NDCG@20, IoU=0.7	NDCG@40, IoU=0.3	NDCG@40, IoU=0.5	NDCG@40, IoU=0.7	
INFO:VAL:  0.125461 0.113508 0.075440 0.119070 0.106029 0.070143 0.122682 0.108467 0.071953
INFO:TEST:  0.128130 0.114159 0.080136 0.122258 0.108355 0.075677 0.126109 0.111269 0.077781
INFO:
INFO:EPOCH: 804
INFO:NDCG@10, IoU=0.3	NDCG@10, IoU=0.5	NDCG@10, IoU=0.7	NDCG@20, IoU=0.3	NDCG@20, IoU=0.5	NDCG@20, IoU=0.7	NDCG@40, IoU=0.3	NDCG@40, IoU=0.5	NDCG@40, IoU=0.7	
INFO:VAL:  0.123361 0.111260 0.072732 0.116155 0.104357 0.068176 0.120949 0.107498 0.070425
INFO:TEST:  0.128973 0.114405 0.079703 0.122494 0.108475 0.075737 0.126273 0.111476 0.077697
INFO:
INFO:EPOCH: 809
INFO:NDCG@10, IoU=0.3	NDCG@10, IoU=0.5	NDCG@10, IoU=0.7	NDCG@20, IoU=0.3	NDCG@20, IoU=0.5	NDCG@20, IoU=0.7	NDCG@40, IoU=0.3	NDCG@40, IoU=0.5	NDCG@40, IoU=0.7	
INFO:VAL:  0.125954 0.114660 0.075435 0.119032 0.106702 0.070582 0.122726 0.109215 0.071861
INFO:TEST:  0.128150 0.114125 0.080370 0.121814 0.107920 0.075895 0.125984 0.111164 0.078013
INFO:
INFO:EPOCH: 814
INFO:NDCG@10, IoU=0.3	NDCG@10, IoU=0.5	NDCG@10, IoU=0.7	NDCG@20, IoU=0.3	NDCG@20, IoU=0.5	NDCG@20, IoU=0.7	NDCG@40, IoU=0.3	NDCG@40, IoU=0.5	NDCG@40, IoU=0.7	
INFO:VAL:  0.129223 0.116907 0.075610 0.123991 0.110309 0.071159 0.126892 0.112336 0.072695
INFO:TEST:  0.128090 0.114590 0.080722 0.122421 0.108676 0.076461 0.126556 0.112192 0.078794
INFO:BEST VAL:  0.129223 0.116907 0.075610 0.123991 0.110309 0.071159 0.126892 0.112336 0.072695
INFO:BEST TEST:  0.128090 0.114590 0.080722 0.122421 0.108676 0.076461 0.126556 0.112192 0.078794
INFO:
INFO:EPOCH: 819
INFO:NDCG@10, IoU=0.3	NDCG@10, IoU=0.5	NDCG@10, IoU=0.7	NDCG@20, IoU=0.3	NDCG@20, IoU=0.5	NDCG@20, IoU=0.7	NDCG@40, IoU=0.3	NDCG@40, IoU=0.5	NDCG@40, IoU=0.7	
INFO:VAL:  0.128388 0.114057 0.074068 0.121782 0.106834 0.068947 0.124356 0.109067 0.070857
INFO:TEST:  0.129251 0.115139 0.080896 0.122581 0.108303 0.075861 0.126429 0.111374 0.078018
INFO:
INFO:EPOCH: 824
INFO:NDCG@10, IoU=0.3	NDCG@10, IoU=0.5	NDCG@10, IoU=0.7	NDCG@20, IoU=0.3	NDCG@20, IoU=0.5	NDCG@20, IoU=0.7	NDCG@40, IoU=0.3	NDCG@40, IoU=0.5	NDCG@40, IoU=0.7	
INFO:VAL:  0.125840 0.113613 0.073440 0.119264 0.106003 0.068190 0.123827 0.109014 0.070196
INFO:TEST:  0.128985 0.114846 0.081102 0.123207 0.109354 0.076645 0.126933 0.112203 0.078660
INFO:
INFO:EPOCH: 829
INFO:NDCG@10, IoU=0.3	NDCG@10, IoU=0.5	NDCG@10, IoU=0.7	NDCG@20, IoU=0.3	NDCG@20, IoU=0.5	NDCG@20, IoU=0.7	NDCG@40, IoU=0.3	NDCG@40, IoU=0.5	NDCG@40, IoU=0.7	
INFO:VAL:  0.124638 0.112807 0.071771 0.118746 0.105642 0.067420 0.122747 0.108744 0.069409
INFO:TEST:  0.128692 0.114448 0.080207 0.122168 0.108052 0.075619 0.125677 0.110972 0.077820
INFO:
INFO:EPOCH: 834
INFO:NDCG@10, IoU=0.3	NDCG@10, IoU=0.5	NDCG@10, IoU=0.7	NDCG@20, IoU=0.3	NDCG@20, IoU=0.5	NDCG@20, IoU=0.7	NDCG@40, IoU=0.3	NDCG@40, IoU=0.5	NDCG@40, IoU=0.7	
INFO:VAL:  0.128709 0.116565 0.074850 0.119983 0.107262 0.068771 0.123635 0.109939 0.070149
INFO:TEST:  0.129337 0.115584 0.081400 0.122199 0.108517 0.076595 0.126052 0.111697 0.078920
INFO:
INFO:EPOCH: 839
INFO:NDCG@10, IoU=0.3	NDCG@10, IoU=0.5	NDCG@10, IoU=0.7	NDCG@20, IoU=0.3	NDCG@20, IoU=0.5	NDCG@20, IoU=0.7	NDCG@40, IoU=0.3	NDCG@40, IoU=0.5	NDCG@40, IoU=0.7	
INFO:VAL:  0.125407 0.112772 0.073986 0.119886 0.106936 0.068878 0.123651 0.108557 0.070079
INFO:TEST:  0.129427 0.115466 0.080866 0.123269 0.109240 0.076200 0.126886 0.112168 0.078303
INFO:
INFO:EPOCH: 844
INFO:NDCG@10, IoU=0.3	NDCG@10, IoU=0.5	NDCG@10, IoU=0.7	NDCG@20, IoU=0.3	NDCG@20, IoU=0.5	NDCG@20, IoU=0.7	NDCG@40, IoU=0.3	NDCG@40, IoU=0.5	NDCG@40, IoU=0.7	
INFO:VAL:  0.125577 0.112714 0.071517 0.118961 0.105467 0.066603 0.122327 0.108144 0.069049
INFO:TEST:  0.129404 0.115380 0.080389 0.123199 0.108975 0.076241 0.127063 0.112064 0.078495
INFO:
INFO:EPOCH: 849
INFO:NDCG@10, IoU=0.3	NDCG@10, IoU=0.5	NDCG@10, IoU=0.7	NDCG@20, IoU=0.3	NDCG@20, IoU=0.5	NDCG@20, IoU=0.7	NDCG@40, IoU=0.3	NDCG@40, IoU=0.5	NDCG@40, IoU=0.7	
INFO:VAL:  0.127099 0.114079 0.073973 0.119600 0.106245 0.067855 0.121766 0.107702 0.068885
INFO:TEST:  0.130316 0.116246 0.080679 0.123497 0.109691 0.076460 0.126871 0.112468 0.078643
INFO:
INFO:EPOCH: 854
INFO:NDCG@10, IoU=0.3	NDCG@10, IoU=0.5	NDCG@10, IoU=0.7	NDCG@20, IoU=0.3	NDCG@20, IoU=0.5	NDCG@20, IoU=0.7	NDCG@40, IoU=0.3	NDCG@40, IoU=0.5	NDCG@40, IoU=0.7	
INFO:VAL:  0.130869 0.118084 0.073927 0.121502 0.109356 0.069222 0.124812 0.110846 0.069839
INFO:TEST:  0.129464 0.115690 0.080432 0.122934 0.109201 0.076197 0.127128 0.112583 0.078799
INFO:
INFO:EPOCH: 859
INFO:NDCG@10, IoU=0.3	NDCG@10, IoU=0.5	NDCG@10, IoU=0.7	NDCG@20, IoU=0.3	NDCG@20, IoU=0.5	NDCG@20, IoU=0.7	NDCG@40, IoU=0.3	NDCG@40, IoU=0.5	NDCG@40, IoU=0.7	
INFO:VAL:  0.127348 0.114049 0.072405 0.118694 0.105989 0.067961 0.122973 0.109369 0.070245
INFO:TEST:  0.129633 0.115711 0.080535 0.122967 0.109372 0.076321 0.126924 0.112494 0.078539
INFO:
INFO:EPOCH: 864
INFO:NDCG@10, IoU=0.3	NDCG@10, IoU=0.5	NDCG@10, IoU=0.7	NDCG@20, IoU=0.3	NDCG@20, IoU=0.5	NDCG@20, IoU=0.7	NDCG@40, IoU=0.3	NDCG@40, IoU=0.5	NDCG@40, IoU=0.7	
INFO:VAL:  0.127991 0.115833 0.073297 0.119411 0.107199 0.067269 0.122073 0.109181 0.068884
INFO:TEST:  0.131140 0.117135 0.081261 0.124055 0.110393 0.076818 0.128215 0.113557 0.079278
INFO:
INFO:EPOCH: 869
INFO:NDCG@10, IoU=0.3	NDCG@10, IoU=0.5	NDCG@10, IoU=0.7	NDCG@20, IoU=0.3	NDCG@20, IoU=0.5	NDCG@20, IoU=0.7	NDCG@40, IoU=0.3	NDCG@40, IoU=0.5	NDCG@40, IoU=0.7	
INFO:VAL:  0.128427 0.116271 0.075315 0.119152 0.106403 0.068477 0.122968 0.109001 0.069601
INFO:TEST:  0.129991 0.116027 0.080445 0.123223 0.109253 0.076247 0.127373 0.112798 0.078697
INFO:
INFO:EPOCH: 874
INFO:NDCG@10, IoU=0.3	NDCG@10, IoU=0.5	NDCG@10, IoU=0.7	NDCG@20, IoU=0.3	NDCG@20, IoU=0.5	NDCG@20, IoU=0.7	NDCG@40, IoU=0.3	NDCG@40, IoU=0.5	NDCG@40, IoU=0.7	
INFO:VAL:  0.126023 0.114794 0.073415 0.119375 0.107510 0.068438 0.122640 0.109600 0.069783
INFO:TEST:  0.130370 0.116200 0.080597 0.123421 0.109619 0.076272 0.127494 0.112823 0.078457
INFO:
INFO:EPOCH: 879
INFO:NDCG@10, IoU=0.3	NDCG@10, IoU=0.5	NDCG@10, IoU=0.7	NDCG@20, IoU=0.3	NDCG@20, IoU=0.5	NDCG@20, IoU=0.7	NDCG@40, IoU=0.3	NDCG@40, IoU=0.5	NDCG@40, IoU=0.7	
INFO:VAL:  0.127340 0.115511 0.073271 0.119849 0.108104 0.068246 0.123304 0.110465 0.070931
INFO:TEST:  0.129881 0.116165 0.080449 0.122981 0.109599 0.076528 0.127051 0.112844 0.078493
INFO:
INFO:EPOCH: 884
INFO:NDCG@10, IoU=0.3	NDCG@10, IoU=0.5	NDCG@10, IoU=0.7	NDCG@20, IoU=0.3	NDCG@20, IoU=0.5	NDCG@20, IoU=0.7	NDCG@40, IoU=0.3	NDCG@40, IoU=0.5	NDCG@40, IoU=0.7	
INFO:VAL:  0.130993 0.117371 0.074915 0.122281 0.109294 0.069637 0.126867 0.112652 0.071553
INFO:TEST:  0.129865 0.115986 0.080846 0.122989 0.109173 0.076446 0.126723 0.112425 0.078617
INFO:
INFO:EPOCH: 889
INFO:NDCG@10, IoU=0.3	NDCG@10, IoU=0.5	NDCG@10, IoU=0.7	NDCG@20, IoU=0.3	NDCG@20, IoU=0.5	NDCG@20, IoU=0.7	NDCG@40, IoU=0.3	NDCG@40, IoU=0.5	NDCG@40, IoU=0.7	
INFO:VAL:  0.128245 0.117171 0.074978 0.119876 0.108350 0.069599 0.124210 0.111105 0.071080
INFO:TEST:  0.129441 0.115747 0.080816 0.122919 0.109367 0.076281 0.126757 0.112586 0.078623
INFO:
INFO:EPOCH: 894
INFO:NDCG@10, IoU=0.3	NDCG@10, IoU=0.5	NDCG@10, IoU=0.7	NDCG@20, IoU=0.3	NDCG@20, IoU=0.5	NDCG@20, IoU=0.7	NDCG@40, IoU=0.3	NDCG@40, IoU=0.5	NDCG@40, IoU=0.7	
INFO:VAL:  0.128878 0.116036 0.074160 0.122173 0.109607 0.070604 0.125066 0.111801 0.071895
INFO:TEST:  0.130299 0.115914 0.081247 0.123289 0.108941 0.076313 0.127289 0.112477 0.078863
INFO:
INFO:EPOCH: 899
INFO:NDCG@10, IoU=0.3	NDCG@10, IoU=0.5	NDCG@10, IoU=0.7	NDCG@20, IoU=0.3	NDCG@20, IoU=0.5	NDCG@20, IoU=0.7	NDCG@40, IoU=0.3	NDCG@40, IoU=0.5	NDCG@40, IoU=0.7	
INFO:VAL:  0.129914 0.117702 0.075570 0.123379 0.111044 0.071194 0.127343 0.113813 0.072965
INFO:TEST:  0.130535 0.116896 0.081379 0.123577 0.109979 0.076979 0.127437 0.113345 0.079337
INFO:BEST VAL:  0.129914 0.117702 0.075570 0.123379 0.111044 0.071194 0.127343 0.113813 0.072965
INFO:BEST TEST:  0.130535 0.116896 0.081379 0.123577 0.109979 0.076979 0.127437 0.113345 0.079337
INFO:
INFO:EPOCH: 904
INFO:NDCG@10, IoU=0.3	NDCG@10, IoU=0.5	NDCG@10, IoU=0.7	NDCG@20, IoU=0.3	NDCG@20, IoU=0.5	NDCG@20, IoU=0.7	NDCG@40, IoU=0.3	NDCG@40, IoU=0.5	NDCG@40, IoU=0.7	
INFO:VAL:  0.128346 0.116191 0.074877 0.121534 0.109015 0.069968 0.126156 0.112358 0.072207
INFO:TEST:  0.130383 0.116519 0.081608 0.122990 0.109499 0.076924 0.126957 0.112912 0.079366
INFO:
INFO:EPOCH: 909
INFO:NDCG@10, IoU=0.3	NDCG@10, IoU=0.5	NDCG@10, IoU=0.7	NDCG@20, IoU=0.3	NDCG@20, IoU=0.5	NDCG@20, IoU=0.7	NDCG@40, IoU=0.3	NDCG@40, IoU=0.5	NDCG@40, IoU=0.7	
INFO:VAL:  0.128423 0.116917 0.075488 0.121269 0.109096 0.069964 0.124974 0.111694 0.071667
INFO:TEST:  0.130808 0.116636 0.081214 0.123276 0.109473 0.076675 0.127195 0.112648 0.079170
INFO:
INFO:EPOCH: 914
INFO:NDCG@10, IoU=0.3	NDCG@10, IoU=0.5	NDCG@10, IoU=0.7	NDCG@20, IoU=0.3	NDCG@20, IoU=0.5	NDCG@20, IoU=0.7	NDCG@40, IoU=0.3	NDCG@40, IoU=0.5	NDCG@40, IoU=0.7	
INFO:VAL:  0.128685 0.115957 0.075028 0.121655 0.108416 0.069308 0.125573 0.111225 0.071277
INFO:TEST:  0.129591 0.116143 0.080711 0.123179 0.109791 0.076700 0.126505 0.112638 0.078656
INFO:
INFO:EPOCH: 919
INFO:NDCG@10, IoU=0.3	NDCG@10, IoU=0.5	NDCG@10, IoU=0.7	NDCG@20, IoU=0.3	NDCG@20, IoU=0.5	NDCG@20, IoU=0.7	NDCG@40, IoU=0.3	NDCG@40, IoU=0.5	NDCG@40, IoU=0.7	
INFO:VAL:  0.129106 0.116106 0.075661 0.121693 0.108449 0.070319 0.124989 0.111109 0.072093
INFO:TEST:  0.130651 0.116649 0.081556 0.123600 0.109971 0.076883 0.127193 0.112944 0.079280
INFO:
INFO:EPOCH: 924
INFO:NDCG@10, IoU=0.3	NDCG@10, IoU=0.5	NDCG@10, IoU=0.7	NDCG@20, IoU=0.3	NDCG@20, IoU=0.5	NDCG@20, IoU=0.7	NDCG@40, IoU=0.3	NDCG@40, IoU=0.5	NDCG@40, IoU=0.7	
INFO:VAL:  0.128844 0.116886 0.075669 0.121149 0.108105 0.069985 0.125124 0.111570 0.072377
INFO:TEST:  0.131732 0.117969 0.082128 0.124467 0.110894 0.077597 0.127912 0.113645 0.079751
INFO:
INFO:EPOCH: 929
INFO:NDCG@10, IoU=0.3	NDCG@10, IoU=0.5	NDCG@10, IoU=0.7	NDCG@20, IoU=0.3	NDCG@20, IoU=0.5	NDCG@20, IoU=0.7	NDCG@40, IoU=0.3	NDCG@40, IoU=0.5	NDCG@40, IoU=0.7	
INFO:VAL:  0.129107 0.116928 0.074908 0.120756 0.108447 0.069070 0.124080 0.111617 0.071116
INFO:TEST:  0.131255 0.117112 0.081769 0.124249 0.110382 0.077335 0.127466 0.113041 0.079382
INFO:
INFO:EPOCH: 934
INFO:NDCG@10, IoU=0.3	NDCG@10, IoU=0.5	NDCG@10, IoU=0.7	NDCG@20, IoU=0.3	NDCG@20, IoU=0.5	NDCG@20, IoU=0.7	NDCG@40, IoU=0.3	NDCG@40, IoU=0.5	NDCG@40, IoU=0.7	
INFO:VAL:  0.126918 0.114267 0.073721 0.120703 0.108096 0.069813 0.124803 0.111221 0.071822
INFO:TEST:  0.131602 0.117451 0.082243 0.124540 0.110708 0.077693 0.127849 0.113281 0.079750
INFO:
INFO:EPOCH: 939
INFO:NDCG@10, IoU=0.3	NDCG@10, IoU=0.5	NDCG@10, IoU=0.7	NDCG@20, IoU=0.3	NDCG@20, IoU=0.5	NDCG@20, IoU=0.7	NDCG@40, IoU=0.3	NDCG@40, IoU=0.5	NDCG@40, IoU=0.7	
INFO:VAL:  0.130823 0.117548 0.075906 0.121713 0.108251 0.070539 0.125303 0.111695 0.072660
INFO:TEST:  0.131493 0.117762 0.082726 0.124131 0.110804 0.077951 0.127676 0.113725 0.079961
INFO:
INFO:EPOCH: 944
INFO:NDCG@10, IoU=0.3	NDCG@10, IoU=0.5	NDCG@10, IoU=0.7	NDCG@20, IoU=0.3	NDCG@20, IoU=0.5	NDCG@20, IoU=0.7	NDCG@40, IoU=0.3	NDCG@40, IoU=0.5	NDCG@40, IoU=0.7	
INFO:VAL:  0.128596 0.115897 0.074911 0.121348 0.108645 0.070273 0.125128 0.111622 0.072651
INFO:TEST:  0.130743 0.117229 0.082463 0.123438 0.110181 0.077720 0.126977 0.113102 0.079488
INFO:
INFO:EPOCH: 949
INFO:NDCG@10, IoU=0.3	NDCG@10, IoU=0.5	NDCG@10, IoU=0.7	NDCG@20, IoU=0.3	NDCG@20, IoU=0.5	NDCG@20, IoU=0.7	NDCG@40, IoU=0.3	NDCG@40, IoU=0.5	NDCG@40, IoU=0.7	
INFO:VAL:  0.127967 0.114711 0.075029 0.121862 0.108833 0.069942 0.125185 0.111236 0.071772
INFO:TEST:  0.130911 0.116943 0.082298 0.123890 0.110315 0.077775 0.127489 0.113158 0.079454
INFO:
INFO:EPOCH: 954
INFO:NDCG@10, IoU=0.3	NDCG@10, IoU=0.5	NDCG@10, IoU=0.7	NDCG@20, IoU=0.3	NDCG@20, IoU=0.5	NDCG@20, IoU=0.7	NDCG@40, IoU=0.3	NDCG@40, IoU=0.5	NDCG@40, IoU=0.7	
INFO:VAL:  0.128699 0.114987 0.074587 0.120790 0.107793 0.069721 0.126043 0.112493 0.072175
INFO:TEST:  0.131467 0.117278 0.081849 0.124269 0.110617 0.077761 0.127811 0.113208 0.079489
INFO:
INFO:EPOCH: 959
INFO:NDCG@10, IoU=0.3	NDCG@10, IoU=0.5	NDCG@10, IoU=0.7	NDCG@20, IoU=0.3	NDCG@20, IoU=0.5	NDCG@20, IoU=0.7	NDCG@40, IoU=0.3	NDCG@40, IoU=0.5	NDCG@40, IoU=0.7	
INFO:VAL:  0.130380 0.115767 0.074135 0.123096 0.109139 0.070036 0.126489 0.112050 0.071958
INFO:TEST:  0.130971 0.116870 0.081649 0.124278 0.110525 0.077737 0.127937 0.113458 0.079577
INFO:
INFO:EPOCH: 964
INFO:NDCG@10, IoU=0.3	NDCG@10, IoU=0.5	NDCG@10, IoU=0.7	NDCG@20, IoU=0.3	NDCG@20, IoU=0.5	NDCG@20, IoU=0.7	NDCG@40, IoU=0.3	NDCG@40, IoU=0.5	NDCG@40, IoU=0.7	
INFO:VAL:  0.131697 0.117572 0.074835 0.122460 0.109771 0.070292 0.126542 0.112301 0.071736
INFO:TEST:  0.131305 0.117326 0.081989 0.124521 0.110746 0.077877 0.128117 0.113812 0.079781
INFO:
INFO:EPOCH: 969
INFO:NDCG@10, IoU=0.3	NDCG@10, IoU=0.5	NDCG@10, IoU=0.7	NDCG@20, IoU=0.3	NDCG@20, IoU=0.5	NDCG@20, IoU=0.7	NDCG@40, IoU=0.3	NDCG@40, IoU=0.5	NDCG@40, IoU=0.7	
INFO:VAL:  0.129612 0.116630 0.073561 0.122342 0.110059 0.069983 0.126356 0.112633 0.071681
INFO:TEST:  0.131667 0.117746 0.082362 0.124406 0.110618 0.077573 0.128212 0.113690 0.079852
INFO:
INFO:EPOCH: 974
INFO:NDCG@10, IoU=0.3	NDCG@10, IoU=0.5	NDCG@10, IoU=0.7	NDCG@20, IoU=0.3	NDCG@20, IoU=0.5	NDCG@20, IoU=0.7	NDCG@40, IoU=0.3	NDCG@40, IoU=0.5	NDCG@40, IoU=0.7	
INFO:VAL:  0.130882 0.118120 0.075115 0.122479 0.110549 0.070432 0.125868 0.112764 0.072043
INFO:TEST:  0.132034 0.118301 0.082633 0.124511 0.111006 0.077856 0.128295 0.114096 0.079927
INFO:
INFO:EPOCH: 979
INFO:NDCG@10, IoU=0.3	NDCG@10, IoU=0.5	NDCG@10, IoU=0.7	NDCG@20, IoU=0.3	NDCG@20, IoU=0.5	NDCG@20, IoU=0.7	NDCG@40, IoU=0.3	NDCG@40, IoU=0.5	NDCG@40, IoU=0.7	
INFO:VAL:  0.130518 0.117447 0.074649 0.122260 0.110017 0.069605 0.126505 0.112623 0.071632
INFO:TEST:  0.131844 0.118177 0.082717 0.124514 0.110819 0.077803 0.128087 0.113702 0.079693
INFO:
INFO:EPOCH: 984
INFO:NDCG@10, IoU=0.3	NDCG@10, IoU=0.5	NDCG@10, IoU=0.7	NDCG@20, IoU=0.3	NDCG@20, IoU=0.5	NDCG@20, IoU=0.7	NDCG@40, IoU=0.3	NDCG@40, IoU=0.5	NDCG@40, IoU=0.7	
INFO:VAL:  0.129910 0.117218 0.074907 0.122946 0.110598 0.070613 0.126626 0.113279 0.072232
INFO:TEST:  0.131558 0.117690 0.082578 0.124657 0.110871 0.077943 0.127976 0.113550 0.079784
INFO:
INFO:EPOCH: 989
INFO:NDCG@10, IoU=0.3	NDCG@10, IoU=0.5	NDCG@10, IoU=0.7	NDCG@20, IoU=0.3	NDCG@20, IoU=0.5	NDCG@20, IoU=0.7	NDCG@40, IoU=0.3	NDCG@40, IoU=0.5	NDCG@40, IoU=0.7	
INFO:VAL:  0.129902 0.117129 0.075026 0.122374 0.109890 0.070244 0.126130 0.112485 0.071971
INFO:TEST:  0.131702 0.118091 0.082704 0.124845 0.111039 0.078014 0.128297 0.113902 0.079897
INFO:
INFO:EPOCH: 994
INFO:NDCG@10, IoU=0.3	NDCG@10, IoU=0.5	NDCG@10, IoU=0.7	NDCG@20, IoU=0.3	NDCG@20, IoU=0.5	NDCG@20, IoU=0.7	NDCG@40, IoU=0.3	NDCG@40, IoU=0.5	NDCG@40, IoU=0.7	
INFO:VAL:  0.129993 0.116914 0.074868 0.122667 0.110076 0.070251 0.126500 0.112648 0.072129
INFO:TEST:  0.131804 0.118150 0.082990 0.124799 0.111049 0.078248 0.128247 0.113869 0.080086
INFO:
INFO:EPOCH: 999
INFO:NDCG@10, IoU=0.3	NDCG@10, IoU=0.5	NDCG@10, IoU=0.7	NDCG@20, IoU=0.3	NDCG@20, IoU=0.5	NDCG@20, IoU=0.7	NDCG@40, IoU=0.3	NDCG@40, IoU=0.5	NDCG@40, IoU=0.7	
INFO:VAL:  0.129663 0.117144 0.074943 0.122778 0.110372 0.070230 0.126331 0.112753 0.072024
INFO:TEST:  0.131935 0.118300 0.082966 0.124968 0.111166 0.078212 0.128289 0.113969 0.079994
INFO:
