INFO:model_config {   'bert_config': {   'attention_probs_dropout_prob': 0.1,
                       'hidden_act': 'gelu',
                       'hidden_dropout_prob': 0.1,
                       'hidden_size': 768,
                       'initializer_range': 0.02,
                       'intermediate_size': 3072,
                       'layer_norm_eps': 1e-05,
                       'max_position_embeddings': 100,
                       'num_attention_heads': 12,
                       'num_hidden_layers': 1,
                       'output_attentions': False,
                       'output_hidden_states': False,
                       'type_vocab_size': 2},
    'initializer_range': 0.02,
    'moment_localization_config': {   'conv_cfg_1': {   'bias': False,
                                                        'in_channels': 768,
                                                        'kernel_size': 5,
                                                        'out_channels': 128,
                                                        'padding': 2,
                                                        'stride': 1},
                                      'conv_cfg_2': {   'bias': False,
                                                        'in_channels': 128,
                                                        'kernel_size': 1,
                                                        'out_channels': 1,
                                                        'padding': 0,
                                                        'stride': 1}},
    'netvlad_config': {   'hidden_size': 768,
                          'moe_dropout_prob': 0.1,
                          'text_cluster': 32},
    'query_bert_config': {   'attention_probs_dropout_prob': 0.1,
                             'hidden_act': 'gelu',
                             'hidden_dropout_prob': 0.1,
                             'hidden_size': 768,
                             'initializer_range': 0.02,
                             'intermediate_size': 3072,
                             'layer_norm_eps': 1e-05,
                             'max_position_embeddings': 30,
                             'num_attention_heads': 12,
                             'num_hidden_layers': 1,
                             'output_attentions': False,
                             'output_hidden_states': False,
                             'type_vocab_size': 2},
    'video_scoring_config': {   'linear_1_cfg': {   'bias': False,
                                                    'in_features': 768,
                                                    'out_features': 128},
                                'linear_2_cfg': {   'bias': False,
                                                    'in_features': 128,
                                                    'out_features': 1}}}
INFO:video modality : ['visual', 'sub']
INFO:Start Training...
INFO:CUDA enabled.
INFO:EPOCH: 9
INFO:NDCG@10, IoU=0.3	NDCG@10, IoU=0.5	NDCG@10, IoU=0.7	NDCG@20, IoU=0.3	NDCG@20, IoU=0.5	NDCG@20, IoU=0.7	NDCG@40, IoU=0.3	NDCG@40, IoU=0.5	NDCG@40, IoU=0.7	
INFO:VAL:  0.095393 0.078263 0.051898 0.097891 0.079015 0.052992 0.103763 0.084104 0.057461
INFO:TEST:  0.087133 0.070028 0.044994 0.087923 0.070763 0.045688 0.096047 0.077496 0.050695
INFO:BEST VAL:  0.095393 0.078263 0.051898 0.097891 0.079015 0.052992 0.103763 0.084104 0.057461
INFO:BEST TEST:  0.087133 0.070028 0.044994 0.087923 0.070763 0.045688 0.096047 0.077496 0.050695
INFO:save checkpoint: results/tvr-top01-2024_03_30_17_58_53/model.ckpt
INFO:
INFO:EPOCH: 19
INFO:NDCG@10, IoU=0.3	NDCG@10, IoU=0.5	NDCG@10, IoU=0.7	NDCG@20, IoU=0.3	NDCG@20, IoU=0.5	NDCG@20, IoU=0.7	NDCG@40, IoU=0.3	NDCG@40, IoU=0.5	NDCG@40, IoU=0.7	
INFO:VAL:  0.099730 0.079811 0.051176 0.101059 0.080794 0.052630 0.108527 0.087716 0.057397
INFO:TEST:  0.093813 0.074402 0.048335 0.093858 0.074351 0.049182 0.100153 0.079203 0.052682
INFO:BEST VAL:  0.099730 0.079811 0.051176 0.101059 0.080794 0.052630 0.108527 0.087716 0.057397
INFO:BEST TEST:  0.093813 0.074402 0.048335 0.093858 0.074351 0.049182 0.100153 0.079203 0.052682
INFO:save checkpoint: results/tvr-top01-2024_03_30_17_58_53/model.ckpt
INFO:
INFO:EPOCH: 29
INFO:NDCG@10, IoU=0.3	NDCG@10, IoU=0.5	NDCG@10, IoU=0.7	NDCG@20, IoU=0.3	NDCG@20, IoU=0.5	NDCG@20, IoU=0.7	NDCG@40, IoU=0.3	NDCG@40, IoU=0.5	NDCG@40, IoU=0.7	
INFO:VAL:  0.101081 0.080731 0.048484 0.098721 0.078844 0.049604 0.106649 0.083792 0.055009
INFO:TEST:  0.094491 0.074987 0.049075 0.094617 0.075011 0.049117 0.101490 0.080663 0.053323
INFO:
INFO:EPOCH: 39
INFO:NDCG@10, IoU=0.3	NDCG@10, IoU=0.5	NDCG@10, IoU=0.7	NDCG@20, IoU=0.3	NDCG@20, IoU=0.5	NDCG@20, IoU=0.7	NDCG@40, IoU=0.3	NDCG@40, IoU=0.5	NDCG@40, IoU=0.7	
INFO:VAL:  0.101981 0.084530 0.053336 0.102963 0.083288 0.054170 0.108327 0.088306 0.057206
INFO:TEST:  0.099676 0.080474 0.051668 0.099080 0.079477 0.051191 0.105537 0.084753 0.054880
INFO:BEST VAL:  0.101981 0.084530 0.053336 0.102963 0.083288 0.054170 0.108327 0.088306 0.057206
INFO:BEST TEST:  0.099676 0.080474 0.051668 0.099080 0.079477 0.051191 0.105537 0.084753 0.054880
INFO:save checkpoint: results/tvr-top01-2024_03_30_17_58_53/model.ckpt
INFO:
INFO:EPOCH: 49
INFO:NDCG@10, IoU=0.3	NDCG@10, IoU=0.5	NDCG@10, IoU=0.7	NDCG@20, IoU=0.3	NDCG@20, IoU=0.5	NDCG@20, IoU=0.7	NDCG@40, IoU=0.3	NDCG@40, IoU=0.5	NDCG@40, IoU=0.7	
INFO:VAL:  0.109391 0.088398 0.059350 0.107674 0.086346 0.058202 0.113243 0.092846 0.062103
INFO:TEST:  0.096133 0.077841 0.050384 0.096804 0.078417 0.050414 0.103083 0.083569 0.054150
INFO:BEST VAL:  0.109391 0.088398 0.059350 0.107674 0.086346 0.058202 0.113243 0.092846 0.062103
INFO:BEST TEST:  0.096133 0.077841 0.050384 0.096804 0.078417 0.050414 0.103083 0.083569 0.054150
INFO:save checkpoint: results/tvr-top01-2024_03_30_17_58_53/model.ckpt
INFO:
INFO:EPOCH: 59
INFO:NDCG@10, IoU=0.3	NDCG@10, IoU=0.5	NDCG@10, IoU=0.7	NDCG@20, IoU=0.3	NDCG@20, IoU=0.5	NDCG@20, IoU=0.7	NDCG@40, IoU=0.3	NDCG@40, IoU=0.5	NDCG@40, IoU=0.7	
INFO:VAL:  0.095137 0.081576 0.056012 0.100050 0.082578 0.057250 0.105209 0.087975 0.062238
INFO:TEST:  0.097395 0.078611 0.051423 0.097596 0.078129 0.050971 0.104247 0.083041 0.054343
INFO:
INFO:EPOCH: 69
INFO:NDCG@10, IoU=0.3	NDCG@10, IoU=0.5	NDCG@10, IoU=0.7	NDCG@20, IoU=0.3	NDCG@20, IoU=0.5	NDCG@20, IoU=0.7	NDCG@40, IoU=0.3	NDCG@40, IoU=0.5	NDCG@40, IoU=0.7	
INFO:VAL:  0.105427 0.085427 0.055375 0.105816 0.085160 0.055690 0.111904 0.091295 0.061131
INFO:TEST:  0.095046 0.076026 0.051059 0.095927 0.076658 0.051307 0.103002 0.082102 0.054989
INFO:
INFO:EPOCH: 79
INFO:NDCG@10, IoU=0.3	NDCG@10, IoU=0.5	NDCG@10, IoU=0.7	NDCG@20, IoU=0.3	NDCG@20, IoU=0.5	NDCG@20, IoU=0.7	NDCG@40, IoU=0.3	NDCG@40, IoU=0.5	NDCG@40, IoU=0.7	
INFO:VAL:  0.112883 0.093025 0.059479 0.107596 0.088570 0.057420 0.114799 0.094134 0.061905
INFO:TEST:  0.098050 0.079356 0.052224 0.097044 0.078086 0.051361 0.103737 0.083170 0.054668
INFO:BEST VAL:  0.112883 0.093025 0.059479 0.107596 0.088570 0.057420 0.114799 0.094134 0.061905
INFO:BEST TEST:  0.098050 0.079356 0.052224 0.097044 0.078086 0.051361 0.103737 0.083170 0.054668
INFO:save checkpoint: results/tvr-top01-2024_03_30_17_58_53/model.ckpt
INFO:
INFO:EPOCH: 89
INFO:NDCG@10, IoU=0.3	NDCG@10, IoU=0.5	NDCG@10, IoU=0.7	NDCG@20, IoU=0.3	NDCG@20, IoU=0.5	NDCG@20, IoU=0.7	NDCG@40, IoU=0.3	NDCG@40, IoU=0.5	NDCG@40, IoU=0.7	
INFO:VAL:  0.108363 0.089908 0.058625 0.106442 0.086421 0.057565 0.113938 0.092775 0.062052
INFO:TEST:  0.098364 0.078696 0.052311 0.097170 0.077202 0.051213 0.105066 0.083641 0.055318
INFO:
INFO:EPOCH: 99
INFO:NDCG@10, IoU=0.3	NDCG@10, IoU=0.5	NDCG@10, IoU=0.7	NDCG@20, IoU=0.3	NDCG@20, IoU=0.5	NDCG@20, IoU=0.7	NDCG@40, IoU=0.3	NDCG@40, IoU=0.5	NDCG@40, IoU=0.7	
INFO:VAL:  0.110353 0.090806 0.060445 0.106935 0.087235 0.058463 0.111398 0.090236 0.061333
INFO:TEST:  0.100353 0.079810 0.053237 0.099396 0.079226 0.052809 0.104907 0.083645 0.055802
INFO:
INFO:EPOCH: 109
INFO:NDCG@10, IoU=0.3	NDCG@10, IoU=0.5	NDCG@10, IoU=0.7	NDCG@20, IoU=0.3	NDCG@20, IoU=0.5	NDCG@20, IoU=0.7	NDCG@40, IoU=0.3	NDCG@40, IoU=0.5	NDCG@40, IoU=0.7	
INFO:VAL:  0.109009 0.089304 0.058013 0.107830 0.086818 0.057377 0.115100 0.093867 0.062180
INFO:TEST:  0.099267 0.081016 0.055405 0.098946 0.080298 0.054362 0.105711 0.085440 0.057664
INFO:
INFO:EPOCH: 119
INFO:NDCG@10, IoU=0.3	NDCG@10, IoU=0.5	NDCG@10, IoU=0.7	NDCG@20, IoU=0.3	NDCG@20, IoU=0.5	NDCG@20, IoU=0.7	NDCG@40, IoU=0.3	NDCG@40, IoU=0.5	NDCG@40, IoU=0.7	
INFO:VAL:  0.110184 0.090070 0.057562 0.107196 0.088705 0.056697 0.112857 0.092637 0.060676
INFO:TEST:  0.097713 0.077074 0.052273 0.097285 0.077222 0.051656 0.104190 0.082554 0.055420
INFO:
INFO:EPOCH: 129
INFO:NDCG@10, IoU=0.3	NDCG@10, IoU=0.5	NDCG@10, IoU=0.7	NDCG@20, IoU=0.3	NDCG@20, IoU=0.5	NDCG@20, IoU=0.7	NDCG@40, IoU=0.3	NDCG@40, IoU=0.5	NDCG@40, IoU=0.7	
INFO:VAL:  0.112836 0.089959 0.056218 0.109901 0.088139 0.055691 0.112919 0.090307 0.058405
INFO:TEST:  0.098596 0.078959 0.052603 0.097421 0.078306 0.052185 0.103359 0.082458 0.055143
INFO:
INFO:EPOCH: 139
INFO:NDCG@10, IoU=0.3	NDCG@10, IoU=0.5	NDCG@10, IoU=0.7	NDCG@20, IoU=0.3	NDCG@20, IoU=0.5	NDCG@20, IoU=0.7	NDCG@40, IoU=0.3	NDCG@40, IoU=0.5	NDCG@40, IoU=0.7	
INFO:VAL:  0.113730 0.093246 0.059688 0.111244 0.092995 0.060950 0.113776 0.094607 0.062852
INFO:TEST:  0.097373 0.079180 0.054050 0.097494 0.078348 0.052800 0.104278 0.083281 0.056174
INFO:BEST VAL:  0.113730 0.093246 0.059688 0.111244 0.092995 0.060950 0.113776 0.094607 0.062852
INFO:BEST TEST:  0.097373 0.079180 0.054050 0.097494 0.078348 0.052800 0.104278 0.083281 0.056174
INFO:save checkpoint: results/tvr-top01-2024_03_30_17_58_53/model.ckpt
INFO:
INFO:EPOCH: 149
INFO:NDCG@10, IoU=0.3	NDCG@10, IoU=0.5	NDCG@10, IoU=0.7	NDCG@20, IoU=0.3	NDCG@20, IoU=0.5	NDCG@20, IoU=0.7	NDCG@40, IoU=0.3	NDCG@40, IoU=0.5	NDCG@40, IoU=0.7	
INFO:VAL:  0.113042 0.093185 0.056455 0.109726 0.088626 0.055147 0.114039 0.094108 0.058889
INFO:TEST:  0.097738 0.078643 0.053575 0.097499 0.078476 0.053082 0.103844 0.083300 0.055904
INFO:
INFO:EPOCH: 159
INFO:NDCG@10, IoU=0.3	NDCG@10, IoU=0.5	NDCG@10, IoU=0.7	NDCG@20, IoU=0.3	NDCG@20, IoU=0.5	NDCG@20, IoU=0.7	NDCG@40, IoU=0.3	NDCG@40, IoU=0.5	NDCG@40, IoU=0.7	
INFO:VAL:  0.109325 0.089440 0.055192 0.107289 0.087519 0.055763 0.111541 0.091850 0.059199
INFO:TEST:  0.098803 0.078999 0.052236 0.097405 0.077966 0.050990 0.103906 0.082949 0.054281
INFO:
INFO:EPOCH: 169
INFO:NDCG@10, IoU=0.3	NDCG@10, IoU=0.5	NDCG@10, IoU=0.7	NDCG@20, IoU=0.3	NDCG@20, IoU=0.5	NDCG@20, IoU=0.7	NDCG@40, IoU=0.3	NDCG@40, IoU=0.5	NDCG@40, IoU=0.7	
INFO:VAL:  0.116385 0.094478 0.061260 0.112989 0.092442 0.061613 0.116556 0.095077 0.064463
INFO:TEST:  0.097943 0.078879 0.053369 0.098034 0.077457 0.051737 0.104894 0.083233 0.054984
INFO:BEST VAL:  0.116385 0.094478 0.061260 0.112989 0.092442 0.061613 0.116556 0.095077 0.064463
INFO:BEST TEST:  0.097943 0.078879 0.053369 0.098034 0.077457 0.051737 0.104894 0.083233 0.054984
INFO:save checkpoint: results/tvr-top01-2024_03_30_17_58_53/model.ckpt
INFO:
INFO:EPOCH: 179
INFO:NDCG@10, IoU=0.3	NDCG@10, IoU=0.5	NDCG@10, IoU=0.7	NDCG@20, IoU=0.3	NDCG@20, IoU=0.5	NDCG@20, IoU=0.7	NDCG@40, IoU=0.3	NDCG@40, IoU=0.5	NDCG@40, IoU=0.7	
INFO:VAL:  0.110314 0.092030 0.060313 0.107604 0.090428 0.061586 0.113568 0.094784 0.064756
INFO:TEST:  0.098319 0.078433 0.051664 0.098700 0.078125 0.051373 0.105444 0.083700 0.054688
INFO:
INFO:EPOCH: 189
INFO:NDCG@10, IoU=0.3	NDCG@10, IoU=0.5	NDCG@10, IoU=0.7	NDCG@20, IoU=0.3	NDCG@20, IoU=0.5	NDCG@20, IoU=0.7	NDCG@40, IoU=0.3	NDCG@40, IoU=0.5	NDCG@40, IoU=0.7	
INFO:VAL:  0.113296 0.094359 0.061184 0.110185 0.091004 0.058488 0.115491 0.094944 0.062251
INFO:TEST:  0.101125 0.081253 0.053388 0.100187 0.080531 0.052527 0.106395 0.085405 0.056130
INFO:
INFO:EPOCH: 199
INFO:NDCG@10, IoU=0.3	NDCG@10, IoU=0.5	NDCG@10, IoU=0.7	NDCG@20, IoU=0.3	NDCG@20, IoU=0.5	NDCG@20, IoU=0.7	NDCG@40, IoU=0.3	NDCG@40, IoU=0.5	NDCG@40, IoU=0.7	
INFO:VAL:  0.110332 0.091274 0.055640 0.109232 0.090095 0.056078 0.114235 0.093094 0.058784
INFO:TEST:  0.098451 0.080098 0.053542 0.097355 0.078406 0.052002 0.103585 0.083014 0.054798
INFO:
INFO:EPOCH: 209
INFO:NDCG@10, IoU=0.3	NDCG@10, IoU=0.5	NDCG@10, IoU=0.7	NDCG@20, IoU=0.3	NDCG@20, IoU=0.5	NDCG@20, IoU=0.7	NDCG@40, IoU=0.3	NDCG@40, IoU=0.5	NDCG@40, IoU=0.7	
INFO:VAL:  0.113240 0.093293 0.055658 0.111086 0.091959 0.056782 0.115539 0.096184 0.060461
INFO:TEST:  0.100348 0.081573 0.054989 0.100064 0.079936 0.053986 0.105799 0.084931 0.056627
INFO:
INFO:EPOCH: 219
INFO:NDCG@10, IoU=0.3	NDCG@10, IoU=0.5	NDCG@10, IoU=0.7	NDCG@20, IoU=0.3	NDCG@20, IoU=0.5	NDCG@20, IoU=0.7	NDCG@40, IoU=0.3	NDCG@40, IoU=0.5	NDCG@40, IoU=0.7	
INFO:VAL:  0.120029 0.098578 0.061961 0.116708 0.094191 0.060162 0.120850 0.098016 0.063886
INFO:TEST:  0.100719 0.081586 0.054829 0.100173 0.080439 0.053981 0.106303 0.085363 0.056851
INFO:BEST VAL:  0.120029 0.098578 0.061961 0.116708 0.094191 0.060162 0.120850 0.098016 0.063886
INFO:BEST TEST:  0.100719 0.081586 0.054829 0.100173 0.080439 0.053981 0.106303 0.085363 0.056851
INFO:save checkpoint: results/tvr-top01-2024_03_30_17_58_53/model.ckpt
INFO:
INFO:EPOCH: 229
INFO:NDCG@10, IoU=0.3	NDCG@10, IoU=0.5	NDCG@10, IoU=0.7	NDCG@20, IoU=0.3	NDCG@20, IoU=0.5	NDCG@20, IoU=0.7	NDCG@40, IoU=0.3	NDCG@40, IoU=0.5	NDCG@40, IoU=0.7	
INFO:VAL:  0.111801 0.094011 0.058005 0.109145 0.091430 0.057470 0.113799 0.094719 0.061681
INFO:TEST:  0.100771 0.081200 0.053603 0.099564 0.080175 0.053135 0.105799 0.084730 0.055831
INFO:
INFO:EPOCH: 239
INFO:NDCG@10, IoU=0.3	NDCG@10, IoU=0.5	NDCG@10, IoU=0.7	NDCG@20, IoU=0.3	NDCG@20, IoU=0.5	NDCG@20, IoU=0.7	NDCG@40, IoU=0.3	NDCG@40, IoU=0.5	NDCG@40, IoU=0.7	
INFO:VAL:  0.109836 0.089362 0.059057 0.108971 0.087996 0.057873 0.114459 0.092061 0.061735
INFO:TEST:  0.099602 0.081052 0.055030 0.099413 0.080077 0.053920 0.105734 0.085200 0.056680
INFO:
INFO:EPOCH: 249
INFO:NDCG@10, IoU=0.3	NDCG@10, IoU=0.5	NDCG@10, IoU=0.7	NDCG@20, IoU=0.3	NDCG@20, IoU=0.5	NDCG@20, IoU=0.7	NDCG@40, IoU=0.3	NDCG@40, IoU=0.5	NDCG@40, IoU=0.7	
INFO:VAL:  0.115777 0.093825 0.059347 0.114255 0.091368 0.059573 0.117888 0.095141 0.061828
INFO:TEST:  0.100887 0.081910 0.054407 0.101536 0.081723 0.053891 0.107362 0.086329 0.057030
INFO:
INFO:EPOCH: 259
INFO:NDCG@10, IoU=0.3	NDCG@10, IoU=0.5	NDCG@10, IoU=0.7	NDCG@20, IoU=0.3	NDCG@20, IoU=0.5	NDCG@20, IoU=0.7	NDCG@40, IoU=0.3	NDCG@40, IoU=0.5	NDCG@40, IoU=0.7	
INFO:VAL:  0.108161 0.085965 0.054249 0.106422 0.084116 0.054630 0.111350 0.089174 0.059028
INFO:TEST:  0.099517 0.080186 0.054756 0.098730 0.078681 0.053291 0.105613 0.084148 0.056608
INFO:
INFO:EPOCH: 269
INFO:NDCG@10, IoU=0.3	NDCG@10, IoU=0.5	NDCG@10, IoU=0.7	NDCG@20, IoU=0.3	NDCG@20, IoU=0.5	NDCG@20, IoU=0.7	NDCG@40, IoU=0.3	NDCG@40, IoU=0.5	NDCG@40, IoU=0.7	
INFO:VAL:  0.108639 0.087124 0.056279 0.109529 0.087130 0.056012 0.115012 0.092452 0.060200
INFO:TEST:  0.101365 0.081339 0.054521 0.101405 0.081083 0.054308 0.107304 0.085958 0.057067
INFO:
INFO:EPOCH: 279
INFO:NDCG@10, IoU=0.3	NDCG@10, IoU=0.5	NDCG@10, IoU=0.7	NDCG@20, IoU=0.3	NDCG@20, IoU=0.5	NDCG@20, IoU=0.7	NDCG@40, IoU=0.3	NDCG@40, IoU=0.5	NDCG@40, IoU=0.7	
INFO:VAL:  0.113610 0.091035 0.056861 0.111604 0.090188 0.058355 0.117176 0.094059 0.061635
INFO:TEST:  0.099613 0.080800 0.054588 0.099234 0.079549 0.053644 0.105670 0.084546 0.056845
INFO:
INFO:EPOCH: 289
INFO:NDCG@10, IoU=0.3	NDCG@10, IoU=0.5	NDCG@10, IoU=0.7	NDCG@20, IoU=0.3	NDCG@20, IoU=0.5	NDCG@20, IoU=0.7	NDCG@40, IoU=0.3	NDCG@40, IoU=0.5	NDCG@40, IoU=0.7	
INFO:VAL:  0.117907 0.093260 0.055959 0.111455 0.089505 0.054762 0.116271 0.094054 0.058700
INFO:TEST:  0.100810 0.082116 0.054759 0.099507 0.080777 0.053306 0.106831 0.085815 0.056497
INFO:
INFO:EPOCH: 299
INFO:NDCG@10, IoU=0.3	NDCG@10, IoU=0.5	NDCG@10, IoU=0.7	NDCG@20, IoU=0.3	NDCG@20, IoU=0.5	NDCG@20, IoU=0.7	NDCG@40, IoU=0.3	NDCG@40, IoU=0.5	NDCG@40, IoU=0.7	
INFO:VAL:  0.112656 0.088685 0.053988 0.110529 0.086511 0.054233 0.114464 0.091692 0.057409
INFO:TEST:  0.103175 0.082390 0.054739 0.102012 0.081445 0.053771 0.107574 0.085797 0.056682
INFO:
INFO:EPOCH: 309
INFO:NDCG@10, IoU=0.3	NDCG@10, IoU=0.5	NDCG@10, IoU=0.7	NDCG@20, IoU=0.3	NDCG@20, IoU=0.5	NDCG@20, IoU=0.7	NDCG@40, IoU=0.3	NDCG@40, IoU=0.5	NDCG@40, IoU=0.7	
INFO:VAL:  0.112299 0.090279 0.055627 0.111443 0.090828 0.056739 0.116997 0.094379 0.061422
INFO:TEST:  0.100762 0.082257 0.054320 0.099573 0.080720 0.052946 0.105026 0.085095 0.056146
INFO:
INFO:EPOCH: 319
INFO:NDCG@10, IoU=0.3	NDCG@10, IoU=0.5	NDCG@10, IoU=0.7	NDCG@20, IoU=0.3	NDCG@20, IoU=0.5	NDCG@20, IoU=0.7	NDCG@40, IoU=0.3	NDCG@40, IoU=0.5	NDCG@40, IoU=0.7	
INFO:VAL:  0.105674 0.088206 0.058324 0.104842 0.086619 0.059214 0.110940 0.091913 0.060618
INFO:TEST:  0.101182 0.083375 0.055767 0.100333 0.081997 0.054688 0.105979 0.086088 0.057410
INFO:
INFO:EPOCH: 329
INFO:NDCG@10, IoU=0.3	NDCG@10, IoU=0.5	NDCG@10, IoU=0.7	NDCG@20, IoU=0.3	NDCG@20, IoU=0.5	NDCG@20, IoU=0.7	NDCG@40, IoU=0.3	NDCG@40, IoU=0.5	NDCG@40, IoU=0.7	
INFO:VAL:  0.104585 0.086424 0.055851 0.104348 0.084564 0.055560 0.109685 0.089516 0.059562
INFO:TEST:  0.101482 0.082176 0.055536 0.100193 0.080999 0.054445 0.106099 0.085917 0.057178
INFO:
INFO:EPOCH: 339
INFO:NDCG@10, IoU=0.3	NDCG@10, IoU=0.5	NDCG@10, IoU=0.7	NDCG@20, IoU=0.3	NDCG@20, IoU=0.5	NDCG@20, IoU=0.7	NDCG@40, IoU=0.3	NDCG@40, IoU=0.5	NDCG@40, IoU=0.7	
INFO:VAL:  0.116699 0.098083 0.063098 0.114277 0.095579 0.063327 0.118588 0.098448 0.065662
INFO:TEST:  0.103511 0.081443 0.054253 0.102910 0.081101 0.053858 0.108234 0.085309 0.056909
INFO:
INFO:EPOCH: 349
INFO:NDCG@10, IoU=0.3	NDCG@10, IoU=0.5	NDCG@10, IoU=0.7	NDCG@20, IoU=0.3	NDCG@20, IoU=0.5	NDCG@20, IoU=0.7	NDCG@40, IoU=0.3	NDCG@40, IoU=0.5	NDCG@40, IoU=0.7	
INFO:VAL:  0.118533 0.092731 0.059757 0.115293 0.091613 0.058665 0.120013 0.096470 0.062776
INFO:TEST:  0.100183 0.081423 0.054545 0.099696 0.080386 0.054269 0.106031 0.084888 0.057060
INFO:
INFO:EPOCH: 359
INFO:NDCG@10, IoU=0.3	NDCG@10, IoU=0.5	NDCG@10, IoU=0.7	NDCG@20, IoU=0.3	NDCG@20, IoU=0.5	NDCG@20, IoU=0.7	NDCG@40, IoU=0.3	NDCG@40, IoU=0.5	NDCG@40, IoU=0.7	
INFO:VAL:  0.116425 0.094889 0.061567 0.111891 0.090407 0.058561 0.117102 0.094650 0.062082
INFO:TEST:  0.099649 0.079679 0.052557 0.099754 0.078698 0.052125 0.106045 0.084282 0.055642
INFO:
INFO:EPOCH: 369
INFO:NDCG@10, IoU=0.3	NDCG@10, IoU=0.5	NDCG@10, IoU=0.7	NDCG@20, IoU=0.3	NDCG@20, IoU=0.5	NDCG@20, IoU=0.7	NDCG@40, IoU=0.3	NDCG@40, IoU=0.5	NDCG@40, IoU=0.7	
INFO:VAL:  0.111750 0.089705 0.058289 0.110994 0.089388 0.058434 0.115305 0.092729 0.062026
INFO:TEST:  0.098961 0.081200 0.055302 0.098260 0.079433 0.053980 0.105284 0.084609 0.056691
INFO:
INFO:EPOCH: 379
INFO:NDCG@10, IoU=0.3	NDCG@10, IoU=0.5	NDCG@10, IoU=0.7	NDCG@20, IoU=0.3	NDCG@20, IoU=0.5	NDCG@20, IoU=0.7	NDCG@40, IoU=0.3	NDCG@40, IoU=0.5	NDCG@40, IoU=0.7	
INFO:VAL:  0.102406 0.081022 0.053049 0.103121 0.080630 0.052675 0.107390 0.084288 0.055536
INFO:TEST:  0.100133 0.080846 0.053128 0.099269 0.080087 0.052328 0.105450 0.084928 0.055288
INFO:
INFO:EPOCH: 389
INFO:NDCG@10, IoU=0.3	NDCG@10, IoU=0.5	NDCG@10, IoU=0.7	NDCG@20, IoU=0.3	NDCG@20, IoU=0.5	NDCG@20, IoU=0.7	NDCG@40, IoU=0.3	NDCG@40, IoU=0.5	NDCG@40, IoU=0.7	
INFO:VAL:  0.109231 0.084763 0.053696 0.106845 0.084034 0.054519 0.112107 0.087613 0.056973
INFO:TEST:  0.099593 0.080467 0.053666 0.099381 0.080019 0.052726 0.105074 0.084554 0.055917
INFO:
INFO:EPOCH: 399
INFO:NDCG@10, IoU=0.3	NDCG@10, IoU=0.5	NDCG@10, IoU=0.7	NDCG@20, IoU=0.3	NDCG@20, IoU=0.5	NDCG@20, IoU=0.7	NDCG@40, IoU=0.3	NDCG@40, IoU=0.5	NDCG@40, IoU=0.7	
INFO:VAL:  0.110960 0.087611 0.054677 0.107510 0.086222 0.054415 0.112905 0.091244 0.058594
INFO:TEST:  0.101732 0.081813 0.055049 0.100851 0.080611 0.053421 0.106578 0.084778 0.056410
INFO:
INFO:EPOCH: 409
INFO:NDCG@10, IoU=0.3	NDCG@10, IoU=0.5	NDCG@10, IoU=0.7	NDCG@20, IoU=0.3	NDCG@20, IoU=0.5	NDCG@20, IoU=0.7	NDCG@40, IoU=0.3	NDCG@40, IoU=0.5	NDCG@40, IoU=0.7	
INFO:VAL:  0.113137 0.091514 0.058166 0.110722 0.089844 0.056406 0.115490 0.093956 0.060777
INFO:TEST:  0.099648 0.080441 0.054249 0.098454 0.078979 0.052571 0.104538 0.083918 0.055907
INFO:
INFO:EPOCH: 419
INFO:NDCG@10, IoU=0.3	NDCG@10, IoU=0.5	NDCG@10, IoU=0.7	NDCG@20, IoU=0.3	NDCG@20, IoU=0.5	NDCG@20, IoU=0.7	NDCG@40, IoU=0.3	NDCG@40, IoU=0.5	NDCG@40, IoU=0.7	
INFO:VAL:  0.112288 0.090516 0.056899 0.108907 0.089246 0.056394 0.115488 0.094242 0.061067
INFO:TEST:  0.098298 0.080524 0.054351 0.098958 0.079561 0.053557 0.105282 0.084501 0.056449
INFO:
INFO:EPOCH: 429
INFO:NDCG@10, IoU=0.3	NDCG@10, IoU=0.5	NDCG@10, IoU=0.7	NDCG@20, IoU=0.3	NDCG@20, IoU=0.5	NDCG@20, IoU=0.7	NDCG@40, IoU=0.3	NDCG@40, IoU=0.5	NDCG@40, IoU=0.7	
INFO:VAL:  0.119925 0.096509 0.057812 0.116776 0.094307 0.058107 0.121198 0.097578 0.061324
INFO:TEST:  0.099686 0.079328 0.052790 0.099144 0.078002 0.051584 0.105115 0.082497 0.054793
INFO:
INFO:EPOCH: 439
INFO:NDCG@10, IoU=0.3	NDCG@10, IoU=0.5	NDCG@10, IoU=0.7	NDCG@20, IoU=0.3	NDCG@20, IoU=0.5	NDCG@20, IoU=0.7	NDCG@40, IoU=0.3	NDCG@40, IoU=0.5	NDCG@40, IoU=0.7	
INFO:VAL:  0.118666 0.094420 0.058886 0.117059 0.092087 0.058528 0.121439 0.096959 0.062029
INFO:TEST:  0.098139 0.077740 0.051488 0.098559 0.078003 0.051222 0.104535 0.082220 0.053986
INFO:
INFO:EPOCH: 449
INFO:NDCG@10, IoU=0.3	NDCG@10, IoU=0.5	NDCG@10, IoU=0.7	NDCG@20, IoU=0.3	NDCG@20, IoU=0.5	NDCG@20, IoU=0.7	NDCG@40, IoU=0.3	NDCG@40, IoU=0.5	NDCG@40, IoU=0.7	
INFO:VAL:  0.112858 0.092923 0.056552 0.109418 0.089274 0.055002 0.113917 0.093256 0.058556
INFO:TEST:  0.097325 0.077764 0.050643 0.096708 0.076856 0.050578 0.102392 0.080932 0.053347
INFO:
INFO:EPOCH: 459
INFO:NDCG@10, IoU=0.3	NDCG@10, IoU=0.5	NDCG@10, IoU=0.7	NDCG@20, IoU=0.3	NDCG@20, IoU=0.5	NDCG@20, IoU=0.7	NDCG@40, IoU=0.3	NDCG@40, IoU=0.5	NDCG@40, IoU=0.7	
INFO:VAL:  0.114844 0.091169 0.057666 0.112076 0.089409 0.056209 0.116749 0.093539 0.060193
INFO:TEST:  0.101460 0.080441 0.052684 0.100289 0.078700 0.051062 0.106414 0.083441 0.054522
INFO:
INFO:EPOCH: 469
INFO:NDCG@10, IoU=0.3	NDCG@10, IoU=0.5	NDCG@10, IoU=0.7	NDCG@20, IoU=0.3	NDCG@20, IoU=0.5	NDCG@20, IoU=0.7	NDCG@40, IoU=0.3	NDCG@40, IoU=0.5	NDCG@40, IoU=0.7	
INFO:VAL:  0.114547 0.093632 0.058977 0.112548 0.091123 0.058202 0.117279 0.095612 0.060924
INFO:TEST:  0.101248 0.081508 0.053931 0.099248 0.078872 0.051830 0.104812 0.083612 0.054755
INFO:
INFO:EPOCH: 479
INFO:NDCG@10, IoU=0.3	NDCG@10, IoU=0.5	NDCG@10, IoU=0.7	NDCG@20, IoU=0.3	NDCG@20, IoU=0.5	NDCG@20, IoU=0.7	NDCG@40, IoU=0.3	NDCG@40, IoU=0.5	NDCG@40, IoU=0.7	
INFO:VAL:  0.105868 0.088128 0.057670 0.103800 0.087057 0.057560 0.110065 0.092134 0.060695
INFO:TEST:  0.100119 0.080408 0.052036 0.099414 0.079320 0.051350 0.105298 0.084114 0.054697
INFO:
INFO:EPOCH: 489
INFO:NDCG@10, IoU=0.3	NDCG@10, IoU=0.5	NDCG@10, IoU=0.7	NDCG@20, IoU=0.3	NDCG@20, IoU=0.5	NDCG@20, IoU=0.7	NDCG@40, IoU=0.3	NDCG@40, IoU=0.5	NDCG@40, IoU=0.7	
INFO:VAL:  0.117044 0.093565 0.060606 0.114578 0.092442 0.060695 0.118374 0.096467 0.063219
INFO:TEST:  0.099808 0.079185 0.051482 0.099546 0.078468 0.051447 0.104655 0.082664 0.053996
INFO:
INFO:EPOCH: 499
INFO:NDCG@10, IoU=0.3	NDCG@10, IoU=0.5	NDCG@10, IoU=0.7	NDCG@20, IoU=0.3	NDCG@20, IoU=0.5	NDCG@20, IoU=0.7	NDCG@40, IoU=0.3	NDCG@40, IoU=0.5	NDCG@40, IoU=0.7	
INFO:VAL:  0.116827 0.099059 0.060877 0.112774 0.094648 0.059874 0.119859 0.099181 0.064222
INFO:TEST:  0.102019 0.082841 0.054521 0.101185 0.081564 0.053185 0.107966 0.086075 0.056508
INFO:
INFO:EPOCH: 509
INFO:NDCG@10, IoU=0.3	NDCG@10, IoU=0.5	NDCG@10, IoU=0.7	NDCG@20, IoU=0.3	NDCG@20, IoU=0.5	NDCG@20, IoU=0.7	NDCG@40, IoU=0.3	NDCG@40, IoU=0.5	NDCG@40, IoU=0.7	
INFO:VAL:  0.110228 0.090446 0.056899 0.108666 0.089418 0.057631 0.113226 0.092877 0.060820
INFO:TEST:  0.102640 0.082914 0.054829 0.101554 0.081205 0.054021 0.107442 0.085715 0.056950
INFO:
INFO:EPOCH: 519
INFO:NDCG@10, IoU=0.3	NDCG@10, IoU=0.5	NDCG@10, IoU=0.7	NDCG@20, IoU=0.3	NDCG@20, IoU=0.5	NDCG@20, IoU=0.7	NDCG@40, IoU=0.3	NDCG@40, IoU=0.5	NDCG@40, IoU=0.7	
INFO:VAL:  0.109650 0.090025 0.057229 0.108053 0.087882 0.055698 0.114578 0.093059 0.060330
INFO:TEST:  0.100347 0.080285 0.053850 0.099218 0.079014 0.052606 0.104703 0.083827 0.055946
INFO:
