INFO:<class 'method_tvr.model.ReLoCLNet'> config {'visual_input_size': 1026, 'sub_input_size': 770, 'query_input_size': 768, 'hidden_size': 384, 'conv_kernel_size': 5, 'conv_stride': 1, 'max_ctx_l': 128, 'max_desc_l': 30, 'input_drop': 0.1, 'drop': 0.1, 'n_heads': 8, 'initializer_range': 0.02, 'ctx_mode': 'video_sub_tef', 'margin': 0.1, 'ranking_loss_type': 'hinge', 'lw_neg_q': 1, 'lw_neg_ctx': 1, 'lw_fcl': 0.03, 'lw_vcl': 0.03, 'lw_st_ed': 0, 'use_hard_negative': False, 'hard_pool_size': 20}
INFO:CUDA enabled.
INFO:EPOCH: 0
INFO:NDCG@10, IoU=0.3	NDCG@10, IoU=0.5	NDCG@10, IoU=0.7	NDCG@20, IoU=0.3	NDCG@20, IoU=0.5	NDCG@20, IoU=0.7	NDCG@40, IoU=0.3	NDCG@40, IoU=0.5	NDCG@40, IoU=0.7	
INFO:VAL:  0.013201 0.008396 0.005206 0.015053 0.009422 0.005516 0.018007 0.011078 0.006197
INFO:TEST:  0.011757 0.007763 0.004495 0.012227 0.007862 0.004366 0.014831 0.009414 0.004847
INFO:BEST VAL:  0.013201 0.008396 0.005206 0.015053 0.009422 0.005516 0.018007 0.011078 0.006197
INFO:BEST TEST:  0.011757 0.007763 0.004495 0.012227 0.007862 0.004366 0.014831 0.009414 0.004847
INFO:save checkpoint: results/tvr_ranking/ReLoCLNet_top_40_20240326_163257/model.ckpt
INFO:
INFO:EPOCH: 0
INFO:NDCG@10, IoU=0.3	NDCG@10, IoU=0.5	NDCG@10, IoU=0.7	NDCG@20, IoU=0.3	NDCG@20, IoU=0.5	NDCG@20, IoU=0.7	NDCG@40, IoU=0.3	NDCG@40, IoU=0.5	NDCG@40, IoU=0.7	
INFO:VAL:  0.036875 0.026446 0.014080 0.039052 0.028366 0.015617 0.045870 0.033389 0.017958
INFO:TEST:  0.039651 0.029308 0.016437 0.041872 0.030222 0.016830 0.048779 0.034782 0.019149
INFO:BEST VAL:  0.036875 0.026446 0.014080 0.039052 0.028366 0.015617 0.045870 0.033389 0.017958
INFO:BEST TEST:  0.039651 0.029308 0.016437 0.041872 0.030222 0.016830 0.048779 0.034782 0.019149
INFO:save checkpoint: results/tvr_ranking/ReLoCLNet_top_40_20240326_163257/model.ckpt
INFO:
INFO:EPOCH: 0
INFO:NDCG@10, IoU=0.3	NDCG@10, IoU=0.5	NDCG@10, IoU=0.7	NDCG@20, IoU=0.3	NDCG@20, IoU=0.5	NDCG@20, IoU=0.7	NDCG@40, IoU=0.3	NDCG@40, IoU=0.5	NDCG@40, IoU=0.7	
INFO:VAL:  0.062813 0.047160 0.028633 0.067093 0.050151 0.029365 0.079031 0.059593 0.034867
INFO:TEST:  0.068771 0.052360 0.031857 0.072026 0.054956 0.033105 0.082655 0.062807 0.037629
INFO:BEST VAL:  0.062813 0.047160 0.028633 0.067093 0.050151 0.029365 0.079031 0.059593 0.034867
INFO:BEST TEST:  0.068771 0.052360 0.031857 0.072026 0.054956 0.033105 0.082655 0.062807 0.037629
INFO:save checkpoint: results/tvr_ranking/ReLoCLNet_top_40_20240326_163257/model.ckpt
INFO:
INFO:EPOCH: 0
INFO:NDCG@10, IoU=0.3	NDCG@10, IoU=0.5	NDCG@10, IoU=0.7	NDCG@20, IoU=0.3	NDCG@20, IoU=0.5	NDCG@20, IoU=0.7	NDCG@40, IoU=0.3	NDCG@40, IoU=0.5	NDCG@40, IoU=0.7	
INFO:VAL:  0.084790 0.067702 0.039363 0.089731 0.070967 0.041899 0.105096 0.083215 0.049107
INFO:TEST:  0.093922 0.074258 0.044821 0.097387 0.077040 0.046887 0.109271 0.086270 0.052600
INFO:BEST VAL:  0.084790 0.067702 0.039363 0.089731 0.070967 0.041899 0.105096 0.083215 0.049107
INFO:BEST TEST:  0.093922 0.074258 0.044821 0.097387 0.077040 0.046887 0.109271 0.086270 0.052600
INFO:save checkpoint: results/tvr_ranking/ReLoCLNet_top_40_20240326_163257/model.ckpt
INFO:
INFO:EPOCH: 1
INFO:NDCG@10, IoU=0.3	NDCG@10, IoU=0.5	NDCG@10, IoU=0.7	NDCG@20, IoU=0.3	NDCG@20, IoU=0.5	NDCG@20, IoU=0.7	NDCG@40, IoU=0.3	NDCG@40, IoU=0.5	NDCG@40, IoU=0.7	
INFO:VAL:  0.098679 0.081647 0.052788 0.106493 0.088050 0.055793 0.121636 0.100617 0.063299
INFO:TEST:  0.106264 0.089150 0.057101 0.110332 0.091914 0.058630 0.123435 0.102499 0.065600
INFO:BEST VAL:  0.098679 0.081647 0.052788 0.106493 0.088050 0.055793 0.121636 0.100617 0.063299
INFO:BEST TEST:  0.106264 0.089150 0.057101 0.110332 0.091914 0.058630 0.123435 0.102499 0.065600
INFO:save checkpoint: results/tvr_ranking/ReLoCLNet_top_40_20240326_163257/model.ckpt
INFO:
INFO:EPOCH: 1
INFO:NDCG@10, IoU=0.3	NDCG@10, IoU=0.5	NDCG@10, IoU=0.7	NDCG@20, IoU=0.3	NDCG@20, IoU=0.5	NDCG@20, IoU=0.7	NDCG@40, IoU=0.3	NDCG@40, IoU=0.5	NDCG@40, IoU=0.7	
INFO:VAL:  0.113636 0.096622 0.062987 0.117828 0.100989 0.066522 0.131322 0.112443 0.074025
INFO:TEST:  0.116439 0.099373 0.065731 0.120203 0.102169 0.066634 0.134499 0.113795 0.074100
INFO:BEST VAL:  0.113636 0.096622 0.062987 0.117828 0.100989 0.066522 0.131322 0.112443 0.074025
INFO:BEST TEST:  0.116439 0.099373 0.065731 0.120203 0.102169 0.066634 0.134499 0.113795 0.074100
INFO:save checkpoint: results/tvr_ranking/ReLoCLNet_top_40_20240326_163257/model.ckpt
INFO:
INFO:EPOCH: 1
INFO:NDCG@10, IoU=0.3	NDCG@10, IoU=0.5	NDCG@10, IoU=0.7	NDCG@20, IoU=0.3	NDCG@20, IoU=0.5	NDCG@20, IoU=0.7	NDCG@40, IoU=0.3	NDCG@40, IoU=0.5	NDCG@40, IoU=0.7	
INFO:VAL:  0.124575 0.109365 0.075288 0.127462 0.110827 0.075063 0.141371 0.123392 0.083520
INFO:TEST:  0.125447 0.109051 0.072783 0.130086 0.112277 0.074468 0.144045 0.123978 0.083028
INFO:BEST VAL:  0.124575 0.109365 0.075288 0.127462 0.110827 0.075063 0.141371 0.123392 0.083520
INFO:BEST TEST:  0.125447 0.109051 0.072783 0.130086 0.112277 0.074468 0.144045 0.123978 0.083028
INFO:save checkpoint: results/tvr_ranking/ReLoCLNet_top_40_20240326_163257/model.ckpt
INFO:
INFO:EPOCH: 1
INFO:NDCG@10, IoU=0.3	NDCG@10, IoU=0.5	NDCG@10, IoU=0.7	NDCG@20, IoU=0.3	NDCG@20, IoU=0.5	NDCG@20, IoU=0.7	NDCG@40, IoU=0.3	NDCG@40, IoU=0.5	NDCG@40, IoU=0.7	
INFO:VAL:  0.134162 0.120533 0.080650 0.137097 0.122032 0.080701 0.151779 0.134988 0.090484
INFO:TEST:  0.137847 0.121665 0.083446 0.141005 0.123819 0.084221 0.154577 0.136070 0.093327
INFO:BEST VAL:  0.134162 0.120533 0.080650 0.137097 0.122032 0.080701 0.151779 0.134988 0.090484
INFO:BEST TEST:  0.137847 0.121665 0.083446 0.141005 0.123819 0.084221 0.154577 0.136070 0.093327
INFO:save checkpoint: results/tvr_ranking/ReLoCLNet_top_40_20240326_163257/model.ckpt
INFO:
INFO:EPOCH: 2
INFO:NDCG@10, IoU=0.3	NDCG@10, IoU=0.5	NDCG@10, IoU=0.7	NDCG@20, IoU=0.3	NDCG@20, IoU=0.5	NDCG@20, IoU=0.7	NDCG@40, IoU=0.3	NDCG@40, IoU=0.5	NDCG@40, IoU=0.7	
INFO:VAL:  0.141946 0.127558 0.085517 0.143590 0.127879 0.086138 0.156862 0.138819 0.093841
INFO:TEST:  0.143017 0.127074 0.087322 0.144915 0.128475 0.088733 0.158349 0.140045 0.097343
INFO:BEST VAL:  0.141946 0.127558 0.085517 0.143590 0.127879 0.086138 0.156862 0.138819 0.093841
INFO:BEST TEST:  0.143017 0.127074 0.087322 0.144915 0.128475 0.088733 0.158349 0.140045 0.097343
INFO:save checkpoint: results/tvr_ranking/ReLoCLNet_top_40_20240326_163257/model.ckpt
INFO:
INFO:EPOCH: 2
INFO:NDCG@10, IoU=0.3	NDCG@10, IoU=0.5	NDCG@10, IoU=0.7	NDCG@20, IoU=0.3	NDCG@20, IoU=0.5	NDCG@20, IoU=0.7	NDCG@40, IoU=0.3	NDCG@40, IoU=0.5	NDCG@40, IoU=0.7	
INFO:VAL:  0.148820 0.132742 0.088369 0.150989 0.133957 0.089290 0.165496 0.146581 0.098822
INFO:TEST:  0.150340 0.134603 0.094386 0.151172 0.135038 0.094328 0.164949 0.147490 0.103826
INFO:BEST VAL:  0.148820 0.132742 0.088369 0.150989 0.133957 0.089290 0.165496 0.146581 0.098822
INFO:BEST TEST:  0.150340 0.134603 0.094386 0.151172 0.135038 0.094328 0.164949 0.147490 0.103826
INFO:save checkpoint: results/tvr_ranking/ReLoCLNet_top_40_20240326_163257/model.ckpt
INFO:
INFO:EPOCH: 2
INFO:NDCG@10, IoU=0.3	NDCG@10, IoU=0.5	NDCG@10, IoU=0.7	NDCG@20, IoU=0.3	NDCG@20, IoU=0.5	NDCG@20, IoU=0.7	NDCG@40, IoU=0.3	NDCG@40, IoU=0.5	NDCG@40, IoU=0.7	
INFO:VAL:  0.152399 0.136591 0.092994 0.153461 0.138234 0.095093 0.168108 0.151446 0.104742
INFO:TEST:  0.155497 0.140739 0.099348 0.156789 0.141001 0.099974 0.169964 0.152729 0.108509
INFO:BEST VAL:  0.152399 0.136591 0.092994 0.153461 0.138234 0.095093 0.168108 0.151446 0.104742
INFO:BEST TEST:  0.155497 0.140739 0.099348 0.156789 0.141001 0.099974 0.169964 0.152729 0.108509
INFO:save checkpoint: results/tvr_ranking/ReLoCLNet_top_40_20240326_163257/model.ckpt
INFO:
INFO:EPOCH: 2
INFO:NDCG@10, IoU=0.3	NDCG@10, IoU=0.5	NDCG@10, IoU=0.7	NDCG@20, IoU=0.3	NDCG@20, IoU=0.5	NDCG@20, IoU=0.7	NDCG@40, IoU=0.3	NDCG@40, IoU=0.5	NDCG@40, IoU=0.7	
INFO:VAL:  0.155470 0.142062 0.096079 0.157622 0.143810 0.098141 0.169474 0.153536 0.106802
INFO:TEST:  0.160896 0.145903 0.103173 0.161794 0.146166 0.103639 0.174718 0.157645 0.112135
INFO:BEST VAL:  0.155470 0.142062 0.096079 0.157622 0.143810 0.098141 0.169474 0.153536 0.106802
INFO:BEST TEST:  0.160896 0.145903 0.103173 0.161794 0.146166 0.103639 0.174718 0.157645 0.112135
INFO:save checkpoint: results/tvr_ranking/ReLoCLNet_top_40_20240326_163257/model.ckpt
INFO:
INFO:EPOCH: 3
INFO:NDCG@10, IoU=0.3	NDCG@10, IoU=0.5	NDCG@10, IoU=0.7	NDCG@20, IoU=0.3	NDCG@20, IoU=0.5	NDCG@20, IoU=0.7	NDCG@40, IoU=0.3	NDCG@40, IoU=0.5	NDCG@40, IoU=0.7	
INFO:VAL:  0.160820 0.145665 0.100772 0.159902 0.144854 0.101894 0.172769 0.156497 0.110696
INFO:TEST:  0.165888 0.149509 0.105774 0.165399 0.148964 0.105674 0.177801 0.160418 0.114576
INFO:BEST VAL:  0.160820 0.145665 0.100772 0.159902 0.144854 0.101894 0.172769 0.156497 0.110696
INFO:BEST TEST:  0.165888 0.149509 0.105774 0.165399 0.148964 0.105674 0.177801 0.160418 0.114576
INFO:save checkpoint: results/tvr_ranking/ReLoCLNet_top_40_20240326_163257/model.ckpt
INFO:
INFO:EPOCH: 3
INFO:NDCG@10, IoU=0.3	NDCG@10, IoU=0.5	NDCG@10, IoU=0.7	NDCG@20, IoU=0.3	NDCG@20, IoU=0.5	NDCG@20, IoU=0.7	NDCG@40, IoU=0.3	NDCG@40, IoU=0.5	NDCG@40, IoU=0.7	
INFO:VAL:  0.164982 0.153018 0.105686 0.165058 0.151875 0.106138 0.178191 0.164024 0.115642
INFO:TEST:  0.171614 0.156411 0.110002 0.171726 0.155887 0.110666 0.184214 0.167002 0.119902
INFO:BEST VAL:  0.164982 0.153018 0.105686 0.165058 0.151875 0.106138 0.178191 0.164024 0.115642
INFO:BEST TEST:  0.171614 0.156411 0.110002 0.171726 0.155887 0.110666 0.184214 0.167002 0.119902
INFO:save checkpoint: results/tvr_ranking/ReLoCLNet_top_40_20240326_163257/model.ckpt
INFO:
INFO:EPOCH: 3
INFO:NDCG@10, IoU=0.3	NDCG@10, IoU=0.5	NDCG@10, IoU=0.7	NDCG@20, IoU=0.3	NDCG@20, IoU=0.5	NDCG@20, IoU=0.7	NDCG@40, IoU=0.3	NDCG@40, IoU=0.5	NDCG@40, IoU=0.7	
INFO:VAL:  0.175691 0.161407 0.110878 0.175377 0.161238 0.112633 0.187433 0.172016 0.121328
INFO:TEST:  0.172819 0.158581 0.113397 0.172945 0.157864 0.112968 0.185895 0.169208 0.122062
INFO:BEST VAL:  0.175691 0.161407 0.110878 0.175377 0.161238 0.112633 0.187433 0.172016 0.121328
INFO:BEST TEST:  0.172819 0.158581 0.113397 0.172945 0.157864 0.112968 0.185895 0.169208 0.122062
INFO:save checkpoint: results/tvr_ranking/ReLoCLNet_top_40_20240326_163257/model.ckpt
INFO:
INFO:EPOCH: 3
INFO:NDCG@10, IoU=0.3	NDCG@10, IoU=0.5	NDCG@10, IoU=0.7	NDCG@20, IoU=0.3	NDCG@20, IoU=0.5	NDCG@20, IoU=0.7	NDCG@40, IoU=0.3	NDCG@40, IoU=0.5	NDCG@40, IoU=0.7	
INFO:VAL:  0.171090 0.159761 0.113551 0.171593 0.158554 0.114540 0.184076 0.169867 0.123310
INFO:TEST:  0.178564 0.163652 0.117964 0.177733 0.162748 0.117833 0.189669 0.173577 0.126741
INFO:
INFO:EPOCH: 4
INFO:NDCG@10, IoU=0.3	NDCG@10, IoU=0.5	NDCG@10, IoU=0.7	NDCG@20, IoU=0.3	NDCG@20, IoU=0.5	NDCG@20, IoU=0.7	NDCG@40, IoU=0.3	NDCG@40, IoU=0.5	NDCG@40, IoU=0.7	
INFO:VAL:  0.177912 0.163923 0.115881 0.177896 0.163842 0.116333 0.189710 0.174102 0.125447
INFO:TEST:  0.185098 0.170122 0.122476 0.184143 0.168652 0.121767 0.195170 0.178669 0.130344
INFO:BEST VAL:  0.177912 0.163923 0.115881 0.177896 0.163842 0.116333 0.189710 0.174102 0.125447
INFO:BEST TEST:  0.185098 0.170122 0.122476 0.184143 0.168652 0.121767 0.195170 0.178669 0.130344
INFO:save checkpoint: results/tvr_ranking/ReLoCLNet_top_40_20240326_163257/model.ckpt
INFO:
INFO:EPOCH: 4
INFO:NDCG@10, IoU=0.3	NDCG@10, IoU=0.5	NDCG@10, IoU=0.7	NDCG@20, IoU=0.3	NDCG@20, IoU=0.5	NDCG@20, IoU=0.7	NDCG@40, IoU=0.3	NDCG@40, IoU=0.5	NDCG@40, IoU=0.7	
INFO:VAL:  0.183766 0.171895 0.121409 0.180584 0.168916 0.119977 0.193965 0.181247 0.130032
INFO:TEST:  0.183872 0.169129 0.122342 0.183313 0.168174 0.122994 0.194892 0.178773 0.131419
INFO:BEST VAL:  0.183766 0.171895 0.121409 0.180584 0.168916 0.119977 0.193965 0.181247 0.130032
INFO:BEST TEST:  0.183872 0.169129 0.122342 0.183313 0.168174 0.122994 0.194892 0.178773 0.131419
INFO:save checkpoint: results/tvr_ranking/ReLoCLNet_top_40_20240326_163257/model.ckpt
INFO:
INFO:EPOCH: 4
INFO:NDCG@10, IoU=0.3	NDCG@10, IoU=0.5	NDCG@10, IoU=0.7	NDCG@20, IoU=0.3	NDCG@20, IoU=0.5	NDCG@20, IoU=0.7	NDCG@40, IoU=0.3	NDCG@40, IoU=0.5	NDCG@40, IoU=0.7	
INFO:VAL:  0.188393 0.175726 0.122749 0.184329 0.172166 0.121904 0.197326 0.183497 0.130979
INFO:TEST:  0.191007 0.174744 0.125330 0.188447 0.172392 0.124887 0.200003 0.182922 0.133770
INFO:BEST VAL:  0.188393 0.175726 0.122749 0.184329 0.172166 0.121904 0.197326 0.183497 0.130979
INFO:BEST TEST:  0.191007 0.174744 0.125330 0.188447 0.172392 0.124887 0.200003 0.182922 0.133770
INFO:save checkpoint: results/tvr_ranking/ReLoCLNet_top_40_20240326_163257/model.ckpt
INFO:
INFO:EPOCH: 4
INFO:NDCG@10, IoU=0.3	NDCG@10, IoU=0.5	NDCG@10, IoU=0.7	NDCG@20, IoU=0.3	NDCG@20, IoU=0.5	NDCG@20, IoU=0.7	NDCG@40, IoU=0.3	NDCG@40, IoU=0.5	NDCG@40, IoU=0.7	
INFO:VAL:  0.193593 0.180683 0.127845 0.188245 0.175803 0.124907 0.199150 0.186458 0.133876
INFO:TEST:  0.191399 0.176138 0.125318 0.189962 0.174476 0.125558 0.201052 0.184290 0.134436
INFO:BEST VAL:  0.193593 0.180683 0.127845 0.188245 0.175803 0.124907 0.199150 0.186458 0.133876
INFO:BEST TEST:  0.191399 0.176138 0.125318 0.189962 0.174476 0.125558 0.201052 0.184290 0.134436
INFO:save checkpoint: results/tvr_ranking/ReLoCLNet_top_40_20240326_163257/model.ckpt
INFO:
INFO:EPOCH: 5
INFO:NDCG@10, IoU=0.3	NDCG@10, IoU=0.5	NDCG@10, IoU=0.7	NDCG@20, IoU=0.3	NDCG@20, IoU=0.5	NDCG@20, IoU=0.7	NDCG@40, IoU=0.3	NDCG@40, IoU=0.5	NDCG@40, IoU=0.7	
INFO:VAL:  0.190080 0.178512 0.126166 0.188801 0.177226 0.126869 0.200352 0.187364 0.134849
INFO:TEST:  0.196406 0.181610 0.130079 0.194045 0.179689 0.129813 0.204902 0.189598 0.138795
INFO:
INFO:EPOCH: 5
INFO:NDCG@10, IoU=0.3	NDCG@10, IoU=0.5	NDCG@10, IoU=0.7	NDCG@20, IoU=0.3	NDCG@20, IoU=0.5	NDCG@20, IoU=0.7	NDCG@40, IoU=0.3	NDCG@40, IoU=0.5	NDCG@40, IoU=0.7	
INFO:VAL:  0.192403 0.180863 0.128502 0.192102 0.180653 0.130365 0.202464 0.190120 0.139307
INFO:TEST:  0.199075 0.184272 0.133921 0.197528 0.182974 0.133557 0.207929 0.192431 0.141803
INFO:BEST VAL:  0.192403 0.180863 0.128502 0.192102 0.180653 0.130365 0.202464 0.190120 0.139307
INFO:BEST TEST:  0.199075 0.184272 0.133921 0.197528 0.182974 0.133557 0.207929 0.192431 0.141803
INFO:save checkpoint: results/tvr_ranking/ReLoCLNet_top_40_20240326_163257/model.ckpt
INFO:
INFO:EPOCH: 5
INFO:NDCG@10, IoU=0.3	NDCG@10, IoU=0.5	NDCG@10, IoU=0.7	NDCG@20, IoU=0.3	NDCG@20, IoU=0.5	NDCG@20, IoU=0.7	NDCG@40, IoU=0.3	NDCG@40, IoU=0.5	NDCG@40, IoU=0.7	
INFO:VAL:  0.199256 0.186786 0.129636 0.195547 0.182727 0.129195 0.207319 0.193359 0.138888
INFO:TEST:  0.202041 0.187145 0.135447 0.199697 0.184554 0.134554 0.210715 0.194839 0.143430
INFO:BEST VAL:  0.199256 0.186786 0.129636 0.195547 0.182727 0.129195 0.207319 0.193359 0.138888
INFO:BEST TEST:  0.202041 0.187145 0.135447 0.199697 0.184554 0.134554 0.210715 0.194839 0.143430
INFO:save checkpoint: results/tvr_ranking/ReLoCLNet_top_40_20240326_163257/model.ckpt
INFO:
INFO:EPOCH: 5
INFO:NDCG@10, IoU=0.3	NDCG@10, IoU=0.5	NDCG@10, IoU=0.7	NDCG@20, IoU=0.3	NDCG@20, IoU=0.5	NDCG@20, IoU=0.7	NDCG@40, IoU=0.3	NDCG@40, IoU=0.5	NDCG@40, IoU=0.7	
INFO:VAL:  0.201882 0.189464 0.137696 0.196874 0.184461 0.134906 0.207403 0.194627 0.144066
INFO:TEST:  0.203776 0.188874 0.138927 0.200632 0.186088 0.138037 0.211403 0.195890 0.146402
INFO:BEST VAL:  0.201882 0.189464 0.137696 0.196874 0.184461 0.134906 0.207403 0.194627 0.144066
INFO:BEST TEST:  0.203776 0.188874 0.138927 0.200632 0.186088 0.138037 0.211403 0.195890 0.146402
INFO:save checkpoint: results/tvr_ranking/ReLoCLNet_top_40_20240326_163257/model.ckpt
INFO:
INFO:EPOCH: 6
INFO:NDCG@10, IoU=0.3	NDCG@10, IoU=0.5	NDCG@10, IoU=0.7	NDCG@20, IoU=0.3	NDCG@20, IoU=0.5	NDCG@20, IoU=0.7	NDCG@40, IoU=0.3	NDCG@40, IoU=0.5	NDCG@40, IoU=0.7	
INFO:VAL:  0.199133 0.186166 0.133692 0.195949 0.183218 0.132812 0.205809 0.191945 0.141559
INFO:TEST:  0.206834 0.191420 0.139290 0.203104 0.188200 0.138146 0.213786 0.198082 0.146954
INFO:
INFO:EPOCH: 6
INFO:NDCG@10, IoU=0.3	NDCG@10, IoU=0.5	NDCG@10, IoU=0.7	NDCG@20, IoU=0.3	NDCG@20, IoU=0.5	NDCG@20, IoU=0.7	NDCG@40, IoU=0.3	NDCG@40, IoU=0.5	NDCG@40, IoU=0.7	
INFO:VAL:  0.212403 0.197690 0.139957 0.207563 0.193139 0.139413 0.217096 0.201742 0.147815
INFO:TEST:  0.208613 0.192620 0.140466 0.205238 0.189785 0.139451 0.215757 0.199749 0.148097
INFO:BEST VAL:  0.212403 0.197690 0.139957 0.207563 0.193139 0.139413 0.217096 0.201742 0.147815
INFO:BEST TEST:  0.208613 0.192620 0.140466 0.205238 0.189785 0.139451 0.215757 0.199749 0.148097
INFO:save checkpoint: results/tvr_ranking/ReLoCLNet_top_40_20240326_163257/model.ckpt
INFO:
INFO:EPOCH: 6
INFO:NDCG@10, IoU=0.3	NDCG@10, IoU=0.5	NDCG@10, IoU=0.7	NDCG@20, IoU=0.3	NDCG@20, IoU=0.5	NDCG@20, IoU=0.7	NDCG@40, IoU=0.3	NDCG@40, IoU=0.5	NDCG@40, IoU=0.7	
INFO:VAL:  0.206670 0.194926 0.142319 0.203448 0.191666 0.140444 0.214176 0.201803 0.149408
INFO:TEST:  0.206211 0.191445 0.139821 0.203684 0.188744 0.139489 0.214110 0.198530 0.147937
INFO:
INFO:EPOCH: 6
INFO:NDCG@10, IoU=0.3	NDCG@10, IoU=0.5	NDCG@10, IoU=0.7	NDCG@20, IoU=0.3	NDCG@20, IoU=0.5	NDCG@20, IoU=0.7	NDCG@40, IoU=0.3	NDCG@40, IoU=0.5	NDCG@40, IoU=0.7	
INFO:VAL:  0.209004 0.195569 0.139354 0.202880 0.189939 0.136540 0.214244 0.200613 0.145859
INFO:TEST:  0.214712 0.199032 0.146310 0.210419 0.195115 0.144634 0.220543 0.204827 0.153131
INFO:
INFO:EPOCH: 7
INFO:NDCG@10, IoU=0.3	NDCG@10, IoU=0.5	NDCG@10, IoU=0.7	NDCG@20, IoU=0.3	NDCG@20, IoU=0.5	NDCG@20, IoU=0.7	NDCG@40, IoU=0.3	NDCG@40, IoU=0.5	NDCG@40, IoU=0.7	
INFO:VAL:  0.210598 0.199341 0.142574 0.208021 0.196379 0.142576 0.216362 0.204329 0.149874
INFO:TEST:  0.215416 0.200205 0.148591 0.212239 0.197150 0.146702 0.222263 0.206508 0.155014
INFO:BEST VAL:  0.210598 0.199341 0.142574 0.208021 0.196379 0.142576 0.216362 0.204329 0.149874
INFO:BEST TEST:  0.215416 0.200205 0.148591 0.212239 0.197150 0.146702 0.222263 0.206508 0.155014
INFO:save checkpoint: results/tvr_ranking/ReLoCLNet_top_40_20240326_163257/model.ckpt
INFO:
INFO:EPOCH: 7
INFO:NDCG@10, IoU=0.3	NDCG@10, IoU=0.5	NDCG@10, IoU=0.7	NDCG@20, IoU=0.3	NDCG@20, IoU=0.5	NDCG@20, IoU=0.7	NDCG@40, IoU=0.3	NDCG@40, IoU=0.5	NDCG@40, IoU=0.7	
INFO:VAL:  0.209818 0.197020 0.137895 0.206314 0.193611 0.139480 0.216187 0.203097 0.147714
INFO:TEST:  0.219820 0.203516 0.149383 0.214587 0.198409 0.147171 0.224091 0.207767 0.155793
INFO:
INFO:EPOCH: 7
INFO:NDCG@10, IoU=0.3	NDCG@10, IoU=0.5	NDCG@10, IoU=0.7	NDCG@20, IoU=0.3	NDCG@20, IoU=0.5	NDCG@20, IoU=0.7	NDCG@40, IoU=0.3	NDCG@40, IoU=0.5	NDCG@40, IoU=0.7	
INFO:VAL:  0.217846 0.203247 0.142997 0.213123 0.199405 0.141963 0.223620 0.209763 0.151756
INFO:TEST:  0.217359 0.202127 0.148355 0.214163 0.199023 0.147101 0.223511 0.208101 0.155815
INFO:BEST VAL:  0.217846 0.203247 0.142997 0.213123 0.199405 0.141963 0.223620 0.209763 0.151756
INFO:BEST TEST:  0.217359 0.202127 0.148355 0.214163 0.199023 0.147101 0.223511 0.208101 0.155815
INFO:save checkpoint: results/tvr_ranking/ReLoCLNet_top_40_20240326_163257/model.ckpt
INFO:
INFO:EPOCH: 7
INFO:NDCG@10, IoU=0.3	NDCG@10, IoU=0.5	NDCG@10, IoU=0.7	NDCG@20, IoU=0.3	NDCG@20, IoU=0.5	NDCG@20, IoU=0.7	NDCG@40, IoU=0.3	NDCG@40, IoU=0.5	NDCG@40, IoU=0.7	
INFO:VAL:  0.214400 0.201748 0.143445 0.209578 0.197715 0.142700 0.219832 0.207021 0.151522
INFO:TEST:  0.219456 0.204039 0.150148 0.215536 0.200386 0.148253 0.225487 0.210063 0.157142
INFO:
INFO:EPOCH: 8
INFO:NDCG@10, IoU=0.3	NDCG@10, IoU=0.5	NDCG@10, IoU=0.7	NDCG@20, IoU=0.3	NDCG@20, IoU=0.5	NDCG@20, IoU=0.7	NDCG@40, IoU=0.3	NDCG@40, IoU=0.5	NDCG@40, IoU=0.7	
INFO:VAL:  0.212976 0.199573 0.146206 0.207854 0.194594 0.144588 0.219528 0.205697 0.152253
INFO:TEST:  0.221092 0.205306 0.150746 0.217136 0.201932 0.149363 0.226253 0.210531 0.157399
INFO:
INFO:EPOCH: 8
INFO:NDCG@10, IoU=0.3	NDCG@10, IoU=0.5	NDCG@10, IoU=0.7	NDCG@20, IoU=0.3	NDCG@20, IoU=0.5	NDCG@20, IoU=0.7	NDCG@40, IoU=0.3	NDCG@40, IoU=0.5	NDCG@40, IoU=0.7	
INFO:VAL:  0.219888 0.207262 0.147820 0.214978 0.202619 0.147614 0.226294 0.213180 0.157026
INFO:TEST:  0.222367 0.206585 0.152159 0.218540 0.203088 0.150840 0.228150 0.212161 0.159218
INFO:BEST VAL:  0.219888 0.207262 0.147820 0.214978 0.202619 0.147614 0.226294 0.213180 0.157026
INFO:BEST TEST:  0.222367 0.206585 0.152159 0.218540 0.203088 0.150840 0.228150 0.212161 0.159218
INFO:save checkpoint: results/tvr_ranking/ReLoCLNet_top_40_20240326_163257/model.ckpt
INFO:
INFO:EPOCH: 8
INFO:NDCG@10, IoU=0.3	NDCG@10, IoU=0.5	NDCG@10, IoU=0.7	NDCG@20, IoU=0.3	NDCG@20, IoU=0.5	NDCG@20, IoU=0.7	NDCG@40, IoU=0.3	NDCG@40, IoU=0.5	NDCG@40, IoU=0.7	
INFO:VAL:  0.221801 0.209640 0.150810 0.217439 0.204903 0.149934 0.227849 0.214924 0.158808
INFO:TEST:  0.224414 0.208510 0.154724 0.219406 0.204300 0.152266 0.228906 0.213453 0.160518
INFO:BEST VAL:  0.221801 0.209640 0.150810 0.217439 0.204903 0.149934 0.227849 0.214924 0.158808
INFO:BEST TEST:  0.224414 0.208510 0.154724 0.219406 0.204300 0.152266 0.228906 0.213453 0.160518
INFO:save checkpoint: results/tvr_ranking/ReLoCLNet_top_40_20240326_163257/model.ckpt
INFO:
INFO:EPOCH: 8
INFO:NDCG@10, IoU=0.3	NDCG@10, IoU=0.5	NDCG@10, IoU=0.7	NDCG@20, IoU=0.3	NDCG@20, IoU=0.5	NDCG@20, IoU=0.7	NDCG@40, IoU=0.3	NDCG@40, IoU=0.5	NDCG@40, IoU=0.7	
INFO:VAL:  0.227087 0.213962 0.154694 0.221289 0.207417 0.151122 0.231342 0.216740 0.159582
INFO:TEST:  0.228366 0.213709 0.156263 0.222248 0.208248 0.153051 0.231215 0.216783 0.160921
INFO:BEST VAL:  0.227087 0.213962 0.154694 0.221289 0.207417 0.151122 0.231342 0.216740 0.159582
INFO:BEST TEST:  0.228366 0.213709 0.156263 0.222248 0.208248 0.153051 0.231215 0.216783 0.160921
INFO:save checkpoint: results/tvr_ranking/ReLoCLNet_top_40_20240326_163257/model.ckpt
INFO:
INFO:EPOCH: 9
INFO:NDCG@10, IoU=0.3	NDCG@10, IoU=0.5	NDCG@10, IoU=0.7	NDCG@20, IoU=0.3	NDCG@20, IoU=0.5	NDCG@20, IoU=0.7	NDCG@40, IoU=0.3	NDCG@40, IoU=0.5	NDCG@40, IoU=0.7	
INFO:VAL:  0.223065 0.209045 0.153530 0.218345 0.204099 0.151882 0.228569 0.213705 0.159904
INFO:TEST:  0.228607 0.211545 0.155207 0.223103 0.207156 0.153465 0.232255 0.216275 0.162142
INFO:
INFO:EPOCH: 9
INFO:NDCG@10, IoU=0.3	NDCG@10, IoU=0.5	NDCG@10, IoU=0.7	NDCG@20, IoU=0.3	NDCG@20, IoU=0.5	NDCG@20, IoU=0.7	NDCG@40, IoU=0.3	NDCG@40, IoU=0.5	NDCG@40, IoU=0.7	
INFO:VAL:  0.227071 0.211321 0.151870 0.219007 0.204730 0.148305 0.227927 0.213201 0.156216
INFO:TEST:  0.229374 0.214319 0.158012 0.224690 0.210141 0.156151 0.233880 0.219009 0.164060
INFO:
INFO:EPOCH: 9
INFO:NDCG@10, IoU=0.3	NDCG@10, IoU=0.5	NDCG@10, IoU=0.7	NDCG@20, IoU=0.3	NDCG@20, IoU=0.5	NDCG@20, IoU=0.7	NDCG@40, IoU=0.3	NDCG@40, IoU=0.5	NDCG@40, IoU=0.7	
INFO:VAL:  0.234447 0.219017 0.160614 0.226890 0.211925 0.156077 0.235551 0.220415 0.163240
INFO:TEST:  0.230418 0.214603 0.159423 0.224947 0.209822 0.156904 0.233992 0.218197 0.164296
INFO:BEST VAL:  0.234447 0.219017 0.160614 0.226890 0.211925 0.156077 0.235551 0.220415 0.163240
INFO:BEST TEST:  0.230418 0.214603 0.159423 0.224947 0.209822 0.156904 0.233992 0.218197 0.164296
INFO:save checkpoint: results/tvr_ranking/ReLoCLNet_top_40_20240326_163257/model.ckpt
INFO:
INFO:EPOCH: 9
INFO:NDCG@10, IoU=0.3	NDCG@10, IoU=0.5	NDCG@10, IoU=0.7	NDCG@20, IoU=0.3	NDCG@20, IoU=0.5	NDCG@20, IoU=0.7	NDCG@40, IoU=0.3	NDCG@40, IoU=0.5	NDCG@40, IoU=0.7	
INFO:VAL:  0.240445 0.224537 0.165870 0.233474 0.218528 0.162936 0.241230 0.225489 0.168763
INFO:TEST:  0.234381 0.217808 0.160233 0.229080 0.213162 0.158328 0.237973 0.221785 0.166741
INFO:BEST VAL:  0.240445 0.224537 0.165870 0.233474 0.218528 0.162936 0.241230 0.225489 0.168763
INFO:BEST TEST:  0.234381 0.217808 0.160233 0.229080 0.213162 0.158328 0.237973 0.221785 0.166741
INFO:save checkpoint: results/tvr_ranking/ReLoCLNet_top_40_20240326_163257/model.ckpt
INFO:
INFO:EPOCH: 10
INFO:NDCG@10, IoU=0.3	NDCG@10, IoU=0.5	NDCG@10, IoU=0.7	NDCG@20, IoU=0.3	NDCG@20, IoU=0.5	NDCG@20, IoU=0.7	NDCG@40, IoU=0.3	NDCG@40, IoU=0.5	NDCG@40, IoU=0.7	
INFO:VAL:  0.233865 0.222181 0.163547 0.227217 0.215860 0.160759 0.237350 0.224498 0.169284
INFO:TEST:  0.233071 0.217114 0.159920 0.228115 0.212920 0.157952 0.236988 0.221817 0.166160
INFO:
INFO:EPOCH: 10
INFO:NDCG@10, IoU=0.3	NDCG@10, IoU=0.5	NDCG@10, IoU=0.7	NDCG@20, IoU=0.3	NDCG@20, IoU=0.5	NDCG@20, IoU=0.7	NDCG@40, IoU=0.3	NDCG@40, IoU=0.5	NDCG@40, IoU=0.7	
INFO:VAL:  0.241416 0.226185 0.164339 0.233238 0.219091 0.160180 0.242564 0.227276 0.168293
INFO:TEST:  0.230635 0.214849 0.156888 0.226293 0.210879 0.155798 0.235288 0.219601 0.164380
INFO:BEST VAL:  0.241416 0.226185 0.164339 0.233238 0.219091 0.160180 0.242564 0.227276 0.168293
INFO:BEST TEST:  0.230635 0.214849 0.156888 0.226293 0.210879 0.155798 0.235288 0.219601 0.164380
INFO:save checkpoint: results/tvr_ranking/ReLoCLNet_top_40_20240326_163257/model.ckpt
INFO:
INFO:EPOCH: 10
INFO:NDCG@10, IoU=0.3	NDCG@10, IoU=0.5	NDCG@10, IoU=0.7	NDCG@20, IoU=0.3	NDCG@20, IoU=0.5	NDCG@20, IoU=0.7	NDCG@40, IoU=0.3	NDCG@40, IoU=0.5	NDCG@40, IoU=0.7	
INFO:VAL:  0.236892 0.224773 0.158342 0.228761 0.216828 0.157250 0.238397 0.225694 0.166297
INFO:TEST:  0.231294 0.216428 0.161068 0.227001 0.211958 0.158894 0.236176 0.220661 0.167007
INFO:
INFO:EPOCH: 10
INFO:NDCG@10, IoU=0.3	NDCG@10, IoU=0.5	NDCG@10, IoU=0.7	NDCG@20, IoU=0.3	NDCG@20, IoU=0.5	NDCG@20, IoU=0.7	NDCG@40, IoU=0.3	NDCG@40, IoU=0.5	NDCG@40, IoU=0.7	
INFO:VAL:  0.235932 0.222143 0.159872 0.228712 0.214839 0.156827 0.239618 0.225285 0.167079
INFO:TEST:  0.237695 0.221466 0.162821 0.232647 0.217093 0.160809 0.241480 0.225605 0.168898
INFO:
INFO:EPOCH: 11
INFO:NDCG@10, IoU=0.3	NDCG@10, IoU=0.5	NDCG@10, IoU=0.7	NDCG@20, IoU=0.3	NDCG@20, IoU=0.5	NDCG@20, IoU=0.7	NDCG@40, IoU=0.3	NDCG@40, IoU=0.5	NDCG@40, IoU=0.7	
INFO:VAL:  0.237611 0.222419 0.160193 0.230103 0.216386 0.159409 0.238507 0.224082 0.167300
INFO:TEST:  0.238460 0.223060 0.163615 0.232890 0.217844 0.161837 0.241749 0.226736 0.170329
INFO:
INFO:EPOCH: 11
INFO:NDCG@10, IoU=0.3	NDCG@10, IoU=0.5	NDCG@10, IoU=0.7	NDCG@20, IoU=0.3	NDCG@20, IoU=0.5	NDCG@20, IoU=0.7	NDCG@40, IoU=0.3	NDCG@40, IoU=0.5	NDCG@40, IoU=0.7	
INFO:VAL:  0.235581 0.221374 0.157630 0.228509 0.216130 0.156839 0.236902 0.224073 0.164230
INFO:TEST:  0.239292 0.223951 0.163199 0.233027 0.218109 0.160915 0.242342 0.227311 0.169649
INFO:
INFO:EPOCH: 11
INFO:NDCG@10, IoU=0.3	NDCG@10, IoU=0.5	NDCG@10, IoU=0.7	NDCG@20, IoU=0.3	NDCG@20, IoU=0.5	NDCG@20, IoU=0.7	NDCG@40, IoU=0.3	NDCG@40, IoU=0.5	NDCG@40, IoU=0.7	
INFO:VAL:  0.236996 0.221957 0.160547 0.230765 0.216661 0.158430 0.240505 0.225552 0.167184
INFO:TEST:  0.239991 0.223252 0.163463 0.234146 0.218454 0.162138 0.243292 0.227075 0.170385
INFO:
INFO:EPOCH: 11
INFO:NDCG@10, IoU=0.3	NDCG@10, IoU=0.5	NDCG@10, IoU=0.7	NDCG@20, IoU=0.3	NDCG@20, IoU=0.5	NDCG@20, IoU=0.7	NDCG@40, IoU=0.3	NDCG@40, IoU=0.5	NDCG@40, IoU=0.7	
INFO:VAL:  0.237291 0.223600 0.159368 0.232438 0.218600 0.159202 0.241338 0.227432 0.167941
INFO:TEST:  0.241341 0.224840 0.165669 0.235081 0.219570 0.163303 0.243743 0.227895 0.171519
INFO:
INFO:EPOCH: 12
INFO:NDCG@10, IoU=0.3	NDCG@10, IoU=0.5	NDCG@10, IoU=0.7	NDCG@20, IoU=0.3	NDCG@20, IoU=0.5	NDCG@20, IoU=0.7	NDCG@40, IoU=0.3	NDCG@40, IoU=0.5	NDCG@40, IoU=0.7	
INFO:VAL:  0.242324 0.229395 0.167594 0.234330 0.222105 0.165288 0.244241 0.231236 0.173593
INFO:TEST:  0.240143 0.224604 0.164659 0.234136 0.218981 0.162219 0.242713 0.227771 0.170567
INFO:BEST VAL:  0.242324 0.229395 0.167594 0.234330 0.222105 0.165288 0.244241 0.231236 0.173593
INFO:BEST TEST:  0.240143 0.224604 0.164659 0.234136 0.218981 0.162219 0.242713 0.227771 0.170567
INFO:save checkpoint: results/tvr_ranking/ReLoCLNet_top_40_20240326_163257/model.ckpt
INFO:
INFO:EPOCH: 12
INFO:NDCG@10, IoU=0.3	NDCG@10, IoU=0.5	NDCG@10, IoU=0.7	NDCG@20, IoU=0.3	NDCG@20, IoU=0.5	NDCG@20, IoU=0.7	NDCG@40, IoU=0.3	NDCG@40, IoU=0.5	NDCG@40, IoU=0.7	
INFO:VAL:  0.245909 0.233406 0.168871 0.237554 0.226498 0.165980 0.246673 0.234518 0.173421
INFO:TEST:  0.241679 0.226569 0.164783 0.235560 0.221109 0.162749 0.244632 0.229945 0.171537
INFO:BEST VAL:  0.245909 0.233406 0.168871 0.237554 0.226498 0.165980 0.246673 0.234518 0.173421
INFO:BEST TEST:  0.241679 0.226569 0.164783 0.235560 0.221109 0.162749 0.244632 0.229945 0.171537
INFO:save checkpoint: results/tvr_ranking/ReLoCLNet_top_40_20240326_163257/model.ckpt
INFO:
INFO:EPOCH: 12
INFO:NDCG@10, IoU=0.3	NDCG@10, IoU=0.5	NDCG@10, IoU=0.7	NDCG@20, IoU=0.3	NDCG@20, IoU=0.5	NDCG@20, IoU=0.7	NDCG@40, IoU=0.3	NDCG@40, IoU=0.5	NDCG@40, IoU=0.7	
INFO:VAL:  0.243956 0.231182 0.164930 0.237662 0.223790 0.163682 0.244663 0.231044 0.172064
INFO:TEST:  0.244452 0.227793 0.169412 0.237656 0.221948 0.166768 0.246692 0.231026 0.175781
INFO:
INFO:EPOCH: 12
INFO:NDCG@10, IoU=0.3	NDCG@10, IoU=0.5	NDCG@10, IoU=0.7	NDCG@20, IoU=0.3	NDCG@20, IoU=0.5	NDCG@20, IoU=0.7	NDCG@40, IoU=0.3	NDCG@40, IoU=0.5	NDCG@40, IoU=0.7	
INFO:VAL:  0.248095 0.233182 0.167262 0.239300 0.224898 0.164026 0.247041 0.232352 0.172085
INFO:TEST:  0.244998 0.229236 0.168309 0.239066 0.224189 0.166363 0.247347 0.232481 0.174508
INFO:
INFO:EPOCH: 13
INFO:NDCG@10, IoU=0.3	NDCG@10, IoU=0.5	NDCG@10, IoU=0.7	NDCG@20, IoU=0.3	NDCG@20, IoU=0.5	NDCG@20, IoU=0.7	NDCG@40, IoU=0.3	NDCG@40, IoU=0.5	NDCG@40, IoU=0.7	
INFO:VAL:  0.244353 0.230768 0.165970 0.239551 0.226425 0.164062 0.246902 0.233332 0.171600
INFO:TEST:  0.245759 0.229052 0.169052 0.238733 0.223017 0.166497 0.246651 0.230957 0.174706
INFO:
INFO:EPOCH: 13
INFO:NDCG@10, IoU=0.3	NDCG@10, IoU=0.5	NDCG@10, IoU=0.7	NDCG@20, IoU=0.3	NDCG@20, IoU=0.5	NDCG@20, IoU=0.7	NDCG@40, IoU=0.3	NDCG@40, IoU=0.5	NDCG@40, IoU=0.7	
INFO:VAL:  0.243945 0.230317 0.168567 0.237074 0.223904 0.166570 0.245254 0.232061 0.174203
INFO:TEST:  0.247846 0.231382 0.169690 0.240819 0.225567 0.167816 0.249404 0.233817 0.175442
INFO:
INFO:EPOCH: 13
INFO:NDCG@10, IoU=0.3	NDCG@10, IoU=0.5	NDCG@10, IoU=0.7	NDCG@20, IoU=0.3	NDCG@20, IoU=0.5	NDCG@20, IoU=0.7	NDCG@40, IoU=0.3	NDCG@40, IoU=0.5	NDCG@40, IoU=0.7	
INFO:VAL:  0.250034 0.236677 0.170072 0.242101 0.228632 0.166892 0.249385 0.235844 0.174510
INFO:TEST:  0.247827 0.231839 0.172262 0.240014 0.224933 0.168406 0.248215 0.233139 0.176570
INFO:BEST VAL:  0.250034 0.236677 0.170072 0.242101 0.228632 0.166892 0.249385 0.235844 0.174510
INFO:BEST TEST:  0.247827 0.231839 0.172262 0.240014 0.224933 0.168406 0.248215 0.233139 0.176570
INFO:save checkpoint: results/tvr_ranking/ReLoCLNet_top_40_20240326_163257/model.ckpt
INFO:
INFO:EPOCH: 13
INFO:NDCG@10, IoU=0.3	NDCG@10, IoU=0.5	NDCG@10, IoU=0.7	NDCG@20, IoU=0.3	NDCG@20, IoU=0.5	NDCG@20, IoU=0.7	NDCG@40, IoU=0.3	NDCG@40, IoU=0.5	NDCG@40, IoU=0.7	
INFO:VAL:  0.250040 0.235678 0.170172 0.239423 0.225914 0.165529 0.247828 0.234301 0.174767
INFO:TEST:  0.244804 0.228842 0.169325 0.238563 0.223868 0.167400 0.247294 0.232239 0.175828
INFO:
INFO:EPOCH: 14
INFO:NDCG@10, IoU=0.3	NDCG@10, IoU=0.5	NDCG@10, IoU=0.7	NDCG@20, IoU=0.3	NDCG@20, IoU=0.5	NDCG@20, IoU=0.7	NDCG@40, IoU=0.3	NDCG@40, IoU=0.5	NDCG@40, IoU=0.7	
INFO:VAL:  0.244587 0.229198 0.166786 0.237204 0.222678 0.163604 0.245959 0.231374 0.172250
INFO:TEST:  0.248205 0.231627 0.172763 0.242283 0.226904 0.170611 0.250997 0.235239 0.178041
INFO:
INFO:EPOCH: 14
INFO:NDCG@10, IoU=0.3	NDCG@10, IoU=0.5	NDCG@10, IoU=0.7	NDCG@20, IoU=0.3	NDCG@20, IoU=0.5	NDCG@20, IoU=0.7	NDCG@40, IoU=0.3	NDCG@40, IoU=0.5	NDCG@40, IoU=0.7	
INFO:VAL:  0.254507 0.239548 0.177462 0.248229 0.233280 0.174125 0.256127 0.240577 0.181592
INFO:TEST:  0.246889 0.230713 0.173666 0.241074 0.225699 0.171048 0.249017 0.233764 0.178733
INFO:BEST VAL:  0.254507 0.239548 0.177462 0.248229 0.233280 0.174125 0.256127 0.240577 0.181592
INFO:BEST TEST:  0.246889 0.230713 0.173666 0.241074 0.225699 0.171048 0.249017 0.233764 0.178733
INFO:save checkpoint: results/tvr_ranking/ReLoCLNet_top_40_20240326_163257/model.ckpt
INFO:
INFO:EPOCH: 14
INFO:NDCG@10, IoU=0.3	NDCG@10, IoU=0.5	NDCG@10, IoU=0.7	NDCG@20, IoU=0.3	NDCG@20, IoU=0.5	NDCG@20, IoU=0.7	NDCG@40, IoU=0.3	NDCG@40, IoU=0.5	NDCG@40, IoU=0.7	
INFO:VAL:  0.249318 0.237129 0.170809 0.243213 0.230921 0.167471 0.251613 0.238938 0.175856
INFO:TEST:  0.249232 0.232542 0.171795 0.243004 0.227246 0.169597 0.251497 0.235572 0.178336
INFO:
INFO:EPOCH: 14
INFO:NDCG@10, IoU=0.3	NDCG@10, IoU=0.5	NDCG@10, IoU=0.7	NDCG@20, IoU=0.3	NDCG@20, IoU=0.5	NDCG@20, IoU=0.7	NDCG@40, IoU=0.3	NDCG@40, IoU=0.5	NDCG@40, IoU=0.7	
INFO:VAL:  0.255929 0.240159 0.173858 0.247742 0.233169 0.171735 0.254188 0.238793 0.179236
INFO:TEST:  0.250761 0.233969 0.175035 0.245259 0.229507 0.172879 0.253672 0.237777 0.181194
INFO:
INFO:EPOCH: 15
INFO:NDCG@10, IoU=0.3	NDCG@10, IoU=0.5	NDCG@10, IoU=0.7	NDCG@20, IoU=0.3	NDCG@20, IoU=0.5	NDCG@20, IoU=0.7	NDCG@40, IoU=0.3	NDCG@40, IoU=0.5	NDCG@40, IoU=0.7	
INFO:VAL:  0.252203 0.238267 0.174896 0.245269 0.231558 0.170483 0.252058 0.237477 0.177870
INFO:TEST:  0.255196 0.239791 0.177386 0.248303 0.233522 0.174875 0.256246 0.241470 0.183100
INFO:
INFO:EPOCH: 15
INFO:NDCG@10, IoU=0.3	NDCG@10, IoU=0.5	NDCG@10, IoU=0.7	NDCG@20, IoU=0.3	NDCG@20, IoU=0.5	NDCG@20, IoU=0.7	NDCG@40, IoU=0.3	NDCG@40, IoU=0.5	NDCG@40, IoU=0.7	
INFO:VAL:  0.252857 0.239355 0.174853 0.246016 0.232242 0.171616 0.254004 0.240112 0.180091
INFO:TEST:  0.252735 0.236143 0.174556 0.245609 0.229894 0.171876 0.253884 0.238104 0.179979
INFO:
INFO:EPOCH: 15
INFO:NDCG@10, IoU=0.3	NDCG@10, IoU=0.5	NDCG@10, IoU=0.7	NDCG@20, IoU=0.3	NDCG@20, IoU=0.5	NDCG@20, IoU=0.7	NDCG@40, IoU=0.3	NDCG@40, IoU=0.5	NDCG@40, IoU=0.7	
INFO:VAL:  0.249838 0.235156 0.170950 0.243285 0.228786 0.169547 0.251122 0.236697 0.177091
INFO:TEST:  0.257733 0.239295 0.177517 0.249983 0.233065 0.174925 0.257514 0.240759 0.182184
INFO:
INFO:EPOCH: 15
INFO:NDCG@10, IoU=0.3	NDCG@10, IoU=0.5	NDCG@10, IoU=0.7	NDCG@20, IoU=0.3	NDCG@20, IoU=0.5	NDCG@20, IoU=0.7	NDCG@40, IoU=0.3	NDCG@40, IoU=0.5	NDCG@40, IoU=0.7	
INFO:VAL:  0.255201 0.238166 0.173361 0.247077 0.231235 0.170245 0.254471 0.238929 0.177963
INFO:TEST:  0.255727 0.239673 0.177228 0.248019 0.232997 0.174669 0.255681 0.240677 0.182412
INFO:
INFO:EPOCH: 16
INFO:NDCG@10, IoU=0.3	NDCG@10, IoU=0.5	NDCG@10, IoU=0.7	NDCG@20, IoU=0.3	NDCG@20, IoU=0.5	NDCG@20, IoU=0.7	NDCG@40, IoU=0.3	NDCG@40, IoU=0.5	NDCG@40, IoU=0.7	
INFO:VAL:  0.262262 0.248729 0.181323 0.254662 0.241209 0.177838 0.262874 0.249288 0.186086
INFO:TEST:  0.254049 0.237076 0.177791 0.247785 0.232166 0.175776 0.254980 0.239467 0.182951
INFO:BEST VAL:  0.262262 0.248729 0.181323 0.254662 0.241209 0.177838 0.262874 0.249288 0.186086
INFO:BEST TEST:  0.254049 0.237076 0.177791 0.247785 0.232166 0.175776 0.254980 0.239467 0.182951
INFO:save checkpoint: results/tvr_ranking/ReLoCLNet_top_40_20240326_163257/model.ckpt
INFO:
INFO:EPOCH: 16
INFO:NDCG@10, IoU=0.3	NDCG@10, IoU=0.5	NDCG@10, IoU=0.7	NDCG@20, IoU=0.3	NDCG@20, IoU=0.5	NDCG@20, IoU=0.7	NDCG@40, IoU=0.3	NDCG@40, IoU=0.5	NDCG@40, IoU=0.7	
INFO:VAL:  0.254717 0.239710 0.174426 0.248144 0.233463 0.172356 0.255785 0.241383 0.179691
INFO:TEST:  0.253599 0.238560 0.175796 0.246609 0.232219 0.173487 0.254543 0.239875 0.181291
INFO:
INFO:EPOCH: 16
INFO:NDCG@10, IoU=0.3	NDCG@10, IoU=0.5	NDCG@10, IoU=0.7	NDCG@20, IoU=0.3	NDCG@20, IoU=0.5	NDCG@20, IoU=0.7	NDCG@40, IoU=0.3	NDCG@40, IoU=0.5	NDCG@40, IoU=0.7	
INFO:VAL:  0.261482 0.247299 0.179083 0.253143 0.239256 0.175760 0.260215 0.246573 0.183491
INFO:TEST:  0.258365 0.241819 0.179196 0.251067 0.235304 0.175904 0.258511 0.242786 0.183468
INFO:
INFO:EPOCH: 16
INFO:NDCG@10, IoU=0.3	NDCG@10, IoU=0.5	NDCG@10, IoU=0.7	NDCG@20, IoU=0.3	NDCG@20, IoU=0.5	NDCG@20, IoU=0.7	NDCG@40, IoU=0.3	NDCG@40, IoU=0.5	NDCG@40, IoU=0.7	
INFO:VAL:  0.255799 0.242802 0.178287 0.248153 0.234661 0.174431 0.255974 0.242331 0.182807
INFO:TEST:  0.257679 0.241668 0.179392 0.250545 0.235414 0.176385 0.258023 0.242899 0.184064
INFO:
INFO:EPOCH: 17
INFO:NDCG@10, IoU=0.3	NDCG@10, IoU=0.5	NDCG@10, IoU=0.7	NDCG@20, IoU=0.3	NDCG@20, IoU=0.5	NDCG@20, IoU=0.7	NDCG@40, IoU=0.3	NDCG@40, IoU=0.5	NDCG@40, IoU=0.7	
INFO:VAL:  0.260570 0.247256 0.176879 0.251809 0.238635 0.173422 0.259827 0.245816 0.181129
INFO:TEST:  0.256634 0.241087 0.178801 0.249098 0.234514 0.175908 0.256908 0.242398 0.184245
INFO:
INFO:EPOCH: 17
INFO:NDCG@10, IoU=0.3	NDCG@10, IoU=0.5	NDCG@10, IoU=0.7	NDCG@20, IoU=0.3	NDCG@20, IoU=0.5	NDCG@20, IoU=0.7	NDCG@40, IoU=0.3	NDCG@40, IoU=0.5	NDCG@40, IoU=0.7	
INFO:VAL:  0.257801 0.242953 0.174249 0.250564 0.236079 0.173002 0.257814 0.243018 0.179067
INFO:TEST:  0.260262 0.243330 0.179520 0.253456 0.237577 0.177171 0.261001 0.245272 0.184539
INFO:
INFO:EPOCH: 17
INFO:NDCG@10, IoU=0.3	NDCG@10, IoU=0.5	NDCG@10, IoU=0.7	NDCG@20, IoU=0.3	NDCG@20, IoU=0.5	NDCG@20, IoU=0.7	NDCG@40, IoU=0.3	NDCG@40, IoU=0.5	NDCG@40, IoU=0.7	
INFO:VAL:  0.258979 0.241130 0.173821 0.253638 0.236565 0.173565 0.260430 0.243906 0.181154
INFO:TEST:  0.259180 0.243227 0.179723 0.251294 0.236051 0.176544 0.258972 0.243765 0.184136
INFO:
INFO:EPOCH: 17
INFO:NDCG@10, IoU=0.3	NDCG@10, IoU=0.5	NDCG@10, IoU=0.7	NDCG@20, IoU=0.3	NDCG@20, IoU=0.5	NDCG@20, IoU=0.7	NDCG@40, IoU=0.3	NDCG@40, IoU=0.5	NDCG@40, IoU=0.7	
INFO:VAL:  0.256170 0.239843 0.174375 0.248953 0.234582 0.174376 0.258322 0.243273 0.182068
INFO:TEST:  0.262817 0.246085 0.182686 0.254760 0.239257 0.179178 0.262157 0.246581 0.186578
INFO:
INFO:EPOCH: 18
INFO:NDCG@10, IoU=0.3	NDCG@10, IoU=0.5	NDCG@10, IoU=0.7	NDCG@20, IoU=0.3	NDCG@20, IoU=0.5	NDCG@20, IoU=0.7	NDCG@40, IoU=0.3	NDCG@40, IoU=0.5	NDCG@40, IoU=0.7	
INFO:VAL:  0.259349 0.242575 0.179443 0.253498 0.237498 0.179205 0.261458 0.244901 0.186282
INFO:TEST:  0.261504 0.243659 0.180088 0.253795 0.237393 0.177700 0.261237 0.245245 0.186156
INFO:
INFO:EPOCH: 18
INFO:NDCG@10, IoU=0.3	NDCG@10, IoU=0.5	NDCG@10, IoU=0.7	NDCG@20, IoU=0.3	NDCG@20, IoU=0.5	NDCG@20, IoU=0.7	NDCG@40, IoU=0.3	NDCG@40, IoU=0.5	NDCG@40, IoU=0.7	
INFO:VAL:  0.260632 0.244520 0.179217 0.252597 0.236826 0.176477 0.261400 0.245869 0.185028
INFO:TEST:  0.262440 0.246049 0.181314 0.254374 0.239143 0.178450 0.261373 0.246267 0.186229
INFO:
INFO:EPOCH: 18
INFO:NDCG@10, IoU=0.3	NDCG@10, IoU=0.5	NDCG@10, IoU=0.7	NDCG@20, IoU=0.3	NDCG@20, IoU=0.5	NDCG@20, IoU=0.7	NDCG@40, IoU=0.3	NDCG@40, IoU=0.5	NDCG@40, IoU=0.7	
INFO:VAL:  0.267139 0.249813 0.185550 0.258677 0.241731 0.182038 0.264439 0.248046 0.188571
INFO:TEST:  0.261566 0.244947 0.182210 0.254042 0.238627 0.179605 0.261383 0.245991 0.187567
INFO:BEST VAL:  0.267139 0.249813 0.185550 0.258677 0.241731 0.182038 0.264439 0.248046 0.188571
INFO:BEST TEST:  0.261566 0.244947 0.182210 0.254042 0.238627 0.179605 0.261383 0.245991 0.187567
INFO:save checkpoint: results/tvr_ranking/ReLoCLNet_top_40_20240326_163257/model.ckpt
INFO:
INFO:EPOCH: 18
INFO:NDCG@10, IoU=0.3	NDCG@10, IoU=0.5	NDCG@10, IoU=0.7	NDCG@20, IoU=0.3	NDCG@20, IoU=0.5	NDCG@20, IoU=0.7	NDCG@40, IoU=0.3	NDCG@40, IoU=0.5	NDCG@40, IoU=0.7	
INFO:VAL:  0.261606 0.244269 0.179115 0.254335 0.238465 0.177248 0.261427 0.245661 0.184521
INFO:TEST:  0.263377 0.246330 0.183271 0.254932 0.239345 0.180019 0.262061 0.246427 0.187840
INFO:
INFO:EPOCH: 19
INFO:NDCG@10, IoU=0.3	NDCG@10, IoU=0.5	NDCG@10, IoU=0.7	NDCG@20, IoU=0.3	NDCG@20, IoU=0.5	NDCG@20, IoU=0.7	NDCG@40, IoU=0.3	NDCG@40, IoU=0.5	NDCG@40, IoU=0.7	
INFO:VAL:  0.262986 0.247022 0.179381 0.255287 0.240024 0.177375 0.262580 0.247603 0.185219
INFO:TEST:  0.262393 0.246485 0.182261 0.255238 0.240371 0.180677 0.262577 0.247765 0.188286
INFO:
INFO:EPOCH: 19
INFO:NDCG@10, IoU=0.3	NDCG@10, IoU=0.5	NDCG@10, IoU=0.7	NDCG@20, IoU=0.3	NDCG@20, IoU=0.5	NDCG@20, IoU=0.7	NDCG@40, IoU=0.3	NDCG@40, IoU=0.5	NDCG@40, IoU=0.7	
INFO:VAL:  0.264722 0.249391 0.178786 0.255435 0.240485 0.177560 0.263146 0.248092 0.186619
INFO:TEST:  0.265240 0.249452 0.184385 0.256734 0.241882 0.181325 0.263444 0.248662 0.188792
INFO:
INFO:EPOCH: 19
INFO:NDCG@10, IoU=0.3	NDCG@10, IoU=0.5	NDCG@10, IoU=0.7	NDCG@20, IoU=0.3	NDCG@20, IoU=0.5	NDCG@20, IoU=0.7	NDCG@40, IoU=0.3	NDCG@40, IoU=0.5	NDCG@40, IoU=0.7	
INFO:VAL:  0.267658 0.249465 0.182396 0.260294 0.243838 0.180897 0.265531 0.249644 0.188098
INFO:TEST:  0.267055 0.250050 0.184311 0.258845 0.242639 0.181466 0.265583 0.249875 0.189205
INFO:BEST VAL:  0.267658 0.249465 0.182396 0.260294 0.243838 0.180897 0.265531 0.249644 0.188098
INFO:BEST TEST:  0.267055 0.250050 0.184311 0.258845 0.242639 0.181466 0.265583 0.249875 0.189205
INFO:save checkpoint: results/tvr_ranking/ReLoCLNet_top_40_20240326_163257/model.ckpt
INFO:
INFO:EPOCH: 19
INFO:NDCG@10, IoU=0.3	NDCG@10, IoU=0.5	NDCG@10, IoU=0.7	NDCG@20, IoU=0.3	NDCG@20, IoU=0.5	NDCG@20, IoU=0.7	NDCG@40, IoU=0.3	NDCG@40, IoU=0.5	NDCG@40, IoU=0.7	
INFO:VAL:  0.264950 0.247959 0.182042 0.257163 0.241511 0.179196 0.264758 0.249512 0.187372
INFO:TEST:  0.266508 0.250140 0.184873 0.258253 0.243044 0.182640 0.265175 0.250233 0.190165
INFO:
INFO:EPOCH: 20
INFO:NDCG@10, IoU=0.3	NDCG@10, IoU=0.5	NDCG@10, IoU=0.7	NDCG@20, IoU=0.3	NDCG@20, IoU=0.5	NDCG@20, IoU=0.7	NDCG@40, IoU=0.3	NDCG@40, IoU=0.5	NDCG@40, IoU=0.7	
INFO:VAL:  0.270005 0.254394 0.186496 0.261666 0.246615 0.182373 0.268286 0.253347 0.190138
INFO:TEST:  0.267847 0.251015 0.185743 0.259639 0.244160 0.183620 0.266646 0.251635 0.191700
INFO:BEST VAL:  0.270005 0.254394 0.186496 0.261666 0.246615 0.182373 0.268286 0.253347 0.190138
INFO:BEST TEST:  0.267847 0.251015 0.185743 0.259639 0.244160 0.183620 0.266646 0.251635 0.191700
INFO:save checkpoint: results/tvr_ranking/ReLoCLNet_top_40_20240326_163257/model.ckpt
INFO:
INFO:EPOCH: 20
INFO:NDCG@10, IoU=0.3	NDCG@10, IoU=0.5	NDCG@10, IoU=0.7	NDCG@20, IoU=0.3	NDCG@20, IoU=0.5	NDCG@20, IoU=0.7	NDCG@40, IoU=0.3	NDCG@40, IoU=0.5	NDCG@40, IoU=0.7	
INFO:VAL:  0.276044 0.259480 0.186968 0.266263 0.250806 0.184099 0.272717 0.257554 0.191348
INFO:TEST:  0.269361 0.253458 0.187751 0.261321 0.246397 0.185324 0.268111 0.253627 0.193009
INFO:BEST VAL:  0.276044 0.259480 0.186968 0.266263 0.250806 0.184099 0.272717 0.257554 0.191348
INFO:BEST TEST:  0.269361 0.253458 0.187751 0.261321 0.246397 0.185324 0.268111 0.253627 0.193009
INFO:save checkpoint: results/tvr_ranking/ReLoCLNet_top_40_20240326_163257/model.ckpt
INFO:
INFO:EPOCH: 20
INFO:NDCG@10, IoU=0.3	NDCG@10, IoU=0.5	NDCG@10, IoU=0.7	NDCG@20, IoU=0.3	NDCG@20, IoU=0.5	NDCG@20, IoU=0.7	NDCG@40, IoU=0.3	NDCG@40, IoU=0.5	NDCG@40, IoU=0.7	
INFO:VAL:  0.271845 0.255688 0.183003 0.263364 0.248269 0.180939 0.268581 0.253693 0.188701
INFO:TEST:  0.272166 0.255282 0.189215 0.263981 0.248077 0.186585 0.270385 0.254914 0.194451
INFO:
INFO:EPOCH: 20
INFO:NDCG@10, IoU=0.3	NDCG@10, IoU=0.5	NDCG@10, IoU=0.7	NDCG@20, IoU=0.3	NDCG@20, IoU=0.5	NDCG@20, IoU=0.7	NDCG@40, IoU=0.3	NDCG@40, IoU=0.5	NDCG@40, IoU=0.7	
INFO:VAL:  0.273579 0.256794 0.184922 0.264492 0.248968 0.182186 0.272921 0.257949 0.191388
INFO:TEST:  0.271981 0.255493 0.188616 0.264456 0.249107 0.186568 0.270981 0.255779 0.193669
INFO:
INFO:EPOCH: 21
INFO:NDCG@10, IoU=0.3	NDCG@10, IoU=0.5	NDCG@10, IoU=0.7	NDCG@20, IoU=0.3	NDCG@20, IoU=0.5	NDCG@20, IoU=0.7	NDCG@40, IoU=0.3	NDCG@40, IoU=0.5	NDCG@40, IoU=0.7	
INFO:VAL:  0.272531 0.255117 0.184405 0.264143 0.247646 0.180891 0.270779 0.254499 0.189913
INFO:TEST:  0.272540 0.254985 0.189458 0.264215 0.248016 0.186874 0.271684 0.256002 0.195138
INFO:
INFO:EPOCH: 21
INFO:NDCG@10, IoU=0.3	NDCG@10, IoU=0.5	NDCG@10, IoU=0.7	NDCG@20, IoU=0.3	NDCG@20, IoU=0.5	NDCG@20, IoU=0.7	NDCG@40, IoU=0.3	NDCG@40, IoU=0.5	NDCG@40, IoU=0.7	
INFO:VAL:  0.271660 0.256320 0.182393 0.265050 0.250881 0.180472 0.271734 0.256924 0.188101
INFO:TEST:  0.273537 0.256691 0.191091 0.265204 0.249374 0.188087 0.272051 0.256595 0.195761
INFO:
INFO:EPOCH: 21
INFO:NDCG@10, IoU=0.3	NDCG@10, IoU=0.5	NDCG@10, IoU=0.7	NDCG@20, IoU=0.3	NDCG@20, IoU=0.5	NDCG@20, IoU=0.7	NDCG@40, IoU=0.3	NDCG@40, IoU=0.5	NDCG@40, IoU=0.7	
INFO:VAL:  0.277516 0.261769 0.189141 0.268137 0.252869 0.185657 0.274481 0.259629 0.193935
INFO:TEST:  0.275200 0.258643 0.192225 0.266982 0.251211 0.189227 0.273758 0.258430 0.196728
INFO:BEST VAL:  0.277516 0.261769 0.189141 0.268137 0.252869 0.185657 0.274481 0.259629 0.193935
INFO:BEST TEST:  0.275200 0.258643 0.192225 0.266982 0.251211 0.189227 0.273758 0.258430 0.196728
INFO:save checkpoint: results/tvr_ranking/ReLoCLNet_top_40_20240326_163257/model.ckpt
INFO:
INFO:EPOCH: 21
INFO:NDCG@10, IoU=0.3	NDCG@10, IoU=0.5	NDCG@10, IoU=0.7	NDCG@20, IoU=0.3	NDCG@20, IoU=0.5	NDCG@20, IoU=0.7	NDCG@40, IoU=0.3	NDCG@40, IoU=0.5	NDCG@40, IoU=0.7	
INFO:VAL:  0.277162 0.261267 0.186461 0.269795 0.254953 0.184340 0.276278 0.261426 0.192775
INFO:TEST:  0.275782 0.259219 0.193757 0.267192 0.251639 0.190181 0.274012 0.258596 0.197589
INFO:BEST VAL:  0.277162 0.261267 0.186461 0.269795 0.254953 0.184340 0.276278 0.261426 0.192775
INFO:BEST TEST:  0.275782 0.259219 0.193757 0.267192 0.251639 0.190181 0.274012 0.258596 0.197589
INFO:save checkpoint: results/tvr_ranking/ReLoCLNet_top_40_20240326_163257/model.ckpt
INFO:
INFO:EPOCH: 22
INFO:NDCG@10, IoU=0.3	NDCG@10, IoU=0.5	NDCG@10, IoU=0.7	NDCG@20, IoU=0.3	NDCG@20, IoU=0.5	NDCG@20, IoU=0.7	NDCG@40, IoU=0.3	NDCG@40, IoU=0.5	NDCG@40, IoU=0.7	
INFO:VAL:  0.277309 0.260242 0.188222 0.268575 0.253126 0.185604 0.276024 0.260918 0.194030
INFO:TEST:  0.276704 0.259774 0.193678 0.267618 0.251883 0.190412 0.274745 0.259438 0.198305
INFO:
INFO:EPOCH: 22
INFO:NDCG@10, IoU=0.3	NDCG@10, IoU=0.5	NDCG@10, IoU=0.7	NDCG@20, IoU=0.3	NDCG@20, IoU=0.5	NDCG@20, IoU=0.7	NDCG@40, IoU=0.3	NDCG@40, IoU=0.5	NDCG@40, IoU=0.7	
INFO:VAL:  0.274522 0.259735 0.185853 0.266795 0.251996 0.182646 0.273779 0.259458 0.191201
INFO:TEST:  0.278014 0.260194 0.193625 0.268831 0.252300 0.190191 0.275417 0.259274 0.197649
INFO:
INFO:EPOCH: 22
INFO:NDCG@10, IoU=0.3	NDCG@10, IoU=0.5	NDCG@10, IoU=0.7	NDCG@20, IoU=0.3	NDCG@20, IoU=0.5	NDCG@20, IoU=0.7	NDCG@40, IoU=0.3	NDCG@40, IoU=0.5	NDCG@40, IoU=0.7	
INFO:VAL:  0.277717 0.261470 0.188483 0.268733 0.253019 0.184695 0.275685 0.260608 0.192551
INFO:TEST:  0.276743 0.259497 0.192934 0.267712 0.251734 0.189786 0.274655 0.258867 0.197404
INFO:
INFO:EPOCH: 22
INFO:NDCG@10, IoU=0.3	NDCG@10, IoU=0.5	NDCG@10, IoU=0.7	NDCG@20, IoU=0.3	NDCG@20, IoU=0.5	NDCG@20, IoU=0.7	NDCG@40, IoU=0.3	NDCG@40, IoU=0.5	NDCG@40, IoU=0.7	
INFO:VAL:  0.277932 0.261458 0.188775 0.269967 0.254155 0.186073 0.277145 0.261428 0.194019
INFO:TEST:  0.276993 0.259763 0.192648 0.268389 0.252462 0.189996 0.275551 0.260125 0.198048
INFO:BEST VAL:  0.277932 0.261458 0.188775 0.269967 0.254155 0.186073 0.277145 0.261428 0.194019
INFO:BEST TEST:  0.276993 0.259763 0.192648 0.268389 0.252462 0.189996 0.275551 0.260125 0.198048
INFO:save checkpoint: results/tvr_ranking/ReLoCLNet_top_40_20240326_163257/model.ckpt
INFO:
INFO:EPOCH: 23
INFO:NDCG@10, IoU=0.3	NDCG@10, IoU=0.5	NDCG@10, IoU=0.7	NDCG@20, IoU=0.3	NDCG@20, IoU=0.5	NDCG@20, IoU=0.7	NDCG@40, IoU=0.3	NDCG@40, IoU=0.5	NDCG@40, IoU=0.7	
INFO:VAL:  0.276925 0.260515 0.188776 0.268486 0.252451 0.185642 0.275705 0.259840 0.194190
INFO:TEST:  0.279761 0.261845 0.194401 0.270546 0.254114 0.191096 0.276754 0.260994 0.198630
INFO:
INFO:EPOCH: 23
INFO:NDCG@10, IoU=0.3	NDCG@10, IoU=0.5	NDCG@10, IoU=0.7	NDCG@20, IoU=0.3	NDCG@20, IoU=0.5	NDCG@20, IoU=0.7	NDCG@40, IoU=0.3	NDCG@40, IoU=0.5	NDCG@40, IoU=0.7	
INFO:VAL:  0.277769 0.261522 0.188789 0.270044 0.253767 0.185587 0.276650 0.260961 0.193730
INFO:TEST:  0.278266 0.261419 0.193937 0.270011 0.254264 0.190732 0.276461 0.261154 0.198097
INFO:
INFO:EPOCH: 23
INFO:NDCG@10, IoU=0.3	NDCG@10, IoU=0.5	NDCG@10, IoU=0.7	NDCG@20, IoU=0.3	NDCG@20, IoU=0.5	NDCG@20, IoU=0.7	NDCG@40, IoU=0.3	NDCG@40, IoU=0.5	NDCG@40, IoU=0.7	
INFO:VAL:  0.277150 0.260956 0.186437 0.269698 0.253501 0.183750 0.276895 0.260437 0.191750
INFO:TEST:  0.278533 0.261734 0.193587 0.269735 0.254229 0.190637 0.276778 0.261747 0.198483
INFO:
INFO:EPOCH: 23
INFO:NDCG@10, IoU=0.3	NDCG@10, IoU=0.5	NDCG@10, IoU=0.7	NDCG@20, IoU=0.3	NDCG@20, IoU=0.5	NDCG@20, IoU=0.7	NDCG@40, IoU=0.3	NDCG@40, IoU=0.5	NDCG@40, IoU=0.7	
INFO:VAL:  0.280821 0.263637 0.188460 0.271463 0.255191 0.184977 0.278731 0.262544 0.193467
INFO:TEST:  0.278479 0.261379 0.193987 0.270027 0.254130 0.191322 0.276614 0.261255 0.198753
INFO:BEST VAL:  0.280821 0.263637 0.188460 0.271463 0.255191 0.184977 0.278731 0.262544 0.193467
INFO:BEST TEST:  0.278479 0.261379 0.193987 0.270027 0.254130 0.191322 0.276614 0.261255 0.198753
INFO:save checkpoint: results/tvr_ranking/ReLoCLNet_top_40_20240326_163257/model.ckpt
INFO:
INFO:EPOCH: 24
INFO:NDCG@10, IoU=0.3	NDCG@10, IoU=0.5	NDCG@10, IoU=0.7	NDCG@20, IoU=0.3	NDCG@20, IoU=0.5	NDCG@20, IoU=0.7	NDCG@40, IoU=0.3	NDCG@40, IoU=0.5	NDCG@40, IoU=0.7	
INFO:VAL:  0.276556 0.260792 0.187710 0.269333 0.254124 0.185366 0.275614 0.260387 0.193209
INFO:TEST:  0.278648 0.261630 0.194722 0.269642 0.253938 0.191721 0.276471 0.261101 0.199009
INFO:
INFO:EPOCH: 24
INFO:NDCG@10, IoU=0.3	NDCG@10, IoU=0.5	NDCG@10, IoU=0.7	NDCG@20, IoU=0.3	NDCG@20, IoU=0.5	NDCG@20, IoU=0.7	NDCG@40, IoU=0.3	NDCG@40, IoU=0.5	NDCG@40, IoU=0.7	
INFO:VAL:  0.277012 0.259520 0.188575 0.269467 0.253208 0.186019 0.276383 0.260212 0.194297
INFO:TEST:  0.279438 0.261870 0.194576 0.270199 0.254223 0.191892 0.277421 0.261651 0.199664
INFO:
INFO:EPOCH: 24
INFO:NDCG@10, IoU=0.3	NDCG@10, IoU=0.5	NDCG@10, IoU=0.7	NDCG@20, IoU=0.3	NDCG@20, IoU=0.5	NDCG@20, IoU=0.7	NDCG@40, IoU=0.3	NDCG@40, IoU=0.5	NDCG@40, IoU=0.7	
INFO:VAL:  0.277386 0.260639 0.188842 0.269491 0.253624 0.185635 0.276744 0.260939 0.194112
INFO:TEST:  0.279121 0.262330 0.194649 0.269939 0.254604 0.191896 0.277098 0.261953 0.199447
INFO:
INFO:EPOCH: 24
INFO:NDCG@10, IoU=0.3	NDCG@10, IoU=0.5	NDCG@10, IoU=0.7	NDCG@20, IoU=0.3	NDCG@20, IoU=0.5	NDCG@20, IoU=0.7	NDCG@40, IoU=0.3	NDCG@40, IoU=0.5	NDCG@40, IoU=0.7	
INFO:VAL:  0.277774 0.261476 0.189081 0.270174 0.254419 0.186074 0.277556 0.262119 0.194775
INFO:TEST:  0.279971 0.262816 0.194659 0.270649 0.254974 0.192056 0.277697 0.262295 0.199549
INFO:
