INFO:model_config {'merge_two_stream': True, 'cross_att': True, 'span_predictor_type': 'conv', 'encoder_type': 'transformer', 'add_pe_rnn': False, 'pe_type': 'cosine', 'visual_input_size': 1026, 'sub_input_size': 770, 'query_input_size': 768, 'hidden_size': 256, 'stack_conv_predictor_conv_kernel_sizes': -1, 'conv_kernel_size': 5, 'conv_stride': 1, 'max_ctx_l': 128, 'max_desc_l': 30, 'input_drop': 0.1, 'cross_att_drop': 0.1, 'drop': 0.1, 'n_heads': 4, 'initializer_range': 0.02, 'ctx_mode': 'video_sub_tef', 'margin': 0.1, 'ranking_loss_type': 'hinge', 'lw_neg_q': 1, 'lw_neg_ctx': 1, 'lw_st_ed': 0, 'use_hard_negative': False, 'hard_pool_size': 20, 'use_self_attention': True, 'no_modular': False}
INFO:Start Training...
INFO:CUDA enabled.
INFO:EPOCH: 0
INFO:NDCG@10, IoU=0.3	NDCG@10, IoU=0.5	NDCG@10, IoU=0.7	NDCG@20, IoU=0.3	NDCG@20, IoU=0.5	NDCG@20, IoU=0.7	NDCG@40, IoU=0.3	NDCG@40, IoU=0.5	NDCG@40, IoU=0.7	
INFO:VAL:  0.000492 0.000000 0.000000 0.000396 0.000000 0.000000 0.000568 0.000119 0.000119
INFO:TEST:  0.001260 0.000711 0.000417 0.001230 0.000734 0.000452 0.001350 0.000715 0.000446
INFO:save checkpoint: results/XML_top20_20240327_152318/model.ckpt
INFO:
INFO:EPOCH: 0
INFO:NDCG@10, IoU=0.3	NDCG@10, IoU=0.5	NDCG@10, IoU=0.7	NDCG@20, IoU=0.3	NDCG@20, IoU=0.5	NDCG@20, IoU=0.7	NDCG@40, IoU=0.3	NDCG@40, IoU=0.5	NDCG@40, IoU=0.7	
INFO:VAL:  0.001722 0.001359 0.001091 0.001662 0.001325 0.001008 0.002185 0.001686 0.001271
INFO:TEST:  0.002325 0.001281 0.000519 0.002610 0.001396 0.000659 0.003361 0.001741 0.000794
INFO:save checkpoint: results/XML_top20_20240327_152318/model.ckpt
INFO:
INFO:EPOCH: 1
INFO:NDCG@10, IoU=0.3	NDCG@10, IoU=0.5	NDCG@10, IoU=0.7	NDCG@20, IoU=0.3	NDCG@20, IoU=0.5	NDCG@20, IoU=0.7	NDCG@40, IoU=0.3	NDCG@40, IoU=0.5	NDCG@40, IoU=0.7	
INFO:VAL:  0.004360 0.003761 0.001973 0.004803 0.003649 0.001864 0.006093 0.004004 0.002172
INFO:TEST:  0.003715 0.002261 0.001285 0.004451 0.002531 0.001358 0.005910 0.003335 0.001710
INFO:save checkpoint: results/XML_top20_20240327_152318/model.ckpt
INFO:
INFO:EPOCH: 1
INFO:NDCG@10, IoU=0.3	NDCG@10, IoU=0.5	NDCG@10, IoU=0.7	NDCG@20, IoU=0.3	NDCG@20, IoU=0.5	NDCG@20, IoU=0.7	NDCG@40, IoU=0.3	NDCG@40, IoU=0.5	NDCG@40, IoU=0.7	
INFO:VAL:  0.008498 0.005128 0.002907 0.010042 0.006630 0.003665 0.013074 0.008682 0.004537
INFO:TEST:  0.009530 0.006571 0.003349 0.010688 0.007274 0.003661 0.013277 0.008874 0.004422
INFO:save checkpoint: results/XML_top20_20240327_152318/model.ckpt
INFO:
INFO:EPOCH: 2
INFO:NDCG@10, IoU=0.3	NDCG@10, IoU=0.5	NDCG@10, IoU=0.7	NDCG@20, IoU=0.3	NDCG@20, IoU=0.5	NDCG@20, IoU=0.7	NDCG@40, IoU=0.3	NDCG@40, IoU=0.5	NDCG@40, IoU=0.7	
INFO:VAL:  0.012494 0.008041 0.004220 0.014385 0.010044 0.005929 0.017996 0.012348 0.007134
INFO:TEST:  0.012657 0.008680 0.003925 0.014521 0.009582 0.004361 0.017658 0.011397 0.005136
INFO:save checkpoint: results/XML_top20_20240327_152318/model.ckpt
INFO:
INFO:EPOCH: 2
INFO:NDCG@10, IoU=0.3	NDCG@10, IoU=0.5	NDCG@10, IoU=0.7	NDCG@20, IoU=0.3	NDCG@20, IoU=0.5	NDCG@20, IoU=0.7	NDCG@40, IoU=0.3	NDCG@40, IoU=0.5	NDCG@40, IoU=0.7	
INFO:VAL:  0.013972 0.009385 0.005006 0.015695 0.010673 0.005906 0.019468 0.014200 0.007616
INFO:TEST:  0.015941 0.010307 0.004915 0.017655 0.011353 0.005423 0.021785 0.014019 0.006634
INFO:save checkpoint: results/XML_top20_20240327_152318/model.ckpt
INFO:
INFO:EPOCH: 3
INFO:NDCG@10, IoU=0.3	NDCG@10, IoU=0.5	NDCG@10, IoU=0.7	NDCG@20, IoU=0.3	NDCG@20, IoU=0.5	NDCG@20, IoU=0.7	NDCG@40, IoU=0.3	NDCG@40, IoU=0.5	NDCG@40, IoU=0.7	
INFO:VAL:  0.021352 0.014386 0.006923 0.024050 0.017181 0.008195 0.027201 0.019693 0.010035
INFO:TEST:  0.020053 0.013688 0.006775 0.022139 0.014618 0.007374 0.026677 0.017656 0.008768
INFO:save checkpoint: results/XML_top20_20240327_152318/model.ckpt
INFO:
INFO:EPOCH: 3
INFO:NDCG@10, IoU=0.3	NDCG@10, IoU=0.5	NDCG@10, IoU=0.7	NDCG@20, IoU=0.3	NDCG@20, IoU=0.5	NDCG@20, IoU=0.7	NDCG@40, IoU=0.3	NDCG@40, IoU=0.5	NDCG@40, IoU=0.7	
INFO:VAL:  0.020536 0.013663 0.005995 0.022634 0.014889 0.006448 0.027592 0.018019 0.008125
INFO:TEST:  0.024859 0.016037 0.007857 0.026294 0.016969 0.008113 0.031130 0.020052 0.009350
INFO:
INFO:EPOCH: 4
INFO:NDCG@10, IoU=0.3	NDCG@10, IoU=0.5	NDCG@10, IoU=0.7	NDCG@20, IoU=0.3	NDCG@20, IoU=0.5	NDCG@20, IoU=0.7	NDCG@40, IoU=0.3	NDCG@40, IoU=0.5	NDCG@40, IoU=0.7	
INFO:VAL:  0.023983 0.016234 0.007245 0.025185 0.017286 0.007809 0.032550 0.022497 0.010064
INFO:TEST:  0.027111 0.018375 0.008769 0.030158 0.020006 0.009700 0.035364 0.023635 0.011292
INFO:save checkpoint: results/XML_top20_20240327_152318/model.ckpt
INFO:
INFO:EPOCH: 4
INFO:NDCG@10, IoU=0.3	NDCG@10, IoU=0.5	NDCG@10, IoU=0.7	NDCG@20, IoU=0.3	NDCG@20, IoU=0.5	NDCG@20, IoU=0.7	NDCG@40, IoU=0.3	NDCG@40, IoU=0.5	NDCG@40, IoU=0.7	
INFO:VAL:  0.027595 0.018959 0.007169 0.029466 0.020119 0.008069 0.036148 0.024723 0.010314
INFO:TEST:  0.029738 0.020205 0.010071 0.032568 0.021859 0.010742 0.038755 0.025854 0.012505
INFO:save checkpoint: results/XML_top20_20240327_152318/model.ckpt
INFO:
INFO:EPOCH: 5
INFO:NDCG@10, IoU=0.3	NDCG@10, IoU=0.5	NDCG@10, IoU=0.7	NDCG@20, IoU=0.3	NDCG@20, IoU=0.5	NDCG@20, IoU=0.7	NDCG@40, IoU=0.3	NDCG@40, IoU=0.5	NDCG@40, IoU=0.7	
INFO:VAL:  0.033642 0.022694 0.009309 0.035878 0.024317 0.010788 0.042957 0.029118 0.013350
INFO:TEST:  0.032708 0.022613 0.010940 0.036284 0.025052 0.012059 0.044084 0.030362 0.014731
INFO:save checkpoint: results/XML_top20_20240327_152318/model.ckpt
INFO:
INFO:EPOCH: 5
INFO:NDCG@10, IoU=0.3	NDCG@10, IoU=0.5	NDCG@10, IoU=0.7	NDCG@20, IoU=0.3	NDCG@20, IoU=0.5	NDCG@20, IoU=0.7	NDCG@40, IoU=0.3	NDCG@40, IoU=0.5	NDCG@40, IoU=0.7	
INFO:VAL:  0.033682 0.023266 0.009593 0.037387 0.025237 0.010665 0.044871 0.030862 0.013066
INFO:TEST:  0.033626 0.022667 0.011116 0.037942 0.025670 0.012230 0.046293 0.031264 0.014615
INFO:save checkpoint: results/XML_top20_20240327_152318/model.ckpt
INFO:
INFO:EPOCH: 6
INFO:NDCG@10, IoU=0.3	NDCG@10, IoU=0.5	NDCG@10, IoU=0.7	NDCG@20, IoU=0.3	NDCG@20, IoU=0.5	NDCG@20, IoU=0.7	NDCG@40, IoU=0.3	NDCG@40, IoU=0.5	NDCG@40, IoU=0.7	
INFO:VAL:  0.040847 0.027707 0.012835 0.043624 0.029414 0.013055 0.050851 0.035000 0.015297
INFO:TEST:  0.038457 0.026372 0.012085 0.041638 0.028422 0.012824 0.049958 0.034100 0.015601
INFO:save checkpoint: results/XML_top20_20240327_152318/model.ckpt
INFO:
INFO:EPOCH: 6
INFO:NDCG@10, IoU=0.3	NDCG@10, IoU=0.5	NDCG@10, IoU=0.7	NDCG@20, IoU=0.3	NDCG@20, IoU=0.5	NDCG@20, IoU=0.7	NDCG@40, IoU=0.3	NDCG@40, IoU=0.5	NDCG@40, IoU=0.7	
INFO:VAL:  0.043854 0.031300 0.013534 0.047285 0.033599 0.014787 0.055150 0.039597 0.017542
INFO:TEST:  0.042874 0.028723 0.013399 0.046318 0.030817 0.014188 0.054890 0.036954 0.016709
INFO:save checkpoint: results/XML_top20_20240327_152318/model.ckpt
INFO:
INFO:EPOCH: 7
INFO:NDCG@10, IoU=0.3	NDCG@10, IoU=0.5	NDCG@10, IoU=0.7	NDCG@20, IoU=0.3	NDCG@20, IoU=0.5	NDCG@20, IoU=0.7	NDCG@40, IoU=0.3	NDCG@40, IoU=0.5	NDCG@40, IoU=0.7	
INFO:VAL:  0.046951 0.034908 0.013997 0.049794 0.036231 0.014950 0.057595 0.041774 0.017637
INFO:TEST:  0.044128 0.030173 0.014389 0.047668 0.032778 0.014982 0.056367 0.038891 0.017496
INFO:save checkpoint: results/XML_top20_20240327_152318/model.ckpt
INFO:
INFO:EPOCH: 7
INFO:NDCG@10, IoU=0.3	NDCG@10, IoU=0.5	NDCG@10, IoU=0.7	NDCG@20, IoU=0.3	NDCG@20, IoU=0.5	NDCG@20, IoU=0.7	NDCG@40, IoU=0.3	NDCG@40, IoU=0.5	NDCG@40, IoU=0.7	
INFO:VAL:  0.044660 0.031934 0.012737 0.049168 0.034153 0.013846 0.058132 0.040847 0.017269
INFO:TEST:  0.044936 0.029480 0.013530 0.049303 0.032840 0.014560 0.058460 0.039687 0.017743
INFO:
INFO:EPOCH: 8
INFO:NDCG@10, IoU=0.3	NDCG@10, IoU=0.5	NDCG@10, IoU=0.7	NDCG@20, IoU=0.3	NDCG@20, IoU=0.5	NDCG@20, IoU=0.7	NDCG@40, IoU=0.3	NDCG@40, IoU=0.5	NDCG@40, IoU=0.7	
INFO:VAL:  0.045168 0.029859 0.011435 0.049001 0.033592 0.013726 0.058591 0.041977 0.018493
INFO:TEST:  0.045554 0.030989 0.013610 0.050217 0.034347 0.014895 0.060116 0.041594 0.018452
INFO:
INFO:EPOCH: 8
INFO:NDCG@10, IoU=0.3	NDCG@10, IoU=0.5	NDCG@10, IoU=0.7	NDCG@20, IoU=0.3	NDCG@20, IoU=0.5	NDCG@20, IoU=0.7	NDCG@40, IoU=0.3	NDCG@40, IoU=0.5	NDCG@40, IoU=0.7	
INFO:VAL:  0.050701 0.035758 0.013824 0.055064 0.038040 0.015720 0.064611 0.045844 0.019543
INFO:TEST:  0.047969 0.031539 0.014075 0.052304 0.034969 0.015033 0.062012 0.041811 0.018153
INFO:save checkpoint: results/XML_top20_20240327_152318/model.ckpt
INFO:
INFO:EPOCH: 9
INFO:NDCG@10, IoU=0.3	NDCG@10, IoU=0.5	NDCG@10, IoU=0.7	NDCG@20, IoU=0.3	NDCG@20, IoU=0.5	NDCG@20, IoU=0.7	NDCG@40, IoU=0.3	NDCG@40, IoU=0.5	NDCG@40, IoU=0.7	
INFO:VAL:  0.048464 0.033446 0.013776 0.053955 0.037195 0.015761 0.064145 0.045407 0.019943
INFO:TEST:  0.049460 0.033691 0.015618 0.054267 0.037316 0.016823 0.064809 0.045424 0.020303
INFO:
INFO:EPOCH: 9
INFO:NDCG@10, IoU=0.3	NDCG@10, IoU=0.5	NDCG@10, IoU=0.7	NDCG@20, IoU=0.3	NDCG@20, IoU=0.5	NDCG@20, IoU=0.7	NDCG@40, IoU=0.3	NDCG@40, IoU=0.5	NDCG@40, IoU=0.7	
INFO:VAL:  0.053466 0.039143 0.014493 0.059110 0.043083 0.016758 0.068698 0.050678 0.020598
INFO:TEST:  0.052811 0.037643 0.015524 0.056996 0.040489 0.016877 0.067258 0.047991 0.020719
INFO:save checkpoint: results/XML_top20_20240327_152318/model.ckpt
INFO:
INFO:EPOCH: 10
INFO:NDCG@10, IoU=0.3	NDCG@10, IoU=0.5	NDCG@10, IoU=0.7	NDCG@20, IoU=0.3	NDCG@20, IoU=0.5	NDCG@20, IoU=0.7	NDCG@40, IoU=0.3	NDCG@40, IoU=0.5	NDCG@40, IoU=0.7	
INFO:VAL:  0.049484 0.035983 0.014496 0.053564 0.038857 0.015510 0.064939 0.047762 0.020368
INFO:TEST:  0.051580 0.035554 0.015058 0.056741 0.039450 0.016754 0.067162 0.047152 0.020472
INFO:
INFO:EPOCH: 10
INFO:NDCG@10, IoU=0.3	NDCG@10, IoU=0.5	NDCG@10, IoU=0.7	NDCG@20, IoU=0.3	NDCG@20, IoU=0.5	NDCG@20, IoU=0.7	NDCG@40, IoU=0.3	NDCG@40, IoU=0.5	NDCG@40, IoU=0.7	
INFO:VAL:  0.057670 0.041089 0.017506 0.061978 0.045168 0.018975 0.070925 0.051251 0.022424
INFO:TEST:  0.055151 0.038531 0.015636 0.059418 0.041714 0.017131 0.069662 0.049173 0.020174
INFO:save checkpoint: results/XML_top20_20240327_152318/model.ckpt
INFO:
INFO:EPOCH: 11
INFO:NDCG@10, IoU=0.3	NDCG@10, IoU=0.5	NDCG@10, IoU=0.7	NDCG@20, IoU=0.3	NDCG@20, IoU=0.5	NDCG@20, IoU=0.7	NDCG@40, IoU=0.3	NDCG@40, IoU=0.5	NDCG@40, IoU=0.7	
INFO:VAL:  0.058734 0.043424 0.017085 0.062534 0.046715 0.019267 0.073352 0.055316 0.023027
INFO:TEST:  0.057465 0.040234 0.016675 0.060943 0.042868 0.017583 0.071968 0.051415 0.021828
INFO:save checkpoint: results/XML_top20_20240327_152318/model.ckpt
INFO:
INFO:EPOCH: 11
INFO:NDCG@10, IoU=0.3	NDCG@10, IoU=0.5	NDCG@10, IoU=0.7	NDCG@20, IoU=0.3	NDCG@20, IoU=0.5	NDCG@20, IoU=0.7	NDCG@40, IoU=0.3	NDCG@40, IoU=0.5	NDCG@40, IoU=0.7	
INFO:VAL:  0.058645 0.044129 0.019656 0.061377 0.046359 0.021216 0.072495 0.054364 0.024824
INFO:TEST:  0.059187 0.041879 0.017175 0.063700 0.045580 0.019116 0.074497 0.053723 0.022918
INFO:save checkpoint: results/XML_top20_20240327_152318/model.ckpt
INFO:
INFO:EPOCH: 12
INFO:NDCG@10, IoU=0.3	NDCG@10, IoU=0.5	NDCG@10, IoU=0.7	NDCG@20, IoU=0.3	NDCG@20, IoU=0.5	NDCG@20, IoU=0.7	NDCG@40, IoU=0.3	NDCG@40, IoU=0.5	NDCG@40, IoU=0.7	
INFO:VAL:  0.058992 0.042414 0.016823 0.062993 0.045900 0.020682 0.073477 0.054771 0.024040
INFO:TEST:  0.057479 0.040836 0.016439 0.063052 0.045546 0.018782 0.073972 0.053871 0.022633
INFO:
INFO:EPOCH: 12
INFO:NDCG@10, IoU=0.3	NDCG@10, IoU=0.5	NDCG@10, IoU=0.7	NDCG@20, IoU=0.3	NDCG@20, IoU=0.5	NDCG@20, IoU=0.7	NDCG@40, IoU=0.3	NDCG@40, IoU=0.5	NDCG@40, IoU=0.7	
INFO:VAL:  0.062764 0.046415 0.020760 0.068008 0.049642 0.021826 0.079130 0.058395 0.025317
INFO:TEST:  0.060586 0.044054 0.017931 0.065126 0.047505 0.019809 0.076619 0.056093 0.023789
INFO:save checkpoint: results/XML_top20_20240327_152318/model.ckpt
INFO:
INFO:EPOCH: 13
INFO:NDCG@10, IoU=0.3	NDCG@10, IoU=0.5	NDCG@10, IoU=0.7	NDCG@20, IoU=0.3	NDCG@20, IoU=0.5	NDCG@20, IoU=0.7	NDCG@40, IoU=0.3	NDCG@40, IoU=0.5	NDCG@40, IoU=0.7	
INFO:VAL:  0.060416 0.044113 0.019258 0.065870 0.048492 0.020918 0.076822 0.057403 0.025014
INFO:TEST:  0.059465 0.043232 0.017632 0.064147 0.046457 0.019284 0.076110 0.055389 0.023192
INFO:
INFO:EPOCH: 13
INFO:NDCG@10, IoU=0.3	NDCG@10, IoU=0.5	NDCG@10, IoU=0.7	NDCG@20, IoU=0.3	NDCG@20, IoU=0.5	NDCG@20, IoU=0.7	NDCG@40, IoU=0.3	NDCG@40, IoU=0.5	NDCG@40, IoU=0.7	
INFO:VAL:  0.062563 0.045351 0.017537 0.067675 0.049448 0.019411 0.078467 0.057749 0.022558
INFO:TEST:  0.063403 0.044725 0.017650 0.068139 0.048434 0.019404 0.079144 0.056748 0.023087
INFO:
INFO:EPOCH: 14
INFO:NDCG@10, IoU=0.3	NDCG@10, IoU=0.5	NDCG@10, IoU=0.7	NDCG@20, IoU=0.3	NDCG@20, IoU=0.5	NDCG@20, IoU=0.7	NDCG@40, IoU=0.3	NDCG@40, IoU=0.5	NDCG@40, IoU=0.7	
INFO:VAL:  0.061272 0.046855 0.020565 0.064324 0.049194 0.022141 0.076206 0.058321 0.025524
INFO:TEST:  0.062790 0.044832 0.018730 0.067851 0.048971 0.020358 0.078833 0.057402 0.023930
INFO:
INFO:EPOCH: 14
INFO:NDCG@10, IoU=0.3	NDCG@10, IoU=0.5	NDCG@10, IoU=0.7	NDCG@20, IoU=0.3	NDCG@20, IoU=0.5	NDCG@20, IoU=0.7	NDCG@40, IoU=0.3	NDCG@40, IoU=0.5	NDCG@40, IoU=0.7	
INFO:VAL:  0.058721 0.043616 0.017589 0.065444 0.048968 0.020307 0.075244 0.057430 0.024259
INFO:TEST:  0.065082 0.046235 0.018715 0.069222 0.049946 0.020357 0.080382 0.058279 0.024172
INFO:
INFO:EPOCH: 15
INFO:NDCG@10, IoU=0.3	NDCG@10, IoU=0.5	NDCG@10, IoU=0.7	NDCG@20, IoU=0.3	NDCG@20, IoU=0.5	NDCG@20, IoU=0.7	NDCG@40, IoU=0.3	NDCG@40, IoU=0.5	NDCG@40, IoU=0.7	
INFO:VAL:  0.061634 0.044867 0.019358 0.067487 0.048991 0.020755 0.078269 0.058324 0.024501
INFO:TEST:  0.065143 0.046206 0.018501 0.070326 0.050361 0.020457 0.080788 0.058670 0.024136
INFO:
INFO:EPOCH: 15
INFO:NDCG@10, IoU=0.3	NDCG@10, IoU=0.5	NDCG@10, IoU=0.7	NDCG@20, IoU=0.3	NDCG@20, IoU=0.5	NDCG@20, IoU=0.7	NDCG@40, IoU=0.3	NDCG@40, IoU=0.5	NDCG@40, IoU=0.7	
INFO:VAL:  0.062956 0.046742 0.018445 0.069495 0.053139 0.021470 0.081713 0.061824 0.025928
INFO:TEST:  0.068630 0.050699 0.020271 0.074142 0.055130 0.022130 0.085893 0.063954 0.026355
INFO:save checkpoint: results/XML_top20_20240327_152318/model.ckpt
INFO:
INFO:EPOCH: 16
INFO:NDCG@10, IoU=0.3	NDCG@10, IoU=0.5	NDCG@10, IoU=0.7	NDCG@20, IoU=0.3	NDCG@20, IoU=0.5	NDCG@20, IoU=0.7	NDCG@40, IoU=0.3	NDCG@40, IoU=0.5	NDCG@40, IoU=0.7	
INFO:VAL:  0.068947 0.051346 0.020932 0.072831 0.053453 0.021936 0.083543 0.062099 0.026469
INFO:TEST:  0.067324 0.048828 0.020034 0.071909 0.052473 0.021635 0.083679 0.061394 0.025743
INFO:save checkpoint: results/XML_top20_20240327_152318/model.ckpt
INFO:
INFO:EPOCH: 16
INFO:NDCG@10, IoU=0.3	NDCG@10, IoU=0.5	NDCG@10, IoU=0.7	NDCG@20, IoU=0.3	NDCG@20, IoU=0.5	NDCG@20, IoU=0.7	NDCG@40, IoU=0.3	NDCG@40, IoU=0.5	NDCG@40, IoU=0.7	
INFO:VAL:  0.070351 0.052981 0.021373 0.072073 0.054835 0.021922 0.082773 0.063737 0.026219
INFO:TEST:  0.070042 0.050390 0.020454 0.074982 0.054675 0.022512 0.086167 0.063607 0.026677
INFO:save checkpoint: results/XML_top20_20240327_152318/model.ckpt
INFO:
INFO:EPOCH: 17
INFO:NDCG@10, IoU=0.3	NDCG@10, IoU=0.5	NDCG@10, IoU=0.7	NDCG@20, IoU=0.3	NDCG@20, IoU=0.5	NDCG@20, IoU=0.7	NDCG@40, IoU=0.3	NDCG@40, IoU=0.5	NDCG@40, IoU=0.7	
INFO:VAL:  0.067137 0.051706 0.019039 0.073845 0.056864 0.022102 0.085766 0.066234 0.027431
INFO:TEST:  0.068480 0.049185 0.019747 0.074223 0.053924 0.021802 0.085345 0.062774 0.025879
INFO:save checkpoint: results/XML_top20_20240327_152318/model.ckpt
INFO:
INFO:EPOCH: 17
INFO:NDCG@10, IoU=0.3	NDCG@10, IoU=0.5	NDCG@10, IoU=0.7	NDCG@20, IoU=0.3	NDCG@20, IoU=0.5	NDCG@20, IoU=0.7	NDCG@40, IoU=0.3	NDCG@40, IoU=0.5	NDCG@40, IoU=0.7	
INFO:VAL:  0.072777 0.054617 0.020628 0.076962 0.057789 0.022675 0.087223 0.067135 0.028030
INFO:TEST:  0.067804 0.049418 0.020419 0.073002 0.053492 0.022123 0.085490 0.063484 0.026575
INFO:save checkpoint: results/XML_top20_20240327_152318/model.ckpt
INFO:
INFO:EPOCH: 18
INFO:NDCG@10, IoU=0.3	NDCG@10, IoU=0.5	NDCG@10, IoU=0.7	NDCG@20, IoU=0.3	NDCG@20, IoU=0.5	NDCG@20, IoU=0.7	NDCG@40, IoU=0.3	NDCG@40, IoU=0.5	NDCG@40, IoU=0.7	
INFO:VAL:  0.070331 0.053270 0.020567 0.075742 0.057589 0.021895 0.088301 0.067233 0.026759
INFO:TEST:  0.068658 0.049400 0.020379 0.075153 0.054551 0.022630 0.087472 0.064165 0.026887
INFO:
INFO:EPOCH: 18
INFO:NDCG@10, IoU=0.3	NDCG@10, IoU=0.5	NDCG@10, IoU=0.7	NDCG@20, IoU=0.3	NDCG@20, IoU=0.5	NDCG@20, IoU=0.7	NDCG@40, IoU=0.3	NDCG@40, IoU=0.5	NDCG@40, IoU=0.7	
INFO:VAL:  0.074790 0.058100 0.022692 0.079256 0.061239 0.023729 0.092344 0.071363 0.029215
INFO:TEST:  0.069508 0.051533 0.020293 0.074781 0.056072 0.022567 0.086807 0.065272 0.026858
INFO:save checkpoint: results/XML_top20_20240327_152318/model.ckpt
INFO:
INFO:EPOCH: 19
INFO:NDCG@10, IoU=0.3	NDCG@10, IoU=0.5	NDCG@10, IoU=0.7	NDCG@20, IoU=0.3	NDCG@20, IoU=0.5	NDCG@20, IoU=0.7	NDCG@40, IoU=0.3	NDCG@40, IoU=0.5	NDCG@40, IoU=0.7	
INFO:VAL:  0.074110 0.057767 0.022512 0.077953 0.059838 0.024601 0.091086 0.069262 0.029651
INFO:TEST:  0.073720 0.054056 0.021697 0.079355 0.058140 0.023826 0.090968 0.067284 0.028104
INFO:
INFO:EPOCH: 19
INFO:NDCG@10, IoU=0.3	NDCG@10, IoU=0.5	NDCG@10, IoU=0.7	NDCG@20, IoU=0.3	NDCG@20, IoU=0.5	NDCG@20, IoU=0.7	NDCG@40, IoU=0.3	NDCG@40, IoU=0.5	NDCG@40, IoU=0.7	
INFO:VAL:  0.073286 0.054694 0.019901 0.078402 0.059154 0.021973 0.090714 0.067927 0.027432
INFO:TEST:  0.073661 0.053136 0.021439 0.078785 0.057922 0.023194 0.090373 0.067171 0.027293
INFO:
INFO:EPOCH: 20
INFO:NDCG@10, IoU=0.3	NDCG@10, IoU=0.5	NDCG@10, IoU=0.7	NDCG@20, IoU=0.3	NDCG@20, IoU=0.5	NDCG@20, IoU=0.7	NDCG@40, IoU=0.3	NDCG@40, IoU=0.5	NDCG@40, IoU=0.7	
INFO:VAL:  0.089112 0.067101 0.026111 0.091216 0.069238 0.026945 0.103832 0.078716 0.031608
INFO:TEST:  0.089198 0.065639 0.025832 0.093436 0.069331 0.028024 0.105432 0.078830 0.032901
INFO:save checkpoint: results/XML_top20_20240327_152318/model.ckpt
INFO:
INFO:EPOCH: 20
INFO:NDCG@10, IoU=0.3	NDCG@10, IoU=0.5	NDCG@10, IoU=0.7	NDCG@20, IoU=0.3	NDCG@20, IoU=0.5	NDCG@20, IoU=0.7	NDCG@40, IoU=0.3	NDCG@40, IoU=0.5	NDCG@40, IoU=0.7	
INFO:VAL:  0.091958 0.069746 0.027302 0.093822 0.072685 0.028948 0.105804 0.082470 0.034228
INFO:TEST:  0.091421 0.066354 0.027408 0.096127 0.069848 0.028885 0.108463 0.079909 0.033977
INFO:save checkpoint: results/XML_top20_20240327_152318/model.ckpt
INFO:
INFO:EPOCH: 21
INFO:NDCG@10, IoU=0.3	NDCG@10, IoU=0.5	NDCG@10, IoU=0.7	NDCG@20, IoU=0.3	NDCG@20, IoU=0.5	NDCG@20, IoU=0.7	NDCG@40, IoU=0.3	NDCG@40, IoU=0.5	NDCG@40, IoU=0.7	
INFO:VAL:  0.096527 0.073511 0.028677 0.098629 0.075998 0.029758 0.110589 0.086137 0.034301
INFO:TEST:  0.095871 0.069438 0.028500 0.099986 0.072916 0.029932 0.112701 0.083388 0.035107
INFO:save checkpoint: results/XML_top20_20240327_152318/model.ckpt
INFO:
INFO:EPOCH: 21
INFO:NDCG@10, IoU=0.3	NDCG@10, IoU=0.5	NDCG@10, IoU=0.7	NDCG@20, IoU=0.3	NDCG@20, IoU=0.5	NDCG@20, IoU=0.7	NDCG@40, IoU=0.3	NDCG@40, IoU=0.5	NDCG@40, IoU=0.7	
INFO:VAL:  0.095240 0.072162 0.026047 0.098370 0.074822 0.029289 0.110176 0.083273 0.034188
INFO:TEST:  0.099281 0.071126 0.027844 0.103865 0.075835 0.030258 0.116482 0.086225 0.035397
INFO:
INFO:EPOCH: 22
INFO:NDCG@10, IoU=0.3	NDCG@10, IoU=0.5	NDCG@10, IoU=0.7	NDCG@20, IoU=0.3	NDCG@20, IoU=0.5	NDCG@20, IoU=0.7	NDCG@40, IoU=0.3	NDCG@40, IoU=0.5	NDCG@40, IoU=0.7	
INFO:VAL:  0.101837 0.074955 0.030439 0.104666 0.078175 0.030843 0.117337 0.087980 0.036015
INFO:TEST:  0.101889 0.073591 0.029559 0.104762 0.076205 0.031189 0.117623 0.086913 0.036114
INFO:save checkpoint: results/XML_top20_20240327_152318/model.ckpt
INFO:
INFO:EPOCH: 22
INFO:NDCG@10, IoU=0.3	NDCG@10, IoU=0.5	NDCG@10, IoU=0.7	NDCG@20, IoU=0.3	NDCG@20, IoU=0.5	NDCG@20, IoU=0.7	NDCG@40, IoU=0.3	NDCG@40, IoU=0.5	NDCG@40, IoU=0.7	
INFO:VAL:  0.102880 0.076459 0.030433 0.105429 0.078817 0.031886 0.115896 0.087708 0.036364
INFO:TEST:  0.103055 0.074867 0.030769 0.107129 0.078788 0.032939 0.119950 0.089357 0.037755
INFO:save checkpoint: results/XML_top20_20240327_152318/model.ckpt
INFO:
INFO:EPOCH: 23
INFO:NDCG@10, IoU=0.3	NDCG@10, IoU=0.5	NDCG@10, IoU=0.7	NDCG@20, IoU=0.3	NDCG@20, IoU=0.5	NDCG@20, IoU=0.7	NDCG@40, IoU=0.3	NDCG@40, IoU=0.5	NDCG@40, IoU=0.7	
INFO:VAL:  0.104247 0.076366 0.027610 0.107824 0.080451 0.030064 0.119060 0.089782 0.035496
INFO:TEST:  0.107291 0.077290 0.030874 0.111107 0.081349 0.033294 0.123320 0.091748 0.037960
INFO:save checkpoint: results/XML_top20_20240327_152318/model.ckpt
INFO:
INFO:EPOCH: 23
INFO:NDCG@10, IoU=0.3	NDCG@10, IoU=0.5	NDCG@10, IoU=0.7	NDCG@20, IoU=0.3	NDCG@20, IoU=0.5	NDCG@20, IoU=0.7	NDCG@40, IoU=0.3	NDCG@40, IoU=0.5	NDCG@40, IoU=0.7	
INFO:VAL:  0.105726 0.077177 0.030814 0.107803 0.080173 0.033204 0.119781 0.089233 0.037287
INFO:TEST:  0.106206 0.076714 0.030959 0.110843 0.080827 0.032931 0.123633 0.091604 0.038379
INFO:save checkpoint: results/XML_top20_20240327_152318/model.ckpt
INFO:
INFO:EPOCH: 24
INFO:NDCG@10, IoU=0.3	NDCG@10, IoU=0.5	NDCG@10, IoU=0.7	NDCG@20, IoU=0.3	NDCG@20, IoU=0.5	NDCG@20, IoU=0.7	NDCG@40, IoU=0.3	NDCG@40, IoU=0.5	NDCG@40, IoU=0.7	
INFO:VAL:  0.106027 0.079079 0.030749 0.108821 0.081629 0.031675 0.121033 0.091108 0.037457
INFO:TEST:  0.108587 0.078044 0.031532 0.111938 0.081601 0.033445 0.124891 0.092699 0.039118
INFO:save checkpoint: results/XML_top20_20240327_152318/model.ckpt
INFO:
INFO:EPOCH: 24
INFO:NDCG@10, IoU=0.3	NDCG@10, IoU=0.5	NDCG@10, IoU=0.7	NDCG@20, IoU=0.3	NDCG@20, IoU=0.5	NDCG@20, IoU=0.7	NDCG@40, IoU=0.3	NDCG@40, IoU=0.5	NDCG@40, IoU=0.7	
INFO:VAL:  0.107219 0.075038 0.028996 0.111591 0.081605 0.033402 0.122345 0.090654 0.037997
INFO:TEST:  0.108926 0.077301 0.031814 0.112969 0.081830 0.034646 0.125833 0.092741 0.040451
INFO:save checkpoint: results/XML_top20_20240327_152318/model.ckpt
INFO:
INFO:EPOCH: 25
INFO:NDCG@10, IoU=0.3	NDCG@10, IoU=0.5	NDCG@10, IoU=0.7	NDCG@20, IoU=0.3	NDCG@20, IoU=0.5	NDCG@20, IoU=0.7	NDCG@40, IoU=0.3	NDCG@40, IoU=0.5	NDCG@40, IoU=0.7	
INFO:VAL:  0.117056 0.085076 0.030923 0.116659 0.085849 0.032262 0.128928 0.095847 0.037804
INFO:TEST:  0.111898 0.081711 0.033969 0.115958 0.085420 0.035884 0.128328 0.095875 0.041440
INFO:save checkpoint: results/XML_top20_20240327_152318/model.ckpt
INFO:
INFO:EPOCH: 25
INFO:NDCG@10, IoU=0.3	NDCG@10, IoU=0.5	NDCG@10, IoU=0.7	NDCG@20, IoU=0.3	NDCG@20, IoU=0.5	NDCG@20, IoU=0.7	NDCG@40, IoU=0.3	NDCG@40, IoU=0.5	NDCG@40, IoU=0.7	
INFO:VAL:  0.109501 0.080673 0.029959 0.110429 0.082205 0.031700 0.121867 0.090002 0.036325
INFO:TEST:  0.112775 0.083234 0.033104 0.116208 0.085811 0.035033 0.128617 0.096275 0.040584
INFO:
INFO:EPOCH: 26
INFO:NDCG@10, IoU=0.3	NDCG@10, IoU=0.5	NDCG@10, IoU=0.7	NDCG@20, IoU=0.3	NDCG@20, IoU=0.5	NDCG@20, IoU=0.7	NDCG@40, IoU=0.3	NDCG@40, IoU=0.5	NDCG@40, IoU=0.7	
INFO:VAL:  0.112064 0.084105 0.030915 0.112606 0.084751 0.032373 0.124487 0.093889 0.037715
INFO:TEST:  0.113110 0.082533 0.033342 0.116279 0.085370 0.034912 0.129845 0.096742 0.040381
INFO:
INFO:EPOCH: 26
INFO:NDCG@10, IoU=0.3	NDCG@10, IoU=0.5	NDCG@10, IoU=0.7	NDCG@20, IoU=0.3	NDCG@20, IoU=0.5	NDCG@20, IoU=0.7	NDCG@40, IoU=0.3	NDCG@40, IoU=0.5	NDCG@40, IoU=0.7	
INFO:VAL:  0.111152 0.081957 0.031772 0.113577 0.084502 0.033585 0.124958 0.094454 0.038552
INFO:TEST:  0.117325 0.085373 0.033675 0.119877 0.088268 0.035766 0.132846 0.099111 0.041483
INFO:
INFO:EPOCH: 27
INFO:NDCG@10, IoU=0.3	NDCG@10, IoU=0.5	NDCG@10, IoU=0.7	NDCG@20, IoU=0.3	NDCG@20, IoU=0.5	NDCG@20, IoU=0.7	NDCG@40, IoU=0.3	NDCG@40, IoU=0.5	NDCG@40, IoU=0.7	
INFO:VAL:  0.114561 0.081908 0.033140 0.115911 0.085661 0.035329 0.127049 0.094549 0.040630
INFO:TEST:  0.116448 0.083598 0.035133 0.119377 0.087040 0.036915 0.132562 0.098355 0.042919
INFO:
INFO:EPOCH: 27
INFO:NDCG@10, IoU=0.3	NDCG@10, IoU=0.5	NDCG@10, IoU=0.7	NDCG@20, IoU=0.3	NDCG@20, IoU=0.5	NDCG@20, IoU=0.7	NDCG@40, IoU=0.3	NDCG@40, IoU=0.5	NDCG@40, IoU=0.7	
INFO:VAL:  0.109801 0.079528 0.031669 0.114353 0.084903 0.035680 0.127470 0.095538 0.040866
INFO:TEST:  0.115040 0.083215 0.033136 0.118747 0.086998 0.035821 0.132122 0.098364 0.041458
INFO:
INFO:EPOCH: 28
INFO:NDCG@10, IoU=0.3	NDCG@10, IoU=0.5	NDCG@10, IoU=0.7	NDCG@20, IoU=0.3	NDCG@20, IoU=0.5	NDCG@20, IoU=0.7	NDCG@40, IoU=0.3	NDCG@40, IoU=0.5	NDCG@40, IoU=0.7	
INFO:VAL:  0.113517 0.085244 0.032609 0.116900 0.087279 0.034617 0.128567 0.097428 0.039882
INFO:TEST:  0.118678 0.086897 0.035076 0.121407 0.089874 0.037042 0.134577 0.100366 0.042543
INFO:save checkpoint: results/XML_top20_20240327_152318/model.ckpt
INFO:
INFO:EPOCH: 28
INFO:NDCG@10, IoU=0.3	NDCG@10, IoU=0.5	NDCG@10, IoU=0.7	NDCG@20, IoU=0.3	NDCG@20, IoU=0.5	NDCG@20, IoU=0.7	NDCG@40, IoU=0.3	NDCG@40, IoU=0.5	NDCG@40, IoU=0.7	
INFO:VAL:  0.116288 0.083915 0.031524 0.118740 0.087401 0.034159 0.130022 0.096582 0.039872
INFO:TEST:  0.119013 0.086782 0.035154 0.122501 0.089852 0.037394 0.135348 0.100931 0.043618
INFO:save checkpoint: results/XML_top20_20240327_152318/model.ckpt
INFO:
INFO:EPOCH: 29
INFO:NDCG@10, IoU=0.3	NDCG@10, IoU=0.5	NDCG@10, IoU=0.7	NDCG@20, IoU=0.3	NDCG@20, IoU=0.5	NDCG@20, IoU=0.7	NDCG@40, IoU=0.3	NDCG@40, IoU=0.5	NDCG@40, IoU=0.7	
INFO:VAL:  0.120585 0.089972 0.036410 0.124158 0.093241 0.037180 0.134904 0.101707 0.042664
INFO:TEST:  0.120682 0.088279 0.036062 0.122943 0.091361 0.037960 0.136455 0.102349 0.043764
INFO:save checkpoint: results/XML_top20_20240327_152318/model.ckpt
INFO:
INFO:EPOCH: 29
INFO:NDCG@10, IoU=0.3	NDCG@10, IoU=0.5	NDCG@10, IoU=0.7	NDCG@20, IoU=0.3	NDCG@20, IoU=0.5	NDCG@20, IoU=0.7	NDCG@40, IoU=0.3	NDCG@40, IoU=0.5	NDCG@40, IoU=0.7	
INFO:VAL:  0.117346 0.089025 0.035512 0.119301 0.090731 0.036442 0.131011 0.099831 0.041494
INFO:TEST:  0.120828 0.087828 0.036501 0.124056 0.091190 0.038885 0.137425 0.102673 0.044621
INFO:
INFO:EPOCH: 30
INFO:NDCG@10, IoU=0.3	NDCG@10, IoU=0.5	NDCG@10, IoU=0.7	NDCG@20, IoU=0.3	NDCG@20, IoU=0.5	NDCG@20, IoU=0.7	NDCG@40, IoU=0.3	NDCG@40, IoU=0.5	NDCG@40, IoU=0.7	
INFO:VAL:  0.119975 0.090061 0.035302 0.122569 0.091789 0.036365 0.136298 0.103128 0.042822
INFO:TEST:  0.121577 0.088434 0.036480 0.125097 0.091649 0.038550 0.137661 0.102557 0.044532
INFO:
INFO:EPOCH: 30
INFO:NDCG@10, IoU=0.3	NDCG@10, IoU=0.5	NDCG@10, IoU=0.7	NDCG@20, IoU=0.3	NDCG@20, IoU=0.5	NDCG@20, IoU=0.7	NDCG@40, IoU=0.3	NDCG@40, IoU=0.5	NDCG@40, IoU=0.7	
INFO:VAL:  0.117633 0.086877 0.034440 0.121318 0.090866 0.036445 0.132824 0.099632 0.041424
INFO:TEST:  0.121974 0.089703 0.034742 0.125421 0.093184 0.038102 0.138465 0.103942 0.043813
INFO:
INFO:EPOCH: 31
INFO:NDCG@10, IoU=0.3	NDCG@10, IoU=0.5	NDCG@10, IoU=0.7	NDCG@20, IoU=0.3	NDCG@20, IoU=0.5	NDCG@20, IoU=0.7	NDCG@40, IoU=0.3	NDCG@40, IoU=0.5	NDCG@40, IoU=0.7	
INFO:VAL:  0.120930 0.090774 0.036994 0.124969 0.094123 0.038124 0.136652 0.103167 0.043754
INFO:TEST:  0.123813 0.090672 0.036953 0.126436 0.093541 0.039188 0.139384 0.104375 0.044601
INFO:save checkpoint: results/XML_top20_20240327_152318/model.ckpt
INFO:
INFO:EPOCH: 31
INFO:NDCG@10, IoU=0.3	NDCG@10, IoU=0.5	NDCG@10, IoU=0.7	NDCG@20, IoU=0.3	NDCG@20, IoU=0.5	NDCG@20, IoU=0.7	NDCG@40, IoU=0.3	NDCG@40, IoU=0.5	NDCG@40, IoU=0.7	
INFO:VAL:  0.118649 0.088425 0.033712 0.122679 0.091208 0.036691 0.135053 0.100318 0.041766
INFO:TEST:  0.123723 0.089430 0.035046 0.126971 0.093487 0.038253 0.140165 0.104625 0.044110
INFO:
INFO:EPOCH: 32
INFO:NDCG@10, IoU=0.3	NDCG@10, IoU=0.5	NDCG@10, IoU=0.7	NDCG@20, IoU=0.3	NDCG@20, IoU=0.5	NDCG@20, IoU=0.7	NDCG@40, IoU=0.3	NDCG@40, IoU=0.5	NDCG@40, IoU=0.7	
INFO:VAL:  0.122459 0.094215 0.037303 0.123747 0.094057 0.037970 0.136051 0.104190 0.044002
INFO:TEST:  0.124586 0.089336 0.036969 0.127705 0.092929 0.039153 0.141208 0.104537 0.045130
INFO:save checkpoint: results/XML_top20_20240327_152318/model.ckpt
INFO:
INFO:EPOCH: 32
INFO:NDCG@10, IoU=0.3	NDCG@10, IoU=0.5	NDCG@10, IoU=0.7	NDCG@20, IoU=0.3	NDCG@20, IoU=0.5	NDCG@20, IoU=0.7	NDCG@40, IoU=0.3	NDCG@40, IoU=0.5	NDCG@40, IoU=0.7	
INFO:VAL:  0.122559 0.089852 0.034918 0.127058 0.094322 0.036950 0.139157 0.104663 0.043114
INFO:TEST:  0.125533 0.090483 0.036222 0.128713 0.094217 0.038567 0.141615 0.105618 0.044766
INFO:
INFO:EPOCH: 33
INFO:NDCG@10, IoU=0.3	NDCG@10, IoU=0.5	NDCG@10, IoU=0.7	NDCG@20, IoU=0.3	NDCG@20, IoU=0.5	NDCG@20, IoU=0.7	NDCG@40, IoU=0.3	NDCG@40, IoU=0.5	NDCG@40, IoU=0.7	
INFO:VAL:  0.123522 0.093710 0.038578 0.126565 0.096328 0.039747 0.137887 0.105232 0.044339
INFO:TEST:  0.126943 0.092455 0.036597 0.130072 0.096222 0.039541 0.143280 0.107712 0.045662
INFO:save checkpoint: results/XML_top20_20240327_152318/model.ckpt
INFO:
INFO:EPOCH: 33
INFO:NDCG@10, IoU=0.3	NDCG@10, IoU=0.5	NDCG@10, IoU=0.7	NDCG@20, IoU=0.3	NDCG@20, IoU=0.5	NDCG@20, IoU=0.7	NDCG@40, IoU=0.3	NDCG@40, IoU=0.5	NDCG@40, IoU=0.7	
INFO:VAL:  0.119776 0.089251 0.036397 0.121297 0.089631 0.037662 0.133861 0.100676 0.043393
INFO:TEST:  0.127186 0.092371 0.037523 0.130373 0.095925 0.039871 0.143844 0.107414 0.046274
INFO:
INFO:EPOCH: 34
INFO:NDCG@10, IoU=0.3	NDCG@10, IoU=0.5	NDCG@10, IoU=0.7	NDCG@20, IoU=0.3	NDCG@20, IoU=0.5	NDCG@20, IoU=0.7	NDCG@40, IoU=0.3	NDCG@40, IoU=0.5	NDCG@40, IoU=0.7	
INFO:VAL:  0.118257 0.086259 0.033824 0.123621 0.090679 0.036107 0.135630 0.100804 0.042137
INFO:TEST:  0.126998 0.093469 0.037355 0.131172 0.097412 0.039890 0.143291 0.107844 0.045658
INFO:
INFO:EPOCH: 34
INFO:NDCG@10, IoU=0.3	NDCG@10, IoU=0.5	NDCG@10, IoU=0.7	NDCG@20, IoU=0.3	NDCG@20, IoU=0.5	NDCG@20, IoU=0.7	NDCG@40, IoU=0.3	NDCG@40, IoU=0.5	NDCG@40, IoU=0.7	
INFO:VAL:  0.124385 0.092849 0.037396 0.125518 0.094069 0.038251 0.136977 0.104909 0.043943
INFO:TEST:  0.128779 0.093208 0.038322 0.132464 0.097074 0.040634 0.145718 0.108301 0.046633
INFO:
INFO:EPOCH: 35
INFO:NDCG@10, IoU=0.3	NDCG@10, IoU=0.5	NDCG@10, IoU=0.7	NDCG@20, IoU=0.3	NDCG@20, IoU=0.5	NDCG@20, IoU=0.7	NDCG@40, IoU=0.3	NDCG@40, IoU=0.5	NDCG@40, IoU=0.7	
INFO:VAL:  0.122475 0.090395 0.037585 0.125403 0.093158 0.038389 0.137143 0.103628 0.043771
INFO:TEST:  0.128557 0.094785 0.038515 0.131539 0.097859 0.040932 0.144364 0.108879 0.047188
INFO:
INFO:EPOCH: 35
INFO:NDCG@10, IoU=0.3	NDCG@10, IoU=0.5	NDCG@10, IoU=0.7	NDCG@20, IoU=0.3	NDCG@20, IoU=0.5	NDCG@20, IoU=0.7	NDCG@40, IoU=0.3	NDCG@40, IoU=0.5	NDCG@40, IoU=0.7	
INFO:VAL:  0.125010 0.092204 0.037422 0.128220 0.095508 0.039083 0.140287 0.104686 0.043442
INFO:TEST:  0.128040 0.094248 0.038096 0.131312 0.097753 0.040715 0.144556 0.109253 0.046356
INFO:
INFO:EPOCH: 36
INFO:NDCG@10, IoU=0.3	NDCG@10, IoU=0.5	NDCG@10, IoU=0.7	NDCG@20, IoU=0.3	NDCG@20, IoU=0.5	NDCG@20, IoU=0.7	NDCG@40, IoU=0.3	NDCG@40, IoU=0.5	NDCG@40, IoU=0.7	
INFO:VAL:  0.120256 0.088037 0.035039 0.127671 0.094437 0.037108 0.138730 0.103294 0.042415
INFO:TEST:  0.128077 0.094189 0.037422 0.131203 0.097533 0.040265 0.143828 0.108265 0.046274
INFO:
INFO:EPOCH: 36
INFO:NDCG@10, IoU=0.3	NDCG@10, IoU=0.5	NDCG@10, IoU=0.7	NDCG@20, IoU=0.3	NDCG@20, IoU=0.5	NDCG@20, IoU=0.7	NDCG@40, IoU=0.3	NDCG@40, IoU=0.5	NDCG@40, IoU=0.7	
INFO:VAL:  0.128629 0.094227 0.036856 0.129073 0.094815 0.038430 0.141472 0.106478 0.043707
INFO:TEST:  0.129471 0.094783 0.039144 0.132042 0.097894 0.041061 0.144725 0.109288 0.047332
INFO:save checkpoint: results/XML_top20_20240327_152318/model.ckpt
INFO:
INFO:EPOCH: 37
INFO:NDCG@10, IoU=0.3	NDCG@10, IoU=0.5	NDCG@10, IoU=0.7	NDCG@20, IoU=0.3	NDCG@20, IoU=0.5	NDCG@20, IoU=0.7	NDCG@40, IoU=0.3	NDCG@40, IoU=0.5	NDCG@40, IoU=0.7	
INFO:VAL:  0.126807 0.095771 0.037034 0.128620 0.097338 0.037422 0.140229 0.107983 0.043585
INFO:TEST:  0.129956 0.096207 0.039737 0.132348 0.099051 0.042017 0.145148 0.109803 0.048098
INFO:save checkpoint: results/XML_top20_20240327_152318/model.ckpt
INFO:
INFO:EPOCH: 37
INFO:NDCG@10, IoU=0.3	NDCG@10, IoU=0.5	NDCG@10, IoU=0.7	NDCG@20, IoU=0.3	NDCG@20, IoU=0.5	NDCG@20, IoU=0.7	NDCG@40, IoU=0.3	NDCG@40, IoU=0.5	NDCG@40, IoU=0.7	
INFO:VAL:  0.127329 0.093198 0.038144 0.130328 0.096352 0.040081 0.142562 0.107653 0.046047
INFO:TEST:  0.128416 0.094847 0.038009 0.132298 0.098788 0.041125 0.145153 0.109660 0.047139
INFO:save checkpoint: results/XML_top20_20240327_152318/model.ckpt
INFO:
INFO:EPOCH: 38
INFO:NDCG@10, IoU=0.3	NDCG@10, IoU=0.5	NDCG@10, IoU=0.7	NDCG@20, IoU=0.3	NDCG@20, IoU=0.5	NDCG@20, IoU=0.7	NDCG@40, IoU=0.3	NDCG@40, IoU=0.5	NDCG@40, IoU=0.7	
INFO:VAL:  0.129251 0.095378 0.037772 0.132537 0.098984 0.039456 0.144396 0.109407 0.045539
INFO:TEST:  0.130489 0.095606 0.039195 0.133555 0.099160 0.041488 0.146288 0.110110 0.048020
INFO:save checkpoint: results/XML_top20_20240327_152318/model.ckpt
INFO:
INFO:EPOCH: 38
INFO:NDCG@10, IoU=0.3	NDCG@10, IoU=0.5	NDCG@10, IoU=0.7	NDCG@20, IoU=0.3	NDCG@20, IoU=0.5	NDCG@20, IoU=0.7	NDCG@40, IoU=0.3	NDCG@40, IoU=0.5	NDCG@40, IoU=0.7	
INFO:VAL:  0.123766 0.089729 0.036770 0.128695 0.095882 0.039520 0.140507 0.105737 0.044615
INFO:TEST:  0.131091 0.096357 0.038542 0.134211 0.099118 0.040799 0.147506 0.110353 0.047124
INFO:
INFO:EPOCH: 39
INFO:NDCG@10, IoU=0.3	NDCG@10, IoU=0.5	NDCG@10, IoU=0.7	NDCG@20, IoU=0.3	NDCG@20, IoU=0.5	NDCG@20, IoU=0.7	NDCG@40, IoU=0.3	NDCG@40, IoU=0.5	NDCG@40, IoU=0.7	
INFO:VAL:  0.134044 0.095400 0.038387 0.135336 0.098384 0.039986 0.145457 0.107664 0.045177
INFO:TEST:  0.131391 0.097881 0.040710 0.134211 0.100515 0.042501 0.147387 0.111717 0.048571
INFO:save checkpoint: results/XML_top20_20240327_152318/model.ckpt
INFO:
INFO:EPOCH: 39
INFO:NDCG@10, IoU=0.3	NDCG@10, IoU=0.5	NDCG@10, IoU=0.7	NDCG@20, IoU=0.3	NDCG@20, IoU=0.5	NDCG@20, IoU=0.7	NDCG@40, IoU=0.3	NDCG@40, IoU=0.5	NDCG@40, IoU=0.7	
INFO:VAL:  0.130650 0.093869 0.037829 0.132002 0.097865 0.039566 0.143033 0.106473 0.044757
INFO:TEST:  0.131421 0.096070 0.038819 0.133764 0.099050 0.041407 0.147178 0.110856 0.047819
INFO:
INFO:EPOCH: 40
INFO:NDCG@10, IoU=0.3	NDCG@10, IoU=0.5	NDCG@10, IoU=0.7	NDCG@20, IoU=0.3	NDCG@20, IoU=0.5	NDCG@20, IoU=0.7	NDCG@40, IoU=0.3	NDCG@40, IoU=0.5	NDCG@40, IoU=0.7	
INFO:VAL:  0.131750 0.096765 0.041474 0.131470 0.096700 0.041430 0.144583 0.107061 0.046545
INFO:TEST:  0.132387 0.096246 0.039332 0.134378 0.099059 0.042032 0.147651 0.110519 0.047992
INFO:
INFO:EPOCH: 40
INFO:NDCG@10, IoU=0.3	NDCG@10, IoU=0.5	NDCG@10, IoU=0.7	NDCG@20, IoU=0.3	NDCG@20, IoU=0.5	NDCG@20, IoU=0.7	NDCG@40, IoU=0.3	NDCG@40, IoU=0.5	NDCG@40, IoU=0.7	
INFO:VAL:  0.130428 0.098637 0.038914 0.131821 0.100114 0.039628 0.143768 0.109930 0.045542
INFO:TEST:  0.131131 0.097385 0.040808 0.133710 0.100205 0.042691 0.147305 0.111918 0.048910
INFO:
INFO:EPOCH: 41
INFO:NDCG@10, IoU=0.3	NDCG@10, IoU=0.5	NDCG@10, IoU=0.7	NDCG@20, IoU=0.3	NDCG@20, IoU=0.5	NDCG@20, IoU=0.7	NDCG@40, IoU=0.3	NDCG@40, IoU=0.5	NDCG@40, IoU=0.7	
INFO:VAL:  0.131548 0.099375 0.041958 0.133224 0.100511 0.041807 0.145545 0.110667 0.047215
INFO:TEST:  0.131861 0.097024 0.040312 0.135247 0.100515 0.042667 0.148084 0.112053 0.049190
INFO:save checkpoint: results/XML_top20_20240327_152318/model.ckpt
INFO:
INFO:EPOCH: 41
INFO:NDCG@10, IoU=0.3	NDCG@10, IoU=0.5	NDCG@10, IoU=0.7	NDCG@20, IoU=0.3	NDCG@20, IoU=0.5	NDCG@20, IoU=0.7	NDCG@40, IoU=0.3	NDCG@40, IoU=0.5	NDCG@40, IoU=0.7	
INFO:VAL:  0.130644 0.099699 0.038765 0.132052 0.100613 0.039258 0.145301 0.111568 0.045716
INFO:TEST:  0.133491 0.097209 0.038465 0.135956 0.100285 0.041625 0.149351 0.112162 0.048583
INFO:
INFO:EPOCH: 42
INFO:NDCG@10, IoU=0.3	NDCG@10, IoU=0.5	NDCG@10, IoU=0.7	NDCG@20, IoU=0.3	NDCG@20, IoU=0.5	NDCG@20, IoU=0.7	NDCG@40, IoU=0.3	NDCG@40, IoU=0.5	NDCG@40, IoU=0.7	
INFO:VAL:  0.134164 0.100748 0.040212 0.134291 0.101626 0.041454 0.145625 0.111480 0.046653
INFO:TEST:  0.133305 0.097315 0.040844 0.136398 0.100692 0.043075 0.149071 0.111983 0.049492
INFO:save checkpoint: results/XML_top20_20240327_152318/model.ckpt
INFO:
INFO:EPOCH: 42
INFO:NDCG@10, IoU=0.3	NDCG@10, IoU=0.5	NDCG@10, IoU=0.7	NDCG@20, IoU=0.3	NDCG@20, IoU=0.5	NDCG@20, IoU=0.7	NDCG@40, IoU=0.3	NDCG@40, IoU=0.5	NDCG@40, IoU=0.7	
INFO:VAL:  0.131818 0.098496 0.037564 0.134075 0.100499 0.039746 0.146424 0.111532 0.046554
INFO:TEST:  0.133936 0.097840 0.039881 0.136788 0.101146 0.042684 0.149943 0.112644 0.049121
INFO:
INFO:EPOCH: 43
INFO:NDCG@10, IoU=0.3	NDCG@10, IoU=0.5	NDCG@10, IoU=0.7	NDCG@20, IoU=0.3	NDCG@20, IoU=0.5	NDCG@20, IoU=0.7	NDCG@40, IoU=0.3	NDCG@40, IoU=0.5	NDCG@40, IoU=0.7	
INFO:VAL:  0.130340 0.099215 0.038413 0.131844 0.101063 0.040154 0.143994 0.111620 0.045836
INFO:TEST:  0.133418 0.099156 0.041550 0.135825 0.101735 0.043663 0.149234 0.113474 0.050259
INFO:
INFO:EPOCH: 43
INFO:NDCG@10, IoU=0.3	NDCG@10, IoU=0.5	NDCG@10, IoU=0.7	NDCG@20, IoU=0.3	NDCG@20, IoU=0.5	NDCG@20, IoU=0.7	NDCG@40, IoU=0.3	NDCG@40, IoU=0.5	NDCG@40, IoU=0.7	
INFO:VAL:  0.130309 0.095665 0.038850 0.132432 0.098725 0.040893 0.144341 0.109430 0.046049
INFO:TEST:  0.132549 0.097067 0.039609 0.135771 0.100603 0.041799 0.148799 0.112478 0.048134
INFO:
INFO:EPOCH: 44
INFO:NDCG@10, IoU=0.3	NDCG@10, IoU=0.5	NDCG@10, IoU=0.7	NDCG@20, IoU=0.3	NDCG@20, IoU=0.5	NDCG@20, IoU=0.7	NDCG@40, IoU=0.3	NDCG@40, IoU=0.5	NDCG@40, IoU=0.7	
INFO:VAL:  0.129131 0.097683 0.041691 0.132621 0.101203 0.042296 0.144909 0.111600 0.048310
INFO:TEST:  0.135047 0.098618 0.040821 0.137362 0.101721 0.042848 0.150055 0.113053 0.049248
INFO:
INFO:EPOCH: 44
INFO:NDCG@10, IoU=0.3	NDCG@10, IoU=0.5	NDCG@10, IoU=0.7	NDCG@20, IoU=0.3	NDCG@20, IoU=0.5	NDCG@20, IoU=0.7	NDCG@40, IoU=0.3	NDCG@40, IoU=0.5	NDCG@40, IoU=0.7	
INFO:VAL:  0.133126 0.101115 0.038731 0.135651 0.103202 0.040152 0.145150 0.111604 0.045917
INFO:TEST:  0.136689 0.100247 0.040334 0.138793 0.102928 0.043163 0.151241 0.114310 0.049753
INFO:
INFO:EPOCH: 45
INFO:NDCG@10, IoU=0.3	NDCG@10, IoU=0.5	NDCG@10, IoU=0.7	NDCG@20, IoU=0.3	NDCG@20, IoU=0.5	NDCG@20, IoU=0.7	NDCG@40, IoU=0.3	NDCG@40, IoU=0.5	NDCG@40, IoU=0.7	
INFO:VAL:  0.133096 0.099650 0.039738 0.134414 0.101431 0.040570 0.145068 0.110651 0.046339
INFO:TEST:  0.137977 0.101784 0.041023 0.140635 0.105094 0.044080 0.153303 0.116366 0.050641
INFO:
INFO:EPOCH: 45
INFO:NDCG@10, IoU=0.3	NDCG@10, IoU=0.5	NDCG@10, IoU=0.7	NDCG@20, IoU=0.3	NDCG@20, IoU=0.5	NDCG@20, IoU=0.7	NDCG@40, IoU=0.3	NDCG@40, IoU=0.5	NDCG@40, IoU=0.7	
INFO:VAL:  0.134494 0.100434 0.038933 0.135470 0.102361 0.041033 0.147879 0.113055 0.046834
INFO:TEST:  0.135288 0.099857 0.040654 0.137896 0.103118 0.043202 0.150773 0.114590 0.049576
INFO:save checkpoint: results/XML_top20_20240327_152318/model.ckpt
INFO:
INFO:EPOCH: 46
INFO:NDCG@10, IoU=0.3	NDCG@10, IoU=0.5	NDCG@10, IoU=0.7	NDCG@20, IoU=0.3	NDCG@20, IoU=0.5	NDCG@20, IoU=0.7	NDCG@40, IoU=0.3	NDCG@40, IoU=0.5	NDCG@40, IoU=0.7	
INFO:VAL:  0.131043 0.099658 0.041355 0.133455 0.102728 0.042703 0.145687 0.113110 0.047562
INFO:TEST:  0.135028 0.098690 0.040063 0.137798 0.102238 0.043025 0.151304 0.114638 0.050011
INFO:
INFO:EPOCH: 46
INFO:NDCG@10, IoU=0.3	NDCG@10, IoU=0.5	NDCG@10, IoU=0.7	NDCG@20, IoU=0.3	NDCG@20, IoU=0.5	NDCG@20, IoU=0.7	NDCG@40, IoU=0.3	NDCG@40, IoU=0.5	NDCG@40, IoU=0.7	
INFO:VAL:  0.135284 0.098361 0.038265 0.139362 0.102646 0.041451 0.148194 0.111725 0.047303
INFO:TEST:  0.136464 0.100292 0.041975 0.139427 0.103963 0.043972 0.152068 0.115462 0.050282
INFO:save checkpoint: results/XML_top20_20240327_152318/model.ckpt
INFO:
INFO:EPOCH: 47
INFO:NDCG@10, IoU=0.3	NDCG@10, IoU=0.5	NDCG@10, IoU=0.7	NDCG@20, IoU=0.3	NDCG@20, IoU=0.5	NDCG@20, IoU=0.7	NDCG@40, IoU=0.3	NDCG@40, IoU=0.5	NDCG@40, IoU=0.7	
INFO:VAL:  0.133535 0.099868 0.040775 0.134827 0.100843 0.042072 0.146289 0.110853 0.048415
INFO:TEST:  0.135473 0.100285 0.041290 0.138045 0.103099 0.043754 0.151569 0.115123 0.050417
INFO:
INFO:EPOCH: 47
INFO:NDCG@10, IoU=0.3	NDCG@10, IoU=0.5	NDCG@10, IoU=0.7	NDCG@20, IoU=0.3	NDCG@20, IoU=0.5	NDCG@20, IoU=0.7	NDCG@40, IoU=0.3	NDCG@40, IoU=0.5	NDCG@40, IoU=0.7	
INFO:VAL:  0.134914 0.101242 0.038761 0.137062 0.103189 0.040340 0.148593 0.112920 0.046446
INFO:TEST:  0.136503 0.100201 0.041180 0.138587 0.103106 0.043624 0.151169 0.114584 0.050025
INFO:save checkpoint: results/XML_top20_20240327_152318/model.ckpt
INFO:
INFO:EPOCH: 48
INFO:NDCG@10, IoU=0.3	NDCG@10, IoU=0.5	NDCG@10, IoU=0.7	NDCG@20, IoU=0.3	NDCG@20, IoU=0.5	NDCG@20, IoU=0.7	NDCG@40, IoU=0.3	NDCG@40, IoU=0.5	NDCG@40, IoU=0.7	
INFO:VAL:  0.138521 0.104656 0.039745 0.139066 0.104714 0.041143 0.151250 0.114306 0.046476
INFO:TEST:  0.137659 0.101251 0.041586 0.139667 0.104132 0.043896 0.153000 0.115921 0.050374
INFO:save checkpoint: results/XML_top20_20240327_152318/model.ckpt
INFO:
INFO:EPOCH: 48
INFO:NDCG@10, IoU=0.3	NDCG@10, IoU=0.5	NDCG@10, IoU=0.7	NDCG@20, IoU=0.3	NDCG@20, IoU=0.5	NDCG@20, IoU=0.7	NDCG@40, IoU=0.3	NDCG@40, IoU=0.5	NDCG@40, IoU=0.7	
INFO:VAL:  0.133910 0.100043 0.040484 0.135724 0.102994 0.042047 0.148620 0.113936 0.048121
INFO:TEST:  0.134596 0.099234 0.040441 0.137372 0.103048 0.043289 0.150810 0.115051 0.049844
INFO:
INFO:EPOCH: 49
INFO:NDCG@10, IoU=0.3	NDCG@10, IoU=0.5	NDCG@10, IoU=0.7	NDCG@20, IoU=0.3	NDCG@20, IoU=0.5	NDCG@20, IoU=0.7	NDCG@40, IoU=0.3	NDCG@40, IoU=0.5	NDCG@40, IoU=0.7	
INFO:VAL:  0.135348 0.101924 0.038861 0.136346 0.103867 0.040808 0.149304 0.114098 0.047649
INFO:TEST:  0.135411 0.099418 0.041641 0.138161 0.103543 0.043973 0.150876 0.114937 0.050844
INFO:
INFO:EPOCH: 49
INFO:NDCG@10, IoU=0.3	NDCG@10, IoU=0.5	NDCG@10, IoU=0.7	NDCG@20, IoU=0.3	NDCG@20, IoU=0.5	NDCG@20, IoU=0.7	NDCG@40, IoU=0.3	NDCG@40, IoU=0.5	NDCG@40, IoU=0.7	
INFO:VAL:  0.130550 0.097977 0.039625 0.132937 0.100276 0.040626 0.146563 0.111641 0.047133
INFO:TEST:  0.138147 0.102888 0.042926 0.140809 0.105684 0.045187 0.153925 0.117257 0.051399
INFO:
INFO:EPOCH: 50
INFO:NDCG@10, IoU=0.3	NDCG@10, IoU=0.5	NDCG@10, IoU=0.7	NDCG@20, IoU=0.3	NDCG@20, IoU=0.5	NDCG@20, IoU=0.7	NDCG@40, IoU=0.3	NDCG@40, IoU=0.5	NDCG@40, IoU=0.7	
INFO:VAL:  0.129991 0.099340 0.038463 0.134122 0.101561 0.041070 0.146284 0.112047 0.046356
INFO:TEST:  0.138910 0.103355 0.042726 0.140396 0.106002 0.045373 0.153332 0.117433 0.051130
INFO:
INFO:EPOCH: 50
INFO:NDCG@10, IoU=0.3	NDCG@10, IoU=0.5	NDCG@10, IoU=0.7	NDCG@20, IoU=0.3	NDCG@20, IoU=0.5	NDCG@20, IoU=0.7	NDCG@40, IoU=0.3	NDCG@40, IoU=0.5	NDCG@40, IoU=0.7	
INFO:VAL:  0.135525 0.101803 0.040062 0.138081 0.103730 0.041544 0.149847 0.113639 0.046834
INFO:TEST:  0.137020 0.102552 0.041179 0.139464 0.105720 0.043708 0.152926 0.117603 0.050605
INFO:
INFO:EPOCH: 51
INFO:NDCG@10, IoU=0.3	NDCG@10, IoU=0.5	NDCG@10, IoU=0.7	NDCG@20, IoU=0.3	NDCG@20, IoU=0.5	NDCG@20, IoU=0.7	NDCG@40, IoU=0.3	NDCG@40, IoU=0.5	NDCG@40, IoU=0.7	
INFO:VAL:  0.137697 0.102016 0.040816 0.139758 0.103978 0.042414 0.150712 0.114145 0.048296
INFO:TEST:  0.141428 0.104661 0.042901 0.142923 0.107225 0.045235 0.155500 0.118510 0.051862
INFO:
INFO:EPOCH: 51
INFO:NDCG@10, IoU=0.3	NDCG@10, IoU=0.5	NDCG@10, IoU=0.7	NDCG@20, IoU=0.3	NDCG@20, IoU=0.5	NDCG@20, IoU=0.7	NDCG@40, IoU=0.3	NDCG@40, IoU=0.5	NDCG@40, IoU=0.7	
INFO:VAL:  0.139632 0.104291 0.040766 0.139199 0.104506 0.041436 0.151909 0.114795 0.047753
INFO:TEST:  0.140329 0.103755 0.042657 0.142600 0.106802 0.045271 0.155118 0.117986 0.052169
INFO:save checkpoint: results/XML_top20_20240327_152318/model.ckpt
INFO:
INFO:EPOCH: 52
INFO:NDCG@10, IoU=0.3	NDCG@10, IoU=0.5	NDCG@10, IoU=0.7	NDCG@20, IoU=0.3	NDCG@20, IoU=0.5	NDCG@20, IoU=0.7	NDCG@40, IoU=0.3	NDCG@40, IoU=0.5	NDCG@40, IoU=0.7	
INFO:VAL:  0.140334 0.102698 0.039497 0.140503 0.104851 0.041780 0.152671 0.115115 0.047565
INFO:TEST:  0.139790 0.103613 0.042805 0.141690 0.107085 0.045733 0.154645 0.118372 0.052231
INFO:save checkpoint: results/XML_top20_20240327_152318/model.ckpt
INFO:
INFO:EPOCH: 52
INFO:NDCG@10, IoU=0.3	NDCG@10, IoU=0.5	NDCG@10, IoU=0.7	NDCG@20, IoU=0.3	NDCG@20, IoU=0.5	NDCG@20, IoU=0.7	NDCG@40, IoU=0.3	NDCG@40, IoU=0.5	NDCG@40, IoU=0.7	
INFO:VAL:  0.139063 0.105582 0.040549 0.140595 0.106667 0.041884 0.152848 0.116997 0.048312
INFO:TEST:  0.141980 0.105484 0.043353 0.143601 0.107987 0.045446 0.156243 0.119467 0.051994
INFO:save checkpoint: results/XML_top20_20240327_152318/model.ckpt
INFO:
INFO:EPOCH: 53
INFO:NDCG@10, IoU=0.3	NDCG@10, IoU=0.5	NDCG@10, IoU=0.7	NDCG@20, IoU=0.3	NDCG@20, IoU=0.5	NDCG@20, IoU=0.7	NDCG@40, IoU=0.3	NDCG@40, IoU=0.5	NDCG@40, IoU=0.7	
INFO:VAL:  0.140438 0.105263 0.040142 0.141284 0.105883 0.040582 0.153606 0.115958 0.048041
INFO:TEST:  0.142261 0.106799 0.043129 0.143538 0.108723 0.044986 0.156395 0.120249 0.051818
INFO:
INFO:EPOCH: 53
INFO:NDCG@10, IoU=0.3	NDCG@10, IoU=0.5	NDCG@10, IoU=0.7	NDCG@20, IoU=0.3	NDCG@20, IoU=0.5	NDCG@20, IoU=0.7	NDCG@40, IoU=0.3	NDCG@40, IoU=0.5	NDCG@40, IoU=0.7	
INFO:VAL:  0.139367 0.104491 0.040755 0.141443 0.105817 0.041553 0.151801 0.115661 0.047387
INFO:TEST:  0.142013 0.103599 0.042468 0.143795 0.106656 0.044795 0.155768 0.117604 0.051354
INFO:
INFO:EPOCH: 54
INFO:NDCG@10, IoU=0.3	NDCG@10, IoU=0.5	NDCG@10, IoU=0.7	NDCG@20, IoU=0.3	NDCG@20, IoU=0.5	NDCG@20, IoU=0.7	NDCG@40, IoU=0.3	NDCG@40, IoU=0.5	NDCG@40, IoU=0.7	
INFO:VAL:  0.133274 0.100931 0.039225 0.137465 0.105243 0.042132 0.149485 0.115553 0.048570
INFO:TEST:  0.140512 0.103539 0.042230 0.142241 0.106608 0.044716 0.155078 0.118048 0.051682
INFO:
INFO:EPOCH: 54
INFO:NDCG@10, IoU=0.3	NDCG@10, IoU=0.5	NDCG@10, IoU=0.7	NDCG@20, IoU=0.3	NDCG@20, IoU=0.5	NDCG@20, IoU=0.7	NDCG@40, IoU=0.3	NDCG@40, IoU=0.5	NDCG@40, IoU=0.7	
INFO:VAL:  0.142448 0.105303 0.038262 0.144174 0.106960 0.040153 0.155425 0.117290 0.047226
INFO:TEST:  0.139413 0.102697 0.041601 0.141585 0.105659 0.043956 0.155090 0.117466 0.050742
INFO:save checkpoint: results/XML_top20_20240327_152318/model.ckpt
INFO:
INFO:EPOCH: 55
INFO:NDCG@10, IoU=0.3	NDCG@10, IoU=0.5	NDCG@10, IoU=0.7	NDCG@20, IoU=0.3	NDCG@20, IoU=0.5	NDCG@20, IoU=0.7	NDCG@40, IoU=0.3	NDCG@40, IoU=0.5	NDCG@40, IoU=0.7	
INFO:VAL:  0.135968 0.100972 0.039681 0.139864 0.105173 0.041522 0.151698 0.115839 0.047337
INFO:TEST:  0.141112 0.103264 0.042148 0.143744 0.107231 0.044939 0.156752 0.118906 0.051449
INFO:
INFO:EPOCH: 55
INFO:NDCG@10, IoU=0.3	NDCG@10, IoU=0.5	NDCG@10, IoU=0.7	NDCG@20, IoU=0.3	NDCG@20, IoU=0.5	NDCG@20, IoU=0.7	NDCG@40, IoU=0.3	NDCG@40, IoU=0.5	NDCG@40, IoU=0.7	
INFO:VAL:  0.138921 0.103089 0.039528 0.141620 0.106189 0.042221 0.153666 0.116904 0.048413
INFO:TEST:  0.140573 0.104660 0.041359 0.142927 0.107238 0.043911 0.156593 0.119193 0.050834
INFO:
INFO:EPOCH: 56
INFO:NDCG@10, IoU=0.3	NDCG@10, IoU=0.5	NDCG@10, IoU=0.7	NDCG@20, IoU=0.3	NDCG@20, IoU=0.5	NDCG@20, IoU=0.7	NDCG@40, IoU=0.3	NDCG@40, IoU=0.5	NDCG@40, IoU=0.7	
INFO:VAL:  0.138444 0.100776 0.039005 0.140413 0.103942 0.040922 0.153594 0.115567 0.048456
INFO:TEST:  0.142162 0.104980 0.042581 0.143790 0.107462 0.045376 0.156776 0.118900 0.051838
INFO:
INFO:EPOCH: 56
INFO:NDCG@10, IoU=0.3	NDCG@10, IoU=0.5	NDCG@10, IoU=0.7	NDCG@20, IoU=0.3	NDCG@20, IoU=0.5	NDCG@20, IoU=0.7	NDCG@40, IoU=0.3	NDCG@40, IoU=0.5	NDCG@40, IoU=0.7	
INFO:VAL:  0.141687 0.106770 0.040212 0.141352 0.107130 0.041454 0.152185 0.117365 0.047460
INFO:TEST:  0.143325 0.106308 0.043160 0.145603 0.109316 0.045566 0.157682 0.120342 0.051979
INFO:
INFO:EPOCH: 57
INFO:NDCG@10, IoU=0.3	NDCG@10, IoU=0.5	NDCG@10, IoU=0.7	NDCG@20, IoU=0.3	NDCG@20, IoU=0.5	NDCG@20, IoU=0.7	NDCG@40, IoU=0.3	NDCG@40, IoU=0.5	NDCG@40, IoU=0.7	
INFO:VAL:  0.138498 0.102161 0.037594 0.140147 0.104670 0.040418 0.152556 0.116348 0.047967
INFO:TEST:  0.141645 0.104330 0.041955 0.143732 0.107340 0.044827 0.156921 0.119476 0.052158
INFO:
INFO:EPOCH: 57
INFO:NDCG@10, IoU=0.3	NDCG@10, IoU=0.5	NDCG@10, IoU=0.7	NDCG@20, IoU=0.3	NDCG@20, IoU=0.5	NDCG@20, IoU=0.7	NDCG@40, IoU=0.3	NDCG@40, IoU=0.5	NDCG@40, IoU=0.7	
INFO:VAL:  0.140475 0.101961 0.040035 0.141726 0.104910 0.043127 0.152834 0.114729 0.048598
INFO:TEST:  0.140623 0.104337 0.042813 0.143046 0.107342 0.045542 0.156261 0.118988 0.052087
INFO:
INFO:EPOCH: 58
INFO:NDCG@10, IoU=0.3	NDCG@10, IoU=0.5	NDCG@10, IoU=0.7	NDCG@20, IoU=0.3	NDCG@20, IoU=0.5	NDCG@20, IoU=0.7	NDCG@40, IoU=0.3	NDCG@40, IoU=0.5	NDCG@40, IoU=0.7	
INFO:VAL:  0.139814 0.103233 0.037395 0.141401 0.106484 0.039772 0.153529 0.117132 0.046908
INFO:TEST:  0.142424 0.104458 0.043069 0.144879 0.108077 0.045711 0.157357 0.119655 0.052215
INFO:
INFO:EPOCH: 58
INFO:NDCG@10, IoU=0.3	NDCG@10, IoU=0.5	NDCG@10, IoU=0.7	NDCG@20, IoU=0.3	NDCG@20, IoU=0.5	NDCG@20, IoU=0.7	NDCG@40, IoU=0.3	NDCG@40, IoU=0.5	NDCG@40, IoU=0.7	
INFO:VAL:  0.138677 0.103831 0.038384 0.140754 0.105170 0.040330 0.152659 0.116138 0.047506
INFO:TEST:  0.140852 0.104530 0.042863 0.143966 0.108241 0.045748 0.156695 0.119702 0.052156
INFO:
INFO:EPOCH: 59
INFO:NDCG@10, IoU=0.3	NDCG@10, IoU=0.5	NDCG@10, IoU=0.7	NDCG@20, IoU=0.3	NDCG@20, IoU=0.5	NDCG@20, IoU=0.7	NDCG@40, IoU=0.3	NDCG@40, IoU=0.5	NDCG@40, IoU=0.7	
INFO:VAL:  0.136474 0.099436 0.037969 0.138446 0.102929 0.041485 0.149374 0.113398 0.047285
INFO:TEST:  0.143059 0.106073 0.043543 0.144554 0.108292 0.045584 0.157514 0.119899 0.052169
INFO:
INFO:EPOCH: 59
INFO:NDCG@10, IoU=0.3	NDCG@10, IoU=0.5	NDCG@10, IoU=0.7	NDCG@20, IoU=0.3	NDCG@20, IoU=0.5	NDCG@20, IoU=0.7	NDCG@40, IoU=0.3	NDCG@40, IoU=0.5	NDCG@40, IoU=0.7	
INFO:VAL:  0.137909 0.104484 0.041022 0.140769 0.106470 0.041975 0.151383 0.116583 0.047934
INFO:TEST:  0.142626 0.105749 0.044934 0.145068 0.109315 0.047273 0.158387 0.121537 0.053797
INFO:
INFO:EPOCH: 60
INFO:NDCG@10, IoU=0.3	NDCG@10, IoU=0.5	NDCG@10, IoU=0.7	NDCG@20, IoU=0.3	NDCG@20, IoU=0.5	NDCG@20, IoU=0.7	NDCG@40, IoU=0.3	NDCG@40, IoU=0.5	NDCG@40, IoU=0.7	
INFO:VAL:  0.140250 0.104192 0.040447 0.141191 0.104909 0.042173 0.152568 0.115052 0.048869
INFO:TEST:  0.142958 0.106060 0.043813 0.145884 0.110173 0.046830 0.158474 0.121472 0.053197
INFO:
INFO:EPOCH: 60
INFO:NDCG@10, IoU=0.3	NDCG@10, IoU=0.5	NDCG@10, IoU=0.7	NDCG@20, IoU=0.3	NDCG@20, IoU=0.5	NDCG@20, IoU=0.7	NDCG@40, IoU=0.3	NDCG@40, IoU=0.5	NDCG@40, IoU=0.7	
INFO:VAL:  0.142662 0.106698 0.038980 0.142883 0.106444 0.040462 0.155289 0.117820 0.047758
INFO:TEST:  0.145909 0.107957 0.044350 0.147336 0.110502 0.046562 0.159849 0.121885 0.053298
INFO:save checkpoint: results/XML_top20_20240327_152318/model.ckpt
INFO:
INFO:EPOCH: 61
INFO:NDCG@10, IoU=0.3	NDCG@10, IoU=0.5	NDCG@10, IoU=0.7	NDCG@20, IoU=0.3	NDCG@20, IoU=0.5	NDCG@20, IoU=0.7	NDCG@40, IoU=0.3	NDCG@40, IoU=0.5	NDCG@40, IoU=0.7	
INFO:VAL:  0.138905 0.106225 0.038228 0.139364 0.106714 0.039948 0.153089 0.118445 0.046690
INFO:TEST:  0.141229 0.104104 0.044269 0.144443 0.107838 0.046715 0.157407 0.119321 0.053215
INFO:
INFO:EPOCH: 61
INFO:NDCG@10, IoU=0.3	NDCG@10, IoU=0.5	NDCG@10, IoU=0.7	NDCG@20, IoU=0.3	NDCG@20, IoU=0.5	NDCG@20, IoU=0.7	NDCG@40, IoU=0.3	NDCG@40, IoU=0.5	NDCG@40, IoU=0.7	
INFO:VAL:  0.141305 0.105649 0.041113 0.143200 0.107667 0.042336 0.155257 0.118425 0.048797
INFO:TEST:  0.141679 0.105724 0.043735 0.144884 0.109359 0.046096 0.157901 0.121076 0.052160
INFO:save checkpoint: results/XML_top20_20240327_152318/model.ckpt
INFO:
INFO:EPOCH: 62
INFO:NDCG@10, IoU=0.3	NDCG@10, IoU=0.5	NDCG@10, IoU=0.7	NDCG@20, IoU=0.3	NDCG@20, IoU=0.5	NDCG@20, IoU=0.7	NDCG@40, IoU=0.3	NDCG@40, IoU=0.5	NDCG@40, IoU=0.7	
INFO:VAL:  0.139898 0.104805 0.042026 0.141529 0.106323 0.043136 0.153985 0.117914 0.050355
INFO:TEST:  0.143046 0.106728 0.044254 0.144926 0.109721 0.046267 0.157677 0.120899 0.053085
INFO:
INFO:EPOCH: 62
INFO:NDCG@10, IoU=0.3	NDCG@10, IoU=0.5	NDCG@10, IoU=0.7	NDCG@20, IoU=0.3	NDCG@20, IoU=0.5	NDCG@20, IoU=0.7	NDCG@40, IoU=0.3	NDCG@40, IoU=0.5	NDCG@40, IoU=0.7	
INFO:VAL:  0.142629 0.105757 0.041824 0.145140 0.108629 0.043540 0.155228 0.117447 0.048338
INFO:TEST:  0.143525 0.105842 0.044272 0.147031 0.110228 0.047175 0.159235 0.121471 0.053539
INFO:save checkpoint: results/XML_top20_20240327_152318/model.ckpt
INFO:
INFO:EPOCH: 63
INFO:NDCG@10, IoU=0.3	NDCG@10, IoU=0.5	NDCG@10, IoU=0.7	NDCG@20, IoU=0.3	NDCG@20, IoU=0.5	NDCG@20, IoU=0.7	NDCG@40, IoU=0.3	NDCG@40, IoU=0.5	NDCG@40, IoU=0.7	
INFO:VAL:  0.145238 0.110932 0.044156 0.145956 0.111220 0.045236 0.156075 0.120369 0.050315
INFO:TEST:  0.145935 0.107626 0.044920 0.147061 0.110094 0.047403 0.159640 0.121314 0.053753
INFO:save checkpoint: results/XML_top20_20240327_152318/model.ckpt
INFO:
INFO:EPOCH: 63
INFO:NDCG@10, IoU=0.3	NDCG@10, IoU=0.5	NDCG@10, IoU=0.7	NDCG@20, IoU=0.3	NDCG@20, IoU=0.5	NDCG@20, IoU=0.7	NDCG@40, IoU=0.3	NDCG@40, IoU=0.5	NDCG@40, IoU=0.7	
INFO:VAL:  0.138644 0.103428 0.040250 0.140459 0.105646 0.041858 0.152925 0.116800 0.048673
INFO:TEST:  0.145377 0.107287 0.043861 0.147171 0.109570 0.046470 0.159698 0.121502 0.053084
INFO:
INFO:EPOCH: 64
INFO:NDCG@10, IoU=0.3	NDCG@10, IoU=0.5	NDCG@10, IoU=0.7	NDCG@20, IoU=0.3	NDCG@20, IoU=0.5	NDCG@20, IoU=0.7	NDCG@40, IoU=0.3	NDCG@40, IoU=0.5	NDCG@40, IoU=0.7	
INFO:VAL:  0.141596 0.103304 0.041426 0.142917 0.106652 0.042933 0.154615 0.117853 0.049147
INFO:TEST:  0.143709 0.107371 0.044074 0.146641 0.110242 0.046565 0.159316 0.121425 0.053154
INFO:
INFO:EPOCH: 64
INFO:NDCG@10, IoU=0.3	NDCG@10, IoU=0.5	NDCG@10, IoU=0.7	NDCG@20, IoU=0.3	NDCG@20, IoU=0.5	NDCG@20, IoU=0.7	NDCG@40, IoU=0.3	NDCG@40, IoU=0.5	NDCG@40, IoU=0.7	
INFO:VAL:  0.138425 0.105898 0.041561 0.141357 0.107058 0.043037 0.153308 0.118202 0.050067
INFO:TEST:  0.145217 0.108794 0.045283 0.147219 0.111908 0.047719 0.160065 0.123431 0.054053
INFO:
INFO:EPOCH: 65
INFO:NDCG@10, IoU=0.3	NDCG@10, IoU=0.5	NDCG@10, IoU=0.7	NDCG@20, IoU=0.3	NDCG@20, IoU=0.5	NDCG@20, IoU=0.7	NDCG@40, IoU=0.3	NDCG@40, IoU=0.5	NDCG@40, IoU=0.7	
INFO:VAL:  0.139099 0.103782 0.039565 0.142237 0.107410 0.043085 0.153329 0.117815 0.049461
INFO:TEST:  0.144927 0.108053 0.044922 0.146864 0.110953 0.047382 0.159681 0.122226 0.053735
INFO:
INFO:EPOCH: 65
INFO:NDCG@10, IoU=0.3	NDCG@10, IoU=0.5	NDCG@10, IoU=0.7	NDCG@20, IoU=0.3	NDCG@20, IoU=0.5	NDCG@20, IoU=0.7	NDCG@40, IoU=0.3	NDCG@40, IoU=0.5	NDCG@40, IoU=0.7	
INFO:VAL:  0.141030 0.104234 0.040937 0.142405 0.106166 0.043236 0.155012 0.117321 0.049469
INFO:TEST:  0.145818 0.108228 0.045521 0.148459 0.111307 0.048140 0.160801 0.122393 0.054146
INFO:
INFO:EPOCH: 66
INFO:NDCG@10, IoU=0.3	NDCG@10, IoU=0.5	NDCG@10, IoU=0.7	NDCG@20, IoU=0.3	NDCG@20, IoU=0.5	NDCG@20, IoU=0.7	NDCG@40, IoU=0.3	NDCG@40, IoU=0.5	NDCG@40, IoU=0.7	
INFO:VAL:  0.142828 0.106574 0.040931 0.143520 0.107920 0.043517 0.155460 0.118630 0.050154
INFO:TEST:  0.146340 0.108488 0.043899 0.147777 0.110865 0.045965 0.160906 0.122777 0.053107
INFO:
INFO:EPOCH: 66
INFO:NDCG@10, IoU=0.3	NDCG@10, IoU=0.5	NDCG@10, IoU=0.7	NDCG@20, IoU=0.3	NDCG@20, IoU=0.5	NDCG@20, IoU=0.7	NDCG@40, IoU=0.3	NDCG@40, IoU=0.5	NDCG@40, IoU=0.7	
INFO:VAL:  0.145490 0.109630 0.042014 0.145528 0.108996 0.044361 0.156922 0.119530 0.050865
INFO:TEST:  0.145206 0.107231 0.044461 0.147028 0.110199 0.046753 0.159213 0.120844 0.052875
INFO:
INFO:EPOCH: 67
INFO:NDCG@10, IoU=0.3	NDCG@10, IoU=0.5	NDCG@10, IoU=0.7	NDCG@20, IoU=0.3	NDCG@20, IoU=0.5	NDCG@20, IoU=0.7	NDCG@40, IoU=0.3	NDCG@40, IoU=0.5	NDCG@40, IoU=0.7	
INFO:VAL:  0.142447 0.104063 0.042058 0.144289 0.106905 0.043525 0.157042 0.117339 0.049076
INFO:TEST:  0.145975 0.107534 0.045179 0.148356 0.110856 0.047518 0.160470 0.121794 0.053637
INFO:
INFO:EPOCH: 67
INFO:NDCG@10, IoU=0.3	NDCG@10, IoU=0.5	NDCG@10, IoU=0.7	NDCG@20, IoU=0.3	NDCG@20, IoU=0.5	NDCG@20, IoU=0.7	NDCG@40, IoU=0.3	NDCG@40, IoU=0.5	NDCG@40, IoU=0.7	
INFO:VAL:  0.147351 0.107955 0.042064 0.149778 0.112736 0.044335 0.161801 0.122655 0.050628
INFO:TEST:  0.146466 0.107144 0.042974 0.147677 0.109900 0.046361 0.160895 0.121679 0.053425
INFO:save checkpoint: results/XML_top20_20240327_152318/model.ckpt
INFO:
INFO:EPOCH: 68
INFO:NDCG@10, IoU=0.3	NDCG@10, IoU=0.5	NDCG@10, IoU=0.7	NDCG@20, IoU=0.3	NDCG@20, IoU=0.5	NDCG@20, IoU=0.7	NDCG@40, IoU=0.3	NDCG@40, IoU=0.5	NDCG@40, IoU=0.7	
INFO:VAL:  0.143724 0.106254 0.041058 0.145828 0.109847 0.043818 0.158630 0.120780 0.050675
INFO:TEST:  0.146113 0.107314 0.044127 0.147834 0.110762 0.046679 0.159840 0.121967 0.052919
INFO:
INFO:EPOCH: 68
INFO:NDCG@10, IoU=0.3	NDCG@10, IoU=0.5	NDCG@10, IoU=0.7	NDCG@20, IoU=0.3	NDCG@20, IoU=0.5	NDCG@20, IoU=0.7	NDCG@40, IoU=0.3	NDCG@40, IoU=0.5	NDCG@40, IoU=0.7	
INFO:VAL:  0.139587 0.107408 0.041721 0.143525 0.111098 0.045423 0.154853 0.120610 0.050693
INFO:TEST:  0.148185 0.109007 0.045024 0.149921 0.112106 0.047544 0.162096 0.123692 0.053701
INFO:
INFO:EPOCH: 69
INFO:NDCG@10, IoU=0.3	NDCG@10, IoU=0.5	NDCG@10, IoU=0.7	NDCG@20, IoU=0.3	NDCG@20, IoU=0.5	NDCG@20, IoU=0.7	NDCG@40, IoU=0.3	NDCG@40, IoU=0.5	NDCG@40, IoU=0.7	
INFO:VAL:  0.142172 0.103496 0.042483 0.143987 0.106382 0.043685 0.156481 0.118006 0.050409
INFO:TEST:  0.146554 0.106353 0.045229 0.148231 0.109922 0.047259 0.160843 0.121452 0.053899
INFO:
INFO:EPOCH: 69
INFO:NDCG@10, IoU=0.3	NDCG@10, IoU=0.5	NDCG@10, IoU=0.7	NDCG@20, IoU=0.3	NDCG@20, IoU=0.5	NDCG@20, IoU=0.7	NDCG@40, IoU=0.3	NDCG@40, IoU=0.5	NDCG@40, IoU=0.7	
INFO:VAL:  0.147297 0.109836 0.043400 0.148942 0.111914 0.044962 0.160237 0.122116 0.050990
INFO:TEST:  0.147197 0.108352 0.046459 0.148706 0.111324 0.048658 0.161523 0.122953 0.054606
INFO:save checkpoint: results/XML_top20_20240327_152318/model.ckpt
INFO:
INFO:EPOCH: 70
INFO:NDCG@10, IoU=0.3	NDCG@10, IoU=0.5	NDCG@10, IoU=0.7	NDCG@20, IoU=0.3	NDCG@20, IoU=0.5	NDCG@20, IoU=0.7	NDCG@40, IoU=0.3	NDCG@40, IoU=0.5	NDCG@40, IoU=0.7	
INFO:VAL:  0.147844 0.108429 0.042522 0.149339 0.110460 0.043272 0.160108 0.120202 0.049671
INFO:TEST:  0.147987 0.108507 0.044285 0.149477 0.111749 0.046779 0.161900 0.123315 0.053170
INFO:
INFO:EPOCH: 70
INFO:NDCG@10, IoU=0.3	NDCG@10, IoU=0.5	NDCG@10, IoU=0.7	NDCG@20, IoU=0.3	NDCG@20, IoU=0.5	NDCG@20, IoU=0.7	NDCG@40, IoU=0.3	NDCG@40, IoU=0.5	NDCG@40, IoU=0.7	
INFO:VAL:  0.142332 0.107554 0.040366 0.143904 0.107775 0.042277 0.156163 0.119582 0.050004
INFO:TEST:  0.145562 0.107022 0.045258 0.147763 0.110369 0.048030 0.161245 0.122360 0.054462
INFO:
INFO:EPOCH: 71
INFO:NDCG@10, IoU=0.3	NDCG@10, IoU=0.5	NDCG@10, IoU=0.7	NDCG@20, IoU=0.3	NDCG@20, IoU=0.5	NDCG@20, IoU=0.7	NDCG@40, IoU=0.3	NDCG@40, IoU=0.5	NDCG@40, IoU=0.7	
INFO:VAL:  0.145688 0.107491 0.043282 0.145653 0.107249 0.045521 0.159084 0.118399 0.051732
INFO:TEST:  0.145880 0.107816 0.044539 0.149044 0.111280 0.047264 0.161413 0.123102 0.054175
INFO:
INFO:EPOCH: 71
INFO:NDCG@10, IoU=0.3	NDCG@10, IoU=0.5	NDCG@10, IoU=0.7	NDCG@20, IoU=0.3	NDCG@20, IoU=0.5	NDCG@20, IoU=0.7	NDCG@40, IoU=0.3	NDCG@40, IoU=0.5	NDCG@40, IoU=0.7	
INFO:VAL:  0.145854 0.108831 0.042551 0.146689 0.109437 0.043175 0.159394 0.120064 0.050026
INFO:TEST:  0.147467 0.107724 0.044919 0.148763 0.110777 0.047119 0.161217 0.122191 0.053862
INFO:
INFO:EPOCH: 72
INFO:NDCG@10, IoU=0.3	NDCG@10, IoU=0.5	NDCG@10, IoU=0.7	NDCG@20, IoU=0.3	NDCG@20, IoU=0.5	NDCG@20, IoU=0.7	NDCG@40, IoU=0.3	NDCG@40, IoU=0.5	NDCG@40, IoU=0.7	
INFO:VAL:  0.142984 0.106840 0.041921 0.145171 0.107447 0.042759 0.156938 0.118254 0.048374
INFO:TEST:  0.146565 0.108285 0.045748 0.148359 0.111189 0.048043 0.160770 0.122289 0.054442
INFO:
INFO:EPOCH: 72
INFO:NDCG@10, IoU=0.3	NDCG@10, IoU=0.5	NDCG@10, IoU=0.7	NDCG@20, IoU=0.3	NDCG@20, IoU=0.5	NDCG@20, IoU=0.7	NDCG@40, IoU=0.3	NDCG@40, IoU=0.5	NDCG@40, IoU=0.7	
INFO:VAL:  0.146555 0.109669 0.043131 0.147254 0.111177 0.044972 0.158192 0.119924 0.049900
INFO:TEST:  0.148305 0.108747 0.045893 0.148969 0.111179 0.048084 0.162131 0.122964 0.054463
INFO:
INFO:EPOCH: 73
INFO:NDCG@10, IoU=0.3	NDCG@10, IoU=0.5	NDCG@10, IoU=0.7	NDCG@20, IoU=0.3	NDCG@20, IoU=0.5	NDCG@20, IoU=0.7	NDCG@40, IoU=0.3	NDCG@40, IoU=0.5	NDCG@40, IoU=0.7	
INFO:VAL:  0.145775 0.110457 0.041998 0.145713 0.109944 0.043072 0.157970 0.120492 0.049958
INFO:TEST:  0.148695 0.109039 0.044968 0.150152 0.111906 0.047682 0.162365 0.122698 0.053829
INFO:
INFO:EPOCH: 73
INFO:NDCG@10, IoU=0.3	NDCG@10, IoU=0.5	NDCG@10, IoU=0.7	NDCG@20, IoU=0.3	NDCG@20, IoU=0.5	NDCG@20, IoU=0.7	NDCG@40, IoU=0.3	NDCG@40, IoU=0.5	NDCG@40, IoU=0.7	
INFO:VAL:  0.145694 0.107091 0.041600 0.145809 0.107140 0.042982 0.158609 0.118152 0.049106
INFO:TEST:  0.149173 0.110252 0.045788 0.150408 0.112641 0.047943 0.163191 0.124410 0.054789
INFO:
INFO:EPOCH: 74
INFO:NDCG@10, IoU=0.3	NDCG@10, IoU=0.5	NDCG@10, IoU=0.7	NDCG@20, IoU=0.3	NDCG@20, IoU=0.5	NDCG@20, IoU=0.7	NDCG@40, IoU=0.3	NDCG@40, IoU=0.5	NDCG@40, IoU=0.7	
INFO:VAL:  0.148370 0.111943 0.042920 0.148218 0.113408 0.044356 0.159191 0.123579 0.050413
INFO:TEST:  0.147153 0.109537 0.045953 0.149364 0.112528 0.048093 0.162196 0.123727 0.054320
INFO:save checkpoint: results/XML_top20_20240327_152318/model.ckpt
INFO:
INFO:EPOCH: 74
INFO:NDCG@10, IoU=0.3	NDCG@10, IoU=0.5	NDCG@10, IoU=0.7	NDCG@20, IoU=0.3	NDCG@20, IoU=0.5	NDCG@20, IoU=0.7	NDCG@40, IoU=0.3	NDCG@40, IoU=0.5	NDCG@40, IoU=0.7	
INFO:VAL:  0.145364 0.108127 0.041319 0.146469 0.108779 0.042264 0.158256 0.118657 0.049167
INFO:TEST:  0.147279 0.109289 0.045596 0.149119 0.112004 0.048042 0.161504 0.123659 0.054722
INFO:
INFO:EPOCH: 75
INFO:NDCG@10, IoU=0.3	NDCG@10, IoU=0.5	NDCG@10, IoU=0.7	NDCG@20, IoU=0.3	NDCG@20, IoU=0.5	NDCG@20, IoU=0.7	NDCG@40, IoU=0.3	NDCG@40, IoU=0.5	NDCG@40, IoU=0.7	
INFO:VAL:  0.146932 0.109364 0.040987 0.147269 0.111237 0.042568 0.158989 0.121404 0.049342
INFO:TEST:  0.147129 0.108763 0.044679 0.149142 0.111921 0.047456 0.161075 0.122842 0.054278
INFO:
INFO:EPOCH: 75
INFO:NDCG@10, IoU=0.3	NDCG@10, IoU=0.5	NDCG@10, IoU=0.7	NDCG@20, IoU=0.3	NDCG@20, IoU=0.5	NDCG@20, IoU=0.7	NDCG@40, IoU=0.3	NDCG@40, IoU=0.5	NDCG@40, IoU=0.7	
INFO:VAL:  0.145316 0.106776 0.042486 0.146600 0.109523 0.044808 0.158620 0.120535 0.050597
INFO:TEST:  0.147417 0.110029 0.046223 0.149080 0.113190 0.048825 0.161579 0.123993 0.054531
INFO:
INFO:EPOCH: 76
INFO:NDCG@10, IoU=0.3	NDCG@10, IoU=0.5	NDCG@10, IoU=0.7	NDCG@20, IoU=0.3	NDCG@20, IoU=0.5	NDCG@20, IoU=0.7	NDCG@40, IoU=0.3	NDCG@40, IoU=0.5	NDCG@40, IoU=0.7	
INFO:VAL:  0.150076 0.111360 0.044745 0.147655 0.110458 0.045104 0.158948 0.120551 0.050765
INFO:TEST:  0.148314 0.110702 0.045903 0.150050 0.113909 0.048641 0.162606 0.124904 0.054609
INFO:
INFO:EPOCH: 76
INFO:NDCG@10, IoU=0.3	NDCG@10, IoU=0.5	NDCG@10, IoU=0.7	NDCG@20, IoU=0.3	NDCG@20, IoU=0.5	NDCG@20, IoU=0.7	NDCG@40, IoU=0.3	NDCG@40, IoU=0.5	NDCG@40, IoU=0.7	
INFO:VAL:  0.147411 0.108900 0.043722 0.147704 0.110519 0.045905 0.159585 0.121129 0.051992
INFO:TEST:  0.149482 0.111447 0.046370 0.150916 0.114220 0.048677 0.163261 0.125004 0.054750
INFO:
INFO:EPOCH: 77
INFO:NDCG@10, IoU=0.3	NDCG@10, IoU=0.5	NDCG@10, IoU=0.7	NDCG@20, IoU=0.3	NDCG@20, IoU=0.5	NDCG@20, IoU=0.7	NDCG@40, IoU=0.3	NDCG@40, IoU=0.5	NDCG@40, IoU=0.7	
INFO:VAL:  0.145542 0.107069 0.040334 0.149331 0.112806 0.044292 0.159187 0.121362 0.049730
INFO:TEST:  0.146428 0.108885 0.045038 0.147464 0.111407 0.047422 0.160183 0.122939 0.053743
INFO:
INFO:EPOCH: 77
INFO:NDCG@10, IoU=0.3	NDCG@10, IoU=0.5	NDCG@10, IoU=0.7	NDCG@20, IoU=0.3	NDCG@20, IoU=0.5	NDCG@20, IoU=0.7	NDCG@40, IoU=0.3	NDCG@40, IoU=0.5	NDCG@40, IoU=0.7	
INFO:VAL:  0.148782 0.114133 0.042507 0.149860 0.114231 0.044316 0.160864 0.124939 0.050533
INFO:TEST:  0.148793 0.111681 0.047124 0.150400 0.113938 0.049072 0.163972 0.125537 0.055773
INFO:save checkpoint: results/XML_top20_20240327_152318/model.ckpt
INFO:
INFO:EPOCH: 78
INFO:NDCG@10, IoU=0.3	NDCG@10, IoU=0.5	NDCG@10, IoU=0.7	NDCG@20, IoU=0.3	NDCG@20, IoU=0.5	NDCG@20, IoU=0.7	NDCG@40, IoU=0.3	NDCG@40, IoU=0.5	NDCG@40, IoU=0.7	
INFO:VAL:  0.143145 0.108369 0.040332 0.146965 0.111710 0.043095 0.156497 0.120387 0.048692
INFO:TEST:  0.148047 0.110198 0.046083 0.149169 0.113241 0.048210 0.162433 0.124388 0.054167
INFO:
INFO:EPOCH: 78
INFO:NDCG@10, IoU=0.3	NDCG@10, IoU=0.5	NDCG@10, IoU=0.7	NDCG@20, IoU=0.3	NDCG@20, IoU=0.5	NDCG@20, IoU=0.7	NDCG@40, IoU=0.3	NDCG@40, IoU=0.5	NDCG@40, IoU=0.7	
INFO:VAL:  0.147240 0.111076 0.042466 0.148289 0.111996 0.044922 0.159310 0.122092 0.050865
INFO:TEST:  0.149362 0.112124 0.047960 0.150646 0.114161 0.049459 0.163222 0.125379 0.055309
INFO:
INFO:EPOCH: 79
INFO:NDCG@10, IoU=0.3	NDCG@10, IoU=0.5	NDCG@10, IoU=0.7	NDCG@20, IoU=0.3	NDCG@20, IoU=0.5	NDCG@20, IoU=0.7	NDCG@40, IoU=0.3	NDCG@40, IoU=0.5	NDCG@40, IoU=0.7	
INFO:VAL:  0.146555 0.107478 0.041986 0.148909 0.110630 0.044500 0.159755 0.120107 0.050381
INFO:TEST:  0.148297 0.110070 0.046261 0.149933 0.112280 0.048478 0.163149 0.123954 0.054952
INFO:
INFO:EPOCH: 79
INFO:NDCG@10, IoU=0.3	NDCG@10, IoU=0.5	NDCG@10, IoU=0.7	NDCG@20, IoU=0.3	NDCG@20, IoU=0.5	NDCG@20, IoU=0.7	NDCG@40, IoU=0.3	NDCG@40, IoU=0.5	NDCG@40, IoU=0.7	
INFO:VAL:  0.148206 0.109317 0.043008 0.146416 0.109790 0.044131 0.157696 0.119948 0.051760
INFO:TEST:  0.149450 0.111250 0.045075 0.150703 0.113314 0.047683 0.163076 0.124412 0.054384
INFO:
INFO:EPOCH: 80
INFO:NDCG@10, IoU=0.3	NDCG@10, IoU=0.5	NDCG@10, IoU=0.7	NDCG@20, IoU=0.3	NDCG@20, IoU=0.5	NDCG@20, IoU=0.7	NDCG@40, IoU=0.3	NDCG@40, IoU=0.5	NDCG@40, IoU=0.7	
INFO:VAL:  0.148276 0.108580 0.043465 0.146440 0.109255 0.045196 0.159458 0.121442 0.052068
INFO:TEST:  0.149487 0.112486 0.047153 0.151245 0.115331 0.048992 0.163546 0.126404 0.055222
INFO:
INFO:EPOCH: 80
INFO:NDCG@10, IoU=0.3	NDCG@10, IoU=0.5	NDCG@10, IoU=0.7	NDCG@20, IoU=0.3	NDCG@20, IoU=0.5	NDCG@20, IoU=0.7	NDCG@40, IoU=0.3	NDCG@40, IoU=0.5	NDCG@40, IoU=0.7	
INFO:VAL:  0.147134 0.106199 0.040577 0.148970 0.109736 0.043559 0.159266 0.120316 0.050208
INFO:TEST:  0.147710 0.110512 0.045647 0.149454 0.113426 0.048194 0.162612 0.124871 0.054935
INFO:
INFO:EPOCH: 81
INFO:NDCG@10, IoU=0.3	NDCG@10, IoU=0.5	NDCG@10, IoU=0.7	NDCG@20, IoU=0.3	NDCG@20, IoU=0.5	NDCG@20, IoU=0.7	NDCG@40, IoU=0.3	NDCG@40, IoU=0.5	NDCG@40, IoU=0.7	
INFO:VAL:  0.150267 0.108852 0.043365 0.150093 0.110058 0.045038 0.160532 0.119535 0.051338
INFO:TEST:  0.149999 0.111116 0.047224 0.151276 0.113732 0.049154 0.164308 0.125612 0.055704
INFO:
INFO:EPOCH: 81
INFO:NDCG@10, IoU=0.3	NDCG@10, IoU=0.5	NDCG@10, IoU=0.7	NDCG@20, IoU=0.3	NDCG@20, IoU=0.5	NDCG@20, IoU=0.7	NDCG@40, IoU=0.3	NDCG@40, IoU=0.5	NDCG@40, IoU=0.7	
INFO:VAL:  0.151971 0.110304 0.042534 0.151288 0.111778 0.043617 0.162987 0.122121 0.051179
INFO:TEST:  0.150155 0.111952 0.046049 0.151640 0.114724 0.048109 0.164207 0.125748 0.054559
INFO:
INFO:EPOCH: 82
INFO:NDCG@10, IoU=0.3	NDCG@10, IoU=0.5	NDCG@10, IoU=0.7	NDCG@20, IoU=0.3	NDCG@20, IoU=0.5	NDCG@20, IoU=0.7	NDCG@40, IoU=0.3	NDCG@40, IoU=0.5	NDCG@40, IoU=0.7	
INFO:VAL:  0.144845 0.109431 0.040537 0.146811 0.111342 0.043971 0.158831 0.122639 0.050817
INFO:TEST:  0.150057 0.111976 0.046747 0.151452 0.114221 0.048488 0.164623 0.126093 0.055051
INFO:
INFO:EPOCH: 82
INFO:NDCG@10, IoU=0.3	NDCG@10, IoU=0.5	NDCG@10, IoU=0.7	NDCG@20, IoU=0.3	NDCG@20, IoU=0.5	NDCG@20, IoU=0.7	NDCG@40, IoU=0.3	NDCG@40, IoU=0.5	NDCG@40, IoU=0.7	
INFO:VAL:  0.150839 0.113217 0.042446 0.150418 0.113056 0.043771 0.162423 0.123903 0.051272
INFO:TEST:  0.149602 0.112284 0.048137 0.151132 0.114519 0.049554 0.164114 0.126212 0.056060
INFO:save checkpoint: results/XML_top20_20240327_152318/model.ckpt
INFO:
INFO:EPOCH: 83
INFO:NDCG@10, IoU=0.3	NDCG@10, IoU=0.5	NDCG@10, IoU=0.7	NDCG@20, IoU=0.3	NDCG@20, IoU=0.5	NDCG@20, IoU=0.7	NDCG@40, IoU=0.3	NDCG@40, IoU=0.5	NDCG@40, IoU=0.7	
INFO:VAL:  0.152153 0.113294 0.042607 0.151543 0.113307 0.044181 0.164644 0.124247 0.050687
INFO:TEST:  0.148322 0.111550 0.047540 0.150816 0.114533 0.049622 0.163622 0.125857 0.055942
INFO:save checkpoint: results/XML_top20_20240327_152318/model.ckpt
INFO:
INFO:EPOCH: 83
INFO:NDCG@10, IoU=0.3	NDCG@10, IoU=0.5	NDCG@10, IoU=0.7	NDCG@20, IoU=0.3	NDCG@20, IoU=0.5	NDCG@20, IoU=0.7	NDCG@40, IoU=0.3	NDCG@40, IoU=0.5	NDCG@40, IoU=0.7	
INFO:VAL:  0.150019 0.112039 0.044398 0.149713 0.113179 0.046272 0.162304 0.124087 0.052027
INFO:TEST:  0.151245 0.113825 0.048923 0.152489 0.115974 0.050539 0.164822 0.127063 0.056828
INFO:
INFO:EPOCH: 84
INFO:NDCG@10, IoU=0.3	NDCG@10, IoU=0.5	NDCG@10, IoU=0.7	NDCG@20, IoU=0.3	NDCG@20, IoU=0.5	NDCG@20, IoU=0.7	NDCG@40, IoU=0.3	NDCG@40, IoU=0.5	NDCG@40, IoU=0.7	
INFO:VAL:  0.150838 0.112580 0.042514 0.151255 0.112549 0.044677 0.161580 0.122832 0.050522
INFO:TEST:  0.151103 0.113443 0.047443 0.152125 0.115221 0.049791 0.164774 0.126498 0.055961
INFO:
INFO:EPOCH: 84
INFO:NDCG@10, IoU=0.3	NDCG@10, IoU=0.5	NDCG@10, IoU=0.7	NDCG@20, IoU=0.3	NDCG@20, IoU=0.5	NDCG@20, IoU=0.7	NDCG@40, IoU=0.3	NDCG@40, IoU=0.5	NDCG@40, IoU=0.7	
INFO:VAL:  0.151277 0.111898 0.042745 0.152452 0.113675 0.044456 0.163072 0.122403 0.050746
INFO:TEST:  0.148613 0.110590 0.046830 0.150484 0.114006 0.049025 0.163244 0.125631 0.055689
INFO:
INFO:EPOCH: 85
INFO:NDCG@10, IoU=0.3	NDCG@10, IoU=0.5	NDCG@10, IoU=0.7	NDCG@20, IoU=0.3	NDCG@20, IoU=0.5	NDCG@20, IoU=0.7	NDCG@40, IoU=0.3	NDCG@40, IoU=0.5	NDCG@40, IoU=0.7	
INFO:VAL:  0.147545 0.109836 0.043863 0.150179 0.113522 0.046518 0.161240 0.123289 0.052722
INFO:TEST:  0.150976 0.114469 0.048577 0.151938 0.116209 0.050625 0.164885 0.127763 0.056782
INFO:
INFO:EPOCH: 85
INFO:NDCG@10, IoU=0.3	NDCG@10, IoU=0.5	NDCG@10, IoU=0.7	NDCG@20, IoU=0.3	NDCG@20, IoU=0.5	NDCG@20, IoU=0.7	NDCG@40, IoU=0.3	NDCG@40, IoU=0.5	NDCG@40, IoU=0.7	
INFO:VAL:  0.146177 0.109119 0.043814 0.147930 0.112487 0.046076 0.159464 0.122846 0.051763
INFO:TEST:  0.151139 0.114283 0.047761 0.153070 0.116579 0.049512 0.165765 0.127788 0.056016
INFO:
INFO:EPOCH: 86
INFO:NDCG@10, IoU=0.3	NDCG@10, IoU=0.5	NDCG@10, IoU=0.7	NDCG@20, IoU=0.3	NDCG@20, IoU=0.5	NDCG@20, IoU=0.7	NDCG@40, IoU=0.3	NDCG@40, IoU=0.5	NDCG@40, IoU=0.7	
INFO:VAL:  0.146023 0.107588 0.041383 0.148487 0.111349 0.044174 0.159822 0.121857 0.050965
INFO:TEST:  0.150757 0.111615 0.047346 0.151807 0.113879 0.049641 0.164903 0.125638 0.056202
INFO:
INFO:EPOCH: 86
INFO:NDCG@10, IoU=0.3	NDCG@10, IoU=0.5	NDCG@10, IoU=0.7	NDCG@20, IoU=0.3	NDCG@20, IoU=0.5	NDCG@20, IoU=0.7	NDCG@40, IoU=0.3	NDCG@40, IoU=0.5	NDCG@40, IoU=0.7	
INFO:VAL:  0.144428 0.106618 0.041424 0.146072 0.108553 0.043869 0.159164 0.119373 0.050148
INFO:TEST:  0.152520 0.113800 0.048714 0.153958 0.116098 0.050643 0.166559 0.127531 0.057192
INFO:
INFO:EPOCH: 87
INFO:NDCG@10, IoU=0.3	NDCG@10, IoU=0.5	NDCG@10, IoU=0.7	NDCG@20, IoU=0.3	NDCG@20, IoU=0.5	NDCG@20, IoU=0.7	NDCG@40, IoU=0.3	NDCG@40, IoU=0.5	NDCG@40, IoU=0.7	
INFO:VAL:  0.147435 0.107253 0.040333 0.148704 0.109347 0.042809 0.162114 0.121472 0.049511
INFO:TEST:  0.150704 0.111303 0.045925 0.152078 0.113461 0.048025 0.165392 0.125689 0.054906
INFO:
INFO:EPOCH: 87
INFO:NDCG@10, IoU=0.3	NDCG@10, IoU=0.5	NDCG@10, IoU=0.7	NDCG@20, IoU=0.3	NDCG@20, IoU=0.5	NDCG@20, IoU=0.7	NDCG@40, IoU=0.3	NDCG@40, IoU=0.5	NDCG@40, IoU=0.7	
INFO:VAL:  0.148328 0.109784 0.041836 0.149003 0.111291 0.043554 0.160829 0.121613 0.050462
INFO:TEST:  0.152816 0.112315 0.047233 0.153705 0.114805 0.049505 0.166582 0.126821 0.056303
INFO:
INFO:EPOCH: 88
INFO:NDCG@10, IoU=0.3	NDCG@10, IoU=0.5	NDCG@10, IoU=0.7	NDCG@20, IoU=0.3	NDCG@20, IoU=0.5	NDCG@20, IoU=0.7	NDCG@40, IoU=0.3	NDCG@40, IoU=0.5	NDCG@40, IoU=0.7	
INFO:VAL:  0.147320 0.110396 0.043120 0.147046 0.111543 0.044872 0.159437 0.123025 0.052030
INFO:TEST:  0.149996 0.111882 0.045727 0.151037 0.113879 0.048440 0.164561 0.125847 0.055673
INFO:
INFO:EPOCH: 88
INFO:NDCG@10, IoU=0.3	NDCG@10, IoU=0.5	NDCG@10, IoU=0.7	NDCG@20, IoU=0.3	NDCG@20, IoU=0.5	NDCG@20, IoU=0.7	NDCG@40, IoU=0.3	NDCG@40, IoU=0.5	NDCG@40, IoU=0.7	
INFO:VAL:  0.150027 0.111093 0.043054 0.148517 0.110618 0.045237 0.161474 0.122493 0.051674
INFO:TEST:  0.153636 0.112638 0.046872 0.153887 0.115340 0.049739 0.166707 0.126385 0.056179
INFO:
INFO:EPOCH: 89
INFO:NDCG@10, IoU=0.3	NDCG@10, IoU=0.5	NDCG@10, IoU=0.7	NDCG@20, IoU=0.3	NDCG@20, IoU=0.5	NDCG@20, IoU=0.7	NDCG@40, IoU=0.3	NDCG@40, IoU=0.5	NDCG@40, IoU=0.7	
INFO:VAL:  0.145399 0.107245 0.041437 0.146531 0.109464 0.043655 0.158406 0.119789 0.051686
INFO:TEST:  0.153590 0.114785 0.048650 0.154654 0.117437 0.051457 0.166776 0.127942 0.057155
INFO:
INFO:EPOCH: 89
INFO:NDCG@10, IoU=0.3	NDCG@10, IoU=0.5	NDCG@10, IoU=0.7	NDCG@20, IoU=0.3	NDCG@20, IoU=0.5	NDCG@20, IoU=0.7	NDCG@40, IoU=0.3	NDCG@40, IoU=0.5	NDCG@40, IoU=0.7	
INFO:VAL:  0.148235 0.109441 0.041994 0.149170 0.113039 0.045620 0.161723 0.123801 0.051924
INFO:TEST:  0.151881 0.112899 0.047913 0.152286 0.115042 0.050042 0.165315 0.126451 0.056382
INFO:
INFO:EPOCH: 90
INFO:NDCG@10, IoU=0.3	NDCG@10, IoU=0.5	NDCG@10, IoU=0.7	NDCG@20, IoU=0.3	NDCG@20, IoU=0.5	NDCG@20, IoU=0.7	NDCG@40, IoU=0.3	NDCG@40, IoU=0.5	NDCG@40, IoU=0.7	
INFO:VAL:  0.154261 0.112704 0.042579 0.154880 0.114541 0.045609 0.166456 0.124696 0.051525
INFO:TEST:  0.152474 0.114344 0.048966 0.154048 0.116878 0.051124 0.166305 0.127578 0.057503
INFO:save checkpoint: results/XML_top20_20240327_152318/model.ckpt
INFO:
INFO:EPOCH: 90
INFO:NDCG@10, IoU=0.3	NDCG@10, IoU=0.5	NDCG@10, IoU=0.7	NDCG@20, IoU=0.3	NDCG@20, IoU=0.5	NDCG@20, IoU=0.7	NDCG@40, IoU=0.3	NDCG@40, IoU=0.5	NDCG@40, IoU=0.7	
INFO:VAL:  0.153853 0.113144 0.044046 0.153506 0.113671 0.045292 0.165325 0.124223 0.052631
INFO:TEST:  0.152389 0.114196 0.048429 0.153026 0.115921 0.050323 0.166175 0.127765 0.057112
INFO:
INFO:EPOCH: 91
INFO:NDCG@10, IoU=0.3	NDCG@10, IoU=0.5	NDCG@10, IoU=0.7	NDCG@20, IoU=0.3	NDCG@20, IoU=0.5	NDCG@20, IoU=0.7	NDCG@40, IoU=0.3	NDCG@40, IoU=0.5	NDCG@40, IoU=0.7	
INFO:VAL:  0.148411 0.108449 0.041944 0.149121 0.111196 0.044181 0.162373 0.123076 0.051720
INFO:TEST:  0.151087 0.111575 0.048111 0.152626 0.114729 0.050436 0.165354 0.126488 0.056553
INFO:
INFO:EPOCH: 91
INFO:NDCG@10, IoU=0.3	NDCG@10, IoU=0.5	NDCG@10, IoU=0.7	NDCG@20, IoU=0.3	NDCG@20, IoU=0.5	NDCG@20, IoU=0.7	NDCG@40, IoU=0.3	NDCG@40, IoU=0.5	NDCG@40, IoU=0.7	
INFO:VAL:  0.155191 0.113704 0.041983 0.153646 0.113128 0.043335 0.165556 0.123871 0.051349
INFO:TEST:  0.152719 0.113947 0.048577 0.153871 0.116322 0.051049 0.166320 0.127537 0.056959
INFO:
INFO:EPOCH: 92
INFO:NDCG@10, IoU=0.3	NDCG@10, IoU=0.5	NDCG@10, IoU=0.7	NDCG@20, IoU=0.3	NDCG@20, IoU=0.5	NDCG@20, IoU=0.7	NDCG@40, IoU=0.3	NDCG@40, IoU=0.5	NDCG@40, IoU=0.7	
INFO:VAL:  0.147401 0.108438 0.043925 0.147593 0.109626 0.045467 0.159867 0.120182 0.051513
INFO:TEST:  0.149551 0.112565 0.047543 0.151511 0.115501 0.049524 0.164450 0.127025 0.056724
INFO:
INFO:EPOCH: 92
INFO:NDCG@10, IoU=0.3	NDCG@10, IoU=0.5	NDCG@10, IoU=0.7	NDCG@20, IoU=0.3	NDCG@20, IoU=0.5	NDCG@20, IoU=0.7	NDCG@40, IoU=0.3	NDCG@40, IoU=0.5	NDCG@40, IoU=0.7	
INFO:VAL:  0.151248 0.112283 0.043956 0.151171 0.113803 0.046137 0.162841 0.123975 0.052377
INFO:TEST:  0.152383 0.114030 0.048894 0.153432 0.116548 0.051138 0.166915 0.128338 0.057754
INFO:
INFO:EPOCH: 93
INFO:NDCG@10, IoU=0.3	NDCG@10, IoU=0.5	NDCG@10, IoU=0.7	NDCG@20, IoU=0.3	NDCG@20, IoU=0.5	NDCG@20, IoU=0.7	NDCG@40, IoU=0.3	NDCG@40, IoU=0.5	NDCG@40, IoU=0.7	
INFO:VAL:  0.153939 0.115448 0.045993 0.153331 0.114328 0.047131 0.164211 0.124768 0.053614
INFO:TEST:  0.154219 0.116392 0.048918 0.155535 0.118686 0.050940 0.167179 0.129578 0.057577
INFO:save checkpoint: results/XML_top20_20240327_152318/model.ckpt
INFO:
INFO:EPOCH: 93
INFO:NDCG@10, IoU=0.3	NDCG@10, IoU=0.5	NDCG@10, IoU=0.7	NDCG@20, IoU=0.3	NDCG@20, IoU=0.5	NDCG@20, IoU=0.7	NDCG@40, IoU=0.3	NDCG@40, IoU=0.5	NDCG@40, IoU=0.7	
INFO:VAL:  0.156232 0.118712 0.047459 0.153920 0.116211 0.047376 0.165999 0.127174 0.053808
INFO:TEST:  0.150602 0.113402 0.048760 0.152206 0.115854 0.050528 0.164711 0.127545 0.057029
INFO:save checkpoint: results/XML_top20_20240327_152318/model.ckpt
INFO:
INFO:EPOCH: 94
INFO:NDCG@10, IoU=0.3	NDCG@10, IoU=0.5	NDCG@10, IoU=0.7	NDCG@20, IoU=0.3	NDCG@20, IoU=0.5	NDCG@20, IoU=0.7	NDCG@40, IoU=0.3	NDCG@40, IoU=0.5	NDCG@40, IoU=0.7	
INFO:VAL:  0.148505 0.111384 0.043298 0.149210 0.112481 0.044663 0.160587 0.122970 0.052119
INFO:TEST:  0.154076 0.115881 0.049212 0.154960 0.117552 0.050766 0.167326 0.128875 0.057191
INFO:
INFO:EPOCH: 94
INFO:NDCG@10, IoU=0.3	NDCG@10, IoU=0.5	NDCG@10, IoU=0.7	NDCG@20, IoU=0.3	NDCG@20, IoU=0.5	NDCG@20, IoU=0.7	NDCG@40, IoU=0.3	NDCG@40, IoU=0.5	NDCG@40, IoU=0.7	
INFO:VAL:  0.146452 0.110445 0.043828 0.151117 0.112504 0.045721 0.162754 0.123542 0.052426
INFO:TEST:  0.153009 0.113754 0.048477 0.154542 0.117036 0.051030 0.166455 0.128107 0.057130
INFO:
INFO:EPOCH: 95
INFO:NDCG@10, IoU=0.3	NDCG@10, IoU=0.5	NDCG@10, IoU=0.7	NDCG@20, IoU=0.3	NDCG@20, IoU=0.5	NDCG@20, IoU=0.7	NDCG@40, IoU=0.3	NDCG@40, IoU=0.5	NDCG@40, IoU=0.7	
INFO:VAL:  0.153410 0.116268 0.044965 0.151597 0.114779 0.045831 0.162770 0.124621 0.052328
INFO:TEST:  0.153979 0.114190 0.048721 0.154340 0.116579 0.050956 0.166673 0.127591 0.056686
INFO:
INFO:EPOCH: 95
INFO:NDCG@10, IoU=0.3	NDCG@10, IoU=0.5	NDCG@10, IoU=0.7	NDCG@20, IoU=0.3	NDCG@20, IoU=0.5	NDCG@20, IoU=0.7	NDCG@40, IoU=0.3	NDCG@40, IoU=0.5	NDCG@40, IoU=0.7	
INFO:VAL:  0.148038 0.110611 0.041566 0.149925 0.112366 0.044076 0.159872 0.122533 0.050235
INFO:TEST:  0.153567 0.115441 0.049823 0.153832 0.116699 0.050942 0.166848 0.127922 0.057145
INFO:
INFO:EPOCH: 96
INFO:NDCG@10, IoU=0.3	NDCG@10, IoU=0.5	NDCG@10, IoU=0.7	NDCG@20, IoU=0.3	NDCG@20, IoU=0.5	NDCG@20, IoU=0.7	NDCG@40, IoU=0.3	NDCG@40, IoU=0.5	NDCG@40, IoU=0.7	
INFO:VAL:  0.151718 0.111759 0.045461 0.150078 0.110684 0.046156 0.161211 0.120965 0.051617
INFO:TEST:  0.153106 0.115189 0.047420 0.154532 0.117015 0.049539 0.167051 0.128382 0.056193
INFO:
INFO:EPOCH: 96
INFO:NDCG@10, IoU=0.3	NDCG@10, IoU=0.5	NDCG@10, IoU=0.7	NDCG@20, IoU=0.3	NDCG@20, IoU=0.5	NDCG@20, IoU=0.7	NDCG@40, IoU=0.3	NDCG@40, IoU=0.5	NDCG@40, IoU=0.7	
INFO:VAL:  0.152591 0.113072 0.044987 0.152000 0.113234 0.045859 0.163568 0.124224 0.052390
INFO:TEST:  0.152947 0.115047 0.048892 0.153858 0.117063 0.051395 0.166076 0.128105 0.057582
INFO:
INFO:EPOCH: 97
INFO:NDCG@10, IoU=0.3	NDCG@10, IoU=0.5	NDCG@10, IoU=0.7	NDCG@20, IoU=0.3	NDCG@20, IoU=0.5	NDCG@20, IoU=0.7	NDCG@40, IoU=0.3	NDCG@40, IoU=0.5	NDCG@40, IoU=0.7	
INFO:VAL:  0.148814 0.109378 0.042328 0.149983 0.112185 0.044983 0.160883 0.122550 0.052246
INFO:TEST:  0.153513 0.114428 0.047733 0.154365 0.116688 0.049899 0.166830 0.127631 0.056211
INFO:
INFO:EPOCH: 97
INFO:NDCG@10, IoU=0.3	NDCG@10, IoU=0.5	NDCG@10, IoU=0.7	NDCG@20, IoU=0.3	NDCG@20, IoU=0.5	NDCG@20, IoU=0.7	NDCG@40, IoU=0.3	NDCG@40, IoU=0.5	NDCG@40, IoU=0.7	
INFO:VAL:  0.146558 0.108995 0.042306 0.146479 0.109834 0.043991 0.160422 0.121559 0.051435
INFO:TEST:  0.152559 0.113581 0.048643 0.153821 0.115874 0.050534 0.166092 0.127110 0.056759
INFO:
INFO:EPOCH: 98
INFO:NDCG@10, IoU=0.3	NDCG@10, IoU=0.5	NDCG@10, IoU=0.7	NDCG@20, IoU=0.3	NDCG@20, IoU=0.5	NDCG@20, IoU=0.7	NDCG@40, IoU=0.3	NDCG@40, IoU=0.5	NDCG@40, IoU=0.7	
INFO:VAL:  0.147322 0.111922 0.043921 0.149265 0.113015 0.046243 0.160775 0.123539 0.051836
INFO:TEST:  0.153649 0.113892 0.048489 0.154895 0.116778 0.050456 0.166988 0.128282 0.056887
INFO:
INFO:EPOCH: 98
INFO:NDCG@10, IoU=0.3	NDCG@10, IoU=0.5	NDCG@10, IoU=0.7	NDCG@20, IoU=0.3	NDCG@20, IoU=0.5	NDCG@20, IoU=0.7	NDCG@40, IoU=0.3	NDCG@40, IoU=0.5	NDCG@40, IoU=0.7	
INFO:VAL:  0.150634 0.112850 0.045095 0.151059 0.113801 0.047037 0.162998 0.124552 0.053545
INFO:TEST:  0.154631 0.114223 0.049206 0.155095 0.116105 0.051160 0.166976 0.127457 0.057513
INFO:
INFO:EPOCH: 99
INFO:NDCG@10, IoU=0.3	NDCG@10, IoU=0.5	NDCG@10, IoU=0.7	NDCG@20, IoU=0.3	NDCG@20, IoU=0.5	NDCG@20, IoU=0.7	NDCG@40, IoU=0.3	NDCG@40, IoU=0.5	NDCG@40, IoU=0.7	
INFO:VAL:  0.149009 0.112264 0.043851 0.149165 0.112547 0.046404 0.160499 0.123057 0.052855
INFO:TEST:  0.153272 0.114670 0.047883 0.154993 0.117354 0.050694 0.166997 0.128640 0.056814
INFO:
INFO:EPOCH: 99
INFO:NDCG@10, IoU=0.3	NDCG@10, IoU=0.5	NDCG@10, IoU=0.7	NDCG@20, IoU=0.3	NDCG@20, IoU=0.5	NDCG@20, IoU=0.7	NDCG@40, IoU=0.3	NDCG@40, IoU=0.5	NDCG@40, IoU=0.7	
INFO:VAL:  0.153944 0.115890 0.044141 0.154671 0.117042 0.046364 0.167008 0.128683 0.053002
INFO:TEST:  0.155379 0.115514 0.047832 0.156584 0.118362 0.050539 0.168681 0.129223 0.056735
INFO:


INFO: BEST EPOCH 99 (based on NDCG@20, IoU=0.5)
INFO:VAL:  0.153944 0.115890 0.044141 0.154671 0.117042 0.046364 0.167008 0.128683 0.053002
INFO:TEST:  0.155379 0.115514 0.047832 0.156584 0.118362 0.050539 0.168681 0.129223 0.056735