INFO:model_config {   'bert_config': {   'attention_probs_dropout_prob': 0.1,
                       'hidden_act': 'gelu',
                       'hidden_dropout_prob': 0.1,
                       'hidden_size': 768,
                       'initializer_range': 0.02,
                       'intermediate_size': 3072,
                       'layer_norm_eps': 1e-05,
                       'max_position_embeddings': 100,
                       'num_attention_heads': 12,
                       'num_hidden_layers': 1,
                       'output_attentions': False,
                       'output_hidden_states': False,
                       'type_vocab_size': 2},
    'initializer_range': 0.02,
    'moment_localization_config': {   'conv_cfg_1': {   'bias': False,
                                                        'in_channels': 768,
                                                        'kernel_size': 5,
                                                        'out_channels': 128,
                                                        'padding': 2,
                                                        'stride': 1},
                                      'conv_cfg_2': {   'bias': False,
                                                        'in_channels': 128,
                                                        'kernel_size': 1,
                                                        'out_channels': 1,
                                                        'padding': 0,
                                                        'stride': 1}},
    'netvlad_config': {   'hidden_size': 768,
                          'moe_dropout_prob': 0.1,
                          'text_cluster': 32},
    'query_bert_config': {   'attention_probs_dropout_prob': 0.1,
                             'hidden_act': 'gelu',
                             'hidden_dropout_prob': 0.1,
                             'hidden_size': 768,
                             'initializer_range': 0.02,
                             'intermediate_size': 3072,
                             'layer_norm_eps': 1e-05,
                             'max_position_embeddings': 30,
                             'num_attention_heads': 12,
                             'num_hidden_layers': 1,
                             'output_attentions': False,
                             'output_hidden_states': False,
                             'type_vocab_size': 2},
    'video_scoring_config': {   'linear_1_cfg': {   'bias': False,
                                                    'in_features': 768,
                                                    'out_features': 128},
                                'linear_2_cfg': {   'bias': False,
                                                    'in_features': 128,
                                                    'out_features': 1}}}
INFO:video modality : ['visual', 'sub']
INFO:Start Training...
INFO:CUDA enabled.
INFO:EPOCH: 0
INFO:NDCG@10, IoU=0.3	NDCG@10, IoU=0.5	NDCG@10, IoU=0.7	NDCG@20, IoU=0.3	NDCG@20, IoU=0.5	NDCG@20, IoU=0.7	NDCG@40, IoU=0.3	NDCG@40, IoU=0.5	NDCG@40, IoU=0.7	
INFO:VAL:  0.101084 0.082587 0.053583 0.099543 0.082542 0.053418 0.106669 0.088210 0.057687
INFO:TEST:  0.095461 0.078582 0.050537 0.094542 0.077687 0.050266 0.101010 0.082315 0.053492
INFO:BEST VAL:  0.101084 0.082587 0.053583 0.099543 0.082542 0.053418 0.106669 0.088210 0.057687
INFO:BEST TEST:  0.095461 0.078582 0.050537 0.094542 0.077687 0.050266 0.101010 0.082315 0.053492
INFO:save checkpoint: results/tvr-top40-2024_03_30_17_59_29/model.ckpt
INFO:
INFO:EPOCH: 0
INFO:NDCG@10, IoU=0.3	NDCG@10, IoU=0.5	NDCG@10, IoU=0.7	NDCG@20, IoU=0.3	NDCG@20, IoU=0.5	NDCG@20, IoU=0.7	NDCG@40, IoU=0.3	NDCG@40, IoU=0.5	NDCG@40, IoU=0.7	
INFO:VAL:  0.128181 0.110408 0.072346 0.123749 0.106674 0.070857 0.127637 0.108789 0.072620
INFO:TEST:  0.120952 0.104372 0.071077 0.116831 0.099645 0.067889 0.122026 0.103025 0.070523
INFO:BEST VAL:  0.128181 0.110408 0.072346 0.123749 0.106674 0.070857 0.127637 0.108789 0.072620
INFO:BEST TEST:  0.120952 0.104372 0.071077 0.116831 0.099645 0.067889 0.122026 0.103025 0.070523
INFO:save checkpoint: results/tvr-top40-2024_03_30_17_59_29/model.ckpt
INFO:
INFO:EPOCH: 0
INFO:NDCG@10, IoU=0.3	NDCG@10, IoU=0.5	NDCG@10, IoU=0.7	NDCG@20, IoU=0.3	NDCG@20, IoU=0.5	NDCG@20, IoU=0.7	NDCG@40, IoU=0.3	NDCG@40, IoU=0.5	NDCG@40, IoU=0.7	
INFO:VAL:  0.135477 0.117132 0.078219 0.129287 0.111930 0.076006 0.132826 0.115354 0.078159
INFO:TEST:  0.133464 0.116546 0.080347 0.127567 0.111256 0.076885 0.131744 0.113522 0.078720
INFO:BEST VAL:  0.135477 0.117132 0.078219 0.129287 0.111930 0.076006 0.132826 0.115354 0.078159
INFO:BEST TEST:  0.133464 0.116546 0.080347 0.127567 0.111256 0.076885 0.131744 0.113522 0.078720
INFO:save checkpoint: results/tvr-top40-2024_03_30_17_59_29/model.ckpt
INFO:
INFO:EPOCH: 0
INFO:NDCG@10, IoU=0.3	NDCG@10, IoU=0.5	NDCG@10, IoU=0.7	NDCG@20, IoU=0.3	NDCG@20, IoU=0.5	NDCG@20, IoU=0.7	NDCG@40, IoU=0.3	NDCG@40, IoU=0.5	NDCG@40, IoU=0.7	
INFO:VAL:  0.159520 0.138396 0.097414 0.148840 0.128374 0.090730 0.150769 0.129807 0.091899
INFO:TEST:  0.145700 0.128894 0.090775 0.138653 0.121617 0.085982 0.142898 0.124364 0.087456
INFO:BEST VAL:  0.159520 0.138396 0.097414 0.148840 0.128374 0.090730 0.150769 0.129807 0.091899
INFO:BEST TEST:  0.145700 0.128894 0.090775 0.138653 0.121617 0.085982 0.142898 0.124364 0.087456
INFO:save checkpoint: results/tvr-top40-2024_03_30_17_59_29/model.ckpt
INFO:
INFO:EPOCH: 1
INFO:NDCG@10, IoU=0.3	NDCG@10, IoU=0.5	NDCG@10, IoU=0.7	NDCG@20, IoU=0.3	NDCG@20, IoU=0.5	NDCG@20, IoU=0.7	NDCG@40, IoU=0.3	NDCG@40, IoU=0.5	NDCG@40, IoU=0.7	
INFO:VAL:  0.160573 0.142932 0.105734 0.151850 0.135172 0.098359 0.153710 0.135508 0.098841
INFO:TEST:  0.158012 0.141234 0.100194 0.149784 0.133118 0.094332 0.153493 0.134713 0.095459
INFO:BEST VAL:  0.160573 0.142932 0.105734 0.151850 0.135172 0.098359 0.153710 0.135508 0.098841
INFO:BEST TEST:  0.158012 0.141234 0.100194 0.149784 0.133118 0.094332 0.153493 0.134713 0.095459
INFO:save checkpoint: results/tvr-top40-2024_03_30_17_59_29/model.ckpt
INFO:
INFO:EPOCH: 1
INFO:NDCG@10, IoU=0.3	NDCG@10, IoU=0.5	NDCG@10, IoU=0.7	NDCG@20, IoU=0.3	NDCG@20, IoU=0.5	NDCG@20, IoU=0.7	NDCG@40, IoU=0.3	NDCG@40, IoU=0.5	NDCG@40, IoU=0.7	
INFO:VAL:  0.158701 0.141385 0.099004 0.150125 0.132306 0.094515 0.153593 0.134143 0.096109
INFO:TEST:  0.162667 0.146895 0.103523 0.153240 0.136734 0.097193 0.156896 0.138622 0.098464
INFO:
INFO:EPOCH: 1
INFO:NDCG@10, IoU=0.3	NDCG@10, IoU=0.5	NDCG@10, IoU=0.7	NDCG@20, IoU=0.3	NDCG@20, IoU=0.5	NDCG@20, IoU=0.7	NDCG@40, IoU=0.3	NDCG@40, IoU=0.5	NDCG@40, IoU=0.7	
INFO:VAL:  0.178075 0.160875 0.109931 0.165959 0.148602 0.102543 0.167651 0.151189 0.104952
INFO:TEST:  0.172819 0.156964 0.111523 0.161665 0.145595 0.103830 0.164358 0.146148 0.104311
INFO:BEST VAL:  0.178075 0.160875 0.109931 0.165959 0.148602 0.102543 0.167651 0.151189 0.104952
INFO:BEST TEST:  0.172819 0.156964 0.111523 0.161665 0.145595 0.103830 0.164358 0.146148 0.104311
INFO:save checkpoint: results/tvr-top40-2024_03_30_17_59_29/model.ckpt
INFO:
INFO:EPOCH: 1
INFO:NDCG@10, IoU=0.3	NDCG@10, IoU=0.5	NDCG@10, IoU=0.7	NDCG@20, IoU=0.3	NDCG@20, IoU=0.5	NDCG@20, IoU=0.7	NDCG@40, IoU=0.3	NDCG@40, IoU=0.5	NDCG@40, IoU=0.7	
INFO:VAL:  0.181539 0.163901 0.119411 0.169651 0.151649 0.110671 0.172223 0.153394 0.111268
INFO:TEST:  0.172527 0.157241 0.112600 0.161323 0.145564 0.104202 0.163763 0.146391 0.104949
INFO:BEST VAL:  0.181539 0.163901 0.119411 0.169651 0.151649 0.110671 0.172223 0.153394 0.111268
INFO:BEST TEST:  0.172527 0.157241 0.112600 0.161323 0.145564 0.104202 0.163763 0.146391 0.104949
INFO:save checkpoint: results/tvr-top40-2024_03_30_17_59_29/model.ckpt
INFO:
INFO:EPOCH: 2
INFO:NDCG@10, IoU=0.3	NDCG@10, IoU=0.5	NDCG@10, IoU=0.7	NDCG@20, IoU=0.3	NDCG@20, IoU=0.5	NDCG@20, IoU=0.7	NDCG@40, IoU=0.3	NDCG@40, IoU=0.5	NDCG@40, IoU=0.7	
INFO:VAL:  0.181662 0.164450 0.119066 0.172301 0.154304 0.113268 0.174103 0.155225 0.114518
INFO:TEST:  0.180135 0.164489 0.117128 0.168765 0.152617 0.109034 0.171060 0.153155 0.109774
INFO:BEST VAL:  0.181662 0.164450 0.119066 0.172301 0.154304 0.113268 0.174103 0.155225 0.114518
INFO:BEST TEST:  0.180135 0.164489 0.117128 0.168765 0.152617 0.109034 0.171060 0.153155 0.109774
INFO:save checkpoint: results/tvr-top40-2024_03_30_17_59_29/model.ckpt
INFO:
INFO:EPOCH: 2
INFO:NDCG@10, IoU=0.3	NDCG@10, IoU=0.5	NDCG@10, IoU=0.7	NDCG@20, IoU=0.3	NDCG@20, IoU=0.5	NDCG@20, IoU=0.7	NDCG@40, IoU=0.3	NDCG@40, IoU=0.5	NDCG@40, IoU=0.7	
INFO:VAL:  0.186857 0.169144 0.122309 0.173794 0.156376 0.115169 0.173855 0.155207 0.114864
INFO:TEST:  0.181826 0.166120 0.119209 0.169857 0.153706 0.110862 0.171870 0.154350 0.111647
INFO:BEST VAL:  0.186857 0.169144 0.122309 0.173794 0.156376 0.115169 0.173855 0.155207 0.114864
INFO:BEST TEST:  0.181826 0.166120 0.119209 0.169857 0.153706 0.110862 0.171870 0.154350 0.111647
INFO:save checkpoint: results/tvr-top40-2024_03_30_17_59_29/model.ckpt
INFO:
INFO:EPOCH: 2
INFO:NDCG@10, IoU=0.3	NDCG@10, IoU=0.5	NDCG@10, IoU=0.7	NDCG@20, IoU=0.3	NDCG@20, IoU=0.5	NDCG@20, IoU=0.7	NDCG@40, IoU=0.3	NDCG@40, IoU=0.5	NDCG@40, IoU=0.7	
INFO:VAL:  0.193309 0.175635 0.128627 0.178456 0.161147 0.118775 0.181017 0.161374 0.119402
INFO:TEST:  0.186770 0.170775 0.122862 0.173030 0.156933 0.113492 0.174475 0.156771 0.113821
INFO:BEST VAL:  0.193309 0.175635 0.128627 0.178456 0.161147 0.118775 0.181017 0.161374 0.119402
INFO:BEST TEST:  0.186770 0.170775 0.122862 0.173030 0.156933 0.113492 0.174475 0.156771 0.113821
INFO:save checkpoint: results/tvr-top40-2024_03_30_17_59_29/model.ckpt
INFO:
INFO:EPOCH: 2
INFO:NDCG@10, IoU=0.3	NDCG@10, IoU=0.5	NDCG@10, IoU=0.7	NDCG@20, IoU=0.3	NDCG@20, IoU=0.5	NDCG@20, IoU=0.7	NDCG@40, IoU=0.3	NDCG@40, IoU=0.5	NDCG@40, IoU=0.7	
INFO:VAL:  0.198774 0.178397 0.127190 0.183460 0.163850 0.117840 0.183555 0.162974 0.117431
INFO:TEST:  0.187544 0.171242 0.122353 0.175354 0.158997 0.114532 0.176185 0.158643 0.113948
INFO:BEST VAL:  0.198774 0.178397 0.127190 0.183460 0.163850 0.117840 0.183555 0.162974 0.117431
INFO:BEST TEST:  0.187544 0.171242 0.122353 0.175354 0.158997 0.114532 0.176185 0.158643 0.113948
INFO:save checkpoint: results/tvr-top40-2024_03_30_17_59_29/model.ckpt
INFO:
INFO:EPOCH: 3
INFO:NDCG@10, IoU=0.3	NDCG@10, IoU=0.5	NDCG@10, IoU=0.7	NDCG@20, IoU=0.3	NDCG@20, IoU=0.5	NDCG@20, IoU=0.7	NDCG@40, IoU=0.3	NDCG@40, IoU=0.5	NDCG@40, IoU=0.7	
INFO:VAL:  0.199753 0.181271 0.131040 0.186356 0.167415 0.122200 0.186588 0.166365 0.121861
INFO:TEST:  0.185868 0.169274 0.121117 0.173354 0.156767 0.112935 0.174216 0.156478 0.112677
INFO:BEST VAL:  0.199753 0.181271 0.131040 0.186356 0.167415 0.122200 0.186588 0.166365 0.121861
INFO:BEST TEST:  0.185868 0.169274 0.121117 0.173354 0.156767 0.112935 0.174216 0.156478 0.112677
INFO:save checkpoint: results/tvr-top40-2024_03_30_17_59_29/model.ckpt
INFO:
INFO:EPOCH: 3
INFO:NDCG@10, IoU=0.3	NDCG@10, IoU=0.5	NDCG@10, IoU=0.7	NDCG@20, IoU=0.3	NDCG@20, IoU=0.5	NDCG@20, IoU=0.7	NDCG@40, IoU=0.3	NDCG@40, IoU=0.5	NDCG@40, IoU=0.7	
INFO:VAL:  0.198949 0.180860 0.133956 0.184626 0.166187 0.125275 0.184958 0.165767 0.124295
INFO:TEST:  0.192470 0.176300 0.127293 0.178646 0.162144 0.117491 0.179204 0.161705 0.117610
INFO:BEST VAL:  0.198949 0.180860 0.133956 0.184626 0.166187 0.125275 0.184958 0.165767 0.124295
INFO:BEST TEST:  0.192470 0.176300 0.127293 0.178646 0.162144 0.117491 0.179204 0.161705 0.117610
INFO:save checkpoint: results/tvr-top40-2024_03_30_17_59_29/model.ckpt
INFO:
INFO:EPOCH: 3
INFO:NDCG@10, IoU=0.3	NDCG@10, IoU=0.5	NDCG@10, IoU=0.7	NDCG@20, IoU=0.3	NDCG@20, IoU=0.5	NDCG@20, IoU=0.7	NDCG@40, IoU=0.3	NDCG@40, IoU=0.5	NDCG@40, IoU=0.7	
INFO:VAL:  0.209795 0.190168 0.140443 0.192661 0.174330 0.128672 0.191580 0.173132 0.129035
INFO:TEST:  0.192963 0.177228 0.128884 0.178675 0.162452 0.118159 0.179423 0.161729 0.118068
INFO:BEST VAL:  0.209795 0.190168 0.140443 0.192661 0.174330 0.128672 0.191580 0.173132 0.129035
INFO:BEST TEST:  0.192963 0.177228 0.128884 0.178675 0.162452 0.118159 0.179423 0.161729 0.118068
INFO:save checkpoint: results/tvr-top40-2024_03_30_17_59_29/model.ckpt
INFO:
INFO:EPOCH: 3
INFO:NDCG@10, IoU=0.3	NDCG@10, IoU=0.5	NDCG@10, IoU=0.7	NDCG@20, IoU=0.3	NDCG@20, IoU=0.5	NDCG@20, IoU=0.7	NDCG@40, IoU=0.3	NDCG@40, IoU=0.5	NDCG@40, IoU=0.7	
INFO:VAL:  0.202447 0.184755 0.136441 0.184727 0.166879 0.122819 0.185110 0.166848 0.123311
INFO:TEST:  0.193836 0.178298 0.129767 0.180111 0.163665 0.119478 0.180769 0.162966 0.119117
INFO:
INFO:EPOCH: 4
INFO:NDCG@10, IoU=0.3	NDCG@10, IoU=0.5	NDCG@10, IoU=0.7	NDCG@20, IoU=0.3	NDCG@20, IoU=0.5	NDCG@20, IoU=0.7	NDCG@40, IoU=0.3	NDCG@40, IoU=0.5	NDCG@40, IoU=0.7	
INFO:VAL:  0.208573 0.189547 0.137792 0.193055 0.174033 0.126395 0.191845 0.172935 0.126639
INFO:TEST:  0.201846 0.186411 0.135096 0.185831 0.170203 0.123954 0.186354 0.168800 0.122747
INFO:
INFO:EPOCH: 4
INFO:NDCG@10, IoU=0.3	NDCG@10, IoU=0.5	NDCG@10, IoU=0.7	NDCG@20, IoU=0.3	NDCG@20, IoU=0.5	NDCG@20, IoU=0.7	NDCG@40, IoU=0.3	NDCG@40, IoU=0.5	NDCG@40, IoU=0.7	
INFO:VAL:  0.206549 0.187663 0.137249 0.190811 0.172957 0.127571 0.189459 0.171709 0.126690
INFO:TEST:  0.195208 0.179404 0.129657 0.180149 0.164532 0.119635 0.180483 0.163135 0.118698
INFO:
INFO:EPOCH: 4
INFO:NDCG@10, IoU=0.3	NDCG@10, IoU=0.5	NDCG@10, IoU=0.7	NDCG@20, IoU=0.3	NDCG@20, IoU=0.5	NDCG@20, IoU=0.7	NDCG@40, IoU=0.3	NDCG@40, IoU=0.5	NDCG@40, IoU=0.7	
INFO:VAL:  0.214741 0.194762 0.142459 0.196573 0.178425 0.129906 0.194355 0.175956 0.128441
INFO:TEST:  0.200424 0.185606 0.134447 0.185483 0.170190 0.123888 0.186093 0.168935 0.122640
INFO:BEST VAL:  0.214741 0.194762 0.142459 0.196573 0.178425 0.129906 0.194355 0.175956 0.128441
INFO:BEST TEST:  0.200424 0.185606 0.134447 0.185483 0.170190 0.123888 0.186093 0.168935 0.122640
INFO:save checkpoint: results/tvr-top40-2024_03_30_17_59_29/model.ckpt
INFO:
INFO:EPOCH: 4
INFO:NDCG@10, IoU=0.3	NDCG@10, IoU=0.5	NDCG@10, IoU=0.7	NDCG@20, IoU=0.3	NDCG@20, IoU=0.5	NDCG@20, IoU=0.7	NDCG@40, IoU=0.3	NDCG@40, IoU=0.5	NDCG@40, IoU=0.7	
INFO:VAL:  0.214111 0.192410 0.140977 0.196601 0.176105 0.130146 0.195586 0.174700 0.129410
INFO:TEST:  0.200302 0.184322 0.133873 0.185081 0.169171 0.122647 0.185056 0.167551 0.121561
INFO:
INFO:EPOCH: 5
INFO:NDCG@10, IoU=0.3	NDCG@10, IoU=0.5	NDCG@10, IoU=0.7	NDCG@20, IoU=0.3	NDCG@20, IoU=0.5	NDCG@20, IoU=0.7	NDCG@40, IoU=0.3	NDCG@40, IoU=0.5	NDCG@40, IoU=0.7	
INFO:VAL:  0.215995 0.195415 0.143215 0.197894 0.178704 0.131796 0.196741 0.176852 0.130743
INFO:TEST:  0.199047 0.183243 0.131937 0.184081 0.168169 0.122346 0.184756 0.167079 0.121449
INFO:BEST VAL:  0.215995 0.195415 0.143215 0.197894 0.178704 0.131796 0.196741 0.176852 0.130743
INFO:BEST TEST:  0.199047 0.183243 0.131937 0.184081 0.168169 0.122346 0.184756 0.167079 0.121449
INFO:save checkpoint: results/tvr-top40-2024_03_30_17_59_29/model.ckpt
INFO:
INFO:EPOCH: 5
INFO:NDCG@10, IoU=0.3	NDCG@10, IoU=0.5	NDCG@10, IoU=0.7	NDCG@20, IoU=0.3	NDCG@20, IoU=0.5	NDCG@20, IoU=0.7	NDCG@40, IoU=0.3	NDCG@40, IoU=0.5	NDCG@40, IoU=0.7	
INFO:VAL:  0.209778 0.189283 0.141640 0.194178 0.175152 0.131327 0.191793 0.171775 0.129357
INFO:TEST:  0.195197 0.179933 0.129794 0.179871 0.164207 0.119402 0.180218 0.163166 0.118257
INFO:
INFO:EPOCH: 5
INFO:NDCG@10, IoU=0.3	NDCG@10, IoU=0.5	NDCG@10, IoU=0.7	NDCG@20, IoU=0.3	NDCG@20, IoU=0.5	NDCG@20, IoU=0.7	NDCG@40, IoU=0.3	NDCG@40, IoU=0.5	NDCG@40, IoU=0.7	
INFO:VAL:  0.214853 0.196309 0.143711 0.197644 0.179692 0.134003 0.195882 0.176788 0.134517
INFO:TEST:  0.200678 0.185125 0.135257 0.185541 0.169904 0.124288 0.185112 0.168290 0.123094
INFO:BEST VAL:  0.214853 0.196309 0.143711 0.197644 0.179692 0.134003 0.195882 0.176788 0.134517
INFO:BEST TEST:  0.200678 0.185125 0.135257 0.185541 0.169904 0.124288 0.185112 0.168290 0.123094
INFO:save checkpoint: results/tvr-top40-2024_03_30_17_59_29/model.ckpt
INFO:
INFO:EPOCH: 5
INFO:NDCG@10, IoU=0.3	NDCG@10, IoU=0.5	NDCG@10, IoU=0.7	NDCG@20, IoU=0.3	NDCG@20, IoU=0.5	NDCG@20, IoU=0.7	NDCG@40, IoU=0.3	NDCG@40, IoU=0.5	NDCG@40, IoU=0.7	
INFO:VAL:  0.210643 0.192329 0.144358 0.192905 0.175006 0.131200 0.191471 0.172152 0.129501
INFO:TEST:  0.202450 0.186098 0.134305 0.186681 0.170487 0.123380 0.186271 0.168805 0.122433
INFO:
INFO:EPOCH: 6
INFO:NDCG@10, IoU=0.3	NDCG@10, IoU=0.5	NDCG@10, IoU=0.7	NDCG@20, IoU=0.3	NDCG@20, IoU=0.5	NDCG@20, IoU=0.7	NDCG@40, IoU=0.3	NDCG@40, IoU=0.5	NDCG@40, IoU=0.7	
INFO:VAL:  0.218487 0.199802 0.149747 0.201166 0.181927 0.137557 0.198406 0.179970 0.136018
INFO:TEST:  0.206741 0.191400 0.138582 0.190659 0.174825 0.126843 0.189505 0.172477 0.125173
INFO:BEST VAL:  0.218487 0.199802 0.149747 0.201166 0.181927 0.137557 0.198406 0.179970 0.136018
INFO:BEST TEST:  0.206741 0.191400 0.138582 0.190659 0.174825 0.126843 0.189505 0.172477 0.125173
INFO:save checkpoint: results/tvr-top40-2024_03_30_17_59_29/model.ckpt
INFO:
INFO:EPOCH: 6
INFO:NDCG@10, IoU=0.3	NDCG@10, IoU=0.5	NDCG@10, IoU=0.7	NDCG@20, IoU=0.3	NDCG@20, IoU=0.5	NDCG@20, IoU=0.7	NDCG@40, IoU=0.3	NDCG@40, IoU=0.5	NDCG@40, IoU=0.7	
INFO:VAL:  0.216446 0.197580 0.148967 0.198373 0.179285 0.136613 0.196668 0.177288 0.133883
INFO:TEST:  0.206169 0.189757 0.137461 0.188686 0.172764 0.125576 0.188255 0.170955 0.124350
INFO:
INFO:EPOCH: 6
INFO:NDCG@10, IoU=0.3	NDCG@10, IoU=0.5	NDCG@10, IoU=0.7	NDCG@20, IoU=0.3	NDCG@20, IoU=0.5	NDCG@20, IoU=0.7	NDCG@40, IoU=0.3	NDCG@40, IoU=0.5	NDCG@40, IoU=0.7	
INFO:VAL:  0.218320 0.196491 0.145088 0.199818 0.179036 0.132308 0.197511 0.176097 0.130674
INFO:TEST:  0.203570 0.187968 0.136001 0.186974 0.171811 0.124622 0.186219 0.169699 0.123550
INFO:
INFO:EPOCH: 6
INFO:NDCG@10, IoU=0.3	NDCG@10, IoU=0.5	NDCG@10, IoU=0.7	NDCG@20, IoU=0.3	NDCG@20, IoU=0.5	NDCG@20, IoU=0.7	NDCG@40, IoU=0.3	NDCG@40, IoU=0.5	NDCG@40, IoU=0.7	
INFO:VAL:  0.218651 0.200015 0.149895 0.199714 0.182199 0.136603 0.197578 0.178805 0.134527
INFO:TEST:  0.204627 0.188727 0.136400 0.188148 0.172157 0.124907 0.187320 0.170145 0.123454
INFO:
INFO:EPOCH: 7
INFO:NDCG@10, IoU=0.3	NDCG@10, IoU=0.5	NDCG@10, IoU=0.7	NDCG@20, IoU=0.3	NDCG@20, IoU=0.5	NDCG@20, IoU=0.7	NDCG@40, IoU=0.3	NDCG@40, IoU=0.5	NDCG@40, IoU=0.7	
INFO:VAL:  0.221027 0.199817 0.150847 0.200178 0.180429 0.136347 0.196425 0.175567 0.132565
INFO:TEST:  0.205151 0.188908 0.137278 0.188939 0.172708 0.126143 0.188555 0.171196 0.124932
INFO:
INFO:EPOCH: 7
INFO:NDCG@10, IoU=0.3	NDCG@10, IoU=0.5	NDCG@10, IoU=0.7	NDCG@20, IoU=0.3	NDCG@20, IoU=0.5	NDCG@20, IoU=0.7	NDCG@40, IoU=0.3	NDCG@40, IoU=0.5	NDCG@40, IoU=0.7	
INFO:VAL:  0.225766 0.206561 0.158715 0.205197 0.185970 0.143727 0.202772 0.182368 0.141233
INFO:TEST:  0.207387 0.191730 0.138043 0.190710 0.175312 0.127130 0.190017 0.172928 0.125556
INFO:BEST VAL:  0.225766 0.206561 0.158715 0.205197 0.185970 0.143727 0.202772 0.182368 0.141233
INFO:BEST TEST:  0.207387 0.191730 0.138043 0.190710 0.175312 0.127130 0.190017 0.172928 0.125556
INFO:save checkpoint: results/tvr-top40-2024_03_30_17_59_29/model.ckpt
INFO:
INFO:EPOCH: 7
INFO:NDCG@10, IoU=0.3	NDCG@10, IoU=0.5	NDCG@10, IoU=0.7	NDCG@20, IoU=0.3	NDCG@20, IoU=0.5	NDCG@20, IoU=0.7	NDCG@40, IoU=0.3	NDCG@40, IoU=0.5	NDCG@40, IoU=0.7	
INFO:VAL:  0.222947 0.203027 0.151416 0.202283 0.183700 0.137968 0.199676 0.180018 0.135767
INFO:TEST:  0.205777 0.189453 0.136410 0.188837 0.172983 0.125234 0.188062 0.170699 0.123746
INFO:
INFO:EPOCH: 7
INFO:NDCG@10, IoU=0.3	NDCG@10, IoU=0.5	NDCG@10, IoU=0.7	NDCG@20, IoU=0.3	NDCG@20, IoU=0.5	NDCG@20, IoU=0.7	NDCG@40, IoU=0.3	NDCG@40, IoU=0.5	NDCG@40, IoU=0.7	
INFO:VAL:  0.217332 0.195454 0.145185 0.196552 0.176921 0.131945 0.194785 0.174683 0.130501
INFO:TEST:  0.205420 0.190325 0.137251 0.188556 0.173448 0.126296 0.188001 0.171459 0.124741
INFO:
INFO:EPOCH: 8
INFO:NDCG@10, IoU=0.3	NDCG@10, IoU=0.5	NDCG@10, IoU=0.7	NDCG@20, IoU=0.3	NDCG@20, IoU=0.5	NDCG@20, IoU=0.7	NDCG@40, IoU=0.3	NDCG@40, IoU=0.5	NDCG@40, IoU=0.7	
INFO:VAL:  0.229305 0.206510 0.150046 0.206806 0.186271 0.135917 0.203218 0.182510 0.134038
INFO:TEST:  0.210899 0.195185 0.140233 0.192620 0.176902 0.127959 0.191487 0.174462 0.126319
INFO:
INFO:EPOCH: 8
INFO:NDCG@10, IoU=0.3	NDCG@10, IoU=0.5	NDCG@10, IoU=0.7	NDCG@20, IoU=0.3	NDCG@20, IoU=0.5	NDCG@20, IoU=0.7	NDCG@40, IoU=0.3	NDCG@40, IoU=0.5	NDCG@40, IoU=0.7	
INFO:VAL:  0.220306 0.200467 0.148050 0.201645 0.182975 0.136457 0.198353 0.178713 0.134211
INFO:TEST:  0.208393 0.192388 0.137996 0.191218 0.175362 0.126922 0.190523 0.172967 0.125619
INFO:
INFO:EPOCH: 8
INFO:NDCG@10, IoU=0.3	NDCG@10, IoU=0.5	NDCG@10, IoU=0.7	NDCG@20, IoU=0.3	NDCG@20, IoU=0.5	NDCG@20, IoU=0.7	NDCG@40, IoU=0.3	NDCG@40, IoU=0.5	NDCG@40, IoU=0.7	
INFO:VAL:  0.221332 0.203223 0.153504 0.200031 0.182507 0.138810 0.198091 0.179465 0.136052
INFO:TEST:  0.212372 0.196216 0.142098 0.193962 0.178155 0.129892 0.193389 0.175871 0.128206
INFO:
INFO:EPOCH: 8
INFO:NDCG@10, IoU=0.3	NDCG@10, IoU=0.5	NDCG@10, IoU=0.7	NDCG@20, IoU=0.3	NDCG@20, IoU=0.5	NDCG@20, IoU=0.7	NDCG@40, IoU=0.3	NDCG@40, IoU=0.5	NDCG@40, IoU=0.7	
INFO:VAL:  0.229221 0.208978 0.153551 0.205200 0.187008 0.139491 0.201854 0.182610 0.136448
INFO:TEST:  0.206587 0.190549 0.138014 0.189816 0.174202 0.127183 0.189603 0.172106 0.125612
INFO:
INFO:EPOCH: 9
INFO:NDCG@10, IoU=0.3	NDCG@10, IoU=0.5	NDCG@10, IoU=0.7	NDCG@20, IoU=0.3	NDCG@20, IoU=0.5	NDCG@20, IoU=0.7	NDCG@40, IoU=0.3	NDCG@40, IoU=0.5	NDCG@40, IoU=0.7	
INFO:VAL:  0.226596 0.206264 0.154881 0.205771 0.186495 0.140009 0.202676 0.182366 0.137237
INFO:TEST:  0.207560 0.191716 0.138922 0.189768 0.174281 0.126931 0.188820 0.171763 0.125059
INFO:
INFO:EPOCH: 9
INFO:NDCG@10, IoU=0.3	NDCG@10, IoU=0.5	NDCG@10, IoU=0.7	NDCG@20, IoU=0.3	NDCG@20, IoU=0.5	NDCG@20, IoU=0.7	NDCG@40, IoU=0.3	NDCG@40, IoU=0.5	NDCG@40, IoU=0.7	
INFO:VAL:  0.216103 0.196535 0.148337 0.196598 0.178549 0.135374 0.193503 0.174833 0.132920
INFO:TEST:  0.202856 0.186995 0.134904 0.185927 0.170501 0.123834 0.185352 0.168477 0.122116
INFO:
INFO:EPOCH: 9
INFO:NDCG@10, IoU=0.3	NDCG@10, IoU=0.5	NDCG@10, IoU=0.7	NDCG@20, IoU=0.3	NDCG@20, IoU=0.5	NDCG@20, IoU=0.7	NDCG@40, IoU=0.3	NDCG@40, IoU=0.5	NDCG@40, IoU=0.7	
INFO:VAL:  0.229063 0.208124 0.157411 0.206806 0.187485 0.142767 0.204449 0.184698 0.140546
INFO:TEST:  0.209640 0.194237 0.141460 0.191852 0.176812 0.129143 0.191778 0.174661 0.128009
INFO:BEST VAL:  0.229063 0.208124 0.157411 0.206806 0.187485 0.142767 0.204449 0.184698 0.140546
INFO:BEST TEST:  0.209640 0.194237 0.141460 0.191852 0.176812 0.129143 0.191778 0.174661 0.128009
INFO:save checkpoint: results/tvr-top40-2024_03_30_17_59_29/model.ckpt
INFO:
INFO:EPOCH: 9
INFO:NDCG@10, IoU=0.3	NDCG@10, IoU=0.5	NDCG@10, IoU=0.7	NDCG@20, IoU=0.3	NDCG@20, IoU=0.5	NDCG@20, IoU=0.7	NDCG@40, IoU=0.3	NDCG@40, IoU=0.5	NDCG@40, IoU=0.7	
INFO:VAL:  0.225713 0.205413 0.153864 0.204503 0.185865 0.140753 0.203847 0.183143 0.138633
INFO:TEST:  0.207722 0.192367 0.139288 0.190287 0.175368 0.127374 0.189548 0.172907 0.125659
INFO:
INFO:EPOCH: 10
INFO:NDCG@10, IoU=0.3	NDCG@10, IoU=0.5	NDCG@10, IoU=0.7	NDCG@20, IoU=0.3	NDCG@20, IoU=0.5	NDCG@20, IoU=0.7	NDCG@40, IoU=0.3	NDCG@40, IoU=0.5	NDCG@40, IoU=0.7	
INFO:VAL:  0.220203 0.198485 0.147902 0.200313 0.179935 0.134381 0.197272 0.176366 0.132443
INFO:TEST:  0.206981 0.191192 0.138228 0.189812 0.173735 0.125587 0.188985 0.171809 0.124076
INFO:
INFO:EPOCH: 10
INFO:NDCG@10, IoU=0.3	NDCG@10, IoU=0.5	NDCG@10, IoU=0.7	NDCG@20, IoU=0.3	NDCG@20, IoU=0.5	NDCG@20, IoU=0.7	NDCG@40, IoU=0.3	NDCG@40, IoU=0.5	NDCG@40, IoU=0.7	
INFO:VAL:  0.220446 0.199694 0.149887 0.201330 0.181086 0.137107 0.199017 0.178762 0.135362
INFO:TEST:  0.206194 0.190864 0.138127 0.189713 0.174535 0.126188 0.188989 0.171978 0.124435
INFO:
INFO:EPOCH: 10
INFO:NDCG@10, IoU=0.3	NDCG@10, IoU=0.5	NDCG@10, IoU=0.7	NDCG@20, IoU=0.3	NDCG@20, IoU=0.5	NDCG@20, IoU=0.7	NDCG@40, IoU=0.3	NDCG@40, IoU=0.5	NDCG@40, IoU=0.7	
INFO:VAL:  0.230443 0.208252 0.155611 0.208970 0.188013 0.142075 0.205180 0.183167 0.139166
INFO:TEST:  0.207123 0.190865 0.138220 0.190146 0.174039 0.126701 0.189189 0.171670 0.125025
INFO:
INFO:EPOCH: 10
INFO:NDCG@10, IoU=0.3	NDCG@10, IoU=0.5	NDCG@10, IoU=0.7	NDCG@20, IoU=0.3	NDCG@20, IoU=0.5	NDCG@20, IoU=0.7	NDCG@40, IoU=0.3	NDCG@40, IoU=0.5	NDCG@40, IoU=0.7	
INFO:VAL:  0.226218 0.206813 0.153702 0.204941 0.186506 0.140337 0.201520 0.183098 0.137173
INFO:TEST:  0.209191 0.193922 0.140261 0.191263 0.176135 0.128042 0.190448 0.173931 0.126268
INFO:
INFO:EPOCH: 11
INFO:NDCG@10, IoU=0.3	NDCG@10, IoU=0.5	NDCG@10, IoU=0.7	NDCG@20, IoU=0.3	NDCG@20, IoU=0.5	NDCG@20, IoU=0.7	NDCG@40, IoU=0.3	NDCG@40, IoU=0.5	NDCG@40, IoU=0.7	
INFO:VAL:  0.226945 0.204277 0.153726 0.207081 0.186258 0.139878 0.203481 0.182229 0.137796
INFO:TEST:  0.209045 0.193249 0.140103 0.191626 0.176568 0.128671 0.190792 0.174300 0.126794
INFO:
INFO:EPOCH: 11
INFO:NDCG@10, IoU=0.3	NDCG@10, IoU=0.5	NDCG@10, IoU=0.7	NDCG@20, IoU=0.3	NDCG@20, IoU=0.5	NDCG@20, IoU=0.7	NDCG@40, IoU=0.3	NDCG@40, IoU=0.5	NDCG@40, IoU=0.7	
INFO:VAL:  0.227327 0.206008 0.154126 0.205952 0.186202 0.139853 0.203399 0.182648 0.136516
INFO:TEST:  0.206129 0.190846 0.136910 0.188965 0.173754 0.125073 0.188126 0.171143 0.123547
INFO:
INFO:EPOCH: 11
INFO:NDCG@10, IoU=0.3	NDCG@10, IoU=0.5	NDCG@10, IoU=0.7	NDCG@20, IoU=0.3	NDCG@20, IoU=0.5	NDCG@20, IoU=0.7	NDCG@40, IoU=0.3	NDCG@40, IoU=0.5	NDCG@40, IoU=0.7	
INFO:VAL:  0.220798 0.200931 0.152136 0.202499 0.182804 0.140389 0.198943 0.179127 0.137812
INFO:TEST:  0.207239 0.191622 0.138183 0.190225 0.174558 0.126623 0.189470 0.171630 0.124550
INFO:
INFO:EPOCH: 11
INFO:NDCG@10, IoU=0.3	NDCG@10, IoU=0.5	NDCG@10, IoU=0.7	NDCG@20, IoU=0.3	NDCG@20, IoU=0.5	NDCG@20, IoU=0.7	NDCG@40, IoU=0.3	NDCG@40, IoU=0.5	NDCG@40, IoU=0.7	
INFO:VAL:  0.220296 0.199675 0.149095 0.200930 0.181830 0.136574 0.198359 0.178425 0.135053
INFO:TEST:  0.209322 0.193667 0.138644 0.191153 0.175703 0.126813 0.190565 0.173620 0.125235
INFO:
INFO:EPOCH: 12
INFO:NDCG@10, IoU=0.3	NDCG@10, IoU=0.5	NDCG@10, IoU=0.7	NDCG@20, IoU=0.3	NDCG@20, IoU=0.5	NDCG@20, IoU=0.7	NDCG@40, IoU=0.3	NDCG@40, IoU=0.5	NDCG@40, IoU=0.7	
INFO:VAL:  0.221908 0.201915 0.150976 0.201727 0.183418 0.139125 0.198933 0.180015 0.136801
INFO:TEST:  0.203453 0.188378 0.137140 0.187052 0.172049 0.125596 0.185846 0.169331 0.123763
INFO:
INFO:EPOCH: 12
INFO:NDCG@10, IoU=0.3	NDCG@10, IoU=0.5	NDCG@10, IoU=0.7	NDCG@20, IoU=0.3	NDCG@20, IoU=0.5	NDCG@20, IoU=0.7	NDCG@40, IoU=0.3	NDCG@40, IoU=0.5	NDCG@40, IoU=0.7	
INFO:VAL:  0.225741 0.204366 0.149409 0.205527 0.184912 0.136672 0.203351 0.182471 0.136573
INFO:TEST:  0.212276 0.195927 0.141890 0.193258 0.177456 0.128761 0.192245 0.174859 0.126879
INFO:
INFO:EPOCH: 12
INFO:NDCG@10, IoU=0.3	NDCG@10, IoU=0.5	NDCG@10, IoU=0.7	NDCG@20, IoU=0.3	NDCG@20, IoU=0.5	NDCG@20, IoU=0.7	NDCG@40, IoU=0.3	NDCG@40, IoU=0.5	NDCG@40, IoU=0.7	
INFO:VAL:  0.223310 0.202221 0.154201 0.203204 0.184221 0.140957 0.200279 0.180554 0.138387
INFO:TEST:  0.208677 0.193631 0.140322 0.191177 0.176296 0.128119 0.189843 0.173610 0.125979
INFO:
