INFO:model_config {   'bert_config': {   'attention_probs_dropout_prob': 0.1,
                       'hidden_act': 'gelu',
                       'hidden_dropout_prob': 0.1,
                       'hidden_size': 768,
                       'initializer_range': 0.02,
                       'intermediate_size': 3072,
                       'layer_norm_eps': 1e-05,
                       'max_position_embeddings': 100,
                       'num_attention_heads': 12,
                       'num_hidden_layers': 1,
                       'output_attentions': False,
                       'output_hidden_states': False,
                       'type_vocab_size': 2},
    'initializer_range': 0.02,
    'moment_localization_config': {   'conv_cfg_1': {   'bias': False,
                                                        'in_channels': 768,
                                                        'kernel_size': 5,
                                                        'out_channels': 128,
                                                        'padding': 2,
                                                        'stride': 1},
                                      'conv_cfg_2': {   'bias': False,
                                                        'in_channels': 128,
                                                        'kernel_size': 1,
                                                        'out_channels': 1,
                                                        'padding': 0,
                                                        'stride': 1}},
    'netvlad_config': {   'hidden_size': 768,
                          'moe_dropout_prob': 0.1,
                          'text_cluster': 32},
    'query_bert_config': {   'attention_probs_dropout_prob': 0.1,
                             'hidden_act': 'gelu',
                             'hidden_dropout_prob': 0.1,
                             'hidden_size': 768,
                             'initializer_range': 0.02,
                             'intermediate_size': 3072,
                             'layer_norm_eps': 1e-05,
                             'max_position_embeddings': 30,
                             'num_attention_heads': 12,
                             'num_hidden_layers': 1,
                             'output_attentions': False,
                             'output_hidden_states': False,
                             'type_vocab_size': 2},
    'video_scoring_config': {   'linear_1_cfg': {   'bias': False,
                                                    'in_features': 768,
                                                    'out_features': 128},
                                'linear_2_cfg': {   'bias': False,
                                                    'in_features': 128,
                                                    'out_features': 1}}}
INFO:video modality : ['visual', 'sub']
INFO:Start Training...
INFO:CUDA enabled.
INFO:EPOCH: 0
INFO:NDCG@10, IoU=0.3	NDCG@10, IoU=0.5	NDCG@10, IoU=0.7	NDCG@20, IoU=0.3	NDCG@20, IoU=0.5	NDCG@20, IoU=0.7	NDCG@40, IoU=0.3	NDCG@40, IoU=0.5	NDCG@40, IoU=0.7	
INFO:VAL:  0.092568 0.073692 0.047683 0.094367 0.076294 0.048349 0.102067 0.082482 0.052993
INFO:TEST:  0.093254 0.075575 0.047370 0.092658 0.074454 0.046839 0.099643 0.079684 0.050934
INFO:BEST VAL:  0.092568 0.073692 0.047683 0.094367 0.076294 0.048349 0.102067 0.082482 0.052993
INFO:BEST TEST:  0.093254 0.075575 0.047370 0.092658 0.074454 0.046839 0.099643 0.079684 0.050934
INFO:save checkpoint: results/tvr-top20-2024_03_30_17_59_25/model.ckpt
INFO:
INFO:EPOCH: 1
INFO:NDCG@10, IoU=0.3	NDCG@10, IoU=0.5	NDCG@10, IoU=0.7	NDCG@20, IoU=0.3	NDCG@20, IoU=0.5	NDCG@20, IoU=0.7	NDCG@40, IoU=0.3	NDCG@40, IoU=0.5	NDCG@40, IoU=0.7	
INFO:VAL:  0.125609 0.105867 0.072299 0.119660 0.100396 0.068350 0.125828 0.105380 0.072698
INFO:TEST:  0.114570 0.098037 0.066400 0.111347 0.094271 0.064344 0.116755 0.097556 0.066414
INFO:BEST VAL:  0.125609 0.105867 0.072299 0.119660 0.100396 0.068350 0.125828 0.105380 0.072698
INFO:BEST TEST:  0.114570 0.098037 0.066400 0.111347 0.094271 0.064344 0.116755 0.097556 0.066414
INFO:save checkpoint: results/tvr-top20-2024_03_30_17_59_25/model.ckpt
INFO:
INFO:EPOCH: 1
INFO:NDCG@10, IoU=0.3	NDCG@10, IoU=0.5	NDCG@10, IoU=0.7	NDCG@20, IoU=0.3	NDCG@20, IoU=0.5	NDCG@20, IoU=0.7	NDCG@40, IoU=0.3	NDCG@40, IoU=0.5	NDCG@40, IoU=0.7	
INFO:VAL:  0.137393 0.119454 0.083840 0.130131 0.111773 0.079353 0.134743 0.115291 0.082012
INFO:TEST:  0.130313 0.113595 0.078591 0.125140 0.107620 0.074874 0.129626 0.111416 0.076744
INFO:BEST VAL:  0.137393 0.119454 0.083840 0.130131 0.111773 0.079353 0.134743 0.115291 0.082012
INFO:BEST TEST:  0.130313 0.113595 0.078591 0.125140 0.107620 0.074874 0.129626 0.111416 0.076744
INFO:save checkpoint: results/tvr-top20-2024_03_30_17_59_25/model.ckpt
INFO:
INFO:EPOCH: 2
INFO:NDCG@10, IoU=0.3	NDCG@10, IoU=0.5	NDCG@10, IoU=0.7	NDCG@20, IoU=0.3	NDCG@20, IoU=0.5	NDCG@20, IoU=0.7	NDCG@40, IoU=0.3	NDCG@40, IoU=0.5	NDCG@40, IoU=0.7	
INFO:VAL:  0.150536 0.133237 0.093680 0.141971 0.125851 0.088305 0.146353 0.128329 0.090780
INFO:TEST:  0.141442 0.125824 0.086464 0.135091 0.118805 0.081744 0.139924 0.122011 0.084600
INFO:BEST VAL:  0.150536 0.133237 0.093680 0.141971 0.125851 0.088305 0.146353 0.128329 0.090780
INFO:BEST TEST:  0.141442 0.125824 0.086464 0.135091 0.118805 0.081744 0.139924 0.122011 0.084600
INFO:save checkpoint: results/tvr-top20-2024_03_30_17_59_25/model.ckpt
INFO:
INFO:EPOCH: 2
INFO:NDCG@10, IoU=0.3	NDCG@10, IoU=0.5	NDCG@10, IoU=0.7	NDCG@20, IoU=0.3	NDCG@20, IoU=0.5	NDCG@20, IoU=0.7	NDCG@40, IoU=0.3	NDCG@40, IoU=0.5	NDCG@40, IoU=0.7	
INFO:VAL:  0.165240 0.146026 0.103975 0.157396 0.137903 0.099742 0.159503 0.139644 0.100441
INFO:TEST:  0.153595 0.136079 0.094927 0.145937 0.128451 0.090297 0.149642 0.130722 0.092058
INFO:BEST VAL:  0.165240 0.146026 0.103975 0.157396 0.137903 0.099742 0.159503 0.139644 0.100441
INFO:BEST TEST:  0.153595 0.136079 0.094927 0.145937 0.128451 0.090297 0.149642 0.130722 0.092058
INFO:save checkpoint: results/tvr-top20-2024_03_30_17_59_25/model.ckpt
INFO:
INFO:EPOCH: 3
INFO:NDCG@10, IoU=0.3	NDCG@10, IoU=0.5	NDCG@10, IoU=0.7	NDCG@20, IoU=0.3	NDCG@20, IoU=0.5	NDCG@20, IoU=0.7	NDCG@40, IoU=0.3	NDCG@40, IoU=0.5	NDCG@40, IoU=0.7	
INFO:VAL:  0.177701 0.159337 0.111138 0.168913 0.150450 0.107497 0.170841 0.150826 0.107975
INFO:TEST:  0.158474 0.143256 0.102347 0.149886 0.134103 0.095784 0.153519 0.135744 0.097103
INFO:BEST VAL:  0.177701 0.159337 0.111138 0.168913 0.150450 0.107497 0.170841 0.150826 0.107975
INFO:BEST TEST:  0.158474 0.143256 0.102347 0.149886 0.134103 0.095784 0.153519 0.135744 0.097103
INFO:save checkpoint: results/tvr-top20-2024_03_30_17_59_25/model.ckpt
INFO:
INFO:EPOCH: 3
INFO:NDCG@10, IoU=0.3	NDCG@10, IoU=0.5	NDCG@10, IoU=0.7	NDCG@20, IoU=0.3	NDCG@20, IoU=0.5	NDCG@20, IoU=0.7	NDCG@40, IoU=0.3	NDCG@40, IoU=0.5	NDCG@40, IoU=0.7	
INFO:VAL:  0.178432 0.160637 0.115517 0.169032 0.151607 0.109071 0.170368 0.151198 0.108915
INFO:TEST:  0.166859 0.150819 0.105842 0.157228 0.140495 0.099348 0.159887 0.142100 0.101023
INFO:BEST VAL:  0.178432 0.160637 0.115517 0.169032 0.151607 0.109071 0.170368 0.151198 0.108915
INFO:BEST TEST:  0.166859 0.150819 0.105842 0.157228 0.140495 0.099348 0.159887 0.142100 0.101023
INFO:save checkpoint: results/tvr-top20-2024_03_30_17_59_25/model.ckpt
INFO:
INFO:EPOCH: 4
INFO:NDCG@10, IoU=0.3	NDCG@10, IoU=0.5	NDCG@10, IoU=0.7	NDCG@20, IoU=0.3	NDCG@20, IoU=0.5	NDCG@20, IoU=0.7	NDCG@40, IoU=0.3	NDCG@40, IoU=0.5	NDCG@40, IoU=0.7	
INFO:VAL:  0.187147 0.168004 0.121804 0.174344 0.155872 0.114031 0.173239 0.153870 0.113704
INFO:TEST:  0.171392 0.155355 0.109828 0.160869 0.144388 0.102647 0.164135 0.146012 0.103789
INFO:BEST VAL:  0.187147 0.168004 0.121804 0.174344 0.155872 0.114031 0.173239 0.153870 0.113704
INFO:BEST TEST:  0.171392 0.155355 0.109828 0.160869 0.144388 0.102647 0.164135 0.146012 0.103789
INFO:save checkpoint: results/tvr-top20-2024_03_30_17_59_25/model.ckpt
INFO:
INFO:EPOCH: 4
INFO:NDCG@10, IoU=0.3	NDCG@10, IoU=0.5	NDCG@10, IoU=0.7	NDCG@20, IoU=0.3	NDCG@20, IoU=0.5	NDCG@20, IoU=0.7	NDCG@40, IoU=0.3	NDCG@40, IoU=0.5	NDCG@40, IoU=0.7	
INFO:VAL:  0.187183 0.166379 0.122155 0.174827 0.156128 0.114948 0.175251 0.154955 0.114136
INFO:TEST:  0.174864 0.158664 0.113321 0.165124 0.147841 0.106214 0.166809 0.148264 0.106361
INFO:BEST VAL:  0.187183 0.166379 0.122155 0.174827 0.156128 0.114948 0.175251 0.154955 0.114136
INFO:BEST TEST:  0.174864 0.158664 0.113321 0.165124 0.147841 0.106214 0.166809 0.148264 0.106361
INFO:save checkpoint: results/tvr-top20-2024_03_30_17_59_25/model.ckpt
INFO:
INFO:EPOCH: 5
INFO:NDCG@10, IoU=0.3	NDCG@10, IoU=0.5	NDCG@10, IoU=0.7	NDCG@20, IoU=0.3	NDCG@20, IoU=0.5	NDCG@20, IoU=0.7	NDCG@40, IoU=0.3	NDCG@40, IoU=0.5	NDCG@40, IoU=0.7	
INFO:VAL:  0.188839 0.170978 0.126361 0.176875 0.158936 0.117224 0.176732 0.159039 0.118483
INFO:TEST:  0.177176 0.160790 0.113798 0.165353 0.148845 0.106117 0.167791 0.150001 0.107594
INFO:BEST VAL:  0.188839 0.170978 0.126361 0.176875 0.158936 0.117224 0.176732 0.159039 0.118483
INFO:BEST TEST:  0.177176 0.160790 0.113798 0.165353 0.148845 0.106117 0.167791 0.150001 0.107594
INFO:save checkpoint: results/tvr-top20-2024_03_30_17_59_25/model.ckpt
INFO:
INFO:EPOCH: 5
INFO:NDCG@10, IoU=0.3	NDCG@10, IoU=0.5	NDCG@10, IoU=0.7	NDCG@20, IoU=0.3	NDCG@20, IoU=0.5	NDCG@20, IoU=0.7	NDCG@40, IoU=0.3	NDCG@40, IoU=0.5	NDCG@40, IoU=0.7	
INFO:VAL:  0.192122 0.173043 0.127907 0.181338 0.162165 0.120100 0.181567 0.161749 0.120874
INFO:TEST:  0.182836 0.166180 0.118271 0.170609 0.152948 0.109916 0.172246 0.153398 0.110410
INFO:BEST VAL:  0.192122 0.173043 0.127907 0.181338 0.162165 0.120100 0.181567 0.161749 0.120874
INFO:BEST TEST:  0.182836 0.166180 0.118271 0.170609 0.152948 0.109916 0.172246 0.153398 0.110410
INFO:save checkpoint: results/tvr-top20-2024_03_30_17_59_25/model.ckpt
INFO:
INFO:EPOCH: 6
INFO:NDCG@10, IoU=0.3	NDCG@10, IoU=0.5	NDCG@10, IoU=0.7	NDCG@20, IoU=0.3	NDCG@20, IoU=0.5	NDCG@20, IoU=0.7	NDCG@40, IoU=0.3	NDCG@40, IoU=0.5	NDCG@40, IoU=0.7	
INFO:VAL:  0.194564 0.174746 0.129982 0.179775 0.160124 0.119247 0.179550 0.159493 0.119494
INFO:TEST:  0.183560 0.167826 0.118920 0.171576 0.155086 0.110468 0.172457 0.154777 0.110979
INFO:
INFO:EPOCH: 6
INFO:NDCG@10, IoU=0.3	NDCG@10, IoU=0.5	NDCG@10, IoU=0.7	NDCG@20, IoU=0.3	NDCG@20, IoU=0.5	NDCG@20, IoU=0.7	NDCG@40, IoU=0.3	NDCG@40, IoU=0.5	NDCG@40, IoU=0.7	
INFO:VAL:  0.195095 0.175632 0.130475 0.182920 0.163120 0.122548 0.181502 0.161108 0.121801
INFO:TEST:  0.185038 0.169814 0.120751 0.172897 0.157075 0.112981 0.174042 0.156721 0.112668
INFO:BEST VAL:  0.195095 0.175632 0.130475 0.182920 0.163120 0.122548 0.181502 0.161108 0.121801
INFO:BEST TEST:  0.185038 0.169814 0.120751 0.172897 0.157075 0.112981 0.174042 0.156721 0.112668
INFO:save checkpoint: results/tvr-top20-2024_03_30_17_59_25/model.ckpt
INFO:
INFO:EPOCH: 7
INFO:NDCG@10, IoU=0.3	NDCG@10, IoU=0.5	NDCG@10, IoU=0.7	NDCG@20, IoU=0.3	NDCG@20, IoU=0.5	NDCG@20, IoU=0.7	NDCG@40, IoU=0.3	NDCG@40, IoU=0.5	NDCG@40, IoU=0.7	
INFO:VAL:  0.195015 0.174109 0.128665 0.180685 0.161261 0.121276 0.179677 0.160258 0.120303
INFO:TEST:  0.188809 0.172953 0.125080 0.175083 0.158862 0.115686 0.176223 0.158629 0.115756
INFO:
INFO:EPOCH: 7
INFO:NDCG@10, IoU=0.3	NDCG@10, IoU=0.5	NDCG@10, IoU=0.7	NDCG@20, IoU=0.3	NDCG@20, IoU=0.5	NDCG@20, IoU=0.7	NDCG@40, IoU=0.3	NDCG@40, IoU=0.5	NDCG@40, IoU=0.7	
INFO:VAL:  0.201675 0.179633 0.135620 0.185668 0.165194 0.126261 0.186564 0.165946 0.125358
INFO:TEST:  0.190559 0.174103 0.125538 0.176752 0.160281 0.116358 0.177557 0.159696 0.116045
INFO:BEST VAL:  0.201675 0.179633 0.135620 0.185668 0.165194 0.126261 0.186564 0.165946 0.125358
INFO:BEST TEST:  0.190559 0.174103 0.125538 0.176752 0.160281 0.116358 0.177557 0.159696 0.116045
INFO:save checkpoint: results/tvr-top20-2024_03_30_17_59_25/model.ckpt
INFO:
INFO:EPOCH: 8
INFO:NDCG@10, IoU=0.3	NDCG@10, IoU=0.5	NDCG@10, IoU=0.7	NDCG@20, IoU=0.3	NDCG@20, IoU=0.5	NDCG@20, IoU=0.7	NDCG@40, IoU=0.3	NDCG@40, IoU=0.5	NDCG@40, IoU=0.7	
INFO:VAL:  0.207168 0.185949 0.139463 0.192127 0.172059 0.130096 0.190632 0.170374 0.129688
INFO:TEST:  0.191760 0.175646 0.126043 0.177118 0.160718 0.116157 0.177805 0.159789 0.115496
INFO:BEST VAL:  0.207168 0.185949 0.139463 0.192127 0.172059 0.130096 0.190632 0.170374 0.129688
INFO:BEST TEST:  0.191760 0.175646 0.126043 0.177118 0.160718 0.116157 0.177805 0.159789 0.115496
INFO:save checkpoint: results/tvr-top20-2024_03_30_17_59_25/model.ckpt
INFO:
INFO:EPOCH: 8
INFO:NDCG@10, IoU=0.3	NDCG@10, IoU=0.5	NDCG@10, IoU=0.7	NDCG@20, IoU=0.3	NDCG@20, IoU=0.5	NDCG@20, IoU=0.7	NDCG@40, IoU=0.3	NDCG@40, IoU=0.5	NDCG@40, IoU=0.7	
INFO:VAL:  0.199157 0.179440 0.131425 0.185006 0.166092 0.121786 0.183136 0.163940 0.121540
INFO:TEST:  0.190639 0.175633 0.124010 0.176617 0.161124 0.114562 0.177255 0.159897 0.114116
INFO:
INFO:EPOCH: 9
INFO:NDCG@10, IoU=0.3	NDCG@10, IoU=0.5	NDCG@10, IoU=0.7	NDCG@20, IoU=0.3	NDCG@20, IoU=0.5	NDCG@20, IoU=0.7	NDCG@40, IoU=0.3	NDCG@40, IoU=0.5	NDCG@40, IoU=0.7	
INFO:VAL:  0.204142 0.181491 0.136577 0.188817 0.168654 0.127706 0.187693 0.167481 0.127299
INFO:TEST:  0.191563 0.175905 0.125822 0.177189 0.160972 0.115968 0.178245 0.160861 0.116513
INFO:
INFO:EPOCH: 9
INFO:NDCG@10, IoU=0.3	NDCG@10, IoU=0.5	NDCG@10, IoU=0.7	NDCG@20, IoU=0.3	NDCG@20, IoU=0.5	NDCG@20, IoU=0.7	NDCG@40, IoU=0.3	NDCG@40, IoU=0.5	NDCG@40, IoU=0.7	
INFO:VAL:  0.212383 0.191721 0.142930 0.195267 0.175755 0.131368 0.193408 0.173447 0.130499
INFO:TEST:  0.197949 0.181938 0.130962 0.182031 0.165641 0.120753 0.182239 0.164380 0.119676
INFO:BEST VAL:  0.212383 0.191721 0.142930 0.195267 0.175755 0.131368 0.193408 0.173447 0.130499
INFO:BEST TEST:  0.197949 0.181938 0.130962 0.182031 0.165641 0.120753 0.182239 0.164380 0.119676
INFO:save checkpoint: results/tvr-top20-2024_03_30_17_59_25/model.ckpt
INFO:
INFO:EPOCH: 10
INFO:NDCG@10, IoU=0.3	NDCG@10, IoU=0.5	NDCG@10, IoU=0.7	NDCG@20, IoU=0.3	NDCG@20, IoU=0.5	NDCG@20, IoU=0.7	NDCG@40, IoU=0.3	NDCG@40, IoU=0.5	NDCG@40, IoU=0.7	
INFO:VAL:  0.209405 0.187978 0.139158 0.194833 0.175128 0.130680 0.192411 0.172731 0.128838
INFO:TEST:  0.196108 0.179752 0.128805 0.180702 0.164254 0.118719 0.180918 0.162911 0.118169
INFO:
INFO:EPOCH: 10
INFO:NDCG@10, IoU=0.3	NDCG@10, IoU=0.5	NDCG@10, IoU=0.7	NDCG@20, IoU=0.3	NDCG@20, IoU=0.5	NDCG@20, IoU=0.7	NDCG@40, IoU=0.3	NDCG@40, IoU=0.5	NDCG@40, IoU=0.7	
INFO:VAL:  0.211873 0.188948 0.141075 0.194457 0.173121 0.129736 0.192892 0.171667 0.129474
INFO:TEST:  0.198344 0.182146 0.130340 0.182543 0.166354 0.119797 0.182906 0.165194 0.119423
INFO:
INFO:EPOCH: 11
INFO:NDCG@10, IoU=0.3	NDCG@10, IoU=0.5	NDCG@10, IoU=0.7	NDCG@20, IoU=0.3	NDCG@20, IoU=0.5	NDCG@20, IoU=0.7	NDCG@40, IoU=0.3	NDCG@40, IoU=0.5	NDCG@40, IoU=0.7	
INFO:VAL:  0.211937 0.191239 0.143304 0.196004 0.176651 0.133621 0.194417 0.174440 0.133194
INFO:TEST:  0.196641 0.180514 0.130362 0.181835 0.165640 0.120487 0.181694 0.163459 0.119063
INFO:BEST VAL:  0.211937 0.191239 0.143304 0.196004 0.176651 0.133621 0.194417 0.174440 0.133194
INFO:BEST TEST:  0.196641 0.180514 0.130362 0.181835 0.165640 0.120487 0.181694 0.163459 0.119063
INFO:save checkpoint: results/tvr-top20-2024_03_30_17_59_25/model.ckpt
INFO:
INFO:EPOCH: 11
INFO:NDCG@10, IoU=0.3	NDCG@10, IoU=0.5	NDCG@10, IoU=0.7	NDCG@20, IoU=0.3	NDCG@20, IoU=0.5	NDCG@20, IoU=0.7	NDCG@40, IoU=0.3	NDCG@40, IoU=0.5	NDCG@40, IoU=0.7	
INFO:VAL:  0.213263 0.192222 0.139382 0.195029 0.174997 0.126883 0.194368 0.174130 0.127075
INFO:TEST:  0.200504 0.184137 0.132548 0.184686 0.167699 0.121341 0.184848 0.166085 0.119930
INFO:
INFO:EPOCH: 12
INFO:NDCG@10, IoU=0.3	NDCG@10, IoU=0.5	NDCG@10, IoU=0.7	NDCG@20, IoU=0.3	NDCG@20, IoU=0.5	NDCG@20, IoU=0.7	NDCG@40, IoU=0.3	NDCG@40, IoU=0.5	NDCG@40, IoU=0.7	
INFO:VAL:  0.211018 0.190443 0.140243 0.194977 0.174966 0.128597 0.193190 0.173194 0.128681
INFO:TEST:  0.200591 0.184007 0.131997 0.184602 0.167555 0.121375 0.185043 0.166299 0.120546
INFO:
INFO:EPOCH: 12
INFO:NDCG@10, IoU=0.3	NDCG@10, IoU=0.5	NDCG@10, IoU=0.7	NDCG@20, IoU=0.3	NDCG@20, IoU=0.5	NDCG@20, IoU=0.7	NDCG@40, IoU=0.3	NDCG@40, IoU=0.5	NDCG@40, IoU=0.7	
INFO:VAL:  0.212657 0.191435 0.141721 0.194038 0.174414 0.129954 0.192805 0.172770 0.129614
INFO:TEST:  0.204037 0.188157 0.136995 0.187728 0.171030 0.125424 0.187886 0.169680 0.124634
INFO:
INFO:EPOCH: 13
INFO:NDCG@10, IoU=0.3	NDCG@10, IoU=0.5	NDCG@10, IoU=0.7	NDCG@20, IoU=0.3	NDCG@20, IoU=0.5	NDCG@20, IoU=0.7	NDCG@40, IoU=0.3	NDCG@40, IoU=0.5	NDCG@40, IoU=0.7	
INFO:VAL:  0.210489 0.189422 0.143393 0.192107 0.171877 0.130394 0.191583 0.170951 0.130288
INFO:TEST:  0.202744 0.186545 0.135063 0.187145 0.170466 0.124206 0.186883 0.169139 0.123730
INFO:
INFO:EPOCH: 13
INFO:NDCG@10, IoU=0.3	NDCG@10, IoU=0.5	NDCG@10, IoU=0.7	NDCG@20, IoU=0.3	NDCG@20, IoU=0.5	NDCG@20, IoU=0.7	NDCG@40, IoU=0.3	NDCG@40, IoU=0.5	NDCG@40, IoU=0.7	
INFO:VAL:  0.209179 0.188378 0.142838 0.192729 0.172842 0.131281 0.190063 0.170209 0.130573
INFO:TEST:  0.203798 0.187388 0.136020 0.187969 0.171502 0.124769 0.187379 0.169980 0.124265
INFO:
INFO:EPOCH: 14
INFO:NDCG@10, IoU=0.3	NDCG@10, IoU=0.5	NDCG@10, IoU=0.7	NDCG@20, IoU=0.3	NDCG@20, IoU=0.5	NDCG@20, IoU=0.7	NDCG@40, IoU=0.3	NDCG@40, IoU=0.5	NDCG@40, IoU=0.7	
INFO:VAL:  0.211475 0.190944 0.142693 0.193006 0.174068 0.131200 0.190710 0.170840 0.130442
INFO:TEST:  0.199638 0.184491 0.133798 0.184000 0.167908 0.122401 0.184104 0.166892 0.121685
INFO:
INFO:EPOCH: 14
INFO:NDCG@10, IoU=0.3	NDCG@10, IoU=0.5	NDCG@10, IoU=0.7	NDCG@20, IoU=0.3	NDCG@20, IoU=0.5	NDCG@20, IoU=0.7	NDCG@40, IoU=0.3	NDCG@40, IoU=0.5	NDCG@40, IoU=0.7	
INFO:VAL:  0.215588 0.193476 0.143619 0.196763 0.175910 0.132027 0.195809 0.175702 0.132092
INFO:TEST:  0.201355 0.185422 0.134730 0.185606 0.169190 0.123641 0.185941 0.168081 0.123112
INFO:BEST VAL:  0.215588 0.193476 0.143619 0.196763 0.175910 0.132027 0.195809 0.175702 0.132092
INFO:BEST TEST:  0.201355 0.185422 0.134730 0.185606 0.169190 0.123641 0.185941 0.168081 0.123112
INFO:save checkpoint: results/tvr-top20-2024_03_30_17_59_25/model.ckpt
INFO:
INFO:EPOCH: 15
INFO:NDCG@10, IoU=0.3	NDCG@10, IoU=0.5	NDCG@10, IoU=0.7	NDCG@20, IoU=0.3	NDCG@20, IoU=0.5	NDCG@20, IoU=0.7	NDCG@40, IoU=0.3	NDCG@40, IoU=0.5	NDCG@40, IoU=0.7	
INFO:VAL:  0.217342 0.196213 0.145812 0.201109 0.180702 0.135973 0.198892 0.178701 0.134829
INFO:TEST:  0.199831 0.183268 0.132048 0.185115 0.168424 0.122124 0.185430 0.167196 0.121095
INFO:BEST VAL:  0.217342 0.196213 0.145812 0.201109 0.180702 0.135973 0.198892 0.178701 0.134829
INFO:BEST TEST:  0.199831 0.183268 0.132048 0.185115 0.168424 0.122124 0.185430 0.167196 0.121095
INFO:save checkpoint: results/tvr-top20-2024_03_30_17_59_25/model.ckpt
INFO:
INFO:EPOCH: 15
INFO:NDCG@10, IoU=0.3	NDCG@10, IoU=0.5	NDCG@10, IoU=0.7	NDCG@20, IoU=0.3	NDCG@20, IoU=0.5	NDCG@20, IoU=0.7	NDCG@40, IoU=0.3	NDCG@40, IoU=0.5	NDCG@40, IoU=0.7	
INFO:VAL:  0.207887 0.189229 0.141416 0.190755 0.173830 0.131252 0.189474 0.170783 0.129910
INFO:TEST:  0.201410 0.185747 0.134225 0.186167 0.170310 0.123850 0.186254 0.168532 0.122582
INFO:
INFO:EPOCH: 16
INFO:NDCG@10, IoU=0.3	NDCG@10, IoU=0.5	NDCG@10, IoU=0.7	NDCG@20, IoU=0.3	NDCG@20, IoU=0.5	NDCG@20, IoU=0.7	NDCG@40, IoU=0.3	NDCG@40, IoU=0.5	NDCG@40, IoU=0.7	
INFO:VAL:  0.210304 0.190412 0.142027 0.196457 0.177129 0.132913 0.194378 0.174225 0.132467
INFO:TEST:  0.202155 0.186116 0.132920 0.186124 0.169886 0.122785 0.185880 0.168289 0.121365
INFO:
INFO:EPOCH: 16
INFO:NDCG@10, IoU=0.3	NDCG@10, IoU=0.5	NDCG@10, IoU=0.7	NDCG@20, IoU=0.3	NDCG@20, IoU=0.5	NDCG@20, IoU=0.7	NDCG@40, IoU=0.3	NDCG@40, IoU=0.5	NDCG@40, IoU=0.7	
INFO:VAL:  0.215774 0.193418 0.147870 0.197928 0.177274 0.135604 0.197088 0.176084 0.134909
INFO:TEST:  0.203077 0.187218 0.135102 0.186347 0.170348 0.123744 0.186432 0.168849 0.122686
INFO:
INFO:EPOCH: 17
INFO:NDCG@10, IoU=0.3	NDCG@10, IoU=0.5	NDCG@10, IoU=0.7	NDCG@20, IoU=0.3	NDCG@20, IoU=0.5	NDCG@20, IoU=0.7	NDCG@40, IoU=0.3	NDCG@40, IoU=0.5	NDCG@40, IoU=0.7	
INFO:VAL:  0.217175 0.196508 0.147817 0.199012 0.180183 0.135887 0.197756 0.178168 0.135941
INFO:TEST:  0.201422 0.185101 0.133347 0.185539 0.168830 0.122793 0.185357 0.167626 0.122291
INFO:
INFO:EPOCH: 17
INFO:NDCG@10, IoU=0.3	NDCG@10, IoU=0.5	NDCG@10, IoU=0.7	NDCG@20, IoU=0.3	NDCG@20, IoU=0.5	NDCG@20, IoU=0.7	NDCG@40, IoU=0.3	NDCG@40, IoU=0.5	NDCG@40, IoU=0.7	
INFO:VAL:  0.218531 0.196089 0.148693 0.201048 0.180456 0.136862 0.197954 0.178144 0.136463
INFO:TEST:  0.201447 0.184351 0.134067 0.185407 0.168335 0.122834 0.185390 0.166709 0.121702
INFO:BEST VAL:  0.218531 0.196089 0.148693 0.201048 0.180456 0.136862 0.197954 0.178144 0.136463
INFO:BEST TEST:  0.201447 0.184351 0.134067 0.185407 0.168335 0.122834 0.185390 0.166709 0.121702
INFO:save checkpoint: results/tvr-top20-2024_03_30_17_59_25/model.ckpt
INFO:
INFO:EPOCH: 18
INFO:NDCG@10, IoU=0.3	NDCG@10, IoU=0.5	NDCG@10, IoU=0.7	NDCG@20, IoU=0.3	NDCG@20, IoU=0.5	NDCG@20, IoU=0.7	NDCG@40, IoU=0.3	NDCG@40, IoU=0.5	NDCG@40, IoU=0.7	
INFO:VAL:  0.216778 0.196450 0.147281 0.198634 0.179516 0.136140 0.198282 0.178653 0.136302
INFO:TEST:  0.203428 0.187179 0.135308 0.187499 0.171095 0.124703 0.187605 0.169493 0.123654
INFO:
INFO:EPOCH: 18
INFO:NDCG@10, IoU=0.3	NDCG@10, IoU=0.5	NDCG@10, IoU=0.7	NDCG@20, IoU=0.3	NDCG@20, IoU=0.5	NDCG@20, IoU=0.7	NDCG@40, IoU=0.3	NDCG@40, IoU=0.5	NDCG@40, IoU=0.7	
INFO:VAL:  0.214928 0.194562 0.143797 0.196550 0.177806 0.135242 0.195142 0.175737 0.134814
INFO:TEST:  0.206869 0.190557 0.137515 0.189743 0.172897 0.125760 0.188984 0.170796 0.124345
INFO:
INFO:EPOCH: 19
INFO:NDCG@10, IoU=0.3	NDCG@10, IoU=0.5	NDCG@10, IoU=0.7	NDCG@20, IoU=0.3	NDCG@20, IoU=0.5	NDCG@20, IoU=0.7	NDCG@40, IoU=0.3	NDCG@40, IoU=0.5	NDCG@40, IoU=0.7	
INFO:VAL:  0.213575 0.194679 0.148692 0.194107 0.175487 0.134738 0.193603 0.174225 0.134465
INFO:TEST:  0.204417 0.188607 0.137104 0.187679 0.171277 0.125496 0.187453 0.169536 0.124352
INFO:
INFO:EPOCH: 19
INFO:NDCG@10, IoU=0.3	NDCG@10, IoU=0.5	NDCG@10, IoU=0.7	NDCG@20, IoU=0.3	NDCG@20, IoU=0.5	NDCG@20, IoU=0.7	NDCG@40, IoU=0.3	NDCG@40, IoU=0.5	NDCG@40, IoU=0.7	
INFO:VAL:  0.212698 0.194318 0.147766 0.195641 0.177031 0.135075 0.194889 0.176009 0.134561
INFO:TEST:  0.201101 0.185286 0.133953 0.184686 0.168554 0.122194 0.184590 0.166902 0.121519
INFO:
INFO:EPOCH: 20
INFO:NDCG@10, IoU=0.3	NDCG@10, IoU=0.5	NDCG@10, IoU=0.7	NDCG@20, IoU=0.3	NDCG@20, IoU=0.5	NDCG@20, IoU=0.7	NDCG@40, IoU=0.3	NDCG@40, IoU=0.5	NDCG@40, IoU=0.7	
INFO:VAL:  0.205723 0.187095 0.140938 0.190685 0.172584 0.130878 0.189398 0.170368 0.130622
INFO:TEST:  0.203385 0.186976 0.135337 0.186318 0.169913 0.123659 0.186281 0.168439 0.122569
INFO:
INFO:EPOCH: 20
INFO:NDCG@10, IoU=0.3	NDCG@10, IoU=0.5	NDCG@10, IoU=0.7	NDCG@20, IoU=0.3	NDCG@20, IoU=0.5	NDCG@20, IoU=0.7	NDCG@40, IoU=0.3	NDCG@40, IoU=0.5	NDCG@40, IoU=0.7	
INFO:VAL:  0.214612 0.193568 0.144274 0.197916 0.177675 0.133144 0.195997 0.174970 0.132340
INFO:TEST:  0.201491 0.185261 0.133997 0.185639 0.169494 0.123214 0.185477 0.167381 0.121880
INFO:
INFO:EPOCH: 21
INFO:NDCG@10, IoU=0.3	NDCG@10, IoU=0.5	NDCG@10, IoU=0.7	NDCG@20, IoU=0.3	NDCG@20, IoU=0.5	NDCG@20, IoU=0.7	NDCG@40, IoU=0.3	NDCG@40, IoU=0.5	NDCG@40, IoU=0.7	
INFO:VAL:  0.214565 0.194419 0.144704 0.198292 0.180146 0.133739 0.197374 0.178023 0.133742
INFO:TEST:  0.211067 0.194236 0.139656 0.192876 0.176602 0.128094 0.192049 0.173837 0.126763
INFO:
INFO:EPOCH: 21
INFO:NDCG@10, IoU=0.3	NDCG@10, IoU=0.5	NDCG@10, IoU=0.7	NDCG@20, IoU=0.3	NDCG@20, IoU=0.5	NDCG@20, IoU=0.7	NDCG@40, IoU=0.3	NDCG@40, IoU=0.5	NDCG@40, IoU=0.7	
INFO:VAL:  0.214889 0.197609 0.145812 0.197839 0.181322 0.135227 0.195987 0.178496 0.134249
INFO:TEST:  0.206560 0.190120 0.138208 0.190911 0.173974 0.127533 0.190945 0.172241 0.126668
INFO:
INFO:EPOCH: 22
INFO:NDCG@10, IoU=0.3	NDCG@10, IoU=0.5	NDCG@10, IoU=0.7	NDCG@20, IoU=0.3	NDCG@20, IoU=0.5	NDCG@20, IoU=0.7	NDCG@40, IoU=0.3	NDCG@40, IoU=0.5	NDCG@40, IoU=0.7	
INFO:VAL:  0.216805 0.194848 0.143617 0.199460 0.178452 0.132514 0.198408 0.176977 0.131717
INFO:TEST:  0.208941 0.192250 0.138568 0.191788 0.175171 0.127197 0.191385 0.173004 0.126056
INFO:
INFO:EPOCH: 22
INFO:NDCG@10, IoU=0.3	NDCG@10, IoU=0.5	NDCG@10, IoU=0.7	NDCG@20, IoU=0.3	NDCG@20, IoU=0.5	NDCG@20, IoU=0.7	NDCG@40, IoU=0.3	NDCG@40, IoU=0.5	NDCG@40, IoU=0.7	
INFO:VAL:  0.216267 0.194044 0.145750 0.197323 0.176816 0.134580 0.196140 0.174467 0.133552
INFO:TEST:  0.205474 0.189772 0.138735 0.188620 0.172391 0.126271 0.188555 0.170578 0.125309
INFO:
INFO:EPOCH: 23
INFO:NDCG@10, IoU=0.3	NDCG@10, IoU=0.5	NDCG@10, IoU=0.7	NDCG@20, IoU=0.3	NDCG@20, IoU=0.5	NDCG@20, IoU=0.7	NDCG@40, IoU=0.3	NDCG@40, IoU=0.5	NDCG@40, IoU=0.7	
INFO:VAL:  0.214173 0.193876 0.147556 0.196117 0.176119 0.134707 0.196138 0.176124 0.135566
INFO:TEST:  0.207014 0.190478 0.138357 0.189803 0.173219 0.126790 0.189916 0.171689 0.125694
INFO:
INFO:EPOCH: 23
INFO:NDCG@10, IoU=0.3	NDCG@10, IoU=0.5	NDCG@10, IoU=0.7	NDCG@20, IoU=0.3	NDCG@20, IoU=0.5	NDCG@20, IoU=0.7	NDCG@40, IoU=0.3	NDCG@40, IoU=0.5	NDCG@40, IoU=0.7	
INFO:VAL:  0.219298 0.198102 0.148910 0.201374 0.181668 0.136267 0.200588 0.179779 0.136475
INFO:TEST:  0.211914 0.195370 0.143395 0.194564 0.177657 0.131258 0.194058 0.175292 0.129885
INFO:BEST VAL:  0.219298 0.198102 0.148910 0.201374 0.181668 0.136267 0.200588 0.179779 0.136475
INFO:BEST TEST:  0.211914 0.195370 0.143395 0.194564 0.177657 0.131258 0.194058 0.175292 0.129885
INFO:save checkpoint: results/tvr-top20-2024_03_30_17_59_25/model.ckpt
INFO:
INFO:EPOCH: 24
INFO:NDCG@10, IoU=0.3	NDCG@10, IoU=0.5	NDCG@10, IoU=0.7	NDCG@20, IoU=0.3	NDCG@20, IoU=0.5	NDCG@20, IoU=0.7	NDCG@40, IoU=0.3	NDCG@40, IoU=0.5	NDCG@40, IoU=0.7	
INFO:VAL:  0.212417 0.194689 0.144561 0.197079 0.178849 0.134655 0.195915 0.177563 0.133836
INFO:TEST:  0.209826 0.193160 0.140846 0.192755 0.176063 0.128647 0.192053 0.173708 0.126666
INFO:
INFO:EPOCH: 24
INFO:NDCG@10, IoU=0.3	NDCG@10, IoU=0.5	NDCG@10, IoU=0.7	NDCG@20, IoU=0.3	NDCG@20, IoU=0.5	NDCG@20, IoU=0.7	NDCG@40, IoU=0.3	NDCG@40, IoU=0.5	NDCG@40, IoU=0.7	
INFO:VAL:  0.213965 0.193198 0.143594 0.196633 0.177887 0.134656 0.197353 0.177726 0.134710
INFO:TEST:  0.207124 0.190043 0.139058 0.190146 0.173182 0.127536 0.189975 0.171661 0.126551
INFO:
INFO:EPOCH: 25
INFO:NDCG@10, IoU=0.3	NDCG@10, IoU=0.5	NDCG@10, IoU=0.7	NDCG@20, IoU=0.3	NDCG@20, IoU=0.5	NDCG@20, IoU=0.7	NDCG@40, IoU=0.3	NDCG@40, IoU=0.5	NDCG@40, IoU=0.7	
INFO:VAL:  0.209908 0.190019 0.143957 0.192722 0.174193 0.132589 0.191217 0.171821 0.131043
INFO:TEST:  0.204327 0.188483 0.138036 0.187210 0.171125 0.126126 0.186975 0.169449 0.125056
INFO:
INFO:EPOCH: 25
INFO:NDCG@10, IoU=0.3	NDCG@10, IoU=0.5	NDCG@10, IoU=0.7	NDCG@20, IoU=0.3	NDCG@20, IoU=0.5	NDCG@20, IoU=0.7	NDCG@40, IoU=0.3	NDCG@40, IoU=0.5	NDCG@40, IoU=0.7	
INFO:VAL:  0.214695 0.196195 0.146572 0.196991 0.178842 0.134934 0.195975 0.176580 0.133322
INFO:TEST:  0.205490 0.189393 0.138648 0.188797 0.172106 0.126890 0.188775 0.170564 0.125711
INFO:
INFO:EPOCH: 26
INFO:NDCG@10, IoU=0.3	NDCG@10, IoU=0.5	NDCG@10, IoU=0.7	NDCG@20, IoU=0.3	NDCG@20, IoU=0.5	NDCG@20, IoU=0.7	NDCG@40, IoU=0.3	NDCG@40, IoU=0.5	NDCG@40, IoU=0.7	
INFO:VAL:  0.219707 0.198347 0.149234 0.199863 0.179465 0.135355 0.197332 0.177581 0.134614
INFO:TEST:  0.205886 0.190021 0.137714 0.188733 0.173293 0.126313 0.188735 0.171458 0.124851
INFO:
