INFO:model_config {'merge_two_stream': True, 'cross_att': True, 'span_predictor_type': 'conv', 'encoder_type': 'transformer', 'add_pe_rnn': False, 'pe_type': 'cosine', 'visual_input_size': 1026, 'sub_input_size': 770, 'query_input_size': 768, 'hidden_size': 256, 'stack_conv_predictor_conv_kernel_sizes': -1, 'conv_kernel_size': 5, 'conv_stride': 1, 'max_ctx_l': 128, 'max_desc_l': 30, 'input_drop': 0.1, 'cross_att_drop': 0.1, 'drop': 0.1, 'n_heads': 4, 'initializer_range': 0.02, 'ctx_mode': 'video_sub_tef', 'margin': 0.1, 'ranking_loss_type': 'hinge', 'lw_neg_q': 1, 'lw_neg_ctx': 1, 'lw_st_ed': 0, 'use_hard_negative': False, 'hard_pool_size': 20, 'use_self_attention': True, 'no_modular': False}
INFO:Start Training...
INFO:CUDA enabled.
INFO:EPOCH: 9
INFO:NDCG@10, IoU=0.3	NDCG@10, IoU=0.5	NDCG@10, IoU=0.7	NDCG@20, IoU=0.3	NDCG@20, IoU=0.5	NDCG@20, IoU=0.7	NDCG@40, IoU=0.3	NDCG@40, IoU=0.5	NDCG@40, IoU=0.7	
INFO:VAL:  0.013380 0.009293 0.003404 0.015733 0.011365 0.004808 0.018770 0.013843 0.006609
INFO:TEST:  0.011018 0.007715 0.003636 0.013023 0.009057 0.004424 0.016966 0.011747 0.005710
INFO:BEST VAL:  0.013380 0.009293 0.003404 0.015733 0.011365 0.004808 0.018770 0.013843 0.006609
INFO:BEST TEST:  0.011018 0.007715 0.003636 0.013023 0.009057 0.004424 0.016966 0.011747 0.005710
INFO:save checkpoint: results/XML_top01_20240328_132029/model.ckpt
INFO:
INFO:EPOCH: 19
INFO:NDCG@10, IoU=0.3	NDCG@10, IoU=0.5	NDCG@10, IoU=0.7	NDCG@20, IoU=0.3	NDCG@20, IoU=0.5	NDCG@20, IoU=0.7	NDCG@40, IoU=0.3	NDCG@40, IoU=0.5	NDCG@40, IoU=0.7	
INFO:VAL:  0.011923 0.007431 0.002811 0.014369 0.009513 0.003807 0.019084 0.012723 0.005229
INFO:TEST:  0.015222 0.010935 0.005490 0.016963 0.011916 0.005947 0.020461 0.014155 0.007280
INFO:
INFO:EPOCH: 29
INFO:NDCG@10, IoU=0.3	NDCG@10, IoU=0.5	NDCG@10, IoU=0.7	NDCG@20, IoU=0.3	NDCG@20, IoU=0.5	NDCG@20, IoU=0.7	NDCG@40, IoU=0.3	NDCG@40, IoU=0.5	NDCG@40, IoU=0.7	
INFO:VAL:  0.031779 0.022079 0.009078 0.033371 0.022419 0.009528 0.039991 0.027019 0.012183
INFO:TEST:  0.032318 0.022870 0.012044 0.034068 0.024078 0.012646 0.040515 0.028275 0.014932
INFO:BEST VAL:  0.031779 0.022079 0.009078 0.033371 0.022419 0.009528 0.039991 0.027019 0.012183
INFO:BEST TEST:  0.032318 0.022870 0.012044 0.034068 0.024078 0.012646 0.040515 0.028275 0.014932
INFO:save checkpoint: results/XML_top01_20240328_132029/model.ckpt
INFO:
INFO:EPOCH: 39
INFO:NDCG@10, IoU=0.3	NDCG@10, IoU=0.5	NDCG@10, IoU=0.7	NDCG@20, IoU=0.3	NDCG@20, IoU=0.5	NDCG@20, IoU=0.7	NDCG@40, IoU=0.3	NDCG@40, IoU=0.5	NDCG@40, IoU=0.7	
INFO:VAL:  0.037643 0.023257 0.010166 0.038727 0.024037 0.010988 0.046821 0.030014 0.014341
INFO:TEST:  0.034008 0.023558 0.011812 0.037280 0.025643 0.013033 0.044895 0.031035 0.015537
INFO:BEST VAL:  0.037643 0.023257 0.010166 0.038727 0.024037 0.010988 0.046821 0.030014 0.014341
INFO:BEST TEST:  0.034008 0.023558 0.011812 0.037280 0.025643 0.013033 0.044895 0.031035 0.015537
INFO:save checkpoint: results/XML_top01_20240328_132029/model.ckpt
INFO:
INFO:EPOCH: 49
INFO:NDCG@10, IoU=0.3	NDCG@10, IoU=0.5	NDCG@10, IoU=0.7	NDCG@20, IoU=0.3	NDCG@20, IoU=0.5	NDCG@20, IoU=0.7	NDCG@40, IoU=0.3	NDCG@40, IoU=0.5	NDCG@40, IoU=0.7	
INFO:VAL:  0.044247 0.030078 0.011870 0.046157 0.031428 0.013072 0.053556 0.037061 0.016159
INFO:TEST:  0.039104 0.027265 0.013540 0.042892 0.030144 0.014758 0.051428 0.036002 0.018081
INFO:BEST VAL:  0.044247 0.030078 0.011870 0.046157 0.031428 0.013072 0.053556 0.037061 0.016159
INFO:BEST TEST:  0.039104 0.027265 0.013540 0.042892 0.030144 0.014758 0.051428 0.036002 0.018081
INFO:save checkpoint: results/XML_top01_20240328_132029/model.ckpt
INFO:
INFO:EPOCH: 59
INFO:NDCG@10, IoU=0.3	NDCG@10, IoU=0.5	NDCG@10, IoU=0.7	NDCG@20, IoU=0.3	NDCG@20, IoU=0.5	NDCG@20, IoU=0.7	NDCG@40, IoU=0.3	NDCG@40, IoU=0.5	NDCG@40, IoU=0.7	
INFO:VAL:  0.049365 0.031843 0.012106 0.051373 0.034117 0.014113 0.058059 0.038144 0.016700
INFO:TEST:  0.039441 0.027466 0.013409 0.043692 0.030315 0.014752 0.052469 0.036151 0.017712
INFO:BEST VAL:  0.049365 0.031843 0.012106 0.051373 0.034117 0.014113 0.058059 0.038144 0.016700
INFO:BEST TEST:  0.039441 0.027466 0.013409 0.043692 0.030315 0.014752 0.052469 0.036151 0.017712
INFO:save checkpoint: results/XML_top01_20240328_132029/model.ckpt
INFO:
INFO:EPOCH: 69
INFO:NDCG@10, IoU=0.3	NDCG@10, IoU=0.5	NDCG@10, IoU=0.7	NDCG@20, IoU=0.3	NDCG@20, IoU=0.5	NDCG@20, IoU=0.7	NDCG@40, IoU=0.3	NDCG@40, IoU=0.5	NDCG@40, IoU=0.7	
INFO:VAL:  0.047015 0.031407 0.015511 0.049997 0.033773 0.016923 0.057300 0.038863 0.020259
INFO:TEST:  0.045930 0.030301 0.014057 0.049627 0.033037 0.015985 0.057702 0.038832 0.018856
INFO:BEST VAL:  0.047015 0.031407 0.015511 0.049997 0.033773 0.016923 0.057300 0.038863 0.020259
INFO:BEST TEST:  0.045930 0.030301 0.014057 0.049627 0.033037 0.015985 0.057702 0.038832 0.018856
INFO:save checkpoint: results/XML_top01_20240328_132029/model.ckpt
INFO:
INFO:EPOCH: 79
INFO:NDCG@10, IoU=0.3	NDCG@10, IoU=0.5	NDCG@10, IoU=0.7	NDCG@20, IoU=0.3	NDCG@20, IoU=0.5	NDCG@20, IoU=0.7	NDCG@40, IoU=0.3	NDCG@40, IoU=0.5	NDCG@40, IoU=0.7	
INFO:VAL:  0.048947 0.032219 0.014509 0.052942 0.035062 0.015762 0.061314 0.041112 0.018994
INFO:TEST:  0.050763 0.034491 0.016937 0.054276 0.037156 0.018041 0.062465 0.042850 0.020893
INFO:BEST VAL:  0.048947 0.032219 0.014509 0.052942 0.035062 0.015762 0.061314 0.041112 0.018994
INFO:BEST TEST:  0.050763 0.034491 0.016937 0.054276 0.037156 0.018041 0.062465 0.042850 0.020893
INFO:save checkpoint: results/XML_top01_20240328_132029/model.ckpt
INFO:
INFO:EPOCH: 89
INFO:NDCG@10, IoU=0.3	NDCG@10, IoU=0.5	NDCG@10, IoU=0.7	NDCG@20, IoU=0.3	NDCG@20, IoU=0.5	NDCG@20, IoU=0.7	NDCG@40, IoU=0.3	NDCG@40, IoU=0.5	NDCG@40, IoU=0.7	
INFO:VAL:  0.053451 0.035248 0.017098 0.054271 0.035622 0.018083 0.061171 0.041488 0.020256
INFO:TEST:  0.050807 0.033053 0.015436 0.054591 0.035714 0.017073 0.064042 0.042168 0.020392
INFO:BEST VAL:  0.053451 0.035248 0.017098 0.054271 0.035622 0.018083 0.061171 0.041488 0.020256
INFO:BEST TEST:  0.050807 0.033053 0.015436 0.054591 0.035714 0.017073 0.064042 0.042168 0.020392
INFO:save checkpoint: results/XML_top01_20240328_132029/model.ckpt
INFO:
INFO:EPOCH: 99
INFO:NDCG@10, IoU=0.3	NDCG@10, IoU=0.5	NDCG@10, IoU=0.7	NDCG@20, IoU=0.3	NDCG@20, IoU=0.5	NDCG@20, IoU=0.7	NDCG@40, IoU=0.3	NDCG@40, IoU=0.5	NDCG@40, IoU=0.7	
INFO:VAL:  0.055667 0.034777 0.014881 0.058261 0.037186 0.016792 0.068782 0.044870 0.021036
INFO:TEST:  0.051304 0.034358 0.016702 0.055877 0.037636 0.018324 0.066155 0.044636 0.021918
INFO:BEST VAL:  0.055667 0.034777 0.014881 0.058261 0.037186 0.016792 0.068782 0.044870 0.021036
INFO:BEST TEST:  0.051304 0.034358 0.016702 0.055877 0.037636 0.018324 0.066155 0.044636 0.021918
INFO:save checkpoint: results/XML_top01_20240328_132029/model.ckpt
INFO:
INFO:EPOCH: 109
INFO:NDCG@10, IoU=0.3	NDCG@10, IoU=0.5	NDCG@10, IoU=0.7	NDCG@20, IoU=0.3	NDCG@20, IoU=0.5	NDCG@20, IoU=0.7	NDCG@40, IoU=0.3	NDCG@40, IoU=0.5	NDCG@40, IoU=0.7	
INFO:VAL:  0.053912 0.039637 0.017876 0.060605 0.044163 0.020125 0.068904 0.049479 0.023448
INFO:TEST:  0.056625 0.037376 0.016532 0.059385 0.039520 0.017797 0.068810 0.046258 0.021323
INFO:BEST VAL:  0.053912 0.039637 0.017876 0.060605 0.044163 0.020125 0.068904 0.049479 0.023448
INFO:BEST TEST:  0.056625 0.037376 0.016532 0.059385 0.039520 0.017797 0.068810 0.046258 0.021323
INFO:save checkpoint: results/XML_top01_20240328_132029/model.ckpt
INFO:
INFO:EPOCH: 119
INFO:NDCG@10, IoU=0.3	NDCG@10, IoU=0.5	NDCG@10, IoU=0.7	NDCG@20, IoU=0.3	NDCG@20, IoU=0.5	NDCG@20, IoU=0.7	NDCG@40, IoU=0.3	NDCG@40, IoU=0.5	NDCG@40, IoU=0.7	
INFO:VAL:  0.058555 0.040332 0.016921 0.059994 0.041659 0.018062 0.068969 0.047035 0.021773
INFO:TEST:  0.055016 0.035629 0.016682 0.058119 0.038365 0.017963 0.067771 0.045121 0.021672
INFO:
INFO:EPOCH: 129
INFO:NDCG@10, IoU=0.3	NDCG@10, IoU=0.5	NDCG@10, IoU=0.7	NDCG@20, IoU=0.3	NDCG@20, IoU=0.5	NDCG@20, IoU=0.7	NDCG@40, IoU=0.3	NDCG@40, IoU=0.5	NDCG@40, IoU=0.7	
INFO:VAL:  0.054540 0.038501 0.013574 0.059912 0.041826 0.016547 0.070654 0.049674 0.021169
INFO:TEST:  0.056940 0.037372 0.016436 0.061452 0.041297 0.018578 0.070486 0.047831 0.022172
INFO:
INFO:EPOCH: 139
INFO:NDCG@10, IoU=0.3	NDCG@10, IoU=0.5	NDCG@10, IoU=0.7	NDCG@20, IoU=0.3	NDCG@20, IoU=0.5	NDCG@20, IoU=0.7	NDCG@40, IoU=0.3	NDCG@40, IoU=0.5	NDCG@40, IoU=0.7	
INFO:VAL:  0.058738 0.039396 0.018053 0.064386 0.043086 0.020115 0.072233 0.048917 0.022959
INFO:TEST:  0.059461 0.039915 0.019239 0.062558 0.042515 0.020587 0.073068 0.049759 0.024034
INFO:BEST VAL:  0.058738 0.039396 0.018053 0.064386 0.043086 0.020115 0.072233 0.048917 0.022959
INFO:BEST TEST:  0.059461 0.039915 0.019239 0.062558 0.042515 0.020587 0.073068 0.049759 0.024034
INFO:save checkpoint: results/XML_top01_20240328_132029/model.ckpt
INFO:
INFO:EPOCH: 149
INFO:NDCG@10, IoU=0.3	NDCG@10, IoU=0.5	NDCG@10, IoU=0.7	NDCG@20, IoU=0.3	NDCG@20, IoU=0.5	NDCG@20, IoU=0.7	NDCG@40, IoU=0.3	NDCG@40, IoU=0.5	NDCG@40, IoU=0.7	
INFO:VAL:  0.058089 0.042319 0.018377 0.063002 0.044308 0.020165 0.072792 0.051622 0.024241
INFO:TEST:  0.063934 0.041379 0.018899 0.066422 0.043811 0.020512 0.075844 0.050550 0.023775
INFO:BEST VAL:  0.058089 0.042319 0.018377 0.063002 0.044308 0.020165 0.072792 0.051622 0.024241
INFO:BEST TEST:  0.063934 0.041379 0.018899 0.066422 0.043811 0.020512 0.075844 0.050550 0.023775
INFO:save checkpoint: results/XML_top01_20240328_132029/model.ckpt
INFO:
INFO:EPOCH: 159
INFO:NDCG@10, IoU=0.3	NDCG@10, IoU=0.5	NDCG@10, IoU=0.7	NDCG@20, IoU=0.3	NDCG@20, IoU=0.5	NDCG@20, IoU=0.7	NDCG@40, IoU=0.3	NDCG@40, IoU=0.5	NDCG@40, IoU=0.7	
INFO:VAL:  0.062079 0.042541 0.018896 0.065745 0.045116 0.020754 0.075184 0.051819 0.024619
INFO:TEST:  0.059670 0.039539 0.017599 0.064320 0.042934 0.019334 0.074707 0.050719 0.022921
INFO:BEST VAL:  0.062079 0.042541 0.018896 0.065745 0.045116 0.020754 0.075184 0.051819 0.024619
INFO:BEST TEST:  0.059670 0.039539 0.017599 0.064320 0.042934 0.019334 0.074707 0.050719 0.022921
INFO:save checkpoint: results/XML_top01_20240328_132029/model.ckpt
INFO:
INFO:EPOCH: 169
INFO:NDCG@10, IoU=0.3	NDCG@10, IoU=0.5	NDCG@10, IoU=0.7	NDCG@20, IoU=0.3	NDCG@20, IoU=0.5	NDCG@20, IoU=0.7	NDCG@40, IoU=0.3	NDCG@40, IoU=0.5	NDCG@40, IoU=0.7	
INFO:VAL:  0.061493 0.039909 0.017879 0.065445 0.043623 0.019630 0.074405 0.050355 0.023301
INFO:TEST:  0.064355 0.042171 0.018340 0.066374 0.043769 0.019165 0.076049 0.050601 0.022600
INFO:
INFO:EPOCH: 179
INFO:NDCG@10, IoU=0.3	NDCG@10, IoU=0.5	NDCG@10, IoU=0.7	NDCG@20, IoU=0.3	NDCG@20, IoU=0.5	NDCG@20, IoU=0.7	NDCG@40, IoU=0.3	NDCG@40, IoU=0.5	NDCG@40, IoU=0.7	
INFO:VAL:  0.063505 0.043221 0.018328 0.065499 0.045045 0.020005 0.073495 0.049830 0.023431
INFO:TEST:  0.063306 0.041264 0.018293 0.067552 0.044836 0.020330 0.077842 0.052193 0.023847
INFO:
INFO:EPOCH: 189
INFO:NDCG@10, IoU=0.3	NDCG@10, IoU=0.5	NDCG@10, IoU=0.7	NDCG@20, IoU=0.3	NDCG@20, IoU=0.5	NDCG@20, IoU=0.7	NDCG@40, IoU=0.3	NDCG@40, IoU=0.5	NDCG@40, IoU=0.7	
INFO:VAL:  0.072502 0.048714 0.021154 0.072852 0.049969 0.021839 0.081718 0.057481 0.025981
INFO:TEST:  0.061803 0.041730 0.018480 0.065529 0.044215 0.019648 0.075493 0.051624 0.023549
INFO:BEST VAL:  0.072502 0.048714 0.021154 0.072852 0.049969 0.021839 0.081718 0.057481 0.025981
INFO:BEST TEST:  0.061803 0.041730 0.018480 0.065529 0.044215 0.019648 0.075493 0.051624 0.023549
INFO:save checkpoint: results/XML_top01_20240328_132029/model.ckpt
INFO:
INFO:EPOCH: 199
INFO:NDCG@10, IoU=0.3	NDCG@10, IoU=0.5	NDCG@10, IoU=0.7	NDCG@20, IoU=0.3	NDCG@20, IoU=0.5	NDCG@20, IoU=0.7	NDCG@40, IoU=0.3	NDCG@40, IoU=0.5	NDCG@40, IoU=0.7	
INFO:VAL:  0.065335 0.042958 0.018355 0.070563 0.047909 0.021544 0.079874 0.054651 0.024387
INFO:TEST:  0.064457 0.041151 0.017386 0.067426 0.043707 0.018425 0.077585 0.051178 0.022210
INFO:
INFO:EPOCH: 209
INFO:NDCG@10, IoU=0.3	NDCG@10, IoU=0.5	NDCG@10, IoU=0.7	NDCG@20, IoU=0.3	NDCG@20, IoU=0.5	NDCG@20, IoU=0.7	NDCG@40, IoU=0.3	NDCG@40, IoU=0.5	NDCG@40, IoU=0.7	
INFO:VAL:  0.067060 0.042584 0.017291 0.070645 0.046402 0.019331 0.079020 0.052821 0.022705
INFO:TEST:  0.064912 0.042587 0.018328 0.068969 0.046024 0.019723 0.078407 0.052911 0.023587
INFO:
INFO:EPOCH: 219
INFO:NDCG@10, IoU=0.3	NDCG@10, IoU=0.5	NDCG@10, IoU=0.7	NDCG@20, IoU=0.3	NDCG@20, IoU=0.5	NDCG@20, IoU=0.7	NDCG@40, IoU=0.3	NDCG@40, IoU=0.5	NDCG@40, IoU=0.7	
INFO:VAL:  0.070214 0.048234 0.018801 0.072054 0.048430 0.019237 0.081457 0.056619 0.024192
INFO:TEST:  0.064179 0.042981 0.018850 0.069087 0.046318 0.020407 0.079406 0.053600 0.024298
INFO:
INFO:EPOCH: 229
INFO:NDCG@10, IoU=0.3	NDCG@10, IoU=0.5	NDCG@10, IoU=0.7	NDCG@20, IoU=0.3	NDCG@20, IoU=0.5	NDCG@20, IoU=0.7	NDCG@40, IoU=0.3	NDCG@40, IoU=0.5	NDCG@40, IoU=0.7	
INFO:VAL:  0.066429 0.045725 0.017147 0.070725 0.049679 0.021080 0.080943 0.057319 0.024879
INFO:TEST:  0.065936 0.044023 0.019519 0.068914 0.046241 0.020451 0.078481 0.053021 0.023911
INFO:
INFO:EPOCH: 239
INFO:NDCG@10, IoU=0.3	NDCG@10, IoU=0.5	NDCG@10, IoU=0.7	NDCG@20, IoU=0.3	NDCG@20, IoU=0.5	NDCG@20, IoU=0.7	NDCG@40, IoU=0.3	NDCG@40, IoU=0.5	NDCG@40, IoU=0.7	
INFO:VAL:  0.074639 0.050827 0.018209 0.072387 0.050262 0.019721 0.083128 0.057673 0.024132
INFO:TEST:  0.066562 0.043597 0.018406 0.070032 0.046447 0.019793 0.079547 0.053671 0.023992
INFO:
INFO:EPOCH: 249
INFO:NDCG@10, IoU=0.3	NDCG@10, IoU=0.5	NDCG@10, IoU=0.7	NDCG@20, IoU=0.3	NDCG@20, IoU=0.5	NDCG@20, IoU=0.7	NDCG@40, IoU=0.3	NDCG@40, IoU=0.5	NDCG@40, IoU=0.7	
INFO:VAL:  0.068663 0.045510 0.018979 0.071699 0.048577 0.019913 0.081001 0.056284 0.023554
INFO:TEST:  0.067399 0.044685 0.018665 0.070965 0.047806 0.020666 0.080708 0.055021 0.024508
INFO:
INFO:EPOCH: 259
INFO:NDCG@10, IoU=0.3	NDCG@10, IoU=0.5	NDCG@10, IoU=0.7	NDCG@20, IoU=0.3	NDCG@20, IoU=0.5	NDCG@20, IoU=0.7	NDCG@40, IoU=0.3	NDCG@40, IoU=0.5	NDCG@40, IoU=0.7	
INFO:VAL:  0.058727 0.037984 0.015568 0.061387 0.041253 0.017577 0.070209 0.047972 0.019794
INFO:TEST:  0.071046 0.046720 0.020360 0.073939 0.049155 0.021678 0.083432 0.056400 0.025624
INFO:
INFO:EPOCH: 269
INFO:NDCG@10, IoU=0.3	NDCG@10, IoU=0.5	NDCG@10, IoU=0.7	NDCG@20, IoU=0.3	NDCG@20, IoU=0.5	NDCG@20, IoU=0.7	NDCG@40, IoU=0.3	NDCG@40, IoU=0.5	NDCG@40, IoU=0.7	
INFO:VAL:  0.074281 0.050408 0.019657 0.075349 0.051496 0.020632 0.085749 0.060286 0.026030
INFO:TEST:  0.068561 0.044616 0.019850 0.071329 0.047057 0.021064 0.081301 0.054711 0.024746
INFO:BEST VAL:  0.074281 0.050408 0.019657 0.075349 0.051496 0.020632 0.085749 0.060286 0.026030
INFO:BEST TEST:  0.068561 0.044616 0.019850 0.071329 0.047057 0.021064 0.081301 0.054711 0.024746
INFO:save checkpoint: results/XML_top01_20240328_132029/model.ckpt
INFO:
INFO:EPOCH: 279
INFO:NDCG@10, IoU=0.3	NDCG@10, IoU=0.5	NDCG@10, IoU=0.7	NDCG@20, IoU=0.3	NDCG@20, IoU=0.5	NDCG@20, IoU=0.7	NDCG@40, IoU=0.3	NDCG@40, IoU=0.5	NDCG@40, IoU=0.7	
INFO:VAL:  0.068571 0.045581 0.015947 0.071064 0.047440 0.017380 0.080028 0.054678 0.020797
INFO:TEST:  0.068592 0.045831 0.019607 0.071547 0.048274 0.020934 0.080915 0.054855 0.024244
INFO:
INFO:EPOCH: 289
INFO:NDCG@10, IoU=0.3	NDCG@10, IoU=0.5	NDCG@10, IoU=0.7	NDCG@20, IoU=0.3	NDCG@20, IoU=0.5	NDCG@20, IoU=0.7	NDCG@40, IoU=0.3	NDCG@40, IoU=0.5	NDCG@40, IoU=0.7	
INFO:VAL:  0.070074 0.045377 0.017860 0.072421 0.049064 0.020159 0.082660 0.056887 0.024031
INFO:TEST:  0.071683 0.047967 0.021452 0.074284 0.050075 0.022418 0.084115 0.056980 0.025881
INFO:
INFO:EPOCH: 299
INFO:NDCG@10, IoU=0.3	NDCG@10, IoU=0.5	NDCG@10, IoU=0.7	NDCG@20, IoU=0.3	NDCG@20, IoU=0.5	NDCG@20, IoU=0.7	NDCG@40, IoU=0.3	NDCG@40, IoU=0.5	NDCG@40, IoU=0.7	
INFO:VAL:  0.072484 0.045339 0.019046 0.074654 0.048400 0.019942 0.083077 0.055894 0.024003
INFO:TEST:  0.069208 0.045923 0.018739 0.072698 0.048429 0.020310 0.082298 0.055512 0.024067
INFO:
INFO:EPOCH: 309
INFO:NDCG@10, IoU=0.3	NDCG@10, IoU=0.5	NDCG@10, IoU=0.7	NDCG@20, IoU=0.3	NDCG@20, IoU=0.5	NDCG@20, IoU=0.7	NDCG@40, IoU=0.3	NDCG@40, IoU=0.5	NDCG@40, IoU=0.7	
INFO:VAL:  0.067358 0.045772 0.019716 0.070506 0.047794 0.020716 0.079946 0.056182 0.025177
INFO:TEST:  0.067939 0.045708 0.019179 0.071628 0.048892 0.020996 0.081532 0.056237 0.024485
INFO:
INFO:EPOCH: 319
INFO:NDCG@10, IoU=0.3	NDCG@10, IoU=0.5	NDCG@10, IoU=0.7	NDCG@20, IoU=0.3	NDCG@20, IoU=0.5	NDCG@20, IoU=0.7	NDCG@40, IoU=0.3	NDCG@40, IoU=0.5	NDCG@40, IoU=0.7	
INFO:VAL:  0.069732 0.049879 0.023964 0.070584 0.051808 0.023997 0.079203 0.058467 0.027147
INFO:TEST:  0.070226 0.048189 0.020376 0.073249 0.050605 0.021961 0.083051 0.057279 0.025568
INFO:
INFO:EPOCH: 329
INFO:NDCG@10, IoU=0.3	NDCG@10, IoU=0.5	NDCG@10, IoU=0.7	NDCG@20, IoU=0.3	NDCG@20, IoU=0.5	NDCG@20, IoU=0.7	NDCG@40, IoU=0.3	NDCG@40, IoU=0.5	NDCG@40, IoU=0.7	
INFO:VAL:  0.069588 0.046689 0.017948 0.071107 0.049780 0.019605 0.081046 0.057190 0.022911
INFO:TEST:  0.072879 0.047950 0.020247 0.075612 0.050356 0.021462 0.085698 0.057881 0.025125
INFO:
INFO:EPOCH: 339
INFO:NDCG@10, IoU=0.3	NDCG@10, IoU=0.5	NDCG@10, IoU=0.7	NDCG@20, IoU=0.3	NDCG@20, IoU=0.5	NDCG@20, IoU=0.7	NDCG@40, IoU=0.3	NDCG@40, IoU=0.5	NDCG@40, IoU=0.7	
INFO:VAL:  0.075700 0.050932 0.021064 0.076874 0.051909 0.022073 0.087472 0.059995 0.025557
INFO:TEST:  0.072529 0.048960 0.020016 0.075423 0.051065 0.020869 0.085613 0.058506 0.025047
INFO:BEST VAL:  0.075700 0.050932 0.021064 0.076874 0.051909 0.022073 0.087472 0.059995 0.025557
INFO:BEST TEST:  0.072529 0.048960 0.020016 0.075423 0.051065 0.020869 0.085613 0.058506 0.025047
INFO:save checkpoint: results/XML_top01_20240328_132029/model.ckpt
INFO:
INFO:EPOCH: 349
INFO:NDCG@10, IoU=0.3	NDCG@10, IoU=0.5	NDCG@10, IoU=0.7	NDCG@20, IoU=0.3	NDCG@20, IoU=0.5	NDCG@20, IoU=0.7	NDCG@40, IoU=0.3	NDCG@40, IoU=0.5	NDCG@40, IoU=0.7	
INFO:VAL:  0.073724 0.048418 0.018389 0.074357 0.049698 0.020881 0.084785 0.058527 0.025557
INFO:TEST:  0.074090 0.048928 0.020075 0.077100 0.051447 0.021645 0.086191 0.058198 0.025082
INFO:
INFO:EPOCH: 359
INFO:NDCG@10, IoU=0.3	NDCG@10, IoU=0.5	NDCG@10, IoU=0.7	NDCG@20, IoU=0.3	NDCG@20, IoU=0.5	NDCG@20, IoU=0.7	NDCG@40, IoU=0.3	NDCG@40, IoU=0.5	NDCG@40, IoU=0.7	
INFO:VAL:  0.071668 0.048332 0.021468 0.072586 0.049511 0.022122 0.082033 0.057164 0.026872
INFO:TEST:  0.072593 0.048280 0.019817 0.075850 0.051245 0.021304 0.084875 0.057836 0.024606
INFO:
INFO:EPOCH: 369
INFO:NDCG@10, IoU=0.3	NDCG@10, IoU=0.5	NDCG@10, IoU=0.7	NDCG@20, IoU=0.3	NDCG@20, IoU=0.5	NDCG@20, IoU=0.7	NDCG@40, IoU=0.3	NDCG@40, IoU=0.5	NDCG@40, IoU=0.7	
INFO:VAL:  0.072919 0.049029 0.018232 0.073232 0.049629 0.018646 0.081780 0.055805 0.022687
INFO:TEST:  0.072679 0.048700 0.020017 0.075296 0.051287 0.021453 0.084734 0.057856 0.024602
INFO:
INFO:EPOCH: 379
INFO:NDCG@10, IoU=0.3	NDCG@10, IoU=0.5	NDCG@10, IoU=0.7	NDCG@20, IoU=0.3	NDCG@20, IoU=0.5	NDCG@20, IoU=0.7	NDCG@40, IoU=0.3	NDCG@40, IoU=0.5	NDCG@40, IoU=0.7	
INFO:VAL:  0.068406 0.045905 0.017483 0.070735 0.048893 0.019690 0.082483 0.057002 0.024687
INFO:TEST:  0.074538 0.049264 0.020927 0.077411 0.052329 0.022460 0.086408 0.059495 0.026021
INFO:
INFO:EPOCH: 389
INFO:NDCG@10, IoU=0.3	NDCG@10, IoU=0.5	NDCG@10, IoU=0.7	NDCG@20, IoU=0.3	NDCG@20, IoU=0.5	NDCG@20, IoU=0.7	NDCG@40, IoU=0.3	NDCG@40, IoU=0.5	NDCG@40, IoU=0.7	
INFO:VAL:  0.071009 0.050179 0.021374 0.073126 0.051543 0.022441 0.081739 0.057369 0.025863
INFO:TEST:  0.072977 0.049488 0.021169 0.075237 0.051637 0.022168 0.084499 0.058336 0.025396
INFO:
INFO:EPOCH: 399
INFO:NDCG@10, IoU=0.3	NDCG@10, IoU=0.5	NDCG@10, IoU=0.7	NDCG@20, IoU=0.3	NDCG@20, IoU=0.5	NDCG@20, IoU=0.7	NDCG@40, IoU=0.3	NDCG@40, IoU=0.5	NDCG@40, IoU=0.7	
INFO:VAL:  0.073530 0.048531 0.019276 0.073299 0.049730 0.019964 0.083329 0.057186 0.023159
INFO:TEST:  0.074427 0.050188 0.022074 0.077018 0.052370 0.023127 0.086160 0.059616 0.026802
INFO:
INFO:EPOCH: 409
INFO:NDCG@10, IoU=0.3	NDCG@10, IoU=0.5	NDCG@10, IoU=0.7	NDCG@20, IoU=0.3	NDCG@20, IoU=0.5	NDCG@20, IoU=0.7	NDCG@40, IoU=0.3	NDCG@40, IoU=0.5	NDCG@40, IoU=0.7	
INFO:VAL:  0.071500 0.048366 0.018243 0.074386 0.050715 0.019285 0.084227 0.058115 0.023585
INFO:TEST:  0.075818 0.051429 0.021436 0.077592 0.053146 0.022400 0.087277 0.059761 0.025840
INFO:
INFO:EPOCH: 419
INFO:NDCG@10, IoU=0.3	NDCG@10, IoU=0.5	NDCG@10, IoU=0.7	NDCG@20, IoU=0.3	NDCG@20, IoU=0.5	NDCG@20, IoU=0.7	NDCG@40, IoU=0.3	NDCG@40, IoU=0.5	NDCG@40, IoU=0.7	
INFO:VAL:  0.072602 0.048105 0.019909 0.075096 0.050983 0.021381 0.085217 0.059096 0.026141
INFO:TEST:  0.075212 0.049797 0.021105 0.077810 0.051984 0.022298 0.087014 0.058993 0.025900
INFO:
INFO:EPOCH: 429
INFO:NDCG@10, IoU=0.3	NDCG@10, IoU=0.5	NDCG@10, IoU=0.7	NDCG@20, IoU=0.3	NDCG@20, IoU=0.5	NDCG@20, IoU=0.7	NDCG@40, IoU=0.3	NDCG@40, IoU=0.5	NDCG@40, IoU=0.7	
INFO:VAL:  0.071414 0.049638 0.018655 0.072962 0.050016 0.019147 0.083202 0.057758 0.023662
INFO:TEST:  0.076988 0.051497 0.021145 0.078386 0.053364 0.022102 0.087730 0.060862 0.025762
INFO:
INFO:EPOCH: 439
INFO:NDCG@10, IoU=0.3	NDCG@10, IoU=0.5	NDCG@10, IoU=0.7	NDCG@20, IoU=0.3	NDCG@20, IoU=0.5	NDCG@20, IoU=0.7	NDCG@40, IoU=0.3	NDCG@40, IoU=0.5	NDCG@40, IoU=0.7	
INFO:VAL:  0.066142 0.045332 0.019347 0.070567 0.049069 0.020566 0.081233 0.056209 0.023452
INFO:TEST:  0.077380 0.051661 0.022055 0.079129 0.053718 0.023371 0.089078 0.061442 0.027359
INFO:
INFO:EPOCH: 449
INFO:NDCG@10, IoU=0.3	NDCG@10, IoU=0.5	NDCG@10, IoU=0.7	NDCG@20, IoU=0.3	NDCG@20, IoU=0.5	NDCG@20, IoU=0.7	NDCG@40, IoU=0.3	NDCG@40, IoU=0.5	NDCG@40, IoU=0.7	
INFO:VAL:  0.067398 0.046368 0.019246 0.071266 0.049355 0.021448 0.080272 0.056963 0.024996
INFO:TEST:  0.073210 0.048331 0.019944 0.075961 0.050702 0.021283 0.085420 0.057795 0.024986
INFO:
INFO:EPOCH: 459
INFO:NDCG@10, IoU=0.3	NDCG@10, IoU=0.5	NDCG@10, IoU=0.7	NDCG@20, IoU=0.3	NDCG@20, IoU=0.5	NDCG@20, IoU=0.7	NDCG@40, IoU=0.3	NDCG@40, IoU=0.5	NDCG@40, IoU=0.7	
INFO:VAL:  0.070184 0.044670 0.018318 0.072332 0.046249 0.020010 0.080708 0.052898 0.022998
INFO:TEST:  0.076223 0.050120 0.020961 0.078764 0.052353 0.022127 0.088013 0.060022 0.025967
INFO:
INFO:EPOCH: 469
INFO:NDCG@10, IoU=0.3	NDCG@10, IoU=0.5	NDCG@10, IoU=0.7	NDCG@20, IoU=0.3	NDCG@20, IoU=0.5	NDCG@20, IoU=0.7	NDCG@40, IoU=0.3	NDCG@40, IoU=0.5	NDCG@40, IoU=0.7	
INFO:VAL:  0.071904 0.048265 0.020355 0.070401 0.047553 0.020633 0.079118 0.055467 0.024916
INFO:TEST:  0.076183 0.051753 0.021105 0.078826 0.053810 0.023115 0.088494 0.061139 0.026756
INFO:
INFO:EPOCH: 479
INFO:NDCG@10, IoU=0.3	NDCG@10, IoU=0.5	NDCG@10, IoU=0.7	NDCG@20, IoU=0.3	NDCG@20, IoU=0.5	NDCG@20, IoU=0.7	NDCG@40, IoU=0.3	NDCG@40, IoU=0.5	NDCG@40, IoU=0.7	
INFO:VAL:  0.076120 0.054751 0.022026 0.078813 0.057292 0.024086 0.087035 0.063045 0.027146
INFO:TEST:  0.078153 0.052616 0.022294 0.080024 0.053948 0.023013 0.089317 0.061482 0.026662
INFO:BEST VAL:  0.076120 0.054751 0.022026 0.078813 0.057292 0.024086 0.087035 0.063045 0.027146
INFO:BEST TEST:  0.078153 0.052616 0.022294 0.080024 0.053948 0.023013 0.089317 0.061482 0.026662
INFO:save checkpoint: results/XML_top01_20240328_132029/model.ckpt
INFO:
INFO:EPOCH: 489
INFO:NDCG@10, IoU=0.3	NDCG@10, IoU=0.5	NDCG@10, IoU=0.7	NDCG@20, IoU=0.3	NDCG@20, IoU=0.5	NDCG@20, IoU=0.7	NDCG@40, IoU=0.3	NDCG@40, IoU=0.5	NDCG@40, IoU=0.7	
INFO:VAL:  0.069154 0.047718 0.018139 0.071005 0.048076 0.019411 0.080039 0.055327 0.023594
INFO:TEST:  0.072940 0.049846 0.020585 0.076476 0.052524 0.021986 0.086535 0.060489 0.026295
INFO:
INFO:EPOCH: 499
INFO:NDCG@10, IoU=0.3	NDCG@10, IoU=0.5	NDCG@10, IoU=0.7	NDCG@20, IoU=0.3	NDCG@20, IoU=0.5	NDCG@20, IoU=0.7	NDCG@40, IoU=0.3	NDCG@40, IoU=0.5	NDCG@40, IoU=0.7	
INFO:VAL:  0.067768 0.048620 0.019138 0.071527 0.050372 0.021436 0.081919 0.058498 0.025437
INFO:TEST:  0.076812 0.051599 0.021679 0.079031 0.054056 0.023104 0.089013 0.061884 0.027057
INFO:
INFO:EPOCH: 509
INFO:NDCG@10, IoU=0.3	NDCG@10, IoU=0.5	NDCG@10, IoU=0.7	NDCG@20, IoU=0.3	NDCG@20, IoU=0.5	NDCG@20, IoU=0.7	NDCG@40, IoU=0.3	NDCG@40, IoU=0.5	NDCG@40, IoU=0.7	
INFO:VAL:  0.072731 0.050988 0.021709 0.076520 0.054774 0.023947 0.087404 0.062488 0.027759
INFO:TEST:  0.075028 0.050433 0.020607 0.077327 0.053109 0.021787 0.087187 0.061107 0.025935
INFO:
INFO:EPOCH: 519
INFO:NDCG@10, IoU=0.3	NDCG@10, IoU=0.5	NDCG@10, IoU=0.7	NDCG@20, IoU=0.3	NDCG@20, IoU=0.5	NDCG@20, IoU=0.7	NDCG@40, IoU=0.3	NDCG@40, IoU=0.5	NDCG@40, IoU=0.7	
INFO:VAL:  0.076966 0.056147 0.021502 0.079326 0.056675 0.022572 0.088004 0.063516 0.026626
INFO:TEST:  0.077726 0.051965 0.021746 0.079306 0.053498 0.022542 0.088497 0.060780 0.026098
INFO:BEST VAL:  0.076966 0.056147 0.021502 0.079326 0.056675 0.022572 0.088004 0.063516 0.026626
INFO:BEST TEST:  0.077726 0.051965 0.021746 0.079306 0.053498 0.022542 0.088497 0.060780 0.026098
INFO:save checkpoint: results/XML_top01_20240328_132029/model.ckpt
INFO:
INFO:EPOCH: 529
INFO:NDCG@10, IoU=0.3	NDCG@10, IoU=0.5	NDCG@10, IoU=0.7	NDCG@20, IoU=0.3	NDCG@20, IoU=0.5	NDCG@20, IoU=0.7	NDCG@40, IoU=0.3	NDCG@40, IoU=0.5	NDCG@40, IoU=0.7	
INFO:VAL:  0.074437 0.053480 0.021671 0.078434 0.056569 0.023437 0.089123 0.064040 0.027258
INFO:TEST:  0.078436 0.052503 0.021999 0.080765 0.054555 0.023030 0.089919 0.061459 0.026592
INFO:
INFO:EPOCH: 539
INFO:NDCG@10, IoU=0.3	NDCG@10, IoU=0.5	NDCG@10, IoU=0.7	NDCG@20, IoU=0.3	NDCG@20, IoU=0.5	NDCG@20, IoU=0.7	NDCG@40, IoU=0.3	NDCG@40, IoU=0.5	NDCG@40, IoU=0.7	
INFO:VAL:  0.078451 0.055590 0.022996 0.079206 0.055847 0.023327 0.086060 0.060562 0.026366
INFO:TEST:  0.080514 0.053809 0.022390 0.083306 0.056007 0.023626 0.091795 0.062821 0.026957
INFO:
INFO:EPOCH: 549
INFO:NDCG@10, IoU=0.3	NDCG@10, IoU=0.5	NDCG@10, IoU=0.7	NDCG@20, IoU=0.3	NDCG@20, IoU=0.5	NDCG@20, IoU=0.7	NDCG@40, IoU=0.3	NDCG@40, IoU=0.5	NDCG@40, IoU=0.7	
INFO:VAL:  0.073586 0.054069 0.020720 0.075276 0.055133 0.021495 0.085097 0.062939 0.025335
INFO:TEST:  0.079970 0.052715 0.021724 0.081928 0.055027 0.022778 0.090977 0.061918 0.026399
INFO:
INFO:EPOCH: 559
INFO:NDCG@10, IoU=0.3	NDCG@10, IoU=0.5	NDCG@10, IoU=0.7	NDCG@20, IoU=0.3	NDCG@20, IoU=0.5	NDCG@20, IoU=0.7	NDCG@40, IoU=0.3	NDCG@40, IoU=0.5	NDCG@40, IoU=0.7	
INFO:VAL:  0.071118 0.049200 0.020974 0.074393 0.051666 0.021538 0.084919 0.058878 0.024908
INFO:TEST:  0.079343 0.053805 0.021598 0.081041 0.055145 0.022684 0.090120 0.062639 0.026626
INFO:
INFO:EPOCH: 569
INFO:NDCG@10, IoU=0.3	NDCG@10, IoU=0.5	NDCG@10, IoU=0.7	NDCG@20, IoU=0.3	NDCG@20, IoU=0.5	NDCG@20, IoU=0.7	NDCG@40, IoU=0.3	NDCG@40, IoU=0.5	NDCG@40, IoU=0.7	
INFO:VAL:  0.075642 0.054655 0.020783 0.077355 0.055752 0.022456 0.087612 0.062738 0.026716
INFO:TEST:  0.078422 0.053808 0.023691 0.080503 0.055439 0.024008 0.088945 0.061839 0.027233
INFO:
INFO:EPOCH: 579
INFO:NDCG@10, IoU=0.3	NDCG@10, IoU=0.5	NDCG@10, IoU=0.7	NDCG@20, IoU=0.3	NDCG@20, IoU=0.5	NDCG@20, IoU=0.7	NDCG@40, IoU=0.3	NDCG@40, IoU=0.5	NDCG@40, IoU=0.7	
INFO:VAL:  0.070276 0.045846 0.019505 0.075035 0.049835 0.021509 0.083396 0.056335 0.024752
INFO:TEST:  0.078588 0.053970 0.022114 0.080209 0.055481 0.023041 0.089844 0.062751 0.026172
INFO:
INFO:EPOCH: 589
INFO:NDCG@10, IoU=0.3	NDCG@10, IoU=0.5	NDCG@10, IoU=0.7	NDCG@20, IoU=0.3	NDCG@20, IoU=0.5	NDCG@20, IoU=0.7	NDCG@40, IoU=0.3	NDCG@40, IoU=0.5	NDCG@40, IoU=0.7	
INFO:VAL:  0.075944 0.051860 0.021556 0.078258 0.053996 0.023473 0.087868 0.060703 0.027647
INFO:TEST:  0.079863 0.055135 0.022709 0.081588 0.057065 0.023971 0.091097 0.063724 0.027348
INFO:
INFO:EPOCH: 599
INFO:NDCG@10, IoU=0.3	NDCG@10, IoU=0.5	NDCG@10, IoU=0.7	NDCG@20, IoU=0.3	NDCG@20, IoU=0.5	NDCG@20, IoU=0.7	NDCG@40, IoU=0.3	NDCG@40, IoU=0.5	NDCG@40, IoU=0.7	
INFO:VAL:  0.073942 0.052510 0.021742 0.076491 0.053407 0.023129 0.086670 0.061031 0.027024
INFO:TEST:  0.078837 0.053899 0.022845 0.081078 0.056575 0.023586 0.089818 0.063474 0.027080
INFO:
INFO:EPOCH: 609
INFO:NDCG@10, IoU=0.3	NDCG@10, IoU=0.5	NDCG@10, IoU=0.7	NDCG@20, IoU=0.3	NDCG@20, IoU=0.5	NDCG@20, IoU=0.7	NDCG@40, IoU=0.3	NDCG@40, IoU=0.5	NDCG@40, IoU=0.7	
INFO:VAL:  0.071215 0.049240 0.018838 0.075821 0.053482 0.021914 0.085257 0.059693 0.025120
INFO:TEST:  0.079218 0.053689 0.022137 0.081246 0.055587 0.023043 0.089828 0.062028 0.025905
INFO:
INFO:EPOCH: 619
INFO:NDCG@10, IoU=0.3	NDCG@10, IoU=0.5	NDCG@10, IoU=0.7	NDCG@20, IoU=0.3	NDCG@20, IoU=0.5	NDCG@20, IoU=0.7	NDCG@40, IoU=0.3	NDCG@40, IoU=0.5	NDCG@40, IoU=0.7	
INFO:VAL:  0.076837 0.052172 0.021594 0.079748 0.054974 0.024039 0.087139 0.060515 0.026308
INFO:TEST:  0.082029 0.057506 0.024278 0.082562 0.058254 0.025173 0.091231 0.064513 0.028208
INFO:
INFO:EPOCH: 629
INFO:NDCG@10, IoU=0.3	NDCG@10, IoU=0.5	NDCG@10, IoU=0.7	NDCG@20, IoU=0.3	NDCG@20, IoU=0.5	NDCG@20, IoU=0.7	NDCG@40, IoU=0.3	NDCG@40, IoU=0.5	NDCG@40, IoU=0.7	
INFO:VAL:  0.075303 0.051999 0.022439 0.077632 0.054329 0.023732 0.086023 0.059904 0.026667
INFO:TEST:  0.079402 0.052297 0.021739 0.082234 0.054617 0.023182 0.091738 0.062230 0.026649
INFO:
INFO:EPOCH: 639
INFO:NDCG@10, IoU=0.3	NDCG@10, IoU=0.5	NDCG@10, IoU=0.7	NDCG@20, IoU=0.3	NDCG@20, IoU=0.5	NDCG@20, IoU=0.7	NDCG@40, IoU=0.3	NDCG@40, IoU=0.5	NDCG@40, IoU=0.7	
INFO:VAL:  0.078335 0.054556 0.023112 0.080858 0.057044 0.024289 0.090073 0.063616 0.027974
INFO:TEST:  0.080598 0.055741 0.022136 0.083276 0.057892 0.023730 0.091291 0.064317 0.027093
INFO:BEST VAL:  0.078335 0.054556 0.023112 0.080858 0.057044 0.024289 0.090073 0.063616 0.027974
INFO:BEST TEST:  0.080598 0.055741 0.022136 0.083276 0.057892 0.023730 0.091291 0.064317 0.027093
INFO:save checkpoint: results/XML_top01_20240328_132029/model.ckpt
INFO:
INFO:EPOCH: 649
INFO:NDCG@10, IoU=0.3	NDCG@10, IoU=0.5	NDCG@10, IoU=0.7	NDCG@20, IoU=0.3	NDCG@20, IoU=0.5	NDCG@20, IoU=0.7	NDCG@40, IoU=0.3	NDCG@40, IoU=0.5	NDCG@40, IoU=0.7	
INFO:VAL:  0.073880 0.049950 0.020405 0.077196 0.053054 0.021562 0.085692 0.059178 0.025421
INFO:TEST:  0.080734 0.055054 0.022671 0.082757 0.057104 0.024266 0.091950 0.064022 0.027667
INFO:
INFO:EPOCH: 659
INFO:NDCG@10, IoU=0.3	NDCG@10, IoU=0.5	NDCG@10, IoU=0.7	NDCG@20, IoU=0.3	NDCG@20, IoU=0.5	NDCG@20, IoU=0.7	NDCG@40, IoU=0.3	NDCG@40, IoU=0.5	NDCG@40, IoU=0.7	
INFO:VAL:  0.078869 0.053938 0.020338 0.081627 0.057117 0.021746 0.089505 0.062541 0.024577
INFO:TEST:  0.080504 0.054990 0.022454 0.082834 0.056925 0.023194 0.092066 0.064408 0.027048
INFO:
INFO:EPOCH: 669
INFO:NDCG@10, IoU=0.3	NDCG@10, IoU=0.5	NDCG@10, IoU=0.7	NDCG@20, IoU=0.3	NDCG@20, IoU=0.5	NDCG@20, IoU=0.7	NDCG@40, IoU=0.3	NDCG@40, IoU=0.5	NDCG@40, IoU=0.7	
INFO:VAL:  0.076196 0.051366 0.019150 0.079335 0.054808 0.022696 0.089461 0.061825 0.026704
INFO:TEST:  0.079862 0.053178 0.021807 0.081600 0.054891 0.023178 0.091028 0.062043 0.027140
INFO:
INFO:EPOCH: 679
INFO:NDCG@10, IoU=0.3	NDCG@10, IoU=0.5	NDCG@10, IoU=0.7	NDCG@20, IoU=0.3	NDCG@20, IoU=0.5	NDCG@20, IoU=0.7	NDCG@40, IoU=0.3	NDCG@40, IoU=0.5	NDCG@40, IoU=0.7	
INFO:VAL:  0.081115 0.056567 0.022074 0.083280 0.058623 0.024130 0.089973 0.064180 0.027288
INFO:TEST:  0.080879 0.056523 0.024175 0.083228 0.057988 0.024777 0.092730 0.065077 0.027925
INFO:BEST VAL:  0.081115 0.056567 0.022074 0.083280 0.058623 0.024130 0.089973 0.064180 0.027288
INFO:BEST TEST:  0.080879 0.056523 0.024175 0.083228 0.057988 0.024777 0.092730 0.065077 0.027925
INFO:save checkpoint: results/XML_top01_20240328_132029/model.ckpt
INFO:
INFO:EPOCH: 689
INFO:NDCG@10, IoU=0.3	NDCG@10, IoU=0.5	NDCG@10, IoU=0.7	NDCG@20, IoU=0.3	NDCG@20, IoU=0.5	NDCG@20, IoU=0.7	NDCG@40, IoU=0.3	NDCG@40, IoU=0.5	NDCG@40, IoU=0.7	
INFO:VAL:  0.078673 0.053311 0.020691 0.078221 0.053308 0.021437 0.087157 0.059307 0.024291
INFO:TEST:  0.077850 0.052584 0.021931 0.080701 0.054851 0.022837 0.089372 0.061428 0.026197
INFO:
INFO:EPOCH: 699
INFO:NDCG@10, IoU=0.3	NDCG@10, IoU=0.5	NDCG@10, IoU=0.7	NDCG@20, IoU=0.3	NDCG@20, IoU=0.5	NDCG@20, IoU=0.7	NDCG@40, IoU=0.3	NDCG@40, IoU=0.5	NDCG@40, IoU=0.7	
INFO:VAL:  0.076820 0.054588 0.020444 0.077790 0.055592 0.021159 0.086720 0.061713 0.024284
INFO:TEST:  0.080668 0.054554 0.022518 0.082119 0.055867 0.023330 0.091679 0.063246 0.026810
INFO:
INFO:EPOCH: 709
INFO:NDCG@10, IoU=0.3	NDCG@10, IoU=0.5	NDCG@10, IoU=0.7	NDCG@20, IoU=0.3	NDCG@20, IoU=0.5	NDCG@20, IoU=0.7	NDCG@40, IoU=0.3	NDCG@40, IoU=0.5	NDCG@40, IoU=0.7	
INFO:VAL:  0.077476 0.056142 0.021254 0.078135 0.055999 0.022254 0.086354 0.062397 0.026364
INFO:TEST:  0.080461 0.054284 0.022277 0.082773 0.056531 0.023433 0.091771 0.063587 0.026909
INFO:
INFO:EPOCH: 719
INFO:NDCG@10, IoU=0.3	NDCG@10, IoU=0.5	NDCG@10, IoU=0.7	NDCG@20, IoU=0.3	NDCG@20, IoU=0.5	NDCG@20, IoU=0.7	NDCG@40, IoU=0.3	NDCG@40, IoU=0.5	NDCG@40, IoU=0.7	
INFO:VAL:  0.079114 0.053126 0.019520 0.081044 0.054955 0.020121 0.090003 0.061880 0.024747
INFO:TEST:  0.079392 0.053489 0.022240 0.082579 0.056229 0.023680 0.091167 0.063070 0.027058
INFO:
INFO:EPOCH: 729
INFO:NDCG@10, IoU=0.3	NDCG@10, IoU=0.5	NDCG@10, IoU=0.7	NDCG@20, IoU=0.3	NDCG@20, IoU=0.5	NDCG@20, IoU=0.7	NDCG@40, IoU=0.3	NDCG@40, IoU=0.5	NDCG@40, IoU=0.7	
INFO:VAL:  0.072216 0.050055 0.018880 0.074775 0.052249 0.019538 0.083710 0.058819 0.023564
INFO:TEST:  0.081722 0.055309 0.022760 0.084014 0.057306 0.023747 0.093214 0.064799 0.027620
INFO:
INFO:EPOCH: 739
INFO:NDCG@10, IoU=0.3	NDCG@10, IoU=0.5	NDCG@10, IoU=0.7	NDCG@20, IoU=0.3	NDCG@20, IoU=0.5	NDCG@20, IoU=0.7	NDCG@40, IoU=0.3	NDCG@40, IoU=0.5	NDCG@40, IoU=0.7	
INFO:VAL:  0.075192 0.054933 0.020610 0.076699 0.055247 0.021744 0.085524 0.061495 0.025088
INFO:TEST:  0.081981 0.054932 0.021904 0.084158 0.057119 0.023214 0.093452 0.064033 0.026963
INFO:
INFO:EPOCH: 749
INFO:NDCG@10, IoU=0.3	NDCG@10, IoU=0.5	NDCG@10, IoU=0.7	NDCG@20, IoU=0.3	NDCG@20, IoU=0.5	NDCG@20, IoU=0.7	NDCG@40, IoU=0.3	NDCG@40, IoU=0.5	NDCG@40, IoU=0.7	
INFO:VAL:  0.073816 0.052830 0.019638 0.076524 0.054906 0.022257 0.086118 0.061365 0.025749
INFO:TEST:  0.080307 0.055715 0.022943 0.082747 0.057533 0.023679 0.092002 0.064429 0.027013
INFO:
INFO:EPOCH: 759
INFO:NDCG@10, IoU=0.3	NDCG@10, IoU=0.5	NDCG@10, IoU=0.7	NDCG@20, IoU=0.3	NDCG@20, IoU=0.5	NDCG@20, IoU=0.7	NDCG@40, IoU=0.3	NDCG@40, IoU=0.5	NDCG@40, IoU=0.7	
INFO:VAL:  0.081862 0.056355 0.024835 0.082313 0.057549 0.025264 0.091325 0.064993 0.028071
INFO:TEST:  0.081977 0.056134 0.023442 0.084185 0.057958 0.024256 0.092879 0.064714 0.027446
INFO:BEST VAL:  0.081862 0.056355 0.024835 0.082313 0.057549 0.025264 0.091325 0.064993 0.028071
INFO:BEST TEST:  0.081977 0.056134 0.023442 0.084185 0.057958 0.024256 0.092879 0.064714 0.027446
INFO:save checkpoint: results/XML_top01_20240328_132029/model.ckpt
INFO:
INFO:EPOCH: 769
INFO:NDCG@10, IoU=0.3	NDCG@10, IoU=0.5	NDCG@10, IoU=0.7	NDCG@20, IoU=0.3	NDCG@20, IoU=0.5	NDCG@20, IoU=0.7	NDCG@40, IoU=0.3	NDCG@40, IoU=0.5	NDCG@40, IoU=0.7	
INFO:VAL:  0.074220 0.050814 0.020133 0.077504 0.055516 0.023741 0.086480 0.061992 0.027330
INFO:TEST:  0.081796 0.055230 0.021941 0.083334 0.057206 0.023393 0.092159 0.064316 0.027038
INFO:
INFO:EPOCH: 779
INFO:NDCG@10, IoU=0.3	NDCG@10, IoU=0.5	NDCG@10, IoU=0.7	NDCG@20, IoU=0.3	NDCG@20, IoU=0.5	NDCG@20, IoU=0.7	NDCG@40, IoU=0.3	NDCG@40, IoU=0.5	NDCG@40, IoU=0.7	
INFO:VAL:  0.077739 0.055231 0.020606 0.079317 0.055928 0.022254 0.088491 0.063612 0.026422
INFO:TEST:  0.081261 0.055769 0.023563 0.083106 0.058015 0.024653 0.092067 0.064575 0.027624
INFO:
INFO:EPOCH: 789
INFO:NDCG@10, IoU=0.3	NDCG@10, IoU=0.5	NDCG@10, IoU=0.7	NDCG@20, IoU=0.3	NDCG@20, IoU=0.5	NDCG@20, IoU=0.7	NDCG@40, IoU=0.3	NDCG@40, IoU=0.5	NDCG@40, IoU=0.7	
INFO:VAL:  0.074238 0.051781 0.017997 0.077863 0.054470 0.019560 0.085490 0.059905 0.023363
INFO:TEST:  0.082809 0.057142 0.023879 0.084392 0.058846 0.024619 0.093466 0.065561 0.028280
INFO:
INFO:EPOCH: 799
INFO:NDCG@10, IoU=0.3	NDCG@10, IoU=0.5	NDCG@10, IoU=0.7	NDCG@20, IoU=0.3	NDCG@20, IoU=0.5	NDCG@20, IoU=0.7	NDCG@40, IoU=0.3	NDCG@40, IoU=0.5	NDCG@40, IoU=0.7	
INFO:VAL:  0.079192 0.051541 0.019491 0.081443 0.054104 0.022006 0.089354 0.060168 0.025065
INFO:TEST:  0.080806 0.054503 0.023080 0.082615 0.056494 0.024076 0.091823 0.063692 0.027620
INFO:
INFO:EPOCH: 809
INFO:NDCG@10, IoU=0.3	NDCG@10, IoU=0.5	NDCG@10, IoU=0.7	NDCG@20, IoU=0.3	NDCG@20, IoU=0.5	NDCG@20, IoU=0.7	NDCG@40, IoU=0.3	NDCG@40, IoU=0.5	NDCG@40, IoU=0.7	
INFO:VAL:  0.077991 0.053290 0.019645 0.080292 0.055359 0.021881 0.090642 0.063007 0.025748
INFO:TEST:  0.082297 0.055020 0.023824 0.083793 0.057014 0.024988 0.092592 0.064067 0.028011
INFO:
INFO:EPOCH: 819
INFO:NDCG@10, IoU=0.3	NDCG@10, IoU=0.5	NDCG@10, IoU=0.7	NDCG@20, IoU=0.3	NDCG@20, IoU=0.5	NDCG@20, IoU=0.7	NDCG@40, IoU=0.3	NDCG@40, IoU=0.5	NDCG@40, IoU=0.7	
INFO:VAL:  0.081197 0.056756 0.021417 0.082530 0.058138 0.022607 0.090577 0.064626 0.026248
INFO:TEST:  0.080286 0.055242 0.023474 0.082713 0.057534 0.024493 0.091694 0.064582 0.027953
INFO:
INFO:EPOCH: 829
INFO:NDCG@10, IoU=0.3	NDCG@10, IoU=0.5	NDCG@10, IoU=0.7	NDCG@20, IoU=0.3	NDCG@20, IoU=0.5	NDCG@20, IoU=0.7	NDCG@40, IoU=0.3	NDCG@40, IoU=0.5	NDCG@40, IoU=0.7	
INFO:VAL:  0.078676 0.054708 0.020809 0.079478 0.055687 0.022195 0.088050 0.061737 0.025805
INFO:TEST:  0.083702 0.056696 0.024059 0.084434 0.057783 0.024433 0.093081 0.064696 0.027771
INFO:
INFO:EPOCH: 839
INFO:NDCG@10, IoU=0.3	NDCG@10, IoU=0.5	NDCG@10, IoU=0.7	NDCG@20, IoU=0.3	NDCG@20, IoU=0.5	NDCG@20, IoU=0.7	NDCG@40, IoU=0.3	NDCG@40, IoU=0.5	NDCG@40, IoU=0.7	
INFO:VAL:  0.081846 0.055736 0.024683 0.082152 0.057430 0.025065 0.091397 0.064400 0.028085
INFO:TEST:  0.082243 0.055828 0.023727 0.084455 0.058140 0.024859 0.092368 0.064374 0.027322
INFO:
INFO:EPOCH: 849
INFO:NDCG@10, IoU=0.3	NDCG@10, IoU=0.5	NDCG@10, IoU=0.7	NDCG@20, IoU=0.3	NDCG@20, IoU=0.5	NDCG@20, IoU=0.7	NDCG@40, IoU=0.3	NDCG@40, IoU=0.5	NDCG@40, IoU=0.7	
INFO:VAL:  0.083196 0.058508 0.023915 0.083657 0.058682 0.024199 0.092548 0.065309 0.028008
INFO:TEST:  0.082892 0.056627 0.023401 0.085354 0.059163 0.024716 0.093814 0.066005 0.028057
INFO:BEST VAL:  0.083196 0.058508 0.023915 0.083657 0.058682 0.024199 0.092548 0.065309 0.028008
INFO:BEST TEST:  0.082892 0.056627 0.023401 0.085354 0.059163 0.024716 0.093814 0.066005 0.028057
INFO:save checkpoint: results/XML_top01_20240328_132029/model.ckpt
INFO:
INFO:EPOCH: 859
INFO:NDCG@10, IoU=0.3	NDCG@10, IoU=0.5	NDCG@10, IoU=0.7	NDCG@20, IoU=0.3	NDCG@20, IoU=0.5	NDCG@20, IoU=0.7	NDCG@40, IoU=0.3	NDCG@40, IoU=0.5	NDCG@40, IoU=0.7	
INFO:VAL:  0.087803 0.060766 0.023771 0.086568 0.060218 0.024002 0.094352 0.065965 0.027270
INFO:TEST:  0.084605 0.058219 0.024679 0.086539 0.059766 0.025358 0.095283 0.066677 0.028726
INFO:BEST VAL:  0.087803 0.060766 0.023771 0.086568 0.060218 0.024002 0.094352 0.065965 0.027270
INFO:BEST TEST:  0.084605 0.058219 0.024679 0.086539 0.059766 0.025358 0.095283 0.066677 0.028726
INFO:save checkpoint: results/XML_top01_20240328_132029/model.ckpt
INFO:
INFO:EPOCH: 869
INFO:NDCG@10, IoU=0.3	NDCG@10, IoU=0.5	NDCG@10, IoU=0.7	NDCG@20, IoU=0.3	NDCG@20, IoU=0.5	NDCG@20, IoU=0.7	NDCG@40, IoU=0.3	NDCG@40, IoU=0.5	NDCG@40, IoU=0.7	
INFO:VAL:  0.081504 0.056931 0.024759 0.083164 0.058117 0.025377 0.092148 0.065743 0.028870
INFO:TEST:  0.083923 0.057949 0.023848 0.086029 0.060189 0.024838 0.094781 0.066865 0.028345
INFO:
INFO:EPOCH: 879
INFO:NDCG@10, IoU=0.3	NDCG@10, IoU=0.5	NDCG@10, IoU=0.7	NDCG@20, IoU=0.3	NDCG@20, IoU=0.5	NDCG@20, IoU=0.7	NDCG@40, IoU=0.3	NDCG@40, IoU=0.5	NDCG@40, IoU=0.7	
INFO:VAL:  0.080762 0.055403 0.023337 0.082128 0.055848 0.023210 0.090930 0.063520 0.026706
INFO:TEST:  0.082736 0.057304 0.024050 0.085101 0.059674 0.025434 0.093637 0.066472 0.028611
INFO:
INFO:EPOCH: 889
INFO:NDCG@10, IoU=0.3	NDCG@10, IoU=0.5	NDCG@10, IoU=0.7	NDCG@20, IoU=0.3	NDCG@20, IoU=0.5	NDCG@20, IoU=0.7	NDCG@40, IoU=0.3	NDCG@40, IoU=0.5	NDCG@40, IoU=0.7	
INFO:VAL:  0.082877 0.058195 0.023073 0.082640 0.058067 0.023235 0.091097 0.065467 0.027862
INFO:TEST:  0.084417 0.059341 0.023261 0.086006 0.060369 0.024560 0.094778 0.067458 0.028122
INFO:
INFO:EPOCH: 899
INFO:NDCG@10, IoU=0.3	NDCG@10, IoU=0.5	NDCG@10, IoU=0.7	NDCG@20, IoU=0.3	NDCG@20, IoU=0.5	NDCG@20, IoU=0.7	NDCG@40, IoU=0.3	NDCG@40, IoU=0.5	NDCG@40, IoU=0.7	
INFO:VAL:  0.086132 0.060361 0.024429 0.086451 0.059768 0.024317 0.093939 0.066334 0.027642
INFO:TEST:  0.084007 0.057643 0.022925 0.086189 0.059615 0.024558 0.094542 0.066230 0.027890
INFO:
INFO:EPOCH: 909
INFO:NDCG@10, IoU=0.3	NDCG@10, IoU=0.5	NDCG@10, IoU=0.7	NDCG@20, IoU=0.3	NDCG@20, IoU=0.5	NDCG@20, IoU=0.7	NDCG@40, IoU=0.3	NDCG@40, IoU=0.5	NDCG@40, IoU=0.7	
INFO:VAL:  0.079353 0.055871 0.020619 0.082170 0.057694 0.021709 0.089812 0.064050 0.024807
INFO:TEST:  0.082615 0.057083 0.023295 0.084545 0.059002 0.024445 0.093403 0.066138 0.027959
INFO:
INFO:EPOCH: 919
INFO:NDCG@10, IoU=0.3	NDCG@10, IoU=0.5	NDCG@10, IoU=0.7	NDCG@20, IoU=0.3	NDCG@20, IoU=0.5	NDCG@20, IoU=0.7	NDCG@40, IoU=0.3	NDCG@40, IoU=0.5	NDCG@40, IoU=0.7	
INFO:VAL:  0.082443 0.059068 0.026100 0.084008 0.059968 0.025568 0.093048 0.066125 0.028641
INFO:TEST:  0.085093 0.059191 0.024362 0.085997 0.060873 0.024748 0.094449 0.067296 0.027902
INFO:
INFO:EPOCH: 929
INFO:NDCG@10, IoU=0.3	NDCG@10, IoU=0.5	NDCG@10, IoU=0.7	NDCG@20, IoU=0.3	NDCG@20, IoU=0.5	NDCG@20, IoU=0.7	NDCG@40, IoU=0.3	NDCG@40, IoU=0.5	NDCG@40, IoU=0.7	
INFO:VAL:  0.082073 0.058434 0.022864 0.084221 0.059967 0.024218 0.092937 0.066388 0.027057
INFO:TEST:  0.087175 0.060285 0.024992 0.087827 0.061116 0.025559 0.095623 0.067422 0.028835
INFO:
INFO:EPOCH: 939
INFO:NDCG@10, IoU=0.3	NDCG@10, IoU=0.5	NDCG@10, IoU=0.7	NDCG@20, IoU=0.3	NDCG@20, IoU=0.5	NDCG@20, IoU=0.7	NDCG@40, IoU=0.3	NDCG@40, IoU=0.5	NDCG@40, IoU=0.7	
INFO:VAL:  0.080309 0.054815 0.022600 0.083031 0.057521 0.022954 0.091539 0.064199 0.026216
INFO:TEST:  0.086558 0.059170 0.024468 0.086744 0.060013 0.025344 0.095977 0.066714 0.028404
INFO:
INFO:EPOCH: 949
INFO:NDCG@10, IoU=0.3	NDCG@10, IoU=0.5	NDCG@10, IoU=0.7	NDCG@20, IoU=0.3	NDCG@20, IoU=0.5	NDCG@20, IoU=0.7	NDCG@40, IoU=0.3	NDCG@40, IoU=0.5	NDCG@40, IoU=0.7	
INFO:VAL:  0.080120 0.055887 0.023351 0.081431 0.056625 0.022807 0.091383 0.063703 0.026416
INFO:TEST:  0.083994 0.057607 0.024004 0.086675 0.060133 0.024957 0.094504 0.066021 0.028049
INFO:
INFO:EPOCH: 959
INFO:NDCG@10, IoU=0.3	NDCG@10, IoU=0.5	NDCG@10, IoU=0.7	NDCG@20, IoU=0.3	NDCG@20, IoU=0.5	NDCG@20, IoU=0.7	NDCG@40, IoU=0.3	NDCG@40, IoU=0.5	NDCG@40, IoU=0.7	
INFO:VAL:  0.077319 0.056491 0.020544 0.080421 0.059558 0.023055 0.089260 0.066540 0.027381
INFO:TEST:  0.084505 0.057026 0.023714 0.086260 0.059491 0.025029 0.095228 0.066597 0.028470
INFO:
INFO:EPOCH: 969
INFO:NDCG@10, IoU=0.3	NDCG@10, IoU=0.5	NDCG@10, IoU=0.7	NDCG@20, IoU=0.3	NDCG@20, IoU=0.5	NDCG@20, IoU=0.7	NDCG@40, IoU=0.3	NDCG@40, IoU=0.5	NDCG@40, IoU=0.7	
INFO:VAL:  0.077749 0.054911 0.020729 0.080969 0.057862 0.022312 0.089413 0.064040 0.024700
INFO:TEST:  0.084950 0.058478 0.024098 0.086310 0.060268 0.024850 0.094411 0.066507 0.027902
INFO:
INFO:EPOCH: 979
INFO:NDCG@10, IoU=0.3	NDCG@10, IoU=0.5	NDCG@10, IoU=0.7	NDCG@20, IoU=0.3	NDCG@20, IoU=0.5	NDCG@20, IoU=0.7	NDCG@40, IoU=0.3	NDCG@40, IoU=0.5	NDCG@40, IoU=0.7	
INFO:VAL:  0.079029 0.054960 0.021385 0.080380 0.057316 0.022720 0.089587 0.063716 0.025563
INFO:TEST:  0.086569 0.060133 0.024901 0.087534 0.061321 0.025672 0.095982 0.067915 0.028925
INFO:
INFO:EPOCH: 989
INFO:NDCG@10, IoU=0.3	NDCG@10, IoU=0.5	NDCG@10, IoU=0.7	NDCG@20, IoU=0.3	NDCG@20, IoU=0.5	NDCG@20, IoU=0.7	NDCG@40, IoU=0.3	NDCG@40, IoU=0.5	NDCG@40, IoU=0.7	
INFO:VAL:  0.075911 0.049727 0.021397 0.076848 0.051299 0.021872 0.086636 0.058452 0.025528
INFO:TEST:  0.085187 0.058609 0.024296 0.086106 0.059517 0.024758 0.094806 0.066298 0.028167
INFO:
INFO:EPOCH: 999
INFO:NDCG@10, IoU=0.3	NDCG@10, IoU=0.5	NDCG@10, IoU=0.7	NDCG@20, IoU=0.3	NDCG@20, IoU=0.5	NDCG@20, IoU=0.7	NDCG@40, IoU=0.3	NDCG@40, IoU=0.5	NDCG@40, IoU=0.7	
INFO:VAL:  0.079791 0.055164 0.019471 0.080648 0.056685 0.021118 0.088775 0.063290 0.025320
INFO:TEST:  0.086517 0.058974 0.024315 0.087052 0.060147 0.024692 0.095800 0.067254 0.028286
INFO:
INFO:EPOCH: 1009
INFO:NDCG@10, IoU=0.3	NDCG@10, IoU=0.5	NDCG@10, IoU=0.7	NDCG@20, IoU=0.3	NDCG@20, IoU=0.5	NDCG@20, IoU=0.7	NDCG@40, IoU=0.3	NDCG@40, IoU=0.5	NDCG@40, IoU=0.7	
INFO:VAL:  0.079431 0.055052 0.020180 0.080840 0.057934 0.021540 0.088792 0.064695 0.026217
INFO:TEST:  0.086205 0.058620 0.024859 0.088033 0.060306 0.025657 0.096516 0.066436 0.028656
INFO:
INFO:EPOCH: 1019
INFO:NDCG@10, IoU=0.3	NDCG@10, IoU=0.5	NDCG@10, IoU=0.7	NDCG@20, IoU=0.3	NDCG@20, IoU=0.5	NDCG@20, IoU=0.7	NDCG@40, IoU=0.3	NDCG@40, IoU=0.5	NDCG@40, IoU=0.7	
INFO:VAL:  0.082774 0.060098 0.023089 0.083889 0.060917 0.023873 0.093145 0.068033 0.027777
INFO:TEST:  0.087887 0.059404 0.022886 0.088167 0.060699 0.024028 0.097297 0.067871 0.027711
INFO:
INFO:EPOCH: 1029
INFO:NDCG@10, IoU=0.3	NDCG@10, IoU=0.5	NDCG@10, IoU=0.7	NDCG@20, IoU=0.3	NDCG@20, IoU=0.5	NDCG@20, IoU=0.7	NDCG@40, IoU=0.3	NDCG@40, IoU=0.5	NDCG@40, IoU=0.7	
INFO:VAL:  0.081524 0.058795 0.022672 0.082287 0.060325 0.023821 0.090019 0.066439 0.026723
INFO:TEST:  0.089427 0.061600 0.024475 0.090154 0.062396 0.025324 0.098138 0.068894 0.028474
INFO:
INFO:EPOCH: 1039
INFO:NDCG@10, IoU=0.3	NDCG@10, IoU=0.5	NDCG@10, IoU=0.7	NDCG@20, IoU=0.3	NDCG@20, IoU=0.5	NDCG@20, IoU=0.7	NDCG@40, IoU=0.3	NDCG@40, IoU=0.5	NDCG@40, IoU=0.7	
INFO:VAL:  0.081138 0.058528 0.024027 0.082918 0.059683 0.024707 0.089219 0.064103 0.027071
INFO:TEST:  0.088172 0.061406 0.025560 0.089149 0.062609 0.026274 0.097816 0.069521 0.029452
INFO:
INFO:EPOCH: 1049
INFO:NDCG@10, IoU=0.3	NDCG@10, IoU=0.5	NDCG@10, IoU=0.7	NDCG@20, IoU=0.3	NDCG@20, IoU=0.5	NDCG@20, IoU=0.7	NDCG@40, IoU=0.3	NDCG@40, IoU=0.5	NDCG@40, IoU=0.7	
INFO:VAL:  0.081823 0.058722 0.024811 0.082588 0.059116 0.024950 0.090292 0.065372 0.027716
INFO:TEST:  0.088060 0.060528 0.024722 0.088129 0.061127 0.024818 0.096520 0.067652 0.028106
INFO:
INFO:EPOCH: 1059
INFO:NDCG@10, IoU=0.3	NDCG@10, IoU=0.5	NDCG@10, IoU=0.7	NDCG@20, IoU=0.3	NDCG@20, IoU=0.5	NDCG@20, IoU=0.7	NDCG@40, IoU=0.3	NDCG@40, IoU=0.5	NDCG@40, IoU=0.7	
INFO:VAL:  0.085555 0.061943 0.022740 0.086886 0.062571 0.024502 0.093520 0.067678 0.026938
INFO:TEST:  0.088175 0.060158 0.024606 0.088685 0.061072 0.025064 0.097638 0.068359 0.028598
INFO:BEST VAL:  0.085555 0.061943 0.022740 0.086886 0.062571 0.024502 0.093520 0.067678 0.026938
INFO:BEST TEST:  0.088175 0.060158 0.024606 0.088685 0.061072 0.025064 0.097638 0.068359 0.028598
INFO:save checkpoint: results/XML_top01_20240328_132029/model.ckpt
INFO:
INFO:EPOCH: 1069
INFO:NDCG@10, IoU=0.3	NDCG@10, IoU=0.5	NDCG@10, IoU=0.7	NDCG@20, IoU=0.3	NDCG@20, IoU=0.5	NDCG@20, IoU=0.7	NDCG@40, IoU=0.3	NDCG@40, IoU=0.5	NDCG@40, IoU=0.7	
INFO:VAL:  0.082064 0.060318 0.022512 0.082791 0.059676 0.023862 0.090858 0.066024 0.027582
INFO:TEST:  0.088474 0.060155 0.025288 0.089607 0.062390 0.026026 0.097628 0.068800 0.028963
INFO:
INFO:EPOCH: 1079
INFO:NDCG@10, IoU=0.3	NDCG@10, IoU=0.5	NDCG@10, IoU=0.7	NDCG@20, IoU=0.3	NDCG@20, IoU=0.5	NDCG@20, IoU=0.7	NDCG@40, IoU=0.3	NDCG@40, IoU=0.5	NDCG@40, IoU=0.7	
INFO:VAL:  0.085291 0.061330 0.022976 0.085373 0.062027 0.023963 0.095118 0.069266 0.027660
INFO:TEST:  0.088921 0.061056 0.024690 0.089912 0.062335 0.025786 0.098406 0.069308 0.029047
INFO:BEST VAL:  0.085291 0.061330 0.022976 0.085373 0.062027 0.023963 0.095118 0.069266 0.027660
INFO:BEST TEST:  0.088921 0.061056 0.024690 0.089912 0.062335 0.025786 0.098406 0.069308 0.029047
INFO:save checkpoint: results/XML_top01_20240328_132029/model.ckpt
INFO:
INFO:EPOCH: 1089
INFO:NDCG@10, IoU=0.3	NDCG@10, IoU=0.5	NDCG@10, IoU=0.7	NDCG@20, IoU=0.3	NDCG@20, IoU=0.5	NDCG@20, IoU=0.7	NDCG@40, IoU=0.3	NDCG@40, IoU=0.5	NDCG@40, IoU=0.7	
INFO:VAL:  0.084701 0.063894 0.023397 0.086280 0.064281 0.025544 0.095442 0.071330 0.028770
INFO:TEST:  0.088168 0.060296 0.025042 0.089653 0.062283 0.026344 0.097835 0.068750 0.029256
INFO:BEST VAL:  0.084701 0.063894 0.023397 0.086280 0.064281 0.025544 0.095442 0.071330 0.028770
INFO:BEST TEST:  0.088168 0.060296 0.025042 0.089653 0.062283 0.026344 0.097835 0.068750 0.029256
INFO:save checkpoint: results/XML_top01_20240328_132029/model.ckpt
INFO:
INFO:EPOCH: 1099
INFO:NDCG@10, IoU=0.3	NDCG@10, IoU=0.5	NDCG@10, IoU=0.7	NDCG@20, IoU=0.3	NDCG@20, IoU=0.5	NDCG@20, IoU=0.7	NDCG@40, IoU=0.3	NDCG@40, IoU=0.5	NDCG@40, IoU=0.7	
INFO:VAL:  0.081303 0.060794 0.023863 0.082505 0.061062 0.024424 0.090540 0.067674 0.027193
INFO:TEST:  0.085292 0.058797 0.023552 0.087645 0.061147 0.024633 0.095749 0.068014 0.028292
INFO:
INFO:EPOCH: 1109
INFO:NDCG@10, IoU=0.3	NDCG@10, IoU=0.5	NDCG@10, IoU=0.7	NDCG@20, IoU=0.3	NDCG@20, IoU=0.5	NDCG@20, IoU=0.7	NDCG@40, IoU=0.3	NDCG@40, IoU=0.5	NDCG@40, IoU=0.7	
INFO:VAL:  0.079348 0.058972 0.023649 0.081071 0.060350 0.023795 0.089775 0.066141 0.027354
INFO:TEST:  0.086174 0.060757 0.025238 0.087687 0.062113 0.026178 0.095620 0.068092 0.029165
INFO:
INFO:EPOCH: 1119
INFO:NDCG@10, IoU=0.3	NDCG@10, IoU=0.5	NDCG@10, IoU=0.7	NDCG@20, IoU=0.3	NDCG@20, IoU=0.5	NDCG@20, IoU=0.7	NDCG@40, IoU=0.3	NDCG@40, IoU=0.5	NDCG@40, IoU=0.7	
INFO:VAL:  0.081076 0.059076 0.022436 0.081225 0.058797 0.022740 0.089453 0.064986 0.025675
INFO:TEST:  0.087939 0.061642 0.025600 0.088983 0.062715 0.026385 0.096978 0.069000 0.029532
INFO:
INFO:EPOCH: 1129
INFO:NDCG@10, IoU=0.3	NDCG@10, IoU=0.5	NDCG@10, IoU=0.7	NDCG@20, IoU=0.3	NDCG@20, IoU=0.5	NDCG@20, IoU=0.7	NDCG@40, IoU=0.3	NDCG@40, IoU=0.5	NDCG@40, IoU=0.7	
INFO:VAL:  0.084662 0.061667 0.025829 0.086080 0.063498 0.026619 0.093446 0.068338 0.028918
INFO:TEST:  0.087547 0.061935 0.025768 0.089397 0.063514 0.026603 0.097432 0.069651 0.029324
INFO:
INFO:EPOCH: 1139
INFO:NDCG@10, IoU=0.3	NDCG@10, IoU=0.5	NDCG@10, IoU=0.7	NDCG@20, IoU=0.3	NDCG@20, IoU=0.5	NDCG@20, IoU=0.7	NDCG@40, IoU=0.3	NDCG@40, IoU=0.5	NDCG@40, IoU=0.7	
INFO:VAL:  0.084413 0.060903 0.023312 0.083650 0.061597 0.024853 0.091991 0.066923 0.028349
INFO:TEST:  0.089371 0.061433 0.025098 0.090728 0.062564 0.025661 0.098628 0.069200 0.028758
INFO:
INFO:EPOCH: 1149
INFO:NDCG@10, IoU=0.3	NDCG@10, IoU=0.5	NDCG@10, IoU=0.7	NDCG@20, IoU=0.3	NDCG@20, IoU=0.5	NDCG@20, IoU=0.7	NDCG@40, IoU=0.3	NDCG@40, IoU=0.5	NDCG@40, IoU=0.7	
INFO:VAL:  0.083339 0.059576 0.024057 0.085194 0.059803 0.024979 0.092289 0.065252 0.028250
INFO:TEST:  0.089001 0.060607 0.025377 0.089451 0.061663 0.025911 0.098385 0.068414 0.029096
INFO:
INFO:EPOCH: 1159
INFO:NDCG@10, IoU=0.3	NDCG@10, IoU=0.5	NDCG@10, IoU=0.7	NDCG@20, IoU=0.3	NDCG@20, IoU=0.5	NDCG@20, IoU=0.7	NDCG@40, IoU=0.3	NDCG@40, IoU=0.5	NDCG@40, IoU=0.7	
INFO:VAL:  0.085927 0.062729 0.024544 0.086208 0.064538 0.026102 0.094824 0.071187 0.029277
INFO:TEST:  0.089512 0.062284 0.026291 0.089965 0.063181 0.026607 0.097695 0.069138 0.029314
INFO:BEST VAL:  0.085927 0.062729 0.024544 0.086208 0.064538 0.026102 0.094824 0.071187 0.029277
INFO:BEST TEST:  0.089512 0.062284 0.026291 0.089965 0.063181 0.026607 0.097695 0.069138 0.029314
INFO:save checkpoint: results/XML_top01_20240328_132029/model.ckpt
INFO:
INFO:EPOCH: 1169
INFO:NDCG@10, IoU=0.3	NDCG@10, IoU=0.5	NDCG@10, IoU=0.7	NDCG@20, IoU=0.3	NDCG@20, IoU=0.5	NDCG@20, IoU=0.7	NDCG@40, IoU=0.3	NDCG@40, IoU=0.5	NDCG@40, IoU=0.7	
INFO:VAL:  0.086025 0.063605 0.024096 0.085482 0.062043 0.023605 0.093280 0.068017 0.026819
INFO:TEST:  0.088813 0.061984 0.025090 0.090332 0.063518 0.026135 0.098660 0.070103 0.029652
INFO:
INFO:EPOCH: 1179
INFO:NDCG@10, IoU=0.3	NDCG@10, IoU=0.5	NDCG@10, IoU=0.7	NDCG@20, IoU=0.3	NDCG@20, IoU=0.5	NDCG@20, IoU=0.7	NDCG@40, IoU=0.3	NDCG@40, IoU=0.5	NDCG@40, IoU=0.7	
INFO:VAL:  0.088139 0.064898 0.025131 0.087843 0.064370 0.026161 0.095148 0.070478 0.028969
INFO:TEST:  0.090063 0.064278 0.027094 0.090518 0.064281 0.027157 0.098620 0.070390 0.030089
INFO:BEST VAL:  0.088139 0.064898 0.025131 0.087843 0.064370 0.026161 0.095148 0.070478 0.028969
INFO:BEST TEST:  0.090063 0.064278 0.027094 0.090518 0.064281 0.027157 0.098620 0.070390 0.030089
INFO:save checkpoint: results/XML_top01_20240328_132029/model.ckpt
INFO:
INFO:EPOCH: 1189
INFO:NDCG@10, IoU=0.3	NDCG@10, IoU=0.5	NDCG@10, IoU=0.7	NDCG@20, IoU=0.3	NDCG@20, IoU=0.5	NDCG@20, IoU=0.7	NDCG@40, IoU=0.3	NDCG@40, IoU=0.5	NDCG@40, IoU=0.7	
INFO:VAL:  0.082672 0.058227 0.021722 0.083676 0.060216 0.024089 0.092973 0.067084 0.026728
INFO:TEST:  0.090253 0.064292 0.026511 0.090407 0.064526 0.026883 0.097796 0.070230 0.029871
INFO:
INFO:EPOCH: 1199
INFO:NDCG@10, IoU=0.3	NDCG@10, IoU=0.5	NDCG@10, IoU=0.7	NDCG@20, IoU=0.3	NDCG@20, IoU=0.5	NDCG@20, IoU=0.7	NDCG@40, IoU=0.3	NDCG@40, IoU=0.5	NDCG@40, IoU=0.7	
INFO:VAL:  0.085437 0.060647 0.024892 0.086652 0.060085 0.024655 0.095554 0.066474 0.029036
INFO:TEST:  0.089289 0.061299 0.026004 0.089045 0.062127 0.026813 0.096769 0.068325 0.029414
INFO:
INFO:EPOCH: 1209
INFO:NDCG@10, IoU=0.3	NDCG@10, IoU=0.5	NDCG@10, IoU=0.7	NDCG@20, IoU=0.3	NDCG@20, IoU=0.5	NDCG@20, IoU=0.7	NDCG@40, IoU=0.3	NDCG@40, IoU=0.5	NDCG@40, IoU=0.7	
INFO:VAL:  0.084993 0.061054 0.024741 0.085717 0.061743 0.025389 0.093148 0.066881 0.028016
INFO:TEST:  0.091271 0.064446 0.027936 0.091539 0.065058 0.028149 0.099444 0.071364 0.030953
INFO:
INFO:EPOCH: 1219
INFO:NDCG@10, IoU=0.3	NDCG@10, IoU=0.5	NDCG@10, IoU=0.7	NDCG@20, IoU=0.3	NDCG@20, IoU=0.5	NDCG@20, IoU=0.7	NDCG@40, IoU=0.3	NDCG@40, IoU=0.5	NDCG@40, IoU=0.7	
INFO:VAL:  0.086573 0.063486 0.023088 0.086293 0.062240 0.023489 0.094551 0.068439 0.027329
INFO:TEST:  0.090680 0.063882 0.026524 0.091097 0.063961 0.026737 0.098105 0.069569 0.029783
INFO:
INFO:EPOCH: 1229
INFO:NDCG@10, IoU=0.3	NDCG@10, IoU=0.5	NDCG@10, IoU=0.7	NDCG@20, IoU=0.3	NDCG@20, IoU=0.5	NDCG@20, IoU=0.7	NDCG@40, IoU=0.3	NDCG@40, IoU=0.5	NDCG@40, IoU=0.7	
INFO:VAL:  0.088751 0.063849 0.023474 0.087316 0.062484 0.024520 0.093536 0.067700 0.027620
INFO:TEST:  0.086531 0.060716 0.025930 0.088259 0.062152 0.026443 0.096255 0.068295 0.029258
INFO:
INFO:EPOCH: 1239
INFO:NDCG@10, IoU=0.3	NDCG@10, IoU=0.5	NDCG@10, IoU=0.7	NDCG@20, IoU=0.3	NDCG@20, IoU=0.5	NDCG@20, IoU=0.7	NDCG@40, IoU=0.3	NDCG@40, IoU=0.5	NDCG@40, IoU=0.7	
INFO:VAL:  0.088723 0.064999 0.025617 0.087900 0.063609 0.025077 0.095323 0.068995 0.028374
INFO:TEST:  0.091198 0.063775 0.026579 0.091543 0.064749 0.027092 0.099922 0.070788 0.029943
INFO:
INFO:EPOCH: 1249
INFO:NDCG@10, IoU=0.3	NDCG@10, IoU=0.5	NDCG@10, IoU=0.7	NDCG@20, IoU=0.3	NDCG@20, IoU=0.5	NDCG@20, IoU=0.7	NDCG@40, IoU=0.3	NDCG@40, IoU=0.5	NDCG@40, IoU=0.7	
INFO:VAL:  0.085903 0.060572 0.025702 0.087122 0.062736 0.027581 0.094382 0.068628 0.030391
INFO:TEST:  0.089617 0.062636 0.026441 0.090347 0.063813 0.026622 0.098161 0.070181 0.029500
INFO:
INFO:EPOCH: 1259
INFO:NDCG@10, IoU=0.3	NDCG@10, IoU=0.5	NDCG@10, IoU=0.7	NDCG@20, IoU=0.3	NDCG@20, IoU=0.5	NDCG@20, IoU=0.7	NDCG@40, IoU=0.3	NDCG@40, IoU=0.5	NDCG@40, IoU=0.7	
INFO:VAL:  0.088276 0.063160 0.024420 0.087891 0.062537 0.025678 0.095990 0.068623 0.028758
INFO:TEST:  0.089878 0.062801 0.026690 0.091234 0.064340 0.027288 0.099379 0.070915 0.030099
INFO:
INFO:EPOCH: 1269
INFO:NDCG@10, IoU=0.3	NDCG@10, IoU=0.5	NDCG@10, IoU=0.7	NDCG@20, IoU=0.3	NDCG@20, IoU=0.5	NDCG@20, IoU=0.7	NDCG@40, IoU=0.3	NDCG@40, IoU=0.5	NDCG@40, IoU=0.7	
INFO:VAL:  0.087219 0.063028 0.025950 0.086828 0.062213 0.024848 0.093536 0.066201 0.027063
INFO:TEST:  0.089506 0.063160 0.026661 0.089988 0.063454 0.026625 0.098306 0.069793 0.029486
INFO:
INFO:EPOCH: 1279
INFO:NDCG@10, IoU=0.3	NDCG@10, IoU=0.5	NDCG@10, IoU=0.7	NDCG@20, IoU=0.3	NDCG@20, IoU=0.5	NDCG@20, IoU=0.7	NDCG@40, IoU=0.3	NDCG@40, IoU=0.5	NDCG@40, IoU=0.7	
INFO:VAL:  0.083002 0.060145 0.022643 0.083856 0.060885 0.024004 0.092791 0.067573 0.027010
INFO:TEST:  0.092214 0.066306 0.027996 0.092683 0.066807 0.028122 0.101227 0.073506 0.031226
INFO:
INFO:EPOCH: 1289
INFO:NDCG@10, IoU=0.3	NDCG@10, IoU=0.5	NDCG@10, IoU=0.7	NDCG@20, IoU=0.3	NDCG@20, IoU=0.5	NDCG@20, IoU=0.7	NDCG@40, IoU=0.3	NDCG@40, IoU=0.5	NDCG@40, IoU=0.7	
INFO:VAL:  0.080833 0.058825 0.023985 0.084386 0.061414 0.025185 0.092121 0.067400 0.028323
INFO:TEST:  0.091218 0.064735 0.027485 0.091655 0.065761 0.027788 0.099427 0.071574 0.030765
INFO:
INFO:EPOCH: 1299
INFO:NDCG@10, IoU=0.3	NDCG@10, IoU=0.5	NDCG@10, IoU=0.7	NDCG@20, IoU=0.3	NDCG@20, IoU=0.5	NDCG@20, IoU=0.7	NDCG@40, IoU=0.3	NDCG@40, IoU=0.5	NDCG@40, IoU=0.7	
INFO:VAL:  0.085784 0.060939 0.024339 0.086375 0.062418 0.025528 0.094808 0.068695 0.027483
INFO:TEST:  0.090341 0.063715 0.025928 0.091183 0.064813 0.026256 0.099396 0.070867 0.029407
INFO:
INFO:EPOCH: 1309
INFO:NDCG@10, IoU=0.3	NDCG@10, IoU=0.5	NDCG@10, IoU=0.7	NDCG@20, IoU=0.3	NDCG@20, IoU=0.5	NDCG@20, IoU=0.7	NDCG@40, IoU=0.3	NDCG@40, IoU=0.5	NDCG@40, IoU=0.7	
INFO:VAL:  0.089073 0.063361 0.024971 0.087768 0.063055 0.025844 0.096136 0.069752 0.028851
INFO:TEST:  0.090811 0.065560 0.028025 0.091335 0.066234 0.028300 0.099358 0.072129 0.031071
INFO:
INFO:EPOCH: 1319
INFO:NDCG@10, IoU=0.3	NDCG@10, IoU=0.5	NDCG@10, IoU=0.7	NDCG@20, IoU=0.3	NDCG@20, IoU=0.5	NDCG@20, IoU=0.7	NDCG@40, IoU=0.3	NDCG@40, IoU=0.5	NDCG@40, IoU=0.7	
INFO:VAL:  0.084826 0.058580 0.024375 0.086436 0.061216 0.024519 0.093525 0.066508 0.026659
INFO:TEST:  0.091007 0.063752 0.027415 0.091535 0.064728 0.027820 0.098933 0.070758 0.030355
INFO:
INFO:EPOCH: 1329
INFO:NDCG@10, IoU=0.3	NDCG@10, IoU=0.5	NDCG@10, IoU=0.7	NDCG@20, IoU=0.3	NDCG@20, IoU=0.5	NDCG@20, IoU=0.7	NDCG@40, IoU=0.3	NDCG@40, IoU=0.5	NDCG@40, IoU=0.7	
INFO:VAL:  0.089274 0.066797 0.027599 0.086988 0.065630 0.027262 0.094816 0.070657 0.029663
INFO:TEST:  0.090887 0.065152 0.027191 0.091907 0.066425 0.027314 0.099595 0.072353 0.030322
INFO:BEST VAL:  0.089274 0.066797 0.027599 0.086988 0.065630 0.027262 0.094816 0.070657 0.029663
INFO:BEST TEST:  0.090887 0.065152 0.027191 0.091907 0.066425 0.027314 0.099595 0.072353 0.030322
INFO:save checkpoint: results/XML_top01_20240328_132029/model.ckpt
INFO:
INFO:EPOCH: 1339
INFO:NDCG@10, IoU=0.3	NDCG@10, IoU=0.5	NDCG@10, IoU=0.7	NDCG@20, IoU=0.3	NDCG@20, IoU=0.5	NDCG@20, IoU=0.7	NDCG@40, IoU=0.3	NDCG@40, IoU=0.5	NDCG@40, IoU=0.7	
INFO:VAL:  0.088108 0.065727 0.027644 0.087687 0.065535 0.027539 0.095005 0.071172 0.029816
INFO:TEST:  0.094340 0.066267 0.027721 0.094441 0.066851 0.027837 0.102050 0.073141 0.030855
INFO:
INFO:EPOCH: 1349
INFO:NDCG@10, IoU=0.3	NDCG@10, IoU=0.5	NDCG@10, IoU=0.7	NDCG@20, IoU=0.3	NDCG@20, IoU=0.5	NDCG@20, IoU=0.7	NDCG@40, IoU=0.3	NDCG@40, IoU=0.5	NDCG@40, IoU=0.7	
INFO:VAL:  0.088541 0.066017 0.025879 0.088167 0.065162 0.025985 0.095954 0.070529 0.028505
INFO:TEST:  0.089830 0.062361 0.026575 0.091369 0.063892 0.027008 0.099648 0.070251 0.029977
INFO:
INFO:EPOCH: 1359
INFO:NDCG@10, IoU=0.3	NDCG@10, IoU=0.5	NDCG@10, IoU=0.7	NDCG@20, IoU=0.3	NDCG@20, IoU=0.5	NDCG@20, IoU=0.7	NDCG@40, IoU=0.3	NDCG@40, IoU=0.5	NDCG@40, IoU=0.7	
INFO:VAL:  0.087858 0.064966 0.024738 0.088613 0.064187 0.025480 0.095945 0.070638 0.028648
INFO:TEST:  0.090576 0.062967 0.025601 0.091353 0.064414 0.026273 0.099478 0.070926 0.029612
INFO:
INFO:EPOCH: 1369
INFO:NDCG@10, IoU=0.3	NDCG@10, IoU=0.5	NDCG@10, IoU=0.7	NDCG@20, IoU=0.3	NDCG@20, IoU=0.5	NDCG@20, IoU=0.7	NDCG@40, IoU=0.3	NDCG@40, IoU=0.5	NDCG@40, IoU=0.7	
INFO:VAL:  0.087401 0.063759 0.023232 0.085831 0.063605 0.023982 0.093867 0.069860 0.027205
INFO:TEST:  0.091138 0.065225 0.026253 0.091208 0.065551 0.026321 0.099976 0.072315 0.029545
INFO:
INFO:EPOCH: 1379
INFO:NDCG@10, IoU=0.3	NDCG@10, IoU=0.5	NDCG@10, IoU=0.7	NDCG@20, IoU=0.3	NDCG@20, IoU=0.5	NDCG@20, IoU=0.7	NDCG@40, IoU=0.3	NDCG@40, IoU=0.5	NDCG@40, IoU=0.7	
INFO:VAL:  0.092874 0.068855 0.025350 0.090913 0.066642 0.024806 0.098644 0.072445 0.027894
INFO:TEST:  0.093636 0.067644 0.029737 0.093694 0.067581 0.028976 0.101142 0.073178 0.031213
INFO:BEST VAL:  0.092874 0.068855 0.025350 0.090913 0.066642 0.024806 0.098644 0.072445 0.027894
INFO:BEST TEST:  0.093636 0.067644 0.029737 0.093694 0.067581 0.028976 0.101142 0.073178 0.031213
INFO:save checkpoint: results/XML_top01_20240328_132029/model.ckpt
INFO:
INFO:EPOCH: 1389
INFO:NDCG@10, IoU=0.3	NDCG@10, IoU=0.5	NDCG@10, IoU=0.7	NDCG@20, IoU=0.3	NDCG@20, IoU=0.5	NDCG@20, IoU=0.7	NDCG@40, IoU=0.3	NDCG@40, IoU=0.5	NDCG@40, IoU=0.7	
INFO:VAL:  0.091045 0.067987 0.026704 0.091010 0.067336 0.027496 0.098478 0.072506 0.030076
INFO:TEST:  0.090975 0.064161 0.025594 0.091616 0.064496 0.025921 0.099272 0.070558 0.028777
INFO:BEST VAL:  0.091045 0.067987 0.026704 0.091010 0.067336 0.027496 0.098478 0.072506 0.030076
INFO:BEST TEST:  0.090975 0.064161 0.025594 0.091616 0.064496 0.025921 0.099272 0.070558 0.028777
INFO:save checkpoint: results/XML_top01_20240328_132029/model.ckpt
INFO:
INFO:EPOCH: 1399
INFO:NDCG@10, IoU=0.3	NDCG@10, IoU=0.5	NDCG@10, IoU=0.7	NDCG@20, IoU=0.3	NDCG@20, IoU=0.5	NDCG@20, IoU=0.7	NDCG@40, IoU=0.3	NDCG@40, IoU=0.5	NDCG@40, IoU=0.7	
INFO:VAL:  0.089824 0.065615 0.023964 0.088483 0.064902 0.024195 0.096623 0.072179 0.027421
INFO:TEST:  0.091257 0.065010 0.027453 0.091744 0.065805 0.027649 0.099571 0.071931 0.029936
INFO:
INFO:EPOCH: 1409
INFO:NDCG@10, IoU=0.3	NDCG@10, IoU=0.5	NDCG@10, IoU=0.7	NDCG@20, IoU=0.3	NDCG@20, IoU=0.5	NDCG@20, IoU=0.7	NDCG@40, IoU=0.3	NDCG@40, IoU=0.5	NDCG@40, IoU=0.7	
INFO:VAL:  0.087164 0.063315 0.024920 0.087548 0.064470 0.025869 0.096425 0.070824 0.028347
INFO:TEST:  0.091861 0.063940 0.025912 0.093278 0.065905 0.027036 0.101302 0.072439 0.030021
INFO:
INFO:EPOCH: 1419
INFO:NDCG@10, IoU=0.3	NDCG@10, IoU=0.5	NDCG@10, IoU=0.7	NDCG@20, IoU=0.3	NDCG@20, IoU=0.5	NDCG@20, IoU=0.7	NDCG@40, IoU=0.3	NDCG@40, IoU=0.5	NDCG@40, IoU=0.7	
INFO:VAL:  0.088089 0.065214 0.025040 0.088325 0.065508 0.025721 0.095297 0.070744 0.028250
INFO:TEST:  0.090136 0.063467 0.026614 0.091271 0.064762 0.026974 0.099054 0.070875 0.029539
INFO:
INFO:EPOCH: 1429
INFO:NDCG@10, IoU=0.3	NDCG@10, IoU=0.5	NDCG@10, IoU=0.7	NDCG@20, IoU=0.3	NDCG@20, IoU=0.5	NDCG@20, IoU=0.7	NDCG@40, IoU=0.3	NDCG@40, IoU=0.5	NDCG@40, IoU=0.7	
INFO:VAL:  0.091402 0.064652 0.024164 0.090927 0.065087 0.025120 0.098280 0.070435 0.028358
INFO:TEST:  0.090799 0.064164 0.026911 0.091730 0.065232 0.027364 0.100155 0.072117 0.030734
INFO:
INFO:EPOCH: 1439
INFO:NDCG@10, IoU=0.3	NDCG@10, IoU=0.5	NDCG@10, IoU=0.7	NDCG@20, IoU=0.3	NDCG@20, IoU=0.5	NDCG@20, IoU=0.7	NDCG@40, IoU=0.3	NDCG@40, IoU=0.5	NDCG@40, IoU=0.7	
INFO:VAL:  0.093475 0.067298 0.024510 0.092681 0.068183 0.026908 0.100043 0.073380 0.029010
INFO:TEST:  0.092229 0.064677 0.027023 0.092956 0.066110 0.027751 0.100660 0.072293 0.030410
INFO:BEST VAL:  0.093475 0.067298 0.024510 0.092681 0.068183 0.026908 0.100043 0.073380 0.029010
INFO:BEST TEST:  0.092229 0.064677 0.027023 0.092956 0.066110 0.027751 0.100660 0.072293 0.030410
INFO:save checkpoint: results/XML_top01_20240328_132029/model.ckpt
INFO:
INFO:EPOCH: 1449
INFO:NDCG@10, IoU=0.3	NDCG@10, IoU=0.5	NDCG@10, IoU=0.7	NDCG@20, IoU=0.3	NDCG@20, IoU=0.5	NDCG@20, IoU=0.7	NDCG@40, IoU=0.3	NDCG@40, IoU=0.5	NDCG@40, IoU=0.7	
INFO:VAL:  0.094608 0.068799 0.025302 0.091703 0.066970 0.025477 0.099258 0.073058 0.028548
INFO:TEST:  0.093860 0.066294 0.027200 0.095123 0.068143 0.028254 0.102089 0.074000 0.031043
INFO:
INFO:EPOCH: 1459
INFO:NDCG@10, IoU=0.3	NDCG@10, IoU=0.5	NDCG@10, IoU=0.7	NDCG@20, IoU=0.3	NDCG@20, IoU=0.5	NDCG@20, IoU=0.7	NDCG@40, IoU=0.3	NDCG@40, IoU=0.5	NDCG@40, IoU=0.7	
INFO:VAL:  0.090063 0.066493 0.026205 0.089162 0.066986 0.027053 0.097939 0.072741 0.030121
INFO:TEST:  0.093968 0.066379 0.026979 0.093989 0.067179 0.027542 0.102229 0.073774 0.030461
INFO:
INFO:EPOCH: 1469
INFO:NDCG@10, IoU=0.3	NDCG@10, IoU=0.5	NDCG@10, IoU=0.7	NDCG@20, IoU=0.3	NDCG@20, IoU=0.5	NDCG@20, IoU=0.7	NDCG@40, IoU=0.3	NDCG@40, IoU=0.5	NDCG@40, IoU=0.7	
INFO:VAL:  0.093554 0.070105 0.024766 0.092273 0.068221 0.024989 0.098270 0.072588 0.027358
INFO:TEST:  0.093875 0.067261 0.027925 0.093989 0.067542 0.028044 0.101772 0.073457 0.030991
INFO:
INFO:EPOCH: 1479
INFO:NDCG@10, IoU=0.3	NDCG@10, IoU=0.5	NDCG@10, IoU=0.7	NDCG@20, IoU=0.3	NDCG@20, IoU=0.5	NDCG@20, IoU=0.7	NDCG@40, IoU=0.3	NDCG@40, IoU=0.5	NDCG@40, IoU=0.7	
INFO:VAL:  0.089800 0.066366 0.023820 0.089871 0.066673 0.024799 0.096821 0.072422 0.028144
INFO:TEST:  0.095522 0.068118 0.028733 0.095168 0.067948 0.028784 0.102922 0.074135 0.031469
INFO:
INFO:EPOCH: 1489
INFO:NDCG@10, IoU=0.3	NDCG@10, IoU=0.5	NDCG@10, IoU=0.7	NDCG@20, IoU=0.3	NDCG@20, IoU=0.5	NDCG@20, IoU=0.7	NDCG@40, IoU=0.3	NDCG@40, IoU=0.5	NDCG@40, IoU=0.7	
INFO:VAL:  0.088593 0.063834 0.024238 0.087793 0.062836 0.023730 0.095306 0.068299 0.026863
INFO:TEST:  0.095658 0.067877 0.028242 0.095329 0.067646 0.028237 0.103762 0.074063 0.031629
INFO:
INFO:EPOCH: 1499
INFO:NDCG@10, IoU=0.3	NDCG@10, IoU=0.5	NDCG@10, IoU=0.7	NDCG@20, IoU=0.3	NDCG@20, IoU=0.5	NDCG@20, IoU=0.7	NDCG@40, IoU=0.3	NDCG@40, IoU=0.5	NDCG@40, IoU=0.7	
INFO:VAL:  0.084325 0.061536 0.025712 0.084154 0.061576 0.026626 0.092253 0.068371 0.029655
INFO:TEST:  0.094615 0.067349 0.028334 0.094708 0.068054 0.028821 0.102256 0.073825 0.031877
INFO:
INFO:EPOCH: 1509
INFO:NDCG@10, IoU=0.3	NDCG@10, IoU=0.5	NDCG@10, IoU=0.7	NDCG@20, IoU=0.3	NDCG@20, IoU=0.5	NDCG@20, IoU=0.7	NDCG@40, IoU=0.3	NDCG@40, IoU=0.5	NDCG@40, IoU=0.7	
INFO:VAL:  0.092836 0.069610 0.025770 0.091851 0.068262 0.026293 0.098248 0.073044 0.028122
INFO:TEST:  0.095595 0.067704 0.029031 0.095221 0.067878 0.028787 0.102673 0.073940 0.031230
INFO:
INFO:EPOCH: 1519
INFO:NDCG@10, IoU=0.3	NDCG@10, IoU=0.5	NDCG@10, IoU=0.7	NDCG@20, IoU=0.3	NDCG@20, IoU=0.5	NDCG@20, IoU=0.7	NDCG@40, IoU=0.3	NDCG@40, IoU=0.5	NDCG@40, IoU=0.7	
INFO:VAL:  0.089222 0.066054 0.024059 0.089943 0.066833 0.025605 0.097954 0.072529 0.028813
INFO:TEST:  0.094454 0.066979 0.028797 0.094533 0.067242 0.028594 0.102480 0.073267 0.031025
INFO:
INFO:EPOCH: 1529
INFO:NDCG@10, IoU=0.3	NDCG@10, IoU=0.5	NDCG@10, IoU=0.7	NDCG@20, IoU=0.3	NDCG@20, IoU=0.5	NDCG@20, IoU=0.7	NDCG@40, IoU=0.3	NDCG@40, IoU=0.5	NDCG@40, IoU=0.7	
INFO:VAL:  0.087884 0.065599 0.024379 0.087300 0.065965 0.024473 0.095316 0.071504 0.027742
INFO:TEST:  0.092475 0.066953 0.029906 0.092945 0.067204 0.029715 0.100628 0.073371 0.032355
INFO:
INFO:EPOCH: 1539
INFO:NDCG@10, IoU=0.3	NDCG@10, IoU=0.5	NDCG@10, IoU=0.7	NDCG@20, IoU=0.3	NDCG@20, IoU=0.5	NDCG@20, IoU=0.7	NDCG@40, IoU=0.3	NDCG@40, IoU=0.5	NDCG@40, IoU=0.7	
INFO:VAL:  0.091743 0.068950 0.025256 0.090456 0.067730 0.025746 0.096587 0.072876 0.028668
INFO:TEST:  0.094646 0.068374 0.030211 0.094427 0.068322 0.030135 0.101556 0.074101 0.032893
INFO:
INFO:EPOCH: 1549
INFO:NDCG@10, IoU=0.3	NDCG@10, IoU=0.5	NDCG@10, IoU=0.7	NDCG@20, IoU=0.3	NDCG@20, IoU=0.5	NDCG@20, IoU=0.7	NDCG@40, IoU=0.3	NDCG@40, IoU=0.5	NDCG@40, IoU=0.7	
INFO:VAL:  0.090019 0.065893 0.022946 0.090473 0.066494 0.024347 0.097909 0.072758 0.028455
INFO:TEST:  0.094206 0.068224 0.029317 0.093930 0.068193 0.029009 0.102053 0.074675 0.031647
INFO:
INFO:EPOCH: 1559
INFO:NDCG@10, IoU=0.3	NDCG@10, IoU=0.5	NDCG@10, IoU=0.7	NDCG@20, IoU=0.3	NDCG@20, IoU=0.5	NDCG@20, IoU=0.7	NDCG@40, IoU=0.3	NDCG@40, IoU=0.5	NDCG@40, IoU=0.7	
INFO:VAL:  0.090099 0.069140 0.025116 0.090916 0.069608 0.025929 0.097934 0.074878 0.029127
INFO:TEST:  0.095134 0.068411 0.028704 0.095752 0.068926 0.029021 0.103070 0.074714 0.031613
INFO:
INFO:EPOCH: 1569
INFO:NDCG@10, IoU=0.3	NDCG@10, IoU=0.5	NDCG@10, IoU=0.7	NDCG@20, IoU=0.3	NDCG@20, IoU=0.5	NDCG@20, IoU=0.7	NDCG@40, IoU=0.3	NDCG@40, IoU=0.5	NDCG@40, IoU=0.7	
INFO:VAL:  0.091991 0.071201 0.025564 0.090740 0.069368 0.026196 0.097672 0.074154 0.028931
INFO:TEST:  0.095656 0.068520 0.029530 0.095225 0.068834 0.029241 0.103173 0.075240 0.032219
INFO:BEST VAL:  0.091991 0.071201 0.025564 0.090740 0.069368 0.026196 0.097672 0.074154 0.028931
INFO:BEST TEST:  0.095656 0.068520 0.029530 0.095225 0.068834 0.029241 0.103173 0.075240 0.032219
INFO:save checkpoint: results/XML_top01_20240328_132029/model.ckpt
INFO:
INFO:EPOCH: 1579
INFO:NDCG@10, IoU=0.3	NDCG@10, IoU=0.5	NDCG@10, IoU=0.7	NDCG@20, IoU=0.3	NDCG@20, IoU=0.5	NDCG@20, IoU=0.7	NDCG@40, IoU=0.3	NDCG@40, IoU=0.5	NDCG@40, IoU=0.7	
INFO:VAL:  0.093611 0.070222 0.025986 0.093844 0.069961 0.026085 0.101420 0.075264 0.028311
INFO:TEST:  0.094824 0.068153 0.028403 0.094957 0.068311 0.028645 0.102467 0.074478 0.031385
INFO:BEST VAL:  0.093611 0.070222 0.025986 0.093844 0.069961 0.026085 0.101420 0.075264 0.028311
INFO:BEST TEST:  0.094824 0.068153 0.028403 0.094957 0.068311 0.028645 0.102467 0.074478 0.031385
INFO:save checkpoint: results/XML_top01_20240328_132029/model.ckpt
INFO:
INFO:EPOCH: 1589
INFO:NDCG@10, IoU=0.3	NDCG@10, IoU=0.5	NDCG@10, IoU=0.7	NDCG@20, IoU=0.3	NDCG@20, IoU=0.5	NDCG@20, IoU=0.7	NDCG@40, IoU=0.3	NDCG@40, IoU=0.5	NDCG@40, IoU=0.7	
INFO:VAL:  0.091335 0.067403 0.024249 0.092789 0.068909 0.024908 0.101085 0.075356 0.029242
INFO:TEST:  0.096306 0.068881 0.028692 0.095699 0.068888 0.029026 0.103031 0.074821 0.031648
INFO:
INFO:EPOCH: 1599
INFO:NDCG@10, IoU=0.3	NDCG@10, IoU=0.5	NDCG@10, IoU=0.7	NDCG@20, IoU=0.3	NDCG@20, IoU=0.5	NDCG@20, IoU=0.7	NDCG@40, IoU=0.3	NDCG@40, IoU=0.5	NDCG@40, IoU=0.7	
INFO:VAL:  0.096083 0.073426 0.027185 0.094679 0.071146 0.026711 0.102208 0.076650 0.029488
INFO:TEST:  0.095459 0.068450 0.028975 0.095351 0.068878 0.029157 0.103309 0.075112 0.031790
INFO:BEST VAL:  0.096083 0.073426 0.027185 0.094679 0.071146 0.026711 0.102208 0.076650 0.029488
INFO:BEST TEST:  0.095459 0.068450 0.028975 0.095351 0.068878 0.029157 0.103309 0.075112 0.031790
INFO:save checkpoint: results/XML_top01_20240328_132029/model.ckpt
INFO:
INFO:EPOCH: 1609
INFO:NDCG@10, IoU=0.3	NDCG@10, IoU=0.5	NDCG@10, IoU=0.7	NDCG@20, IoU=0.3	NDCG@20, IoU=0.5	NDCG@20, IoU=0.7	NDCG@40, IoU=0.3	NDCG@40, IoU=0.5	NDCG@40, IoU=0.7	
INFO:VAL:  0.087213 0.066088 0.024283 0.088246 0.065534 0.024665 0.095770 0.071183 0.027978
INFO:TEST:  0.096131 0.069080 0.029504 0.095971 0.069369 0.029568 0.103098 0.074706 0.032177
INFO:
INFO:EPOCH: 1619
INFO:NDCG@10, IoU=0.3	NDCG@10, IoU=0.5	NDCG@10, IoU=0.7	NDCG@20, IoU=0.3	NDCG@20, IoU=0.5	NDCG@20, IoU=0.7	NDCG@40, IoU=0.3	NDCG@40, IoU=0.5	NDCG@40, IoU=0.7	
INFO:VAL:  0.092832 0.069460 0.025794 0.092385 0.069057 0.026229 0.100531 0.073944 0.029374
INFO:TEST:  0.095005 0.067728 0.029138 0.095216 0.068537 0.029398 0.102613 0.074838 0.031981
INFO:
INFO:EPOCH: 1629
INFO:NDCG@10, IoU=0.3	NDCG@10, IoU=0.5	NDCG@10, IoU=0.7	NDCG@20, IoU=0.3	NDCG@20, IoU=0.5	NDCG@20, IoU=0.7	NDCG@40, IoU=0.3	NDCG@40, IoU=0.5	NDCG@40, IoU=0.7	
INFO:VAL:  0.093806 0.068073 0.026346 0.093623 0.067843 0.027062 0.101953 0.074016 0.029772
INFO:TEST:  0.096008 0.068775 0.030139 0.096018 0.068949 0.030152 0.103759 0.075192 0.032474
INFO:
INFO:EPOCH: 1639
INFO:NDCG@10, IoU=0.3	NDCG@10, IoU=0.5	NDCG@10, IoU=0.7	NDCG@20, IoU=0.3	NDCG@20, IoU=0.5	NDCG@20, IoU=0.7	NDCG@40, IoU=0.3	NDCG@40, IoU=0.5	NDCG@40, IoU=0.7	
INFO:VAL:  0.088583 0.065973 0.023948 0.089847 0.067584 0.025644 0.096911 0.073142 0.029308
INFO:TEST:  0.095859 0.068958 0.029894 0.095686 0.069293 0.030030 0.102986 0.075148 0.032483
INFO:
INFO:EPOCH: 1649
INFO:NDCG@10, IoU=0.3	NDCG@10, IoU=0.5	NDCG@10, IoU=0.7	NDCG@20, IoU=0.3	NDCG@20, IoU=0.5	NDCG@20, IoU=0.7	NDCG@40, IoU=0.3	NDCG@40, IoU=0.5	NDCG@40, IoU=0.7	
INFO:VAL:  0.089791 0.068176 0.025352 0.091069 0.069343 0.027405 0.099059 0.075402 0.030068
INFO:TEST:  0.095177 0.067625 0.028463 0.095637 0.068733 0.029041 0.103645 0.075090 0.032001
INFO:
INFO:EPOCH: 1659
INFO:NDCG@10, IoU=0.3	NDCG@10, IoU=0.5	NDCG@10, IoU=0.7	NDCG@20, IoU=0.3	NDCG@20, IoU=0.5	NDCG@20, IoU=0.7	NDCG@40, IoU=0.3	NDCG@40, IoU=0.5	NDCG@40, IoU=0.7	
INFO:VAL:  0.092745 0.071448 0.027030 0.091801 0.069799 0.027184 0.100064 0.075388 0.030411
INFO:TEST:  0.095491 0.068772 0.029873 0.096364 0.069729 0.030307 0.103479 0.075298 0.032589
INFO:
INFO:EPOCH: 1669
INFO:NDCG@10, IoU=0.3	NDCG@10, IoU=0.5	NDCG@10, IoU=0.7	NDCG@20, IoU=0.3	NDCG@20, IoU=0.5	NDCG@20, IoU=0.7	NDCG@40, IoU=0.3	NDCG@40, IoU=0.5	NDCG@40, IoU=0.7	
INFO:VAL:  0.092844 0.069309 0.025359 0.092225 0.068603 0.025884 0.100646 0.074961 0.028581
INFO:TEST:  0.095485 0.068444 0.029370 0.095411 0.069099 0.029940 0.103438 0.075050 0.032626
INFO:
INFO:EPOCH: 1679
INFO:NDCG@10, IoU=0.3	NDCG@10, IoU=0.5	NDCG@10, IoU=0.7	NDCG@20, IoU=0.3	NDCG@20, IoU=0.5	NDCG@20, IoU=0.7	NDCG@40, IoU=0.3	NDCG@40, IoU=0.5	NDCG@40, IoU=0.7	
INFO:VAL:  0.095846 0.069988 0.024120 0.093399 0.067271 0.024427 0.100634 0.073119 0.027632
INFO:TEST:  0.095724 0.069074 0.028884 0.096102 0.069281 0.029001 0.104134 0.075552 0.032202
INFO:
INFO:EPOCH: 1689
INFO:NDCG@10, IoU=0.3	NDCG@10, IoU=0.5	NDCG@10, IoU=0.7	NDCG@20, IoU=0.3	NDCG@20, IoU=0.5	NDCG@20, IoU=0.7	NDCG@40, IoU=0.3	NDCG@40, IoU=0.5	NDCG@40, IoU=0.7	
INFO:VAL:  0.095189 0.071243 0.027461 0.093816 0.069646 0.026729 0.101349 0.074381 0.029419
INFO:TEST:  0.096119 0.069434 0.029777 0.095676 0.069379 0.029728 0.102525 0.075061 0.032727
INFO:
INFO:EPOCH: 1699
INFO:NDCG@10, IoU=0.3	NDCG@10, IoU=0.5	NDCG@10, IoU=0.7	NDCG@20, IoU=0.3	NDCG@20, IoU=0.5	NDCG@20, IoU=0.7	NDCG@40, IoU=0.3	NDCG@40, IoU=0.5	NDCG@40, IoU=0.7	
INFO:VAL:  0.092562 0.070992 0.026211 0.093174 0.070373 0.026741 0.099891 0.074151 0.029144
INFO:TEST:  0.096631 0.069653 0.030082 0.095728 0.069342 0.029912 0.103433 0.075636 0.032969
INFO:
INFO:EPOCH: 1709
INFO:NDCG@10, IoU=0.3	NDCG@10, IoU=0.5	NDCG@10, IoU=0.7	NDCG@20, IoU=0.3	NDCG@20, IoU=0.5	NDCG@20, IoU=0.7	NDCG@40, IoU=0.3	NDCG@40, IoU=0.5	NDCG@40, IoU=0.7	
INFO:VAL:  0.093637 0.072321 0.027553 0.093314 0.070429 0.027448 0.100796 0.075378 0.029904
INFO:TEST:  0.097380 0.070111 0.030037 0.096441 0.069822 0.029551 0.103812 0.075668 0.032458
INFO:
INFO:EPOCH: 1719
INFO:NDCG@10, IoU=0.3	NDCG@10, IoU=0.5	NDCG@10, IoU=0.7	NDCG@20, IoU=0.3	NDCG@20, IoU=0.5	NDCG@20, IoU=0.7	NDCG@40, IoU=0.3	NDCG@40, IoU=0.5	NDCG@40, IoU=0.7	
INFO:VAL:  0.095336 0.074547 0.026101 0.094500 0.072537 0.026447 0.101938 0.077495 0.030102
INFO:TEST:  0.097858 0.070545 0.029891 0.097244 0.070656 0.030300 0.103962 0.075736 0.032717
INFO:BEST VAL:  0.095336 0.074547 0.026101 0.094500 0.072537 0.026447 0.101938 0.077495 0.030102
INFO:BEST TEST:  0.097858 0.070545 0.029891 0.097244 0.070656 0.030300 0.103962 0.075736 0.032717
INFO:save checkpoint: results/XML_top01_20240328_132029/model.ckpt
INFO:
INFO:EPOCH: 1729
INFO:NDCG@10, IoU=0.3	NDCG@10, IoU=0.5	NDCG@10, IoU=0.7	NDCG@20, IoU=0.3	NDCG@20, IoU=0.5	NDCG@20, IoU=0.7	NDCG@40, IoU=0.3	NDCG@40, IoU=0.5	NDCG@40, IoU=0.7	
INFO:VAL:  0.091470 0.066632 0.023019 0.092420 0.067129 0.024386 0.099406 0.073167 0.028579
INFO:TEST:  0.097228 0.069683 0.030148 0.097040 0.070153 0.030008 0.103766 0.075337 0.032406
INFO:
INFO:EPOCH: 1739
INFO:NDCG@10, IoU=0.3	NDCG@10, IoU=0.5	NDCG@10, IoU=0.7	NDCG@20, IoU=0.3	NDCG@20, IoU=0.5	NDCG@20, IoU=0.7	NDCG@40, IoU=0.3	NDCG@40, IoU=0.5	NDCG@40, IoU=0.7	
INFO:VAL:  0.096414 0.071793 0.025134 0.095994 0.070771 0.026251 0.102776 0.075846 0.029320
INFO:TEST:  0.097284 0.069451 0.029912 0.096775 0.069597 0.030236 0.104172 0.075968 0.032970
INFO:
INFO:EPOCH: 1749
INFO:NDCG@10, IoU=0.3	NDCG@10, IoU=0.5	NDCG@10, IoU=0.7	NDCG@20, IoU=0.3	NDCG@20, IoU=0.5	NDCG@20, IoU=0.7	NDCG@40, IoU=0.3	NDCG@40, IoU=0.5	NDCG@40, IoU=0.7	
INFO:VAL:  0.094770 0.072020 0.026375 0.094941 0.071373 0.026655 0.100870 0.075331 0.029796
INFO:TEST:  0.097819 0.069810 0.029776 0.097800 0.070411 0.030014 0.105102 0.076217 0.032451
INFO:
INFO:EPOCH: 1759
INFO:NDCG@10, IoU=0.3	NDCG@10, IoU=0.5	NDCG@10, IoU=0.7	NDCG@20, IoU=0.3	NDCG@20, IoU=0.5	NDCG@20, IoU=0.7	NDCG@40, IoU=0.3	NDCG@40, IoU=0.5	NDCG@40, IoU=0.7	
INFO:VAL:  0.097203 0.072814 0.025695 0.096136 0.071068 0.026301 0.102525 0.076048 0.029964
INFO:TEST:  0.097898 0.069542 0.029120 0.097022 0.069245 0.029281 0.104433 0.075268 0.032168
INFO:
INFO:EPOCH: 1769
INFO:NDCG@10, IoU=0.3	NDCG@10, IoU=0.5	NDCG@10, IoU=0.7	NDCG@20, IoU=0.3	NDCG@20, IoU=0.5	NDCG@20, IoU=0.7	NDCG@40, IoU=0.3	NDCG@40, IoU=0.5	NDCG@40, IoU=0.7	
INFO:VAL:  0.098322 0.072836 0.026500 0.095590 0.071006 0.026404 0.104716 0.077988 0.029893
INFO:TEST:  0.097213 0.069841 0.029701 0.097369 0.070560 0.029940 0.105062 0.076750 0.032639
INFO:BEST VAL:  0.098322 0.072836 0.026500 0.095590 0.071006 0.026404 0.104716 0.077988 0.029893
INFO:BEST TEST:  0.097213 0.069841 0.029701 0.097369 0.070560 0.029940 0.105062 0.076750 0.032639
INFO:save checkpoint: results/XML_top01_20240328_132029/model.ckpt
INFO:
INFO:EPOCH: 1779
INFO:NDCG@10, IoU=0.3	NDCG@10, IoU=0.5	NDCG@10, IoU=0.7	NDCG@20, IoU=0.3	NDCG@20, IoU=0.5	NDCG@20, IoU=0.7	NDCG@40, IoU=0.3	NDCG@40, IoU=0.5	NDCG@40, IoU=0.7	
INFO:VAL:  0.096982 0.073461 0.025755 0.094931 0.071936 0.026670 0.101318 0.076668 0.029958
INFO:TEST:  0.096894 0.070655 0.029835 0.097351 0.071330 0.030187 0.105251 0.077716 0.033282
INFO:
INFO:EPOCH: 1789
INFO:NDCG@10, IoU=0.3	NDCG@10, IoU=0.5	NDCG@10, IoU=0.7	NDCG@20, IoU=0.3	NDCG@20, IoU=0.5	NDCG@20, IoU=0.7	NDCG@40, IoU=0.3	NDCG@40, IoU=0.5	NDCG@40, IoU=0.7	
INFO:VAL:  0.095597 0.070564 0.025501 0.095870 0.070944 0.026356 0.102910 0.075967 0.029045
INFO:TEST:  0.097302 0.070229 0.030252 0.097402 0.070546 0.030371 0.105220 0.077191 0.033106
INFO:
INFO:EPOCH: 1799
INFO:NDCG@10, IoU=0.3	NDCG@10, IoU=0.5	NDCG@10, IoU=0.7	NDCG@20, IoU=0.3	NDCG@20, IoU=0.5	NDCG@20, IoU=0.7	NDCG@40, IoU=0.3	NDCG@40, IoU=0.5	NDCG@40, IoU=0.7	
INFO:VAL:  0.096139 0.073259 0.026836 0.095952 0.071981 0.027748 0.102090 0.076288 0.030103
INFO:TEST:  0.098769 0.071536 0.030163 0.097669 0.070813 0.030288 0.104911 0.076987 0.032979
INFO:
INFO:EPOCH: 1809
INFO:NDCG@10, IoU=0.3	NDCG@10, IoU=0.5	NDCG@10, IoU=0.7	NDCG@20, IoU=0.3	NDCG@20, IoU=0.5	NDCG@20, IoU=0.7	NDCG@40, IoU=0.3	NDCG@40, IoU=0.5	NDCG@40, IoU=0.7	
INFO:VAL:  0.096151 0.073797 0.026080 0.096169 0.072944 0.027067 0.103087 0.077761 0.030673
INFO:TEST:  0.098045 0.070587 0.031023 0.097533 0.070594 0.031014 0.105304 0.076746 0.033652
INFO:BEST VAL:  0.096151 0.073797 0.026080 0.096169 0.072944 0.027067 0.103087 0.077761 0.030673
INFO:BEST TEST:  0.098045 0.070587 0.031023 0.097533 0.070594 0.031014 0.105304 0.076746 0.033652
INFO:save checkpoint: results/XML_top01_20240328_132029/model.ckpt
INFO:
INFO:EPOCH: 1819
INFO:NDCG@10, IoU=0.3	NDCG@10, IoU=0.5	NDCG@10, IoU=0.7	NDCG@20, IoU=0.3	NDCG@20, IoU=0.5	NDCG@20, IoU=0.7	NDCG@40, IoU=0.3	NDCG@40, IoU=0.5	NDCG@40, IoU=0.7	
INFO:VAL:  0.096908 0.072424 0.027720 0.096360 0.071691 0.028218 0.103649 0.076704 0.031139
INFO:TEST:  0.099888 0.071873 0.031378 0.099230 0.072125 0.031454 0.106479 0.077552 0.033666
INFO:BEST VAL:  0.096908 0.072424 0.027720 0.096360 0.071691 0.028218 0.103649 0.076704 0.031139
INFO:BEST TEST:  0.099888 0.071873 0.031378 0.099230 0.072125 0.031454 0.106479 0.077552 0.033666
INFO:save checkpoint: results/XML_top01_20240328_132029/model.ckpt
INFO:
INFO:EPOCH: 1829
INFO:NDCG@10, IoU=0.3	NDCG@10, IoU=0.5	NDCG@10, IoU=0.7	NDCG@20, IoU=0.3	NDCG@20, IoU=0.5	NDCG@20, IoU=0.7	NDCG@40, IoU=0.3	NDCG@40, IoU=0.5	NDCG@40, IoU=0.7	
INFO:VAL:  0.099348 0.075476 0.026878 0.099064 0.072846 0.027796 0.105561 0.078035 0.030543
INFO:TEST:  0.098788 0.070776 0.030610 0.097968 0.070718 0.030569 0.104876 0.076540 0.033013
INFO:BEST VAL:  0.099348 0.075476 0.026878 0.099064 0.072846 0.027796 0.105561 0.078035 0.030543
INFO:BEST TEST:  0.098788 0.070776 0.030610 0.097968 0.070718 0.030569 0.104876 0.076540 0.033013
INFO:save checkpoint: results/XML_top01_20240328_132029/model.ckpt
INFO:
INFO:EPOCH: 1839
INFO:NDCG@10, IoU=0.3	NDCG@10, IoU=0.5	NDCG@10, IoU=0.7	NDCG@20, IoU=0.3	NDCG@20, IoU=0.5	NDCG@20, IoU=0.7	NDCG@40, IoU=0.3	NDCG@40, IoU=0.5	NDCG@40, IoU=0.7	
INFO:VAL:  0.097003 0.071131 0.025229 0.095560 0.069457 0.026180 0.102419 0.075516 0.029959
INFO:TEST:  0.097863 0.071091 0.030409 0.097854 0.071594 0.030065 0.105193 0.077505 0.032730
INFO:
INFO:EPOCH: 1849
INFO:NDCG@10, IoU=0.3	NDCG@10, IoU=0.5	NDCG@10, IoU=0.7	NDCG@20, IoU=0.3	NDCG@20, IoU=0.5	NDCG@20, IoU=0.7	NDCG@40, IoU=0.3	NDCG@40, IoU=0.5	NDCG@40, IoU=0.7	
INFO:VAL:  0.097402 0.074209 0.026238 0.097304 0.073024 0.027415 0.104628 0.079053 0.030556
INFO:TEST:  0.099661 0.072500 0.031012 0.099132 0.072583 0.031031 0.106077 0.078360 0.033646
INFO:
INFO:EPOCH: 1859
INFO:NDCG@10, IoU=0.3	NDCG@10, IoU=0.5	NDCG@10, IoU=0.7	NDCG@20, IoU=0.3	NDCG@20, IoU=0.5	NDCG@20, IoU=0.7	NDCG@40, IoU=0.3	NDCG@40, IoU=0.5	NDCG@40, IoU=0.7	
INFO:VAL:  0.101929 0.076481 0.026860 0.098845 0.073109 0.026451 0.106285 0.078267 0.030084
INFO:TEST:  0.099674 0.073102 0.031535 0.099149 0.072596 0.031146 0.106798 0.078595 0.033688
INFO:BEST VAL:  0.101929 0.076481 0.026860 0.098845 0.073109 0.026451 0.106285 0.078267 0.030084
INFO:BEST TEST:  0.099674 0.073102 0.031535 0.099149 0.072596 0.031146 0.106798 0.078595 0.033688
INFO:save checkpoint: results/XML_top01_20240328_132029/model.ckpt
INFO:
INFO:EPOCH: 1869
INFO:NDCG@10, IoU=0.3	NDCG@10, IoU=0.5	NDCG@10, IoU=0.7	NDCG@20, IoU=0.3	NDCG@20, IoU=0.5	NDCG@20, IoU=0.7	NDCG@40, IoU=0.3	NDCG@40, IoU=0.5	NDCG@40, IoU=0.7	
INFO:VAL:  0.098407 0.075195 0.026925 0.097072 0.074315 0.027709 0.103084 0.078406 0.031102
INFO:TEST:  0.099464 0.072789 0.031405 0.099253 0.072703 0.031242 0.106345 0.078149 0.033759
INFO:
INFO:EPOCH: 1879
INFO:NDCG@10, IoU=0.3	NDCG@10, IoU=0.5	NDCG@10, IoU=0.7	NDCG@20, IoU=0.3	NDCG@20, IoU=0.5	NDCG@20, IoU=0.7	NDCG@40, IoU=0.3	NDCG@40, IoU=0.5	NDCG@40, IoU=0.7	
INFO:VAL:  0.099655 0.072854 0.027279 0.098727 0.072935 0.027593 0.105366 0.077810 0.030444
INFO:TEST:  0.099828 0.072517 0.031390 0.098751 0.072357 0.030803 0.106017 0.078311 0.033383
INFO:
INFO:EPOCH: 1889
INFO:NDCG@10, IoU=0.3	NDCG@10, IoU=0.5	NDCG@10, IoU=0.7	NDCG@20, IoU=0.3	NDCG@20, IoU=0.5	NDCG@20, IoU=0.7	NDCG@40, IoU=0.3	NDCG@40, IoU=0.5	NDCG@40, IoU=0.7	
INFO:VAL:  0.099222 0.074804 0.027814 0.097931 0.072158 0.027310 0.105520 0.077916 0.030625
INFO:TEST:  0.098290 0.071301 0.030669 0.098098 0.071776 0.030589 0.105547 0.077384 0.033228
INFO:
INFO:EPOCH: 1899
INFO:NDCG@10, IoU=0.3	NDCG@10, IoU=0.5	NDCG@10, IoU=0.7	NDCG@20, IoU=0.3	NDCG@20, IoU=0.5	NDCG@20, IoU=0.7	NDCG@40, IoU=0.3	NDCG@40, IoU=0.5	NDCG@40, IoU=0.7	
INFO:VAL:  0.099811 0.074698 0.026446 0.098307 0.072880 0.026936 0.104697 0.077254 0.029981
INFO:TEST:  0.098861 0.071720 0.030952 0.098832 0.072086 0.030689 0.105690 0.077605 0.033256
INFO:
INFO:EPOCH: 1909
INFO:NDCG@10, IoU=0.3	NDCG@10, IoU=0.5	NDCG@10, IoU=0.7	NDCG@20, IoU=0.3	NDCG@20, IoU=0.5	NDCG@20, IoU=0.7	NDCG@40, IoU=0.3	NDCG@40, IoU=0.5	NDCG@40, IoU=0.7	
INFO:VAL:  0.099332 0.074746 0.027065 0.098130 0.072703 0.027804 0.104448 0.079070 0.030037
INFO:TEST:  0.100560 0.073408 0.031147 0.099565 0.073074 0.031231 0.106942 0.079119 0.033459
INFO:
INFO:EPOCH: 1919
INFO:NDCG@10, IoU=0.3	NDCG@10, IoU=0.5	NDCG@10, IoU=0.7	NDCG@20, IoU=0.3	NDCG@20, IoU=0.5	NDCG@20, IoU=0.7	NDCG@40, IoU=0.3	NDCG@40, IoU=0.5	NDCG@40, IoU=0.7	
INFO:VAL:  0.101737 0.076723 0.028288 0.101474 0.075117 0.028930 0.106956 0.079574 0.031944
INFO:TEST:  0.099919 0.072913 0.031179 0.099768 0.073061 0.031250 0.106436 0.078777 0.033653
INFO:BEST VAL:  0.101737 0.076723 0.028288 0.101474 0.075117 0.028930 0.106956 0.079574 0.031944
INFO:BEST TEST:  0.099919 0.072913 0.031179 0.099768 0.073061 0.031250 0.106436 0.078777 0.033653
INFO:save checkpoint: results/XML_top01_20240328_132029/model.ckpt
INFO:
INFO:EPOCH: 1929
INFO:NDCG@10, IoU=0.3	NDCG@10, IoU=0.5	NDCG@10, IoU=0.7	NDCG@20, IoU=0.3	NDCG@20, IoU=0.5	NDCG@20, IoU=0.7	NDCG@40, IoU=0.3	NDCG@40, IoU=0.5	NDCG@40, IoU=0.7	
INFO:VAL:  0.102133 0.075863 0.028295 0.100690 0.074771 0.028614 0.105444 0.078109 0.030634
INFO:TEST:  0.100335 0.073383 0.031482 0.099727 0.073076 0.031345 0.106486 0.079117 0.033757
INFO:
INFO:EPOCH: 1939
INFO:NDCG@10, IoU=0.3	NDCG@10, IoU=0.5	NDCG@10, IoU=0.7	NDCG@20, IoU=0.3	NDCG@20, IoU=0.5	NDCG@20, IoU=0.7	NDCG@40, IoU=0.3	NDCG@40, IoU=0.5	NDCG@40, IoU=0.7	
INFO:VAL:  0.102984 0.076946 0.028200 0.099149 0.072788 0.026940 0.105149 0.077507 0.030135
INFO:TEST:  0.099945 0.072628 0.031708 0.099875 0.072900 0.031381 0.106666 0.078735 0.033972
INFO:
INFO:EPOCH: 1949
INFO:NDCG@10, IoU=0.3	NDCG@10, IoU=0.5	NDCG@10, IoU=0.7	NDCG@20, IoU=0.3	NDCG@20, IoU=0.5	NDCG@20, IoU=0.7	NDCG@40, IoU=0.3	NDCG@40, IoU=0.5	NDCG@40, IoU=0.7	
INFO:VAL:  0.101869 0.076041 0.028172 0.099877 0.074104 0.027994 0.105873 0.078328 0.031247
INFO:TEST:  0.100490 0.073034 0.031143 0.100480 0.073648 0.031514 0.107569 0.079263 0.033917
INFO:
INFO:EPOCH: 1959
INFO:NDCG@10, IoU=0.3	NDCG@10, IoU=0.5	NDCG@10, IoU=0.7	NDCG@20, IoU=0.3	NDCG@20, IoU=0.5	NDCG@20, IoU=0.7	NDCG@40, IoU=0.3	NDCG@40, IoU=0.5	NDCG@40, IoU=0.7	
INFO:VAL:  0.102526 0.076848 0.027328 0.100869 0.074595 0.028515 0.106821 0.078927 0.030900
INFO:TEST:  0.100269 0.073368 0.031568 0.100330 0.073730 0.031837 0.106841 0.078965 0.034011
INFO:
INFO:EPOCH: 1969
INFO:NDCG@10, IoU=0.3	NDCG@10, IoU=0.5	NDCG@10, IoU=0.7	NDCG@20, IoU=0.3	NDCG@20, IoU=0.5	NDCG@20, IoU=0.7	NDCG@40, IoU=0.3	NDCG@40, IoU=0.5	NDCG@40, IoU=0.7	
INFO:VAL:  0.102204 0.076908 0.028375 0.100434 0.074796 0.028704 0.106770 0.079451 0.031042
INFO:TEST:  0.100833 0.073682 0.031458 0.100427 0.073605 0.031349 0.107181 0.079306 0.033842
INFO:
INFO:EPOCH: 1979
INFO:NDCG@10, IoU=0.3	NDCG@10, IoU=0.5	NDCG@10, IoU=0.7	NDCG@20, IoU=0.3	NDCG@20, IoU=0.5	NDCG@20, IoU=0.7	NDCG@40, IoU=0.3	NDCG@40, IoU=0.5	NDCG@40, IoU=0.7	
INFO:VAL:  0.102369 0.076630 0.027636 0.100751 0.075131 0.028317 0.105690 0.078934 0.030913
INFO:TEST:  0.100375 0.073478 0.031353 0.100559 0.073765 0.031566 0.107284 0.079195 0.033836
INFO:
INFO:EPOCH: 1989
INFO:NDCG@10, IoU=0.3	NDCG@10, IoU=0.5	NDCG@10, IoU=0.7	NDCG@20, IoU=0.3	NDCG@20, IoU=0.5	NDCG@20, IoU=0.7	NDCG@40, IoU=0.3	NDCG@40, IoU=0.5	NDCG@40, IoU=0.7	
INFO:VAL:  0.103511 0.077245 0.028085 0.100610 0.074988 0.028432 0.106953 0.079189 0.031091
INFO:TEST:  0.100732 0.073878 0.031872 0.100100 0.073458 0.031705 0.107086 0.079352 0.034053
INFO:
INFO:EPOCH: 1999
INFO:NDCG@10, IoU=0.3	NDCG@10, IoU=0.5	NDCG@10, IoU=0.7	NDCG@20, IoU=0.3	NDCG@20, IoU=0.5	NDCG@20, IoU=0.7	NDCG@40, IoU=0.3	NDCG@40, IoU=0.5	NDCG@40, IoU=0.7	
INFO:VAL:  0.103255 0.077205 0.028160 0.100660 0.074893 0.028475 0.107058 0.079346 0.031129
INFO:TEST:  0.100812 0.073587 0.031591 0.100297 0.073361 0.031627 0.107262 0.079272 0.034062
INFO:
