INFO:model_config {'merge_two_stream': True, 'cross_att': True, 'span_predictor_type': 'conv', 'encoder_type': 'transformer', 'add_pe_rnn': False, 'pe_type': 'cosine', 'visual_input_size': 1026, 'sub_input_size': 770, 'query_input_size': 768, 'hidden_size': 256, 'stack_conv_predictor_conv_kernel_sizes': -1, 'conv_kernel_size': 5, 'conv_stride': 1, 'max_ctx_l': 128, 'max_desc_l': 30, 'input_drop': 0.1, 'cross_att_drop': 0.1, 'drop': 0.1, 'n_heads': 4, 'initializer_range': 0.02, 'ctx_mode': 'video_sub_tef', 'margin': 0.1, 'ranking_loss_type': 'hinge', 'lw_neg_q': 1, 'lw_neg_ctx': 1, 'lw_st_ed': 0, 'use_hard_negative': False, 'hard_pool_size': 20, 'use_self_attention': True, 'no_modular': False}
INFO:Start Training...
INFO:CUDA enabled.
INFO:EPOCH: 0
INFO:NDCG@10, IoU=0.3	NDCG@10, IoU=0.5	NDCG@10, IoU=0.7	NDCG@20, IoU=0.3	NDCG@20, IoU=0.5	NDCG@20, IoU=0.7	NDCG@40, IoU=0.3	NDCG@40, IoU=0.5	NDCG@40, IoU=0.7	
INFO:VAL:  0.001723 0.001615 0.001268 0.001769 0.001621 0.001407 0.001795 0.001693 0.001515
INFO:TEST:  0.001784 0.001532 0.000899 0.001708 0.001414 0.000856 0.001619 0.001380 0.000865
INFO:save checkpoint: results/XML_top40_20240327_152350/model.ckpt
INFO:
INFO:EPOCH: 0
INFO:NDCG@10, IoU=0.3	NDCG@10, IoU=0.5	NDCG@10, IoU=0.7	NDCG@20, IoU=0.3	NDCG@20, IoU=0.5	NDCG@20, IoU=0.7	NDCG@40, IoU=0.3	NDCG@40, IoU=0.5	NDCG@40, IoU=0.7	
INFO:VAL:  0.002813 0.002016 0.002016 0.002695 0.001762 0.001726 0.002748 0.001740 0.001636
INFO:TEST:  0.001473 0.000674 0.000311 0.001636 0.000756 0.000330 0.001969 0.000977 0.000388
INFO:save checkpoint: results/XML_top40_20240327_152350/model.ckpt
INFO:
INFO:EPOCH: 0
INFO:NDCG@10, IoU=0.3	NDCG@10, IoU=0.5	NDCG@10, IoU=0.7	NDCG@20, IoU=0.3	NDCG@20, IoU=0.5	NDCG@20, IoU=0.7	NDCG@40, IoU=0.3	NDCG@40, IoU=0.5	NDCG@40, IoU=0.7	
INFO:VAL:  0.001724 0.001319 0.001031 0.001610 0.001233 0.000923 0.001858 0.001382 0.000954
INFO:TEST:  0.002659 0.001255 0.000470 0.003091 0.001550 0.000646 0.003788 0.001961 0.000835
INFO:
INFO:EPOCH: 0
INFO:NDCG@10, IoU=0.3	NDCG@10, IoU=0.5	NDCG@10, IoU=0.7	NDCG@20, IoU=0.3	NDCG@20, IoU=0.5	NDCG@20, IoU=0.7	NDCG@40, IoU=0.3	NDCG@40, IoU=0.5	NDCG@40, IoU=0.7	
INFO:VAL:  0.002937 0.002184 0.001721 0.003218 0.002296 0.001588 0.004275 0.002765 0.001680
INFO:TEST:  0.003474 0.002079 0.001297 0.004086 0.002368 0.001400 0.005563 0.003091 0.001690
INFO:save checkpoint: results/XML_top40_20240327_152350/model.ckpt
INFO:
INFO:EPOCH: 1
INFO:NDCG@10, IoU=0.3	NDCG@10, IoU=0.5	NDCG@10, IoU=0.7	NDCG@20, IoU=0.3	NDCG@20, IoU=0.5	NDCG@20, IoU=0.7	NDCG@40, IoU=0.3	NDCG@40, IoU=0.5	NDCG@40, IoU=0.7	
INFO:VAL:  0.005694 0.002898 0.001647 0.007117 0.004219 0.002349 0.009756 0.006025 0.003015
INFO:TEST:  0.008030 0.005821 0.002804 0.008979 0.006304 0.003069 0.011388 0.007557 0.003579
INFO:save checkpoint: results/XML_top40_20240327_152350/model.ckpt
INFO:
INFO:EPOCH: 1
INFO:NDCG@10, IoU=0.3	NDCG@10, IoU=0.5	NDCG@10, IoU=0.7	NDCG@20, IoU=0.3	NDCG@20, IoU=0.5	NDCG@20, IoU=0.7	NDCG@40, IoU=0.3	NDCG@40, IoU=0.5	NDCG@40, IoU=0.7	
INFO:VAL:  0.009531 0.006275 0.004243 0.011801 0.008195 0.004832 0.015908 0.011253 0.006341
INFO:TEST:  0.011601 0.008097 0.003874 0.012762 0.008932 0.004399 0.015613 0.010579 0.005050
INFO:save checkpoint: results/XML_top40_20240327_152350/model.ckpt
INFO:
INFO:EPOCH: 1
INFO:NDCG@10, IoU=0.3	NDCG@10, IoU=0.5	NDCG@10, IoU=0.7	NDCG@20, IoU=0.3	NDCG@20, IoU=0.5	NDCG@20, IoU=0.7	NDCG@40, IoU=0.3	NDCG@40, IoU=0.5	NDCG@40, IoU=0.7	
INFO:VAL:  0.011877 0.007494 0.003742 0.014796 0.010026 0.004328 0.018636 0.012573 0.005699
INFO:TEST:  0.014536 0.009749 0.004541 0.015740 0.010612 0.004802 0.019298 0.012868 0.006011
INFO:save checkpoint: results/XML_top40_20240327_152350/model.ckpt
INFO:
INFO:EPOCH: 1
INFO:NDCG@10, IoU=0.3	NDCG@10, IoU=0.5	NDCG@10, IoU=0.7	NDCG@20, IoU=0.3	NDCG@20, IoU=0.5	NDCG@20, IoU=0.7	NDCG@40, IoU=0.3	NDCG@40, IoU=0.5	NDCG@40, IoU=0.7	
INFO:VAL:  0.010432 0.005978 0.002259 0.014313 0.009372 0.003684 0.018549 0.012690 0.006018
INFO:TEST:  0.016304 0.010946 0.004992 0.018165 0.012078 0.005567 0.022391 0.014563 0.006896
INFO:
INFO:EPOCH: 2
INFO:NDCG@10, IoU=0.3	NDCG@10, IoU=0.5	NDCG@10, IoU=0.7	NDCG@20, IoU=0.3	NDCG@20, IoU=0.5	NDCG@20, IoU=0.7	NDCG@40, IoU=0.3	NDCG@40, IoU=0.5	NDCG@40, IoU=0.7	
INFO:VAL:  0.015267 0.009510 0.003440 0.017887 0.012202 0.004744 0.021970 0.015344 0.006659
INFO:TEST:  0.020017 0.013306 0.006780 0.022147 0.014693 0.007377 0.026806 0.017822 0.008675
INFO:save checkpoint: results/XML_top40_20240327_152350/model.ckpt
INFO:
INFO:EPOCH: 2
INFO:NDCG@10, IoU=0.3	NDCG@10, IoU=0.5	NDCG@10, IoU=0.7	NDCG@20, IoU=0.3	NDCG@20, IoU=0.5	NDCG@20, IoU=0.7	NDCG@40, IoU=0.3	NDCG@40, IoU=0.5	NDCG@40, IoU=0.7	
INFO:VAL:  0.022846 0.015840 0.007422 0.023877 0.016426 0.007512 0.028750 0.020216 0.009582
INFO:TEST:  0.021539 0.013863 0.007109 0.024265 0.015680 0.007800 0.029865 0.019356 0.009607
INFO:save checkpoint: results/XML_top40_20240327_152350/model.ckpt
INFO:
INFO:EPOCH: 2
INFO:NDCG@10, IoU=0.3	NDCG@10, IoU=0.5	NDCG@10, IoU=0.7	NDCG@20, IoU=0.3	NDCG@20, IoU=0.5	NDCG@20, IoU=0.7	NDCG@40, IoU=0.3	NDCG@40, IoU=0.5	NDCG@40, IoU=0.7	
INFO:VAL:  0.024896 0.017703 0.008616 0.026062 0.018966 0.009393 0.030962 0.022632 0.011419
INFO:TEST:  0.025330 0.016986 0.008833 0.027577 0.018454 0.009510 0.032804 0.022088 0.011111
INFO:save checkpoint: results/XML_top40_20240327_152350/model.ckpt
INFO:
INFO:EPOCH: 2
INFO:NDCG@10, IoU=0.3	NDCG@10, IoU=0.5	NDCG@10, IoU=0.7	NDCG@20, IoU=0.3	NDCG@20, IoU=0.5	NDCG@20, IoU=0.7	NDCG@40, IoU=0.3	NDCG@40, IoU=0.5	NDCG@40, IoU=0.7	
INFO:VAL:  0.030091 0.020198 0.007254 0.030243 0.021224 0.008334 0.035937 0.025135 0.010985
INFO:TEST:  0.026327 0.017194 0.008604 0.029235 0.019240 0.009384 0.035014 0.023258 0.011087
INFO:save checkpoint: results/XML_top40_20240327_152350/model.ckpt
INFO:
INFO:EPOCH: 3
INFO:NDCG@10, IoU=0.3	NDCG@10, IoU=0.5	NDCG@10, IoU=0.7	NDCG@20, IoU=0.3	NDCG@20, IoU=0.5	NDCG@20, IoU=0.7	NDCG@40, IoU=0.3	NDCG@40, IoU=0.5	NDCG@40, IoU=0.7	
INFO:VAL:  0.031673 0.022264 0.009052 0.033855 0.023804 0.009804 0.040746 0.028769 0.012512
INFO:TEST:  0.031163 0.020580 0.009140 0.033680 0.022406 0.010274 0.040558 0.027000 0.012157
INFO:save checkpoint: results/XML_top40_20240327_152350/model.ckpt
INFO:
INFO:EPOCH: 3
INFO:NDCG@10, IoU=0.3	NDCG@10, IoU=0.5	NDCG@10, IoU=0.7	NDCG@20, IoU=0.3	NDCG@20, IoU=0.5	NDCG@20, IoU=0.7	NDCG@40, IoU=0.3	NDCG@40, IoU=0.5	NDCG@40, IoU=0.7	
INFO:VAL:  0.033442 0.024711 0.010070 0.036450 0.026614 0.011642 0.043228 0.031184 0.014216
INFO:TEST:  0.033612 0.023260 0.010463 0.036665 0.025232 0.011348 0.043622 0.030003 0.013488
INFO:save checkpoint: results/XML_top40_20240327_152350/model.ckpt
INFO:
INFO:EPOCH: 3
INFO:NDCG@10, IoU=0.3	NDCG@10, IoU=0.5	NDCG@10, IoU=0.7	NDCG@20, IoU=0.3	NDCG@20, IoU=0.5	NDCG@20, IoU=0.7	NDCG@40, IoU=0.3	NDCG@40, IoU=0.5	NDCG@40, IoU=0.7	
INFO:VAL:  0.038353 0.027499 0.010605 0.041362 0.029086 0.012012 0.049163 0.034435 0.015603
INFO:TEST:  0.036902 0.024713 0.010878 0.040042 0.026706 0.011976 0.047873 0.032433 0.014458
INFO:save checkpoint: results/XML_top40_20240327_152350/model.ckpt
INFO:
INFO:EPOCH: 3
INFO:NDCG@10, IoU=0.3	NDCG@10, IoU=0.5	NDCG@10, IoU=0.7	NDCG@20, IoU=0.3	NDCG@20, IoU=0.5	NDCG@20, IoU=0.7	NDCG@40, IoU=0.3	NDCG@40, IoU=0.5	NDCG@40, IoU=0.7	
INFO:VAL:  0.035899 0.022158 0.010227 0.040314 0.026265 0.011700 0.048608 0.032141 0.014961
INFO:TEST:  0.036248 0.023842 0.010206 0.040249 0.026636 0.011287 0.048447 0.032536 0.014335
INFO:
INFO:EPOCH: 4
INFO:NDCG@10, IoU=0.3	NDCG@10, IoU=0.5	NDCG@10, IoU=0.7	NDCG@20, IoU=0.3	NDCG@20, IoU=0.5	NDCG@20, IoU=0.7	NDCG@40, IoU=0.3	NDCG@40, IoU=0.5	NDCG@40, IoU=0.7	
INFO:VAL:  0.040144 0.027298 0.012112 0.044091 0.030381 0.013636 0.051277 0.036250 0.016280
INFO:TEST:  0.038440 0.024928 0.010184 0.043418 0.028654 0.012033 0.052416 0.034983 0.014888
INFO:save checkpoint: results/XML_top40_20240327_152350/model.ckpt
INFO:
INFO:EPOCH: 4
INFO:NDCG@10, IoU=0.3	NDCG@10, IoU=0.5	NDCG@10, IoU=0.7	NDCG@20, IoU=0.3	NDCG@20, IoU=0.5	NDCG@20, IoU=0.7	NDCG@40, IoU=0.3	NDCG@40, IoU=0.5	NDCG@40, IoU=0.7	
INFO:VAL:  0.044483 0.031096 0.013595 0.048298 0.033612 0.015258 0.057016 0.039876 0.018027
INFO:TEST:  0.042013 0.027945 0.011150 0.045780 0.031014 0.012534 0.054578 0.037031 0.015698
INFO:save checkpoint: results/XML_top40_20240327_152350/model.ckpt
INFO:
INFO:EPOCH: 4
INFO:NDCG@10, IoU=0.3	NDCG@10, IoU=0.5	NDCG@10, IoU=0.7	NDCG@20, IoU=0.3	NDCG@20, IoU=0.5	NDCG@20, IoU=0.7	NDCG@40, IoU=0.3	NDCG@40, IoU=0.5	NDCG@40, IoU=0.7	
INFO:VAL:  0.048301 0.031651 0.013534 0.051054 0.035053 0.014219 0.060380 0.041659 0.017352
INFO:TEST:  0.046084 0.030514 0.012694 0.049793 0.033131 0.013950 0.058697 0.039769 0.017032
INFO:save checkpoint: results/XML_top40_20240327_152350/model.ckpt
INFO:
INFO:EPOCH: 4
INFO:NDCG@10, IoU=0.3	NDCG@10, IoU=0.5	NDCG@10, IoU=0.7	NDCG@20, IoU=0.3	NDCG@20, IoU=0.5	NDCG@20, IoU=0.7	NDCG@40, IoU=0.3	NDCG@40, IoU=0.5	NDCG@40, IoU=0.7	
INFO:VAL:  0.052895 0.035800 0.013338 0.055529 0.038235 0.015106 0.065498 0.045540 0.019259
INFO:TEST:  0.047923 0.032405 0.013538 0.051720 0.035190 0.015016 0.061676 0.042327 0.018402
INFO:save checkpoint: results/XML_top40_20240327_152350/model.ckpt
INFO:
INFO:EPOCH: 5
INFO:NDCG@10, IoU=0.3	NDCG@10, IoU=0.5	NDCG@10, IoU=0.7	NDCG@20, IoU=0.3	NDCG@20, IoU=0.5	NDCG@20, IoU=0.7	NDCG@40, IoU=0.3	NDCG@40, IoU=0.5	NDCG@40, IoU=0.7	
INFO:VAL:  0.052664 0.037102 0.016088 0.057061 0.040769 0.016867 0.067049 0.048206 0.020563
INFO:TEST:  0.048644 0.034041 0.013875 0.052808 0.036553 0.014983 0.062629 0.043548 0.018179
INFO:save checkpoint: results/XML_top40_20240327_152350/model.ckpt
INFO:
INFO:EPOCH: 5
INFO:NDCG@10, IoU=0.3	NDCG@10, IoU=0.5	NDCG@10, IoU=0.7	NDCG@20, IoU=0.3	NDCG@20, IoU=0.5	NDCG@20, IoU=0.7	NDCG@40, IoU=0.3	NDCG@40, IoU=0.5	NDCG@40, IoU=0.7	
INFO:VAL:  0.057716 0.039992 0.018106 0.061709 0.043531 0.020496 0.070419 0.050558 0.023189
INFO:TEST:  0.049852 0.034381 0.014068 0.054136 0.037636 0.015513 0.064280 0.044964 0.018828
INFO:save checkpoint: results/XML_top40_20240327_152350/model.ckpt
INFO:
INFO:EPOCH: 5
INFO:NDCG@10, IoU=0.3	NDCG@10, IoU=0.5	NDCG@10, IoU=0.7	NDCG@20, IoU=0.3	NDCG@20, IoU=0.5	NDCG@20, IoU=0.7	NDCG@40, IoU=0.3	NDCG@40, IoU=0.5	NDCG@40, IoU=0.7	
INFO:VAL:  0.062853 0.041418 0.016647 0.065838 0.044987 0.017984 0.075533 0.051523 0.021624
INFO:TEST:  0.053083 0.036246 0.014712 0.057353 0.038867 0.015878 0.067003 0.046432 0.019285
INFO:save checkpoint: results/XML_top40_20240327_152350/model.ckpt
INFO:
INFO:EPOCH: 5
INFO:NDCG@10, IoU=0.3	NDCG@10, IoU=0.5	NDCG@10, IoU=0.7	NDCG@20, IoU=0.3	NDCG@20, IoU=0.5	NDCG@20, IoU=0.7	NDCG@40, IoU=0.3	NDCG@40, IoU=0.5	NDCG@40, IoU=0.7	
INFO:VAL:  0.058429 0.040401 0.016416 0.061349 0.044177 0.019222 0.071835 0.051931 0.022960
INFO:TEST:  0.056972 0.038362 0.015781 0.060898 0.041581 0.016970 0.070978 0.049217 0.020952
INFO:
INFO:EPOCH: 6
INFO:NDCG@10, IoU=0.3	NDCG@10, IoU=0.5	NDCG@10, IoU=0.7	NDCG@20, IoU=0.3	NDCG@20, IoU=0.5	NDCG@20, IoU=0.7	NDCG@40, IoU=0.3	NDCG@40, IoU=0.5	NDCG@40, IoU=0.7	
INFO:VAL:  0.060974 0.041521 0.016049 0.064330 0.045023 0.017641 0.074452 0.052022 0.021293
INFO:TEST:  0.057849 0.039324 0.015805 0.062405 0.043012 0.017480 0.072295 0.050662 0.021164
INFO:
INFO:EPOCH: 6
INFO:NDCG@10, IoU=0.3	NDCG@10, IoU=0.5	NDCG@10, IoU=0.7	NDCG@20, IoU=0.3	NDCG@20, IoU=0.5	NDCG@20, IoU=0.7	NDCG@40, IoU=0.3	NDCG@40, IoU=0.5	NDCG@40, IoU=0.7	
INFO:VAL:  0.066669 0.045828 0.019556 0.068662 0.047468 0.019741 0.077498 0.054092 0.022175
INFO:TEST:  0.062055 0.042736 0.016449 0.065268 0.045717 0.017625 0.076115 0.053628 0.021442
INFO:save checkpoint: results/XML_top40_20240327_152350/model.ckpt
INFO:
INFO:EPOCH: 6
INFO:NDCG@10, IoU=0.3	NDCG@10, IoU=0.5	NDCG@10, IoU=0.7	NDCG@20, IoU=0.3	NDCG@20, IoU=0.5	NDCG@20, IoU=0.7	NDCG@40, IoU=0.3	NDCG@40, IoU=0.5	NDCG@40, IoU=0.7	
INFO:VAL:  0.064486 0.044770 0.017542 0.069447 0.048190 0.018822 0.079098 0.056415 0.023243
INFO:TEST:  0.059619 0.040898 0.016714 0.064639 0.045001 0.018437 0.075699 0.053498 0.021922
INFO:save checkpoint: results/XML_top40_20240327_152350/model.ckpt
INFO:
INFO:EPOCH: 6
INFO:NDCG@10, IoU=0.3	NDCG@10, IoU=0.5	NDCG@10, IoU=0.7	NDCG@20, IoU=0.3	NDCG@20, IoU=0.5	NDCG@20, IoU=0.7	NDCG@40, IoU=0.3	NDCG@40, IoU=0.5	NDCG@40, IoU=0.7	
INFO:VAL:  0.065277 0.045504 0.017328 0.069486 0.049366 0.019309 0.080128 0.056591 0.023406
INFO:TEST:  0.064736 0.045800 0.018011 0.068668 0.049004 0.019571 0.079675 0.057187 0.023462
INFO:save checkpoint: results/XML_top40_20240327_152350/model.ckpt
INFO:
INFO:EPOCH: 7
INFO:NDCG@10, IoU=0.3	NDCG@10, IoU=0.5	NDCG@10, IoU=0.7	NDCG@20, IoU=0.3	NDCG@20, IoU=0.5	NDCG@20, IoU=0.7	NDCG@40, IoU=0.3	NDCG@40, IoU=0.5	NDCG@40, IoU=0.7	
INFO:VAL:  0.069886 0.047838 0.018570 0.072993 0.050181 0.019596 0.084108 0.058870 0.023913
INFO:TEST:  0.063990 0.044229 0.018631 0.068001 0.047572 0.020056 0.079236 0.056076 0.023915
INFO:save checkpoint: results/XML_top40_20240327_152350/model.ckpt
INFO:
INFO:EPOCH: 7
INFO:NDCG@10, IoU=0.3	NDCG@10, IoU=0.5	NDCG@10, IoU=0.7	NDCG@20, IoU=0.3	NDCG@20, IoU=0.5	NDCG@20, IoU=0.7	NDCG@40, IoU=0.3	NDCG@40, IoU=0.5	NDCG@40, IoU=0.7	
INFO:VAL:  0.073610 0.052181 0.020124 0.076569 0.054440 0.021753 0.085776 0.062213 0.025127
INFO:TEST:  0.065291 0.044778 0.017925 0.069444 0.048633 0.019792 0.080736 0.057401 0.023905
INFO:save checkpoint: results/XML_top40_20240327_152350/model.ckpt
INFO:
INFO:EPOCH: 7
INFO:NDCG@10, IoU=0.3	NDCG@10, IoU=0.5	NDCG@10, IoU=0.7	NDCG@20, IoU=0.3	NDCG@20, IoU=0.5	NDCG@20, IoU=0.7	NDCG@40, IoU=0.3	NDCG@40, IoU=0.5	NDCG@40, IoU=0.7	
INFO:VAL:  0.070184 0.047835 0.021796 0.073632 0.050659 0.021434 0.084328 0.058631 0.025308
INFO:TEST:  0.068714 0.047901 0.018848 0.072783 0.051205 0.020471 0.083717 0.059747 0.024686
INFO:
INFO:EPOCH: 7
INFO:NDCG@10, IoU=0.3	NDCG@10, IoU=0.5	NDCG@10, IoU=0.7	NDCG@20, IoU=0.3	NDCG@20, IoU=0.5	NDCG@20, IoU=0.7	NDCG@40, IoU=0.3	NDCG@40, IoU=0.5	NDCG@40, IoU=0.7	
INFO:VAL:  0.072829 0.048394 0.020371 0.075170 0.050715 0.020876 0.085200 0.058711 0.024415
INFO:TEST:  0.065720 0.046247 0.018886 0.070947 0.050294 0.020790 0.082157 0.059192 0.025523
INFO:
INFO:EPOCH: 8
INFO:NDCG@10, IoU=0.3	NDCG@10, IoU=0.5	NDCG@10, IoU=0.7	NDCG@20, IoU=0.3	NDCG@20, IoU=0.5	NDCG@20, IoU=0.7	NDCG@40, IoU=0.3	NDCG@40, IoU=0.5	NDCG@40, IoU=0.7	
INFO:VAL:  0.073397 0.047412 0.019326 0.076684 0.052385 0.020514 0.086860 0.060408 0.024037
INFO:TEST:  0.067171 0.048347 0.018884 0.072328 0.052350 0.021085 0.084213 0.061247 0.025023
INFO:
INFO:EPOCH: 8
INFO:NDCG@10, IoU=0.3	NDCG@10, IoU=0.5	NDCG@10, IoU=0.7	NDCG@20, IoU=0.3	NDCG@20, IoU=0.5	NDCG@20, IoU=0.7	NDCG@40, IoU=0.3	NDCG@40, IoU=0.5	NDCG@40, IoU=0.7	
INFO:VAL:  0.076656 0.054586 0.022760 0.079752 0.057108 0.023330 0.089293 0.064173 0.027345
INFO:TEST:  0.069529 0.049205 0.019099 0.073833 0.052707 0.021319 0.084765 0.061335 0.025568
INFO:save checkpoint: results/XML_top40_20240327_152350/model.ckpt
INFO:
INFO:EPOCH: 8
INFO:NDCG@10, IoU=0.3	NDCG@10, IoU=0.5	NDCG@10, IoU=0.7	NDCG@20, IoU=0.3	NDCG@20, IoU=0.5	NDCG@20, IoU=0.7	NDCG@40, IoU=0.3	NDCG@40, IoU=0.5	NDCG@40, IoU=0.7	
INFO:VAL:  0.075685 0.052406 0.020524 0.078992 0.055918 0.022020 0.090099 0.064720 0.025861
INFO:TEST:  0.072324 0.052030 0.020728 0.076983 0.055995 0.022930 0.088046 0.064318 0.026593
INFO:
INFO:EPOCH: 8
INFO:NDCG@10, IoU=0.3	NDCG@10, IoU=0.5	NDCG@10, IoU=0.7	NDCG@20, IoU=0.3	NDCG@20, IoU=0.5	NDCG@20, IoU=0.7	NDCG@40, IoU=0.3	NDCG@40, IoU=0.5	NDCG@40, IoU=0.7	
INFO:VAL:  0.077718 0.055566 0.021916 0.080675 0.058855 0.022953 0.092136 0.067630 0.027158
INFO:TEST:  0.072894 0.052223 0.021140 0.077515 0.055904 0.022972 0.088956 0.065344 0.027174
INFO:save checkpoint: results/XML_top40_20240327_152350/model.ckpt
INFO:
INFO:EPOCH: 9
INFO:NDCG@10, IoU=0.3	NDCG@10, IoU=0.5	NDCG@10, IoU=0.7	NDCG@20, IoU=0.3	NDCG@20, IoU=0.5	NDCG@20, IoU=0.7	NDCG@40, IoU=0.3	NDCG@40, IoU=0.5	NDCG@40, IoU=0.7	
INFO:VAL:  0.077841 0.056146 0.022639 0.080477 0.058470 0.022767 0.092299 0.067571 0.027236
INFO:TEST:  0.073811 0.052490 0.020517 0.078041 0.056122 0.022757 0.089856 0.065483 0.026953
INFO:save checkpoint: results/XML_top40_20240327_152350/model.ckpt
INFO:
INFO:EPOCH: 9
INFO:NDCG@10, IoU=0.3	NDCG@10, IoU=0.5	NDCG@10, IoU=0.7	NDCG@20, IoU=0.3	NDCG@20, IoU=0.5	NDCG@20, IoU=0.7	NDCG@40, IoU=0.3	NDCG@40, IoU=0.5	NDCG@40, IoU=0.7	
INFO:VAL:  0.078983 0.056075 0.020330 0.083579 0.060279 0.023471 0.096108 0.069642 0.028552
INFO:TEST:  0.074077 0.052179 0.021117 0.078660 0.056049 0.023235 0.090369 0.065516 0.027502
INFO:save checkpoint: results/XML_top40_20240327_152350/model.ckpt
INFO:
INFO:EPOCH: 9
INFO:NDCG@10, IoU=0.3	NDCG@10, IoU=0.5	NDCG@10, IoU=0.7	NDCG@20, IoU=0.3	NDCG@20, IoU=0.5	NDCG@20, IoU=0.7	NDCG@40, IoU=0.3	NDCG@40, IoU=0.5	NDCG@40, IoU=0.7	
INFO:VAL:  0.080617 0.058818 0.019427 0.082950 0.060494 0.021129 0.095340 0.069423 0.025968
INFO:TEST:  0.074754 0.053146 0.021084 0.079579 0.057229 0.023354 0.090911 0.065948 0.027637
INFO:
INFO:EPOCH: 9
INFO:NDCG@10, IoU=0.3	NDCG@10, IoU=0.5	NDCG@10, IoU=0.7	NDCG@20, IoU=0.3	NDCG@20, IoU=0.5	NDCG@20, IoU=0.7	NDCG@40, IoU=0.3	NDCG@40, IoU=0.5	NDCG@40, IoU=0.7	
INFO:VAL:  0.075271 0.053997 0.021026 0.083328 0.059397 0.023576 0.093260 0.068062 0.026938
INFO:TEST:  0.077964 0.056423 0.023077 0.082303 0.059906 0.024736 0.093724 0.068916 0.029060
INFO:
INFO:EPOCH: 10
INFO:NDCG@10, IoU=0.3	NDCG@10, IoU=0.5	NDCG@10, IoU=0.7	NDCG@20, IoU=0.3	NDCG@20, IoU=0.5	NDCG@20, IoU=0.7	NDCG@40, IoU=0.3	NDCG@40, IoU=0.5	NDCG@40, IoU=0.7	
INFO:VAL:  0.079726 0.055726 0.021265 0.084720 0.060417 0.023286 0.095277 0.068655 0.027948
INFO:TEST:  0.076823 0.055217 0.022506 0.081437 0.059537 0.024825 0.093503 0.068930 0.029272
INFO:
INFO:EPOCH: 10
INFO:NDCG@10, IoU=0.3	NDCG@10, IoU=0.5	NDCG@10, IoU=0.7	NDCG@20, IoU=0.3	NDCG@20, IoU=0.5	NDCG@20, IoU=0.7	NDCG@40, IoU=0.3	NDCG@40, IoU=0.5	NDCG@40, IoU=0.7	
INFO:VAL:  0.076882 0.053001 0.021243 0.081846 0.057309 0.023397 0.094544 0.068942 0.028973
INFO:TEST:  0.080307 0.056982 0.022768 0.084910 0.060965 0.024709 0.096105 0.070060 0.029088
INFO:
INFO:EPOCH: 10
INFO:NDCG@10, IoU=0.3	NDCG@10, IoU=0.5	NDCG@10, IoU=0.7	NDCG@20, IoU=0.3	NDCG@20, IoU=0.5	NDCG@20, IoU=0.7	NDCG@40, IoU=0.3	NDCG@40, IoU=0.5	NDCG@40, IoU=0.7	
INFO:VAL:  0.077943 0.053984 0.019327 0.082803 0.058669 0.021976 0.095030 0.068351 0.026501
INFO:TEST:  0.079887 0.057757 0.022747 0.083555 0.060867 0.024470 0.095551 0.070318 0.029168
INFO:
INFO:EPOCH: 10
INFO:NDCG@10, IoU=0.3	NDCG@10, IoU=0.5	NDCG@10, IoU=0.7	NDCG@20, IoU=0.3	NDCG@20, IoU=0.5	NDCG@20, IoU=0.7	NDCG@40, IoU=0.3	NDCG@40, IoU=0.5	NDCG@40, IoU=0.7	
INFO:VAL:  0.078383 0.056863 0.019899 0.083408 0.061861 0.022550 0.096521 0.072446 0.027542
INFO:TEST:  0.081334 0.058385 0.024278 0.085796 0.061988 0.025596 0.097377 0.071331 0.029751
INFO:save checkpoint: results/XML_top40_20240327_152350/model.ckpt
INFO:
INFO:EPOCH: 11
INFO:NDCG@10, IoU=0.3	NDCG@10, IoU=0.5	NDCG@10, IoU=0.7	NDCG@20, IoU=0.3	NDCG@20, IoU=0.5	NDCG@20, IoU=0.7	NDCG@40, IoU=0.3	NDCG@40, IoU=0.5	NDCG@40, IoU=0.7	
INFO:VAL:  0.080729 0.058291 0.022452 0.084343 0.061606 0.023803 0.096166 0.070337 0.028133
INFO:TEST:  0.082698 0.059639 0.024502 0.086706 0.062968 0.025974 0.098795 0.072508 0.030413
INFO:save checkpoint: results/XML_top40_20240327_152350/model.ckpt
INFO:
INFO:EPOCH: 11
INFO:NDCG@10, IoU=0.3	NDCG@10, IoU=0.5	NDCG@10, IoU=0.7	NDCG@20, IoU=0.3	NDCG@20, IoU=0.5	NDCG@20, IoU=0.7	NDCG@40, IoU=0.3	NDCG@40, IoU=0.5	NDCG@40, IoU=0.7	
INFO:VAL:  0.083928 0.059857 0.021945 0.087816 0.063623 0.024078 0.098932 0.073184 0.028098
INFO:TEST:  0.083055 0.058959 0.024111 0.086537 0.062832 0.025788 0.098715 0.072192 0.030464
INFO:save checkpoint: results/XML_top40_20240327_152350/model.ckpt
INFO:
INFO:EPOCH: 11
INFO:NDCG@10, IoU=0.3	NDCG@10, IoU=0.5	NDCG@10, IoU=0.7	NDCG@20, IoU=0.3	NDCG@20, IoU=0.5	NDCG@20, IoU=0.7	NDCG@40, IoU=0.3	NDCG@40, IoU=0.5	NDCG@40, IoU=0.7	
INFO:VAL:  0.083806 0.060973 0.023703 0.086391 0.062984 0.025066 0.098695 0.072857 0.030107
INFO:TEST:  0.083233 0.059865 0.024243 0.087790 0.063734 0.026382 0.100486 0.074083 0.031079
INFO:save checkpoint: results/XML_top40_20240327_152350/model.ckpt
INFO:
INFO:EPOCH: 11
INFO:NDCG@10, IoU=0.3	NDCG@10, IoU=0.5	NDCG@10, IoU=0.7	NDCG@20, IoU=0.3	NDCG@20, IoU=0.5	NDCG@20, IoU=0.7	NDCG@40, IoU=0.3	NDCG@40, IoU=0.5	NDCG@40, IoU=0.7	
INFO:VAL:  0.080328 0.055534 0.020995 0.084700 0.059711 0.021714 0.097225 0.070057 0.027609
INFO:TEST:  0.081788 0.059955 0.023609 0.086324 0.063720 0.026039 0.097310 0.072770 0.030530
INFO:
INFO:EPOCH: 12
INFO:NDCG@10, IoU=0.3	NDCG@10, IoU=0.5	NDCG@10, IoU=0.7	NDCG@20, IoU=0.3	NDCG@20, IoU=0.5	NDCG@20, IoU=0.7	NDCG@40, IoU=0.3	NDCG@40, IoU=0.5	NDCG@40, IoU=0.7	
INFO:VAL:  0.083578 0.059375 0.022569 0.089891 0.065535 0.025864 0.100211 0.072709 0.029145
INFO:TEST:  0.083193 0.060590 0.024414 0.087213 0.063964 0.026655 0.099787 0.074100 0.031325
INFO:save checkpoint: results/XML_top40_20240327_152350/model.ckpt
INFO:
INFO:EPOCH: 12
INFO:NDCG@10, IoU=0.3	NDCG@10, IoU=0.5	NDCG@10, IoU=0.7	NDCG@20, IoU=0.3	NDCG@20, IoU=0.5	NDCG@20, IoU=0.7	NDCG@40, IoU=0.3	NDCG@40, IoU=0.5	NDCG@40, IoU=0.7	
INFO:VAL:  0.089337 0.063510 0.023734 0.091977 0.066025 0.024882 0.104158 0.076129 0.030203
INFO:TEST:  0.084543 0.060294 0.024905 0.089309 0.064856 0.026979 0.100891 0.074096 0.031419
INFO:save checkpoint: results/XML_top40_20240327_152350/model.ckpt
INFO:
INFO:EPOCH: 12
INFO:NDCG@10, IoU=0.3	NDCG@10, IoU=0.5	NDCG@10, IoU=0.7	NDCG@20, IoU=0.3	NDCG@20, IoU=0.5	NDCG@20, IoU=0.7	NDCG@40, IoU=0.3	NDCG@40, IoU=0.5	NDCG@40, IoU=0.7	
INFO:VAL:  0.085478 0.060433 0.022877 0.087595 0.062974 0.025030 0.099719 0.072723 0.028976
INFO:TEST:  0.081677 0.058472 0.024805 0.087242 0.063418 0.026703 0.099073 0.072945 0.030980
INFO:
INFO:EPOCH: 12
INFO:NDCG@10, IoU=0.3	NDCG@10, IoU=0.5	NDCG@10, IoU=0.7	NDCG@20, IoU=0.3	NDCG@20, IoU=0.5	NDCG@20, IoU=0.7	NDCG@40, IoU=0.3	NDCG@40, IoU=0.5	NDCG@40, IoU=0.7	
INFO:VAL:  0.088130 0.062750 0.024132 0.090592 0.064659 0.025798 0.103368 0.075351 0.031153
INFO:TEST:  0.083387 0.060200 0.025070 0.088047 0.064325 0.027075 0.100192 0.074410 0.031826
INFO:
INFO:EPOCH: 13
INFO:NDCG@10, IoU=0.3	NDCG@10, IoU=0.5	NDCG@10, IoU=0.7	NDCG@20, IoU=0.3	NDCG@20, IoU=0.5	NDCG@20, IoU=0.7	NDCG@40, IoU=0.3	NDCG@40, IoU=0.5	NDCG@40, IoU=0.7	
INFO:VAL:  0.085977 0.061769 0.023971 0.091708 0.066418 0.026039 0.104665 0.076744 0.030635
INFO:TEST:  0.082761 0.059041 0.023342 0.088945 0.064903 0.026174 0.100776 0.074541 0.030999
INFO:
INFO:EPOCH: 13
INFO:NDCG@10, IoU=0.3	NDCG@10, IoU=0.5	NDCG@10, IoU=0.7	NDCG@20, IoU=0.3	NDCG@20, IoU=0.5	NDCG@20, IoU=0.7	NDCG@40, IoU=0.3	NDCG@40, IoU=0.5	NDCG@40, IoU=0.7	
INFO:VAL:  0.088536 0.065108 0.021981 0.092172 0.067007 0.024863 0.103649 0.077179 0.029688
INFO:TEST:  0.083400 0.059124 0.023448 0.088424 0.063623 0.026158 0.100899 0.074401 0.030613
INFO:save checkpoint: results/XML_top40_20240327_152350/model.ckpt
INFO:
INFO:EPOCH: 13
INFO:NDCG@10, IoU=0.3	NDCG@10, IoU=0.5	NDCG@10, IoU=0.7	NDCG@20, IoU=0.3	NDCG@20, IoU=0.5	NDCG@20, IoU=0.7	NDCG@40, IoU=0.3	NDCG@40, IoU=0.5	NDCG@40, IoU=0.7	
INFO:VAL:  0.089270 0.063366 0.021390 0.094142 0.067071 0.023672 0.104549 0.075773 0.028497
INFO:TEST:  0.085945 0.061801 0.025024 0.090445 0.065971 0.027017 0.102368 0.075693 0.031501
INFO:
INFO:EPOCH: 13
INFO:NDCG@10, IoU=0.3	NDCG@10, IoU=0.5	NDCG@10, IoU=0.7	NDCG@20, IoU=0.3	NDCG@20, IoU=0.5	NDCG@20, IoU=0.7	NDCG@40, IoU=0.3	NDCG@40, IoU=0.5	NDCG@40, IoU=0.7	
INFO:VAL:  0.086473 0.062169 0.023147 0.091366 0.066081 0.025212 0.104806 0.076720 0.030523
INFO:TEST:  0.083691 0.060868 0.024527 0.089241 0.065887 0.027463 0.101562 0.075661 0.031923
INFO:
INFO:EPOCH: 14
INFO:NDCG@10, IoU=0.3	NDCG@10, IoU=0.5	NDCG@10, IoU=0.7	NDCG@20, IoU=0.3	NDCG@20, IoU=0.5	NDCG@20, IoU=0.7	NDCG@40, IoU=0.3	NDCG@40, IoU=0.5	NDCG@40, IoU=0.7	
INFO:VAL:  0.086576 0.063719 0.025011 0.091712 0.068402 0.027486 0.104217 0.078294 0.031919
INFO:TEST:  0.083326 0.059924 0.025216 0.089859 0.066049 0.028187 0.102384 0.075991 0.033071
INFO:save checkpoint: results/XML_top40_20240327_152350/model.ckpt
INFO:
INFO:EPOCH: 14
INFO:NDCG@10, IoU=0.3	NDCG@10, IoU=0.5	NDCG@10, IoU=0.7	NDCG@20, IoU=0.3	NDCG@20, IoU=0.5	NDCG@20, IoU=0.7	NDCG@40, IoU=0.3	NDCG@40, IoU=0.5	NDCG@40, IoU=0.7	
INFO:VAL:  0.087004 0.063852 0.023332 0.091097 0.068079 0.025329 0.104399 0.078398 0.030194
INFO:TEST:  0.087579 0.063662 0.025879 0.091874 0.066962 0.027676 0.103941 0.076640 0.032526
INFO:
INFO:EPOCH: 14
INFO:NDCG@10, IoU=0.3	NDCG@10, IoU=0.5	NDCG@10, IoU=0.7	NDCG@20, IoU=0.3	NDCG@20, IoU=0.5	NDCG@20, IoU=0.7	NDCG@40, IoU=0.3	NDCG@40, IoU=0.5	NDCG@40, IoU=0.7	
INFO:VAL:  0.092204 0.067498 0.025591 0.095247 0.071211 0.027186 0.108107 0.081602 0.031744
INFO:TEST:  0.086643 0.063055 0.025306 0.091589 0.067174 0.027340 0.103758 0.077365 0.032362
INFO:save checkpoint: results/XML_top40_20240327_152350/model.ckpt
INFO:
INFO:EPOCH: 14
INFO:NDCG@10, IoU=0.3	NDCG@10, IoU=0.5	NDCG@10, IoU=0.7	NDCG@20, IoU=0.3	NDCG@20, IoU=0.5	NDCG@20, IoU=0.7	NDCG@40, IoU=0.3	NDCG@40, IoU=0.5	NDCG@40, IoU=0.7	
INFO:VAL:  0.089291 0.065123 0.024772 0.092426 0.068093 0.025561 0.104198 0.077437 0.030160
INFO:TEST:  0.086861 0.064553 0.025195 0.091645 0.068445 0.027679 0.104430 0.078557 0.032606
INFO:
INFO:EPOCH: 15
INFO:NDCG@10, IoU=0.3	NDCG@10, IoU=0.5	NDCG@10, IoU=0.7	NDCG@20, IoU=0.3	NDCG@20, IoU=0.5	NDCG@20, IoU=0.7	NDCG@40, IoU=0.3	NDCG@40, IoU=0.5	NDCG@40, IoU=0.7	
INFO:VAL:  0.088073 0.063302 0.024098 0.093009 0.068316 0.026028 0.103991 0.077508 0.030905
INFO:TEST:  0.089244 0.064188 0.026710 0.094473 0.069103 0.029346 0.106493 0.079043 0.033981
INFO:
INFO:EPOCH: 15
INFO:NDCG@10, IoU=0.3	NDCG@10, IoU=0.5	NDCG@10, IoU=0.7	NDCG@20, IoU=0.3	NDCG@20, IoU=0.5	NDCG@20, IoU=0.7	NDCG@40, IoU=0.3	NDCG@40, IoU=0.5	NDCG@40, IoU=0.7	
INFO:VAL:  0.090971 0.065097 0.021859 0.093723 0.067791 0.023635 0.107031 0.078079 0.028175
INFO:TEST:  0.090391 0.066759 0.026319 0.094338 0.069819 0.028327 0.106430 0.079402 0.033160
INFO:
INFO:EPOCH: 15
INFO:NDCG@10, IoU=0.3	NDCG@10, IoU=0.5	NDCG@10, IoU=0.7	NDCG@20, IoU=0.3	NDCG@20, IoU=0.5	NDCG@20, IoU=0.7	NDCG@40, IoU=0.3	NDCG@40, IoU=0.5	NDCG@40, IoU=0.7	
INFO:VAL:  0.088236 0.064028 0.024111 0.090986 0.066836 0.025325 0.104934 0.077955 0.030121
INFO:TEST:  0.088862 0.064742 0.026541 0.094237 0.068993 0.028566 0.106759 0.079119 0.033308
INFO:
INFO:EPOCH: 15
INFO:NDCG@10, IoU=0.3	NDCG@10, IoU=0.5	NDCG@10, IoU=0.7	NDCG@20, IoU=0.3	NDCG@20, IoU=0.5	NDCG@20, IoU=0.7	NDCG@40, IoU=0.3	NDCG@40, IoU=0.5	NDCG@40, IoU=0.7	
INFO:VAL:  0.089051 0.063374 0.022449 0.092436 0.066848 0.025267 0.106069 0.077592 0.030478
INFO:TEST:  0.090122 0.064638 0.026740 0.094950 0.069085 0.028883 0.107523 0.079412 0.033477
INFO:
INFO:EPOCH: 16
INFO:NDCG@10, IoU=0.3	NDCG@10, IoU=0.5	NDCG@10, IoU=0.7	NDCG@20, IoU=0.3	NDCG@20, IoU=0.5	NDCG@20, IoU=0.7	NDCG@40, IoU=0.3	NDCG@40, IoU=0.5	NDCG@40, IoU=0.7	
INFO:VAL:  0.088636 0.064961 0.023215 0.093108 0.068089 0.025373 0.107573 0.079715 0.031599
INFO:TEST:  0.090447 0.064957 0.026203 0.095080 0.069607 0.028621 0.107705 0.080190 0.033806
INFO:
INFO:EPOCH: 16
INFO:NDCG@10, IoU=0.3	NDCG@10, IoU=0.5	NDCG@10, IoU=0.7	NDCG@20, IoU=0.3	NDCG@20, IoU=0.5	NDCG@20, IoU=0.7	NDCG@40, IoU=0.3	NDCG@40, IoU=0.5	NDCG@40, IoU=0.7	
INFO:VAL:  0.083810 0.060017 0.019684 0.089123 0.065109 0.022825 0.102625 0.075648 0.028925
INFO:TEST:  0.091639 0.066601 0.026661 0.096570 0.071362 0.029327 0.108751 0.081312 0.034327
INFO:
INFO:EPOCH: 16
INFO:NDCG@10, IoU=0.3	NDCG@10, IoU=0.5	NDCG@10, IoU=0.7	NDCG@20, IoU=0.3	NDCG@20, IoU=0.5	NDCG@20, IoU=0.7	NDCG@40, IoU=0.3	NDCG@40, IoU=0.5	NDCG@40, IoU=0.7	
INFO:VAL:  0.088097 0.066728 0.024672 0.093214 0.070354 0.026489 0.106651 0.080250 0.031766
INFO:TEST:  0.091716 0.066429 0.026709 0.095970 0.070565 0.028905 0.108718 0.081312 0.034377
INFO:
INFO:EPOCH: 16
INFO:NDCG@10, IoU=0.3	NDCG@10, IoU=0.5	NDCG@10, IoU=0.7	NDCG@20, IoU=0.3	NDCG@20, IoU=0.5	NDCG@20, IoU=0.7	NDCG@40, IoU=0.3	NDCG@40, IoU=0.5	NDCG@40, IoU=0.7	
INFO:VAL:  0.087667 0.063891 0.023371 0.092898 0.068333 0.025545 0.106047 0.078921 0.030952
INFO:TEST:  0.092390 0.068123 0.028165 0.095722 0.071290 0.029624 0.109079 0.082057 0.034856
INFO:
INFO:EPOCH: 17
INFO:NDCG@10, IoU=0.3	NDCG@10, IoU=0.5	NDCG@10, IoU=0.7	NDCG@20, IoU=0.3	NDCG@20, IoU=0.5	NDCG@20, IoU=0.7	NDCG@40, IoU=0.3	NDCG@40, IoU=0.5	NDCG@40, IoU=0.7	
INFO:VAL:  0.084358 0.061087 0.021899 0.091047 0.066729 0.025336 0.106364 0.079069 0.031800
INFO:TEST:  0.091752 0.066931 0.027363 0.096734 0.071351 0.029710 0.109272 0.081665 0.034757
INFO:
INFO:EPOCH: 17
INFO:NDCG@10, IoU=0.3	NDCG@10, IoU=0.5	NDCG@10, IoU=0.7	NDCG@20, IoU=0.3	NDCG@20, IoU=0.5	NDCG@20, IoU=0.7	NDCG@40, IoU=0.3	NDCG@40, IoU=0.5	NDCG@40, IoU=0.7	
INFO:VAL:  0.088078 0.063224 0.022224 0.093104 0.068361 0.026105 0.105221 0.078159 0.031046
INFO:TEST:  0.093093 0.067906 0.028002 0.098064 0.072842 0.030550 0.110482 0.082839 0.035150
INFO:
INFO:EPOCH: 17
INFO:NDCG@10, IoU=0.3	NDCG@10, IoU=0.5	NDCG@10, IoU=0.7	NDCG@20, IoU=0.3	NDCG@20, IoU=0.5	NDCG@20, IoU=0.7	NDCG@40, IoU=0.3	NDCG@40, IoU=0.5	NDCG@40, IoU=0.7	
INFO:VAL:  0.088560 0.064304 0.023932 0.094588 0.068784 0.026893 0.109178 0.080827 0.032471
INFO:TEST:  0.091535 0.067085 0.027371 0.096534 0.072047 0.030130 0.109373 0.082664 0.035243
INFO:
INFO:EPOCH: 17
INFO:NDCG@10, IoU=0.3	NDCG@10, IoU=0.5	NDCG@10, IoU=0.7	NDCG@20, IoU=0.3	NDCG@20, IoU=0.5	NDCG@20, IoU=0.7	NDCG@40, IoU=0.3	NDCG@40, IoU=0.5	NDCG@40, IoU=0.7	
INFO:VAL:  0.093037 0.067870 0.025164 0.095225 0.069564 0.026926 0.108433 0.080315 0.032131
INFO:TEST:  0.091015 0.067418 0.026577 0.097027 0.072281 0.029759 0.109294 0.082438 0.034711
INFO:
INFO:EPOCH: 18
INFO:NDCG@10, IoU=0.3	NDCG@10, IoU=0.5	NDCG@10, IoU=0.7	NDCG@20, IoU=0.3	NDCG@20, IoU=0.5	NDCG@20, IoU=0.7	NDCG@40, IoU=0.3	NDCG@40, IoU=0.5	NDCG@40, IoU=0.7	
INFO:VAL:  0.092837 0.066659 0.027843 0.098103 0.071395 0.028560 0.109978 0.080810 0.033030
INFO:TEST:  0.092781 0.067218 0.027182 0.097966 0.072159 0.029934 0.110602 0.082429 0.035093
INFO:save checkpoint: results/XML_top40_20240327_152350/model.ckpt
INFO:
INFO:EPOCH: 18
INFO:NDCG@10, IoU=0.3	NDCG@10, IoU=0.5	NDCG@10, IoU=0.7	NDCG@20, IoU=0.3	NDCG@20, IoU=0.5	NDCG@20, IoU=0.7	NDCG@40, IoU=0.3	NDCG@40, IoU=0.5	NDCG@40, IoU=0.7	
INFO:VAL:  0.092110 0.068908 0.026011 0.095092 0.071516 0.027858 0.107109 0.081113 0.032659
INFO:TEST:  0.093033 0.067691 0.027515 0.097523 0.072051 0.029751 0.109705 0.082339 0.034734
INFO:
INFO:EPOCH: 18
INFO:NDCG@10, IoU=0.3	NDCG@10, IoU=0.5	NDCG@10, IoU=0.7	NDCG@20, IoU=0.3	NDCG@20, IoU=0.5	NDCG@20, IoU=0.7	NDCG@40, IoU=0.3	NDCG@40, IoU=0.5	NDCG@40, IoU=0.7	
INFO:VAL:  0.090247 0.064843 0.023335 0.094901 0.068885 0.025927 0.107942 0.079717 0.031338
INFO:TEST:  0.093133 0.067216 0.027100 0.098465 0.072371 0.030138 0.111037 0.082847 0.035627
INFO:
INFO:EPOCH: 18
INFO:NDCG@10, IoU=0.3	NDCG@10, IoU=0.5	NDCG@10, IoU=0.7	NDCG@20, IoU=0.3	NDCG@20, IoU=0.5	NDCG@20, IoU=0.7	NDCG@40, IoU=0.3	NDCG@40, IoU=0.5	NDCG@40, IoU=0.7	
INFO:VAL:  0.094088 0.069938 0.022725 0.095791 0.071157 0.025201 0.107175 0.080591 0.030316
INFO:TEST:  0.092907 0.067409 0.027803 0.097552 0.072297 0.030191 0.110031 0.082897 0.035104
INFO:
INFO:EPOCH: 19
INFO:NDCG@10, IoU=0.3	NDCG@10, IoU=0.5	NDCG@10, IoU=0.7	NDCG@20, IoU=0.3	NDCG@20, IoU=0.5	NDCG@20, IoU=0.7	NDCG@40, IoU=0.3	NDCG@40, IoU=0.5	NDCG@40, IoU=0.7	
INFO:VAL:  0.097781 0.069728 0.025201 0.100938 0.073453 0.026681 0.113673 0.083627 0.032097
INFO:TEST:  0.093966 0.068605 0.028203 0.098330 0.072352 0.029987 0.111289 0.082918 0.035184
INFO:save checkpoint: results/XML_top40_20240327_152350/model.ckpt
INFO:
INFO:EPOCH: 19
INFO:NDCG@10, IoU=0.3	NDCG@10, IoU=0.5	NDCG@10, IoU=0.7	NDCG@20, IoU=0.3	NDCG@20, IoU=0.5	NDCG@20, IoU=0.7	NDCG@40, IoU=0.3	NDCG@40, IoU=0.5	NDCG@40, IoU=0.7	
INFO:VAL:  0.093676 0.067158 0.025454 0.098769 0.071834 0.026779 0.111007 0.082370 0.032560
INFO:TEST:  0.095899 0.069517 0.030055 0.100122 0.073566 0.031728 0.112961 0.084224 0.037122
INFO:
INFO:EPOCH: 19
INFO:NDCG@10, IoU=0.3	NDCG@10, IoU=0.5	NDCG@10, IoU=0.7	NDCG@20, IoU=0.3	NDCG@20, IoU=0.5	NDCG@20, IoU=0.7	NDCG@40, IoU=0.3	NDCG@40, IoU=0.5	NDCG@40, IoU=0.7	
INFO:VAL:  0.095321 0.069727 0.026679 0.100135 0.073450 0.028481 0.113301 0.084056 0.033806
INFO:TEST:  0.093733 0.067647 0.027747 0.099187 0.072732 0.029904 0.111290 0.083145 0.034948
INFO:save checkpoint: results/XML_top40_20240327_152350/model.ckpt
INFO:
INFO:EPOCH: 19
INFO:NDCG@10, IoU=0.3	NDCG@10, IoU=0.5	NDCG@10, IoU=0.7	NDCG@20, IoU=0.3	NDCG@20, IoU=0.5	NDCG@20, IoU=0.7	NDCG@40, IoU=0.3	NDCG@40, IoU=0.5	NDCG@40, IoU=0.7	
INFO:VAL:  0.092340 0.065919 0.026580 0.097197 0.071235 0.028783 0.110442 0.081690 0.033102
INFO:TEST:  0.095872 0.069779 0.029210 0.100970 0.074255 0.031738 0.113128 0.084873 0.036648
INFO:
INFO:EPOCH: 20
INFO:NDCG@10, IoU=0.3	NDCG@10, IoU=0.5	NDCG@10, IoU=0.7	NDCG@20, IoU=0.3	NDCG@20, IoU=0.5	NDCG@20, IoU=0.7	NDCG@40, IoU=0.3	NDCG@40, IoU=0.5	NDCG@40, IoU=0.7	
INFO:VAL:  0.113500 0.078931 0.030360 0.116705 0.082968 0.032127 0.130848 0.095210 0.038179
INFO:TEST:  0.110623 0.080145 0.034148 0.114120 0.084409 0.036250 0.127342 0.095572 0.042114
INFO:save checkpoint: results/XML_top40_20240327_152350/model.ckpt
INFO:
INFO:EPOCH: 20
INFO:NDCG@10, IoU=0.3	NDCG@10, IoU=0.5	NDCG@10, IoU=0.7	NDCG@20, IoU=0.3	NDCG@20, IoU=0.5	NDCG@20, IoU=0.7	NDCG@40, IoU=0.3	NDCG@40, IoU=0.5	NDCG@40, IoU=0.7	
INFO:VAL:  0.114881 0.084357 0.029127 0.118651 0.088171 0.033475 0.131836 0.100096 0.039016
INFO:TEST:  0.112433 0.082085 0.032461 0.116265 0.086346 0.035291 0.129064 0.097592 0.041208
INFO:save checkpoint: results/XML_top40_20240327_152350/model.ckpt
INFO:
INFO:EPOCH: 20
INFO:NDCG@10, IoU=0.3	NDCG@10, IoU=0.5	NDCG@10, IoU=0.7	NDCG@20, IoU=0.3	NDCG@20, IoU=0.5	NDCG@20, IoU=0.7	NDCG@40, IoU=0.3	NDCG@40, IoU=0.5	NDCG@40, IoU=0.7	
INFO:VAL:  0.119695 0.086875 0.032100 0.122207 0.090876 0.035062 0.135255 0.101611 0.042460
INFO:TEST:  0.117835 0.085580 0.034699 0.121066 0.089427 0.037557 0.133651 0.100893 0.043493
INFO:save checkpoint: results/XML_top40_20240327_152350/model.ckpt
INFO:
INFO:EPOCH: 20
INFO:NDCG@10, IoU=0.3	NDCG@10, IoU=0.5	NDCG@10, IoU=0.7	NDCG@20, IoU=0.3	NDCG@20, IoU=0.5	NDCG@20, IoU=0.7	NDCG@40, IoU=0.3	NDCG@40, IoU=0.5	NDCG@40, IoU=0.7	
INFO:VAL:  0.123034 0.090567 0.033327 0.126160 0.094654 0.036878 0.138193 0.105434 0.042397
INFO:TEST:  0.119624 0.087355 0.035768 0.123945 0.091863 0.039025 0.136469 0.102700 0.044842
INFO:save checkpoint: results/XML_top40_20240327_152350/model.ckpt
INFO:
INFO:EPOCH: 21
INFO:NDCG@10, IoU=0.3	NDCG@10, IoU=0.5	NDCG@10, IoU=0.7	NDCG@20, IoU=0.3	NDCG@20, IoU=0.5	NDCG@20, IoU=0.7	NDCG@40, IoU=0.3	NDCG@40, IoU=0.5	NDCG@40, IoU=0.7	
INFO:VAL:  0.124620 0.089431 0.033426 0.126197 0.092246 0.035793 0.138291 0.102972 0.040591
INFO:TEST:  0.123952 0.090715 0.036274 0.127418 0.094701 0.039469 0.139849 0.105270 0.045083
INFO:
INFO:EPOCH: 21
INFO:NDCG@10, IoU=0.3	NDCG@10, IoU=0.5	NDCG@10, IoU=0.7	NDCG@20, IoU=0.3	NDCG@20, IoU=0.5	NDCG@20, IoU=0.7	NDCG@40, IoU=0.3	NDCG@40, IoU=0.5	NDCG@40, IoU=0.7	
INFO:VAL:  0.123673 0.093525 0.033907 0.125371 0.095427 0.037257 0.137767 0.105241 0.041901
INFO:TEST:  0.123751 0.091622 0.037520 0.126459 0.094287 0.039783 0.139089 0.105356 0.045600
INFO:save checkpoint: results/XML_top40_20240327_152350/model.ckpt
INFO:
INFO:EPOCH: 21
INFO:NDCG@10, IoU=0.3	NDCG@10, IoU=0.5	NDCG@10, IoU=0.7	NDCG@20, IoU=0.3	NDCG@20, IoU=0.5	NDCG@20, IoU=0.7	NDCG@40, IoU=0.3	NDCG@40, IoU=0.5	NDCG@40, IoU=0.7	
INFO:VAL:  0.127363 0.093671 0.032887 0.130361 0.098457 0.036638 0.142273 0.108372 0.042694
INFO:TEST:  0.125124 0.090099 0.035896 0.128019 0.093660 0.039092 0.141188 0.105870 0.045929
INFO:save checkpoint: results/XML_top40_20240327_152350/model.ckpt
INFO:
INFO:EPOCH: 21
INFO:NDCG@10, IoU=0.3	NDCG@10, IoU=0.5	NDCG@10, IoU=0.7	NDCG@20, IoU=0.3	NDCG@20, IoU=0.5	NDCG@20, IoU=0.7	NDCG@40, IoU=0.3	NDCG@40, IoU=0.5	NDCG@40, IoU=0.7	
INFO:VAL:  0.129534 0.097304 0.035734 0.130276 0.098420 0.038176 0.144269 0.109057 0.045105
INFO:TEST:  0.126096 0.092300 0.036886 0.129759 0.096417 0.039835 0.142093 0.107113 0.045540
INFO:save checkpoint: results/XML_top40_20240327_152350/model.ckpt
INFO:
INFO:EPOCH: 22
INFO:NDCG@10, IoU=0.3	NDCG@10, IoU=0.5	NDCG@10, IoU=0.7	NDCG@20, IoU=0.3	NDCG@20, IoU=0.5	NDCG@20, IoU=0.7	NDCG@40, IoU=0.3	NDCG@40, IoU=0.5	NDCG@40, IoU=0.7	
INFO:VAL:  0.132120 0.097221 0.036346 0.133982 0.098850 0.038762 0.145977 0.108575 0.044235
INFO:TEST:  0.125530 0.092829 0.038008 0.129285 0.097100 0.040594 0.142256 0.108160 0.046451
INFO:save checkpoint: results/XML_top40_20240327_152350/model.ckpt
INFO:
INFO:EPOCH: 22
INFO:NDCG@10, IoU=0.3	NDCG@10, IoU=0.5	NDCG@10, IoU=0.7	NDCG@20, IoU=0.3	NDCG@20, IoU=0.5	NDCG@20, IoU=0.7	NDCG@40, IoU=0.3	NDCG@40, IoU=0.5	NDCG@40, IoU=0.7	
INFO:VAL:  0.127565 0.093113 0.034635 0.129914 0.097076 0.036583 0.142717 0.107980 0.042449
INFO:TEST:  0.128094 0.095649 0.038926 0.131219 0.098717 0.041299 0.143507 0.109325 0.046833
INFO:
INFO:EPOCH: 22
INFO:NDCG@10, IoU=0.3	NDCG@10, IoU=0.5	NDCG@10, IoU=0.7	NDCG@20, IoU=0.3	NDCG@20, IoU=0.5	NDCG@20, IoU=0.7	NDCG@40, IoU=0.3	NDCG@40, IoU=0.5	NDCG@40, IoU=0.7	
INFO:VAL:  0.129291 0.091883 0.033116 0.133279 0.095497 0.035278 0.145884 0.106341 0.043115
INFO:TEST:  0.131295 0.097297 0.039858 0.134608 0.100812 0.042678 0.147026 0.111555 0.048285
INFO:
INFO:EPOCH: 22
INFO:NDCG@10, IoU=0.3	NDCG@10, IoU=0.5	NDCG@10, IoU=0.7	NDCG@20, IoU=0.3	NDCG@20, IoU=0.5	NDCG@20, IoU=0.7	NDCG@40, IoU=0.3	NDCG@40, IoU=0.5	NDCG@40, IoU=0.7	
INFO:VAL:  0.131552 0.098061 0.036501 0.133677 0.101247 0.039871 0.146551 0.112225 0.045894
INFO:TEST:  0.133265 0.098503 0.041077 0.135283 0.100712 0.042911 0.148162 0.111958 0.049387
INFO:save checkpoint: results/XML_top40_20240327_152350/model.ckpt
INFO:
INFO:EPOCH: 23
INFO:NDCG@10, IoU=0.3	NDCG@10, IoU=0.5	NDCG@10, IoU=0.7	NDCG@20, IoU=0.3	NDCG@20, IoU=0.5	NDCG@20, IoU=0.7	NDCG@40, IoU=0.3	NDCG@40, IoU=0.5	NDCG@40, IoU=0.7	
INFO:VAL:  0.133629 0.096311 0.036448 0.135374 0.099237 0.038487 0.148378 0.111154 0.044882
INFO:TEST:  0.133653 0.097478 0.040920 0.136411 0.101338 0.043589 0.148502 0.111827 0.049535
INFO:
INFO:EPOCH: 23
INFO:NDCG@10, IoU=0.3	NDCG@10, IoU=0.5	NDCG@10, IoU=0.7	NDCG@20, IoU=0.3	NDCG@20, IoU=0.5	NDCG@20, IoU=0.7	NDCG@40, IoU=0.3	NDCG@40, IoU=0.5	NDCG@40, IoU=0.7	
INFO:VAL:  0.134061 0.097159 0.033826 0.136488 0.100547 0.037785 0.147602 0.110360 0.043716
INFO:TEST:  0.130527 0.095101 0.039949 0.133588 0.098957 0.042075 0.146542 0.110262 0.048149
INFO:
INFO:EPOCH: 23
INFO:NDCG@10, IoU=0.3	NDCG@10, IoU=0.5	NDCG@10, IoU=0.7	NDCG@20, IoU=0.3	NDCG@20, IoU=0.5	NDCG@20, IoU=0.7	NDCG@40, IoU=0.3	NDCG@40, IoU=0.5	NDCG@40, IoU=0.7	
INFO:VAL:  0.133124 0.096919 0.036428 0.135879 0.100435 0.039672 0.149816 0.111195 0.045472
INFO:TEST:  0.132681 0.096897 0.040988 0.135593 0.100067 0.042950 0.148507 0.112066 0.049659
INFO:save checkpoint: results/XML_top40_20240327_152350/model.ckpt
INFO:
INFO:EPOCH: 23
INFO:NDCG@10, IoU=0.3	NDCG@10, IoU=0.5	NDCG@10, IoU=0.7	NDCG@20, IoU=0.3	NDCG@20, IoU=0.5	NDCG@20, IoU=0.7	NDCG@40, IoU=0.3	NDCG@40, IoU=0.5	NDCG@40, IoU=0.7	
INFO:VAL:  0.135132 0.100186 0.038374 0.137833 0.103658 0.040856 0.150997 0.114698 0.047149
INFO:TEST:  0.138929 0.102691 0.042479 0.140307 0.104922 0.044026 0.152694 0.116212 0.050616
INFO:save checkpoint: results/XML_top40_20240327_152350/model.ckpt
INFO:
INFO:EPOCH: 24
INFO:NDCG@10, IoU=0.3	NDCG@10, IoU=0.5	NDCG@10, IoU=0.7	NDCG@20, IoU=0.3	NDCG@20, IoU=0.5	NDCG@20, IoU=0.7	NDCG@40, IoU=0.3	NDCG@40, IoU=0.5	NDCG@40, IoU=0.7	
INFO:VAL:  0.135743 0.099395 0.035955 0.139149 0.103783 0.039359 0.153175 0.115657 0.046204
INFO:TEST:  0.136377 0.099702 0.041529 0.138547 0.102876 0.043983 0.151305 0.114368 0.050400
INFO:
INFO:EPOCH: 24
INFO:NDCG@10, IoU=0.3	NDCG@10, IoU=0.5	NDCG@10, IoU=0.7	NDCG@20, IoU=0.3	NDCG@20, IoU=0.5	NDCG@20, IoU=0.7	NDCG@40, IoU=0.3	NDCG@40, IoU=0.5	NDCG@40, IoU=0.7	
INFO:VAL:  0.133478 0.099531 0.037997 0.136797 0.102770 0.041359 0.150415 0.114155 0.046742
INFO:TEST:  0.137993 0.100554 0.041287 0.139425 0.103195 0.043137 0.152180 0.114907 0.049918
INFO:
INFO:EPOCH: 24
INFO:NDCG@10, IoU=0.3	NDCG@10, IoU=0.5	NDCG@10, IoU=0.7	NDCG@20, IoU=0.3	NDCG@20, IoU=0.5	NDCG@20, IoU=0.7	NDCG@40, IoU=0.3	NDCG@40, IoU=0.5	NDCG@40, IoU=0.7	
INFO:VAL:  0.134188 0.097904 0.036262 0.135552 0.100854 0.039195 0.147915 0.111816 0.045292
INFO:TEST:  0.134865 0.099579 0.040745 0.138434 0.102753 0.043569 0.150852 0.114065 0.049387
INFO:
INFO:EPOCH: 24
INFO:NDCG@10, IoU=0.3	NDCG@10, IoU=0.5	NDCG@10, IoU=0.7	NDCG@20, IoU=0.3	NDCG@20, IoU=0.5	NDCG@20, IoU=0.7	NDCG@40, IoU=0.3	NDCG@40, IoU=0.5	NDCG@40, IoU=0.7	
INFO:VAL:  0.138014 0.100464 0.038487 0.140895 0.103755 0.042313 0.152291 0.113941 0.048628
INFO:TEST:  0.138169 0.100467 0.042117 0.140246 0.103702 0.044775 0.152325 0.114455 0.050641
INFO:save checkpoint: results/XML_top40_20240327_152350/model.ckpt
INFO:
INFO:EPOCH: 25
INFO:NDCG@10, IoU=0.3	NDCG@10, IoU=0.5	NDCG@10, IoU=0.7	NDCG@20, IoU=0.3	NDCG@20, IoU=0.5	NDCG@20, IoU=0.7	NDCG@40, IoU=0.3	NDCG@40, IoU=0.5	NDCG@40, IoU=0.7	
INFO:VAL:  0.134486 0.100077 0.040291 0.138871 0.102970 0.042575 0.151294 0.113048 0.048239
INFO:TEST:  0.138193 0.101039 0.040820 0.140759 0.104318 0.043919 0.153378 0.115433 0.050302
INFO:
INFO:EPOCH: 25
INFO:NDCG@10, IoU=0.3	NDCG@10, IoU=0.5	NDCG@10, IoU=0.7	NDCG@20, IoU=0.3	NDCG@20, IoU=0.5	NDCG@20, IoU=0.7	NDCG@40, IoU=0.3	NDCG@40, IoU=0.5	NDCG@40, IoU=0.7	
INFO:VAL:  0.133832 0.097782 0.037653 0.137133 0.100929 0.041140 0.151424 0.113019 0.048138
INFO:TEST:  0.138412 0.100238 0.042474 0.140224 0.103328 0.044468 0.152929 0.115314 0.051101
INFO:
INFO:EPOCH: 25
INFO:NDCG@10, IoU=0.3	NDCG@10, IoU=0.5	NDCG@10, IoU=0.7	NDCG@20, IoU=0.3	NDCG@20, IoU=0.5	NDCG@20, IoU=0.7	NDCG@40, IoU=0.3	NDCG@40, IoU=0.5	NDCG@40, IoU=0.7	
INFO:VAL:  0.132464 0.097755 0.036192 0.135798 0.101628 0.040157 0.149001 0.112848 0.046921
INFO:TEST:  0.139095 0.102466 0.042813 0.140768 0.105196 0.045342 0.153571 0.116315 0.051241
INFO:
INFO:EPOCH: 25
INFO:NDCG@10, IoU=0.3	NDCG@10, IoU=0.5	NDCG@10, IoU=0.7	NDCG@20, IoU=0.3	NDCG@20, IoU=0.5	NDCG@20, IoU=0.7	NDCG@40, IoU=0.3	NDCG@40, IoU=0.5	NDCG@40, IoU=0.7	
INFO:VAL:  0.136435 0.099368 0.038119 0.139006 0.102798 0.040375 0.153073 0.114173 0.047061
INFO:TEST:  0.139936 0.102672 0.043496 0.141202 0.104926 0.045423 0.153473 0.116311 0.051622
INFO:
INFO:EPOCH: 26
INFO:NDCG@10, IoU=0.3	NDCG@10, IoU=0.5	NDCG@10, IoU=0.7	NDCG@20, IoU=0.3	NDCG@20, IoU=0.5	NDCG@20, IoU=0.7	NDCG@40, IoU=0.3	NDCG@40, IoU=0.5	NDCG@40, IoU=0.7	
INFO:VAL:  0.132891 0.098266 0.036680 0.137237 0.102366 0.039693 0.150598 0.113537 0.046611
INFO:TEST:  0.138932 0.102140 0.042753 0.141468 0.105205 0.045177 0.153969 0.116956 0.051706
INFO:
INFO:EPOCH: 26
INFO:NDCG@10, IoU=0.3	NDCG@10, IoU=0.5	NDCG@10, IoU=0.7	NDCG@20, IoU=0.3	NDCG@20, IoU=0.5	NDCG@20, IoU=0.7	NDCG@40, IoU=0.3	NDCG@40, IoU=0.5	NDCG@40, IoU=0.7	
INFO:VAL:  0.134268 0.097670 0.037618 0.137278 0.101637 0.040383 0.151093 0.113506 0.046933
INFO:TEST:  0.139567 0.101472 0.042704 0.142254 0.105584 0.045332 0.154892 0.116982 0.051851
INFO:
INFO:EPOCH: 26
INFO:NDCG@10, IoU=0.3	NDCG@10, IoU=0.5	NDCG@10, IoU=0.7	NDCG@20, IoU=0.3	NDCG@20, IoU=0.5	NDCG@20, IoU=0.7	NDCG@40, IoU=0.3	NDCG@40, IoU=0.5	NDCG@40, IoU=0.7	
INFO:VAL:  0.140738 0.102333 0.037164 0.142043 0.104592 0.039881 0.155110 0.115676 0.046972
INFO:TEST:  0.141389 0.103570 0.044020 0.144147 0.107302 0.046294 0.156036 0.118122 0.052467
INFO:save checkpoint: results/XML_top40_20240327_152350/model.ckpt
INFO:
INFO:EPOCH: 26
INFO:NDCG@10, IoU=0.3	NDCG@10, IoU=0.5	NDCG@10, IoU=0.7	NDCG@20, IoU=0.3	NDCG@20, IoU=0.5	NDCG@20, IoU=0.7	NDCG@40, IoU=0.3	NDCG@40, IoU=0.5	NDCG@40, IoU=0.7	
INFO:VAL:  0.138770 0.101696 0.037813 0.141098 0.104462 0.040573 0.154717 0.116802 0.047401
INFO:TEST:  0.141689 0.103655 0.043245 0.143934 0.106529 0.045778 0.156222 0.117933 0.052129
INFO:
INFO:EPOCH: 27
INFO:NDCG@10, IoU=0.3	NDCG@10, IoU=0.5	NDCG@10, IoU=0.7	NDCG@20, IoU=0.3	NDCG@20, IoU=0.5	NDCG@20, IoU=0.7	NDCG@40, IoU=0.3	NDCG@40, IoU=0.5	NDCG@40, IoU=0.7	
INFO:VAL:  0.136858 0.099075 0.037960 0.140016 0.103292 0.041027 0.154809 0.116739 0.047782
INFO:TEST:  0.142345 0.104901 0.043723 0.145027 0.108322 0.046384 0.156845 0.119430 0.052497
INFO:
INFO:EPOCH: 27
INFO:NDCG@10, IoU=0.3	NDCG@10, IoU=0.5	NDCG@10, IoU=0.7	NDCG@20, IoU=0.3	NDCG@20, IoU=0.5	NDCG@20, IoU=0.7	NDCG@40, IoU=0.3	NDCG@40, IoU=0.5	NDCG@40, IoU=0.7	
INFO:VAL:  0.143677 0.105784 0.040152 0.144673 0.107913 0.042243 0.159046 0.119557 0.048203
INFO:TEST:  0.143175 0.103953 0.044049 0.146010 0.107569 0.046576 0.158053 0.119247 0.053293
INFO:save checkpoint: results/XML_top40_20240327_152350/model.ckpt
INFO:
INFO:EPOCH: 27
INFO:NDCG@10, IoU=0.3	NDCG@10, IoU=0.5	NDCG@10, IoU=0.7	NDCG@20, IoU=0.3	NDCG@20, IoU=0.5	NDCG@20, IoU=0.7	NDCG@40, IoU=0.3	NDCG@40, IoU=0.5	NDCG@40, IoU=0.7	
INFO:VAL:  0.137833 0.098783 0.037270 0.141087 0.103532 0.040168 0.154961 0.116360 0.047266
INFO:TEST:  0.144897 0.106606 0.044376 0.147126 0.109349 0.046821 0.159166 0.120452 0.052638
INFO:
INFO:EPOCH: 27
INFO:NDCG@10, IoU=0.3	NDCG@10, IoU=0.5	NDCG@10, IoU=0.7	NDCG@20, IoU=0.3	NDCG@20, IoU=0.5	NDCG@20, IoU=0.7	NDCG@40, IoU=0.3	NDCG@40, IoU=0.5	NDCG@40, IoU=0.7	
INFO:VAL:  0.142777 0.103261 0.041879 0.145814 0.107520 0.044433 0.157882 0.117999 0.050441
INFO:TEST:  0.143463 0.104840 0.044682 0.145941 0.108619 0.047347 0.158187 0.119795 0.053295
INFO:save checkpoint: results/XML_top40_20240327_152350/model.ckpt
INFO:
INFO:EPOCH: 28
INFO:NDCG@10, IoU=0.3	NDCG@10, IoU=0.5	NDCG@10, IoU=0.7	NDCG@20, IoU=0.3	NDCG@20, IoU=0.5	NDCG@20, IoU=0.7	NDCG@40, IoU=0.3	NDCG@40, IoU=0.5	NDCG@40, IoU=0.7	
INFO:VAL:  0.142234 0.106283 0.039128 0.145715 0.109020 0.042728 0.159182 0.120775 0.049901
INFO:TEST:  0.143382 0.105014 0.044360 0.145431 0.108561 0.047240 0.157879 0.119673 0.053769
INFO:save checkpoint: results/XML_top40_20240327_152350/model.ckpt
INFO:
INFO:EPOCH: 28
INFO:NDCG@10, IoU=0.3	NDCG@10, IoU=0.5	NDCG@10, IoU=0.7	NDCG@20, IoU=0.3	NDCG@20, IoU=0.5	NDCG@20, IoU=0.7	NDCG@40, IoU=0.3	NDCG@40, IoU=0.5	NDCG@40, IoU=0.7	
INFO:VAL:  0.139498 0.102613 0.039280 0.143160 0.106756 0.042856 0.156461 0.118457 0.049602
INFO:TEST:  0.143461 0.103943 0.043582 0.145700 0.107524 0.046229 0.158729 0.119475 0.053106
INFO:
INFO:EPOCH: 28
INFO:NDCG@10, IoU=0.3	NDCG@10, IoU=0.5	NDCG@10, IoU=0.7	NDCG@20, IoU=0.3	NDCG@20, IoU=0.5	NDCG@20, IoU=0.7	NDCG@40, IoU=0.3	NDCG@40, IoU=0.5	NDCG@40, IoU=0.7	
INFO:VAL:  0.142372 0.102105 0.038597 0.146157 0.106800 0.041277 0.157655 0.118722 0.049768
INFO:TEST:  0.142922 0.105228 0.044170 0.146125 0.109368 0.046952 0.159338 0.121210 0.053718
INFO:
INFO:EPOCH: 28
INFO:NDCG@10, IoU=0.3	NDCG@10, IoU=0.5	NDCG@10, IoU=0.7	NDCG@20, IoU=0.3	NDCG@20, IoU=0.5	NDCG@20, IoU=0.7	NDCG@40, IoU=0.3	NDCG@40, IoU=0.5	NDCG@40, IoU=0.7	
INFO:VAL:  0.144734 0.105947 0.041355 0.147496 0.110602 0.042983 0.159256 0.120735 0.049864
INFO:TEST:  0.145168 0.107206 0.044703 0.148197 0.111445 0.047939 0.160702 0.122626 0.054491
INFO:save checkpoint: results/XML_top40_20240327_152350/model.ckpt
INFO:
INFO:EPOCH: 29
INFO:NDCG@10, IoU=0.3	NDCG@10, IoU=0.5	NDCG@10, IoU=0.7	NDCG@20, IoU=0.3	NDCG@20, IoU=0.5	NDCG@20, IoU=0.7	NDCG@40, IoU=0.3	NDCG@40, IoU=0.5	NDCG@40, IoU=0.7	
INFO:VAL:  0.142338 0.103464 0.042439 0.145615 0.107485 0.043437 0.158838 0.119966 0.050845
INFO:TEST:  0.145881 0.106756 0.045246 0.147778 0.110065 0.047298 0.160399 0.121492 0.053735
INFO:
INFO:EPOCH: 29
INFO:NDCG@10, IoU=0.3	NDCG@10, IoU=0.5	NDCG@10, IoU=0.7	NDCG@20, IoU=0.3	NDCG@20, IoU=0.5	NDCG@20, IoU=0.7	NDCG@40, IoU=0.3	NDCG@40, IoU=0.5	NDCG@40, IoU=0.7	
INFO:VAL:  0.142632 0.104558 0.040938 0.143257 0.107303 0.041942 0.156699 0.117982 0.048425
INFO:TEST:  0.147142 0.107276 0.044292 0.148223 0.110029 0.046669 0.161157 0.121534 0.053115
INFO:
INFO:EPOCH: 29
INFO:NDCG@10, IoU=0.3	NDCG@10, IoU=0.5	NDCG@10, IoU=0.7	NDCG@20, IoU=0.3	NDCG@20, IoU=0.5	NDCG@20, IoU=0.7	NDCG@40, IoU=0.3	NDCG@40, IoU=0.5	NDCG@40, IoU=0.7	
INFO:VAL:  0.143811 0.105769 0.039847 0.146377 0.108729 0.042459 0.158766 0.119365 0.049569
INFO:TEST:  0.147492 0.107790 0.045395 0.149620 0.111205 0.047416 0.161582 0.122564 0.053545
INFO:
INFO:EPOCH: 29
INFO:NDCG@10, IoU=0.3	NDCG@10, IoU=0.5	NDCG@10, IoU=0.7	NDCG@20, IoU=0.3	NDCG@20, IoU=0.5	NDCG@20, IoU=0.7	NDCG@40, IoU=0.3	NDCG@40, IoU=0.5	NDCG@40, IoU=0.7	
INFO:VAL:  0.146059 0.106108 0.040062 0.149735 0.109726 0.043009 0.161630 0.120244 0.050664
INFO:TEST:  0.147767 0.108147 0.044438 0.149170 0.110648 0.047178 0.161308 0.122062 0.053721
INFO:save checkpoint: results/XML_top40_20240327_152350/model.ckpt
INFO:
INFO:EPOCH: 30
INFO:NDCG@10, IoU=0.3	NDCG@10, IoU=0.5	NDCG@10, IoU=0.7	NDCG@20, IoU=0.3	NDCG@20, IoU=0.5	NDCG@20, IoU=0.7	NDCG@40, IoU=0.3	NDCG@40, IoU=0.5	NDCG@40, IoU=0.7	
INFO:VAL:  0.144077 0.103542 0.039872 0.148717 0.109198 0.043467 0.162373 0.121093 0.050830
INFO:TEST:  0.145813 0.108105 0.044397 0.147814 0.110942 0.047486 0.160333 0.122412 0.053824
INFO:
INFO:EPOCH: 30
INFO:NDCG@10, IoU=0.3	NDCG@10, IoU=0.5	NDCG@10, IoU=0.7	NDCG@20, IoU=0.3	NDCG@20, IoU=0.5	NDCG@20, IoU=0.7	NDCG@40, IoU=0.3	NDCG@40, IoU=0.5	NDCG@40, IoU=0.7	
INFO:VAL:  0.145018 0.105652 0.042184 0.146378 0.109342 0.044638 0.160399 0.120190 0.051021
INFO:TEST:  0.147236 0.107186 0.045557 0.147927 0.108936 0.047519 0.160536 0.120330 0.054247
INFO:
INFO:EPOCH: 30
INFO:NDCG@10, IoU=0.3	NDCG@10, IoU=0.5	NDCG@10, IoU=0.7	NDCG@20, IoU=0.3	NDCG@20, IoU=0.5	NDCG@20, IoU=0.7	NDCG@40, IoU=0.3	NDCG@40, IoU=0.5	NDCG@40, IoU=0.7	
INFO:VAL:  0.145444 0.106556 0.041164 0.146020 0.109450 0.043406 0.160406 0.120882 0.049783
INFO:TEST:  0.149521 0.109096 0.046042 0.150443 0.111483 0.048082 0.162809 0.122983 0.054684
INFO:
INFO:EPOCH: 30
INFO:NDCG@10, IoU=0.3	NDCG@10, IoU=0.5	NDCG@10, IoU=0.7	NDCG@20, IoU=0.3	NDCG@20, IoU=0.5	NDCG@20, IoU=0.7	NDCG@40, IoU=0.3	NDCG@40, IoU=0.5	NDCG@40, IoU=0.7	
INFO:VAL:  0.140775 0.102681 0.038996 0.144219 0.107220 0.041056 0.158227 0.120083 0.048848
INFO:TEST:  0.146931 0.107551 0.044321 0.148698 0.110581 0.046675 0.161923 0.122381 0.053095
INFO:
INFO:EPOCH: 31
INFO:NDCG@10, IoU=0.3	NDCG@10, IoU=0.5	NDCG@10, IoU=0.7	NDCG@20, IoU=0.3	NDCG@20, IoU=0.5	NDCG@20, IoU=0.7	NDCG@40, IoU=0.3	NDCG@40, IoU=0.5	NDCG@40, IoU=0.7	
INFO:VAL:  0.143397 0.103435 0.039868 0.145451 0.107422 0.042202 0.158872 0.119558 0.048844
INFO:TEST:  0.147394 0.108598 0.044591 0.149894 0.112231 0.047668 0.162563 0.123967 0.054227
INFO:
INFO:EPOCH: 31
INFO:NDCG@10, IoU=0.3	NDCG@10, IoU=0.5	NDCG@10, IoU=0.7	NDCG@20, IoU=0.3	NDCG@20, IoU=0.5	NDCG@20, IoU=0.7	NDCG@40, IoU=0.3	NDCG@40, IoU=0.5	NDCG@40, IoU=0.7	
INFO:VAL:  0.144475 0.104699 0.040997 0.148996 0.109139 0.043624 0.163066 0.121981 0.051777
INFO:TEST:  0.148120 0.108108 0.046000 0.149913 0.111503 0.048643 0.162557 0.123014 0.055304
INFO:save checkpoint: results/XML_top40_20240327_152350/model.ckpt
INFO:
INFO:EPOCH: 31
INFO:NDCG@10, IoU=0.3	NDCG@10, IoU=0.5	NDCG@10, IoU=0.7	NDCG@20, IoU=0.3	NDCG@20, IoU=0.5	NDCG@20, IoU=0.7	NDCG@40, IoU=0.3	NDCG@40, IoU=0.5	NDCG@40, IoU=0.7	
INFO:VAL:  0.147583 0.106092 0.040844 0.149205 0.110144 0.043977 0.162460 0.121385 0.051398
INFO:TEST:  0.150525 0.110407 0.046251 0.152378 0.113558 0.048411 0.164436 0.124085 0.055243
INFO:save checkpoint: results/XML_top40_20240327_152350/model.ckpt
INFO:
INFO:EPOCH: 31
INFO:NDCG@10, IoU=0.3	NDCG@10, IoU=0.5	NDCG@10, IoU=0.7	NDCG@20, IoU=0.3	NDCG@20, IoU=0.5	NDCG@20, IoU=0.7	NDCG@40, IoU=0.3	NDCG@40, IoU=0.5	NDCG@40, IoU=0.7	
INFO:VAL:  0.146646 0.104244 0.039036 0.150664 0.110427 0.043744 0.164664 0.123080 0.051000
INFO:TEST:  0.150129 0.111675 0.046767 0.151148 0.113600 0.049149 0.164399 0.125500 0.056044
INFO:save checkpoint: results/XML_top40_20240327_152350/model.ckpt
INFO:
INFO:EPOCH: 32
INFO:NDCG@10, IoU=0.3	NDCG@10, IoU=0.5	NDCG@10, IoU=0.7	NDCG@20, IoU=0.3	NDCG@20, IoU=0.5	NDCG@20, IoU=0.7	NDCG@40, IoU=0.3	NDCG@40, IoU=0.5	NDCG@40, IoU=0.7	
INFO:VAL:  0.148613 0.107151 0.041446 0.151452 0.110601 0.043470 0.164340 0.123127 0.051458
INFO:TEST:  0.148578 0.110996 0.046542 0.150608 0.113057 0.048565 0.163307 0.124033 0.054992
INFO:save checkpoint: results/XML_top40_20240327_152350/model.ckpt
INFO:
INFO:EPOCH: 32
INFO:NDCG@10, IoU=0.3	NDCG@10, IoU=0.5	NDCG@10, IoU=0.7	NDCG@20, IoU=0.3	NDCG@20, IoU=0.5	NDCG@20, IoU=0.7	NDCG@40, IoU=0.3	NDCG@40, IoU=0.5	NDCG@40, IoU=0.7	
INFO:VAL:  0.148655 0.112963 0.044558 0.149932 0.114575 0.045731 0.162910 0.125776 0.052705
INFO:TEST:  0.150450 0.112875 0.047649 0.151880 0.115004 0.049611 0.163815 0.125888 0.056068
INFO:save checkpoint: results/XML_top40_20240327_152350/model.ckpt
INFO:
INFO:EPOCH: 32
INFO:NDCG@10, IoU=0.3	NDCG@10, IoU=0.5	NDCG@10, IoU=0.7	NDCG@20, IoU=0.3	NDCG@20, IoU=0.5	NDCG@20, IoU=0.7	NDCG@40, IoU=0.3	NDCG@40, IoU=0.5	NDCG@40, IoU=0.7	
INFO:VAL:  0.153411 0.109090 0.039960 0.154802 0.113417 0.042989 0.167318 0.123370 0.050509
INFO:TEST:  0.153832 0.113351 0.046678 0.153974 0.114918 0.048952 0.165866 0.126072 0.055693
INFO:
INFO:EPOCH: 32
INFO:NDCG@10, IoU=0.3	NDCG@10, IoU=0.5	NDCG@10, IoU=0.7	NDCG@20, IoU=0.3	NDCG@20, IoU=0.5	NDCG@20, IoU=0.7	NDCG@40, IoU=0.3	NDCG@40, IoU=0.5	NDCG@40, IoU=0.7	
INFO:VAL:  0.151993 0.110496 0.043708 0.153130 0.112567 0.045963 0.165974 0.123185 0.052396
INFO:TEST:  0.151826 0.112715 0.046187 0.153371 0.115559 0.049157 0.165937 0.126960 0.055302
INFO:save checkpoint: results/XML_top40_20240327_152350/model.ckpt
INFO:
INFO:EPOCH: 33
INFO:NDCG@10, IoU=0.3	NDCG@10, IoU=0.5	NDCG@10, IoU=0.7	NDCG@20, IoU=0.3	NDCG@20, IoU=0.5	NDCG@20, IoU=0.7	NDCG@40, IoU=0.3	NDCG@40, IoU=0.5	NDCG@40, IoU=0.7	
INFO:VAL:  0.151449 0.112364 0.043057 0.152291 0.113248 0.044866 0.164149 0.124573 0.051662
INFO:TEST:  0.150237 0.111378 0.045330 0.152646 0.114882 0.048165 0.165618 0.126295 0.055038
INFO:
INFO:EPOCH: 33
INFO:NDCG@10, IoU=0.3	NDCG@10, IoU=0.5	NDCG@10, IoU=0.7	NDCG@20, IoU=0.3	NDCG@20, IoU=0.5	NDCG@20, IoU=0.7	NDCG@40, IoU=0.3	NDCG@40, IoU=0.5	NDCG@40, IoU=0.7	
INFO:VAL:  0.152342 0.111964 0.041214 0.153909 0.114355 0.044549 0.167881 0.126207 0.051420
INFO:TEST:  0.153638 0.112981 0.046404 0.155116 0.114866 0.048818 0.167069 0.126348 0.055489
INFO:save checkpoint: results/XML_top40_20240327_152350/model.ckpt
INFO:
INFO:EPOCH: 33
INFO:NDCG@10, IoU=0.3	NDCG@10, IoU=0.5	NDCG@10, IoU=0.7	NDCG@20, IoU=0.3	NDCG@20, IoU=0.5	NDCG@20, IoU=0.7	NDCG@40, IoU=0.3	NDCG@40, IoU=0.5	NDCG@40, IoU=0.7	
INFO:VAL:  0.153476 0.112663 0.040729 0.154036 0.114873 0.044336 0.166397 0.125091 0.050625
INFO:TEST:  0.151048 0.111946 0.045552 0.152893 0.114416 0.048455 0.165117 0.125829 0.055093
INFO:
INFO:EPOCH: 33
INFO:NDCG@10, IoU=0.3	NDCG@10, IoU=0.5	NDCG@10, IoU=0.7	NDCG@20, IoU=0.3	NDCG@20, IoU=0.5	NDCG@20, IoU=0.7	NDCG@40, IoU=0.3	NDCG@40, IoU=0.5	NDCG@40, IoU=0.7	
INFO:VAL:  0.155598 0.116700 0.044643 0.154467 0.115752 0.046228 0.167799 0.127331 0.053660
INFO:TEST:  0.152049 0.113706 0.047073 0.152948 0.115135 0.049659 0.165566 0.126522 0.055949
INFO:save checkpoint: results/XML_top40_20240327_152350/model.ckpt
INFO:
INFO:EPOCH: 34
INFO:NDCG@10, IoU=0.3	NDCG@10, IoU=0.5	NDCG@10, IoU=0.7	NDCG@20, IoU=0.3	NDCG@20, IoU=0.5	NDCG@20, IoU=0.7	NDCG@40, IoU=0.3	NDCG@40, IoU=0.5	NDCG@40, IoU=0.7	
INFO:VAL:  0.150050 0.109801 0.043266 0.151920 0.112754 0.044906 0.163782 0.124370 0.052243
INFO:TEST:  0.153306 0.111989 0.045543 0.154591 0.115310 0.048409 0.166982 0.126522 0.055316
INFO:
INFO:EPOCH: 34
INFO:NDCG@10, IoU=0.3	NDCG@10, IoU=0.5	NDCG@10, IoU=0.7	NDCG@20, IoU=0.3	NDCG@20, IoU=0.5	NDCG@20, IoU=0.7	NDCG@40, IoU=0.3	NDCG@40, IoU=0.5	NDCG@40, IoU=0.7	
INFO:VAL:  0.155067 0.115144 0.044611 0.157062 0.116490 0.046705 0.170014 0.127455 0.053315
INFO:TEST:  0.152394 0.113705 0.047175 0.154625 0.116804 0.049590 0.167171 0.127754 0.056358
INFO:save checkpoint: results/XML_top40_20240327_152350/model.ckpt
INFO:
INFO:EPOCH: 34
INFO:NDCG@10, IoU=0.3	NDCG@10, IoU=0.5	NDCG@10, IoU=0.7	NDCG@20, IoU=0.3	NDCG@20, IoU=0.5	NDCG@20, IoU=0.7	NDCG@40, IoU=0.3	NDCG@40, IoU=0.5	NDCG@40, IoU=0.7	
INFO:VAL:  0.148989 0.108528 0.042612 0.153219 0.112330 0.044878 0.167362 0.125324 0.052288
INFO:TEST:  0.153874 0.115999 0.048217 0.154857 0.117541 0.050507 0.167509 0.128837 0.056855
INFO:
INFO:EPOCH: 34
INFO:NDCG@10, IoU=0.3	NDCG@10, IoU=0.5	NDCG@10, IoU=0.7	NDCG@20, IoU=0.3	NDCG@20, IoU=0.5	NDCG@20, IoU=0.7	NDCG@40, IoU=0.3	NDCG@40, IoU=0.5	NDCG@40, IoU=0.7	
INFO:VAL:  0.156905 0.113130 0.044492 0.156796 0.115674 0.046706 0.170920 0.127773 0.054580
INFO:TEST:  0.153965 0.114842 0.047408 0.155142 0.116901 0.049743 0.167481 0.127878 0.056477
INFO:save checkpoint: results/XML_top40_20240327_152350/model.ckpt
INFO:
INFO:EPOCH: 35
INFO:NDCG@10, IoU=0.3	NDCG@10, IoU=0.5	NDCG@10, IoU=0.7	NDCG@20, IoU=0.3	NDCG@20, IoU=0.5	NDCG@20, IoU=0.7	NDCG@40, IoU=0.3	NDCG@40, IoU=0.5	NDCG@40, IoU=0.7	
INFO:VAL:  0.150732 0.107473 0.044071 0.152513 0.111456 0.046310 0.166310 0.123763 0.053031
INFO:TEST:  0.152630 0.112834 0.046931 0.154171 0.115800 0.049761 0.166873 0.127079 0.056026
INFO:
INFO:EPOCH: 35
INFO:NDCG@10, IoU=0.3	NDCG@10, IoU=0.5	NDCG@10, IoU=0.7	NDCG@20, IoU=0.3	NDCG@20, IoU=0.5	NDCG@20, IoU=0.7	NDCG@40, IoU=0.3	NDCG@40, IoU=0.5	NDCG@40, IoU=0.7	
INFO:VAL:  0.152327 0.109997 0.044583 0.152693 0.112805 0.046246 0.165333 0.125048 0.053317
INFO:TEST:  0.155160 0.116079 0.047793 0.156314 0.118056 0.050010 0.167964 0.128815 0.056859
INFO:
INFO:EPOCH: 35
INFO:NDCG@10, IoU=0.3	NDCG@10, IoU=0.5	NDCG@10, IoU=0.7	NDCG@20, IoU=0.3	NDCG@20, IoU=0.5	NDCG@20, IoU=0.7	NDCG@40, IoU=0.3	NDCG@40, IoU=0.5	NDCG@40, IoU=0.7	
INFO:VAL:  0.142708 0.104035 0.041972 0.147628 0.109382 0.045565 0.160646 0.121813 0.051909
INFO:TEST:  0.152101 0.113047 0.045859 0.154040 0.115771 0.048737 0.166676 0.126533 0.055250
INFO:
INFO:EPOCH: 35
INFO:NDCG@10, IoU=0.3	NDCG@10, IoU=0.5	NDCG@10, IoU=0.7	NDCG@20, IoU=0.3	NDCG@20, IoU=0.5	NDCG@20, IoU=0.7	NDCG@40, IoU=0.3	NDCG@40, IoU=0.5	NDCG@40, IoU=0.7	
INFO:VAL:  0.146844 0.108542 0.041863 0.150518 0.111221 0.044160 0.163676 0.122510 0.051899
INFO:TEST:  0.152688 0.113910 0.046434 0.154515 0.116400 0.049166 0.166662 0.127188 0.055581
INFO:
INFO:EPOCH: 36
INFO:NDCG@10, IoU=0.3	NDCG@10, IoU=0.5	NDCG@10, IoU=0.7	NDCG@20, IoU=0.3	NDCG@20, IoU=0.5	NDCG@20, IoU=0.7	NDCG@40, IoU=0.3	NDCG@40, IoU=0.5	NDCG@40, IoU=0.7	
INFO:VAL:  0.151694 0.109163 0.042922 0.155157 0.113362 0.045802 0.168949 0.125768 0.052662
INFO:TEST:  0.155012 0.115416 0.047377 0.155507 0.117802 0.050202 0.168212 0.129021 0.057067
INFO:
INFO:EPOCH: 36
INFO:NDCG@10, IoU=0.3	NDCG@10, IoU=0.5	NDCG@10, IoU=0.7	NDCG@20, IoU=0.3	NDCG@20, IoU=0.5	NDCG@20, IoU=0.7	NDCG@40, IoU=0.3	NDCG@40, IoU=0.5	NDCG@40, IoU=0.7	
INFO:VAL:  0.153024 0.110872 0.043663 0.154691 0.114311 0.045338 0.168927 0.126558 0.052786
INFO:TEST:  0.156081 0.115195 0.047709 0.157034 0.118113 0.050649 0.169040 0.129146 0.057306
INFO:
INFO:EPOCH: 36
INFO:NDCG@10, IoU=0.3	NDCG@10, IoU=0.5	NDCG@10, IoU=0.7	NDCG@20, IoU=0.3	NDCG@20, IoU=0.5	NDCG@20, IoU=0.7	NDCG@40, IoU=0.3	NDCG@40, IoU=0.5	NDCG@40, IoU=0.7	
INFO:VAL:  0.153909 0.113548 0.045478 0.155242 0.116532 0.048238 0.169613 0.129387 0.055439
INFO:TEST:  0.156712 0.116682 0.048687 0.157630 0.118554 0.050796 0.169764 0.129549 0.057347
INFO:save checkpoint: results/XML_top40_20240327_152350/model.ckpt
INFO:
INFO:EPOCH: 36
INFO:NDCG@10, IoU=0.3	NDCG@10, IoU=0.5	NDCG@10, IoU=0.7	NDCG@20, IoU=0.3	NDCG@20, IoU=0.5	NDCG@20, IoU=0.7	NDCG@40, IoU=0.3	NDCG@40, IoU=0.5	NDCG@40, IoU=0.7	
INFO:VAL:  0.153655 0.109088 0.043221 0.156088 0.114608 0.047237 0.169230 0.127416 0.054150
INFO:TEST:  0.154852 0.115865 0.048600 0.156104 0.118055 0.050981 0.168578 0.129498 0.057286
INFO:
INFO:EPOCH: 37
INFO:NDCG@10, IoU=0.3	NDCG@10, IoU=0.5	NDCG@10, IoU=0.7	NDCG@20, IoU=0.3	NDCG@20, IoU=0.5	NDCG@20, IoU=0.7	NDCG@40, IoU=0.3	NDCG@40, IoU=0.5	NDCG@40, IoU=0.7	
INFO:VAL:  0.149806 0.108048 0.045880 0.151223 0.112668 0.047726 0.165614 0.125544 0.054376
INFO:TEST:  0.156661 0.117164 0.047529 0.157228 0.118820 0.049724 0.169746 0.130251 0.056348
INFO:
INFO:EPOCH: 37
INFO:NDCG@10, IoU=0.3	NDCG@10, IoU=0.5	NDCG@10, IoU=0.7	NDCG@20, IoU=0.3	NDCG@20, IoU=0.5	NDCG@20, IoU=0.7	NDCG@40, IoU=0.3	NDCG@40, IoU=0.5	NDCG@40, IoU=0.7	
INFO:VAL:  0.154706 0.111618 0.046020 0.155312 0.116072 0.048341 0.168552 0.126480 0.053186
INFO:TEST:  0.153484 0.113865 0.047202 0.155463 0.116402 0.049601 0.168594 0.128487 0.056574
INFO:
INFO:EPOCH: 37
INFO:NDCG@10, IoU=0.3	NDCG@10, IoU=0.5	NDCG@10, IoU=0.7	NDCG@20, IoU=0.3	NDCG@20, IoU=0.5	NDCG@20, IoU=0.7	NDCG@40, IoU=0.3	NDCG@40, IoU=0.5	NDCG@40, IoU=0.7	
INFO:VAL:  0.153748 0.112012 0.042180 0.156422 0.114431 0.044813 0.170067 0.126768 0.051831
INFO:TEST:  0.155199 0.116594 0.047680 0.156641 0.118913 0.050778 0.169069 0.129737 0.056975
INFO:
INFO:EPOCH: 37
INFO:NDCG@10, IoU=0.3	NDCG@10, IoU=0.5	NDCG@10, IoU=0.7	NDCG@20, IoU=0.3	NDCG@20, IoU=0.5	NDCG@20, IoU=0.7	NDCG@40, IoU=0.3	NDCG@40, IoU=0.5	NDCG@40, IoU=0.7	
INFO:VAL:  0.158054 0.112966 0.043588 0.158365 0.115980 0.046978 0.171730 0.128128 0.053982
INFO:TEST:  0.158056 0.118883 0.049871 0.158337 0.120756 0.051611 0.171228 0.132543 0.058507
INFO:save checkpoint: results/XML_top40_20240327_152350/model.ckpt
INFO:
INFO:EPOCH: 38
INFO:NDCG@10, IoU=0.3	NDCG@10, IoU=0.5	NDCG@10, IoU=0.7	NDCG@20, IoU=0.3	NDCG@20, IoU=0.5	NDCG@20, IoU=0.7	NDCG@40, IoU=0.3	NDCG@40, IoU=0.5	NDCG@40, IoU=0.7	
INFO:VAL:  0.149495 0.107552 0.040729 0.153721 0.113144 0.045427 0.166825 0.125423 0.052855
INFO:TEST:  0.157266 0.117554 0.048103 0.158809 0.120140 0.051022 0.170484 0.130863 0.057839
INFO:
INFO:EPOCH: 38
INFO:NDCG@10, IoU=0.3	NDCG@10, IoU=0.5	NDCG@10, IoU=0.7	NDCG@20, IoU=0.3	NDCG@20, IoU=0.5	NDCG@20, IoU=0.7	NDCG@40, IoU=0.3	NDCG@40, IoU=0.5	NDCG@40, IoU=0.7	
INFO:VAL:  0.157930 0.117193 0.046841 0.157263 0.117480 0.049385 0.171550 0.129596 0.056004
INFO:TEST:  0.156053 0.115987 0.048016 0.157144 0.117835 0.050513 0.169845 0.129783 0.057525
INFO:save checkpoint: results/XML_top40_20240327_152350/model.ckpt
INFO:
INFO:EPOCH: 38
INFO:NDCG@10, IoU=0.3	NDCG@10, IoU=0.5	NDCG@10, IoU=0.7	NDCG@20, IoU=0.3	NDCG@20, IoU=0.5	NDCG@20, IoU=0.7	NDCG@40, IoU=0.3	NDCG@40, IoU=0.5	NDCG@40, IoU=0.7	
INFO:VAL:  0.153587 0.111712 0.044170 0.154622 0.113275 0.045607 0.168776 0.125222 0.052490
INFO:TEST:  0.158567 0.118185 0.048954 0.158870 0.120317 0.051096 0.171346 0.131565 0.057902
INFO:
INFO:EPOCH: 38
INFO:NDCG@10, IoU=0.3	NDCG@10, IoU=0.5	NDCG@10, IoU=0.7	NDCG@20, IoU=0.3	NDCG@20, IoU=0.5	NDCG@20, IoU=0.7	NDCG@40, IoU=0.3	NDCG@40, IoU=0.5	NDCG@40, IoU=0.7	
INFO:VAL:  0.152891 0.113139 0.042662 0.155051 0.116726 0.046004 0.168443 0.128125 0.052206
INFO:TEST:  0.160421 0.120034 0.049755 0.160966 0.121992 0.051799 0.171876 0.132308 0.058339
INFO:
INFO:EPOCH: 39
INFO:NDCG@10, IoU=0.3	NDCG@10, IoU=0.5	NDCG@10, IoU=0.7	NDCG@20, IoU=0.3	NDCG@20, IoU=0.5	NDCG@20, IoU=0.7	NDCG@40, IoU=0.3	NDCG@40, IoU=0.5	NDCG@40, IoU=0.7	
INFO:VAL:  0.154115 0.112923 0.041410 0.156619 0.116701 0.045585 0.169896 0.128516 0.052988
INFO:TEST:  0.159423 0.120857 0.049021 0.160168 0.122394 0.051519 0.171610 0.132982 0.058070
INFO:
INFO:EPOCH: 39
INFO:NDCG@10, IoU=0.3	NDCG@10, IoU=0.5	NDCG@10, IoU=0.7	NDCG@20, IoU=0.3	NDCG@20, IoU=0.5	NDCG@20, IoU=0.7	NDCG@40, IoU=0.3	NDCG@40, IoU=0.5	NDCG@40, IoU=0.7	
INFO:VAL:  0.153207 0.109164 0.043266 0.154558 0.113639 0.045826 0.167454 0.125386 0.053045
INFO:TEST:  0.158645 0.119175 0.049398 0.159100 0.121423 0.051772 0.171501 0.132065 0.058372
INFO:
INFO:EPOCH: 39
INFO:NDCG@10, IoU=0.3	NDCG@10, IoU=0.5	NDCG@10, IoU=0.7	NDCG@20, IoU=0.3	NDCG@20, IoU=0.5	NDCG@20, IoU=0.7	NDCG@40, IoU=0.3	NDCG@40, IoU=0.5	NDCG@40, IoU=0.7	
INFO:VAL:  0.152966 0.110788 0.043094 0.156078 0.115383 0.045800 0.169032 0.127818 0.054122
INFO:TEST:  0.157329 0.118489 0.048841 0.159015 0.120588 0.051562 0.171118 0.131962 0.058746
INFO:
INFO:EPOCH: 39
INFO:NDCG@10, IoU=0.3	NDCG@10, IoU=0.5	NDCG@10, IoU=0.7	NDCG@20, IoU=0.3	NDCG@20, IoU=0.5	NDCG@20, IoU=0.7	NDCG@40, IoU=0.3	NDCG@40, IoU=0.5	NDCG@40, IoU=0.7	
INFO:VAL:  0.155738 0.111665 0.046133 0.156355 0.113926 0.047263 0.170656 0.128082 0.056101
INFO:TEST:  0.158972 0.118183 0.048780 0.160215 0.121254 0.051829 0.171912 0.132220 0.057971
INFO:
INFO:EPOCH: 40
INFO:NDCG@10, IoU=0.3	NDCG@10, IoU=0.5	NDCG@10, IoU=0.7	NDCG@20, IoU=0.3	NDCG@20, IoU=0.5	NDCG@20, IoU=0.7	NDCG@40, IoU=0.3	NDCG@40, IoU=0.5	NDCG@40, IoU=0.7	
INFO:VAL:  0.156921 0.112153 0.043334 0.160132 0.117137 0.046497 0.173352 0.130004 0.054269
INFO:TEST:  0.158136 0.118474 0.049476 0.159619 0.121008 0.051926 0.171543 0.132250 0.058573
INFO:
INFO:EPOCH: 40
INFO:NDCG@10, IoU=0.3	NDCG@10, IoU=0.5	NDCG@10, IoU=0.7	NDCG@20, IoU=0.3	NDCG@20, IoU=0.5	NDCG@20, IoU=0.7	NDCG@40, IoU=0.3	NDCG@40, IoU=0.5	NDCG@40, IoU=0.7	
INFO:VAL:  0.159614 0.117848 0.045648 0.159781 0.118502 0.046855 0.174092 0.132424 0.053760
INFO:TEST:  0.157335 0.119378 0.049911 0.157741 0.120256 0.052072 0.170827 0.132158 0.059209
INFO:save checkpoint: results/XML_top40_20240327_152350/model.ckpt
INFO:
INFO:EPOCH: 40
INFO:NDCG@10, IoU=0.3	NDCG@10, IoU=0.5	NDCG@10, IoU=0.7	NDCG@20, IoU=0.3	NDCG@20, IoU=0.5	NDCG@20, IoU=0.7	NDCG@40, IoU=0.3	NDCG@40, IoU=0.5	NDCG@40, IoU=0.7	
INFO:VAL:  0.156885 0.111645 0.043917 0.157513 0.114965 0.046208 0.170165 0.126654 0.052752
INFO:TEST:  0.157094 0.118203 0.048565 0.158760 0.120474 0.051126 0.171302 0.132054 0.057896
INFO:
INFO:EPOCH: 40
INFO:NDCG@10, IoU=0.3	NDCG@10, IoU=0.5	NDCG@10, IoU=0.7	NDCG@20, IoU=0.3	NDCG@20, IoU=0.5	NDCG@20, IoU=0.7	NDCG@40, IoU=0.3	NDCG@40, IoU=0.5	NDCG@40, IoU=0.7	
INFO:VAL:  0.152613 0.110265 0.042544 0.153754 0.114399 0.046175 0.166953 0.126192 0.053657
INFO:TEST:  0.159267 0.118954 0.049206 0.160435 0.121279 0.051771 0.172668 0.132324 0.058455
INFO:
INFO:EPOCH: 41
INFO:NDCG@10, IoU=0.3	NDCG@10, IoU=0.5	NDCG@10, IoU=0.7	NDCG@20, IoU=0.3	NDCG@20, IoU=0.5	NDCG@20, IoU=0.7	NDCG@40, IoU=0.3	NDCG@40, IoU=0.5	NDCG@40, IoU=0.7	
INFO:VAL:  0.159878 0.118762 0.046305 0.160272 0.119299 0.047693 0.172914 0.131908 0.054525
INFO:TEST:  0.156394 0.117347 0.049865 0.158581 0.120491 0.052399 0.170747 0.131259 0.058917
INFO:save checkpoint: results/XML_top40_20240327_152350/model.ckpt
INFO:
INFO:EPOCH: 41
INFO:NDCG@10, IoU=0.3	NDCG@10, IoU=0.5	NDCG@10, IoU=0.7	NDCG@20, IoU=0.3	NDCG@20, IoU=0.5	NDCG@20, IoU=0.7	NDCG@40, IoU=0.3	NDCG@40, IoU=0.5	NDCG@40, IoU=0.7	
INFO:VAL:  0.156318 0.112739 0.047044 0.157756 0.115383 0.047368 0.170799 0.127744 0.054635
INFO:TEST:  0.157532 0.118198 0.049110 0.159015 0.121039 0.052065 0.171610 0.132611 0.059120
INFO:
INFO:EPOCH: 41
INFO:NDCG@10, IoU=0.3	NDCG@10, IoU=0.5	NDCG@10, IoU=0.7	NDCG@20, IoU=0.3	NDCG@20, IoU=0.5	NDCG@20, IoU=0.7	NDCG@40, IoU=0.3	NDCG@40, IoU=0.5	NDCG@40, IoU=0.7	
INFO:VAL:  0.155042 0.113327 0.045962 0.158671 0.117190 0.047492 0.172003 0.129054 0.054939
INFO:TEST:  0.159695 0.118725 0.049974 0.161368 0.121234 0.052554 0.173255 0.132566 0.059053
INFO:
INFO:EPOCH: 41
INFO:NDCG@10, IoU=0.3	NDCG@10, IoU=0.5	NDCG@10, IoU=0.7	NDCG@20, IoU=0.3	NDCG@20, IoU=0.5	NDCG@20, IoU=0.7	NDCG@40, IoU=0.3	NDCG@40, IoU=0.5	NDCG@40, IoU=0.7	
INFO:VAL:  0.155797 0.112648 0.044488 0.156958 0.114534 0.046544 0.170795 0.126940 0.053829
INFO:TEST:  0.159189 0.119190 0.049082 0.159499 0.120717 0.051514 0.172152 0.132199 0.058088
INFO:
INFO:EPOCH: 42
INFO:NDCG@10, IoU=0.3	NDCG@10, IoU=0.5	NDCG@10, IoU=0.7	NDCG@20, IoU=0.3	NDCG@20, IoU=0.5	NDCG@20, IoU=0.7	NDCG@40, IoU=0.3	NDCG@40, IoU=0.5	NDCG@40, IoU=0.7	
INFO:VAL:  0.154391 0.112080 0.043819 0.155916 0.114246 0.045783 0.169695 0.126942 0.053121
INFO:TEST:  0.158976 0.120745 0.050155 0.160578 0.122715 0.052763 0.172953 0.134167 0.059619
INFO:
INFO:EPOCH: 42
INFO:NDCG@10, IoU=0.3	NDCG@10, IoU=0.5	NDCG@10, IoU=0.7	NDCG@20, IoU=0.3	NDCG@20, IoU=0.5	NDCG@20, IoU=0.7	NDCG@40, IoU=0.3	NDCG@40, IoU=0.5	NDCG@40, IoU=0.7	
INFO:VAL:  0.150499 0.110642 0.043882 0.154029 0.115895 0.047157 0.167480 0.127148 0.054439
INFO:TEST:  0.159516 0.121076 0.050312 0.160818 0.122881 0.052668 0.172727 0.133648 0.059411
INFO:
INFO:EPOCH: 42
INFO:NDCG@10, IoU=0.3	NDCG@10, IoU=0.5	NDCG@10, IoU=0.7	NDCG@20, IoU=0.3	NDCG@20, IoU=0.5	NDCG@20, IoU=0.7	NDCG@40, IoU=0.3	NDCG@40, IoU=0.5	NDCG@40, IoU=0.7	
INFO:VAL:  0.157550 0.114520 0.044258 0.159125 0.117583 0.047188 0.172593 0.129148 0.054615
INFO:TEST:  0.159689 0.119754 0.048747 0.160522 0.121341 0.051322 0.172813 0.132593 0.058031
INFO:
INFO:EPOCH: 42
INFO:NDCG@10, IoU=0.3	NDCG@10, IoU=0.5	NDCG@10, IoU=0.7	NDCG@20, IoU=0.3	NDCG@20, IoU=0.5	NDCG@20, IoU=0.7	NDCG@40, IoU=0.3	NDCG@40, IoU=0.5	NDCG@40, IoU=0.7	
INFO:VAL:  0.161356 0.116792 0.045028 0.163405 0.120587 0.047842 0.175890 0.131704 0.055145
INFO:TEST:  0.159712 0.119422 0.050028 0.160403 0.121396 0.051981 0.172700 0.132396 0.058649
INFO:save checkpoint: results/XML_top40_20240327_152350/model.ckpt
INFO:
INFO:EPOCH: 43
INFO:NDCG@10, IoU=0.3	NDCG@10, IoU=0.5	NDCG@10, IoU=0.7	NDCG@20, IoU=0.3	NDCG@20, IoU=0.5	NDCG@20, IoU=0.7	NDCG@40, IoU=0.3	NDCG@40, IoU=0.5	NDCG@40, IoU=0.7	
INFO:VAL:  0.159809 0.116354 0.043796 0.160867 0.119034 0.047261 0.174047 0.130157 0.053436
INFO:TEST:  0.158977 0.120075 0.050169 0.159543 0.121511 0.052565 0.171601 0.132598 0.058645
INFO:
INFO:EPOCH: 43
INFO:NDCG@10, IoU=0.3	NDCG@10, IoU=0.5	NDCG@10, IoU=0.7	NDCG@20, IoU=0.3	NDCG@20, IoU=0.5	NDCG@20, IoU=0.7	NDCG@40, IoU=0.3	NDCG@40, IoU=0.5	NDCG@40, IoU=0.7	
INFO:VAL:  0.159433 0.118323 0.048341 0.159997 0.119942 0.049661 0.173006 0.131127 0.055788
INFO:TEST:  0.160442 0.121568 0.049600 0.161745 0.124086 0.052251 0.172960 0.134509 0.058940
INFO:
INFO:EPOCH: 43
INFO:NDCG@10, IoU=0.3	NDCG@10, IoU=0.5	NDCG@10, IoU=0.7	NDCG@20, IoU=0.3	NDCG@20, IoU=0.5	NDCG@20, IoU=0.7	NDCG@40, IoU=0.3	NDCG@40, IoU=0.5	NDCG@40, IoU=0.7	
INFO:VAL:  0.156512 0.115007 0.045333 0.155500 0.116886 0.047597 0.170652 0.129569 0.055482
INFO:TEST:  0.160203 0.120330 0.050472 0.161672 0.122924 0.052972 0.173650 0.133966 0.059458
INFO:
INFO:EPOCH: 43
INFO:NDCG@10, IoU=0.3	NDCG@10, IoU=0.5	NDCG@10, IoU=0.7	NDCG@20, IoU=0.3	NDCG@20, IoU=0.5	NDCG@20, IoU=0.7	NDCG@40, IoU=0.3	NDCG@40, IoU=0.5	NDCG@40, IoU=0.7	
INFO:VAL:  0.157168 0.116595 0.045303 0.159175 0.119519 0.048021 0.172454 0.131894 0.055867
INFO:TEST:  0.158979 0.120471 0.050085 0.161081 0.122456 0.053099 0.173162 0.133484 0.059724
INFO:
INFO:EPOCH: 44
INFO:NDCG@10, IoU=0.3	NDCG@10, IoU=0.5	NDCG@10, IoU=0.7	NDCG@20, IoU=0.3	NDCG@20, IoU=0.5	NDCG@20, IoU=0.7	NDCG@40, IoU=0.3	NDCG@40, IoU=0.5	NDCG@40, IoU=0.7	
INFO:VAL:  0.155697 0.114489 0.045399 0.158120 0.118103 0.049696 0.170149 0.128947 0.056089
INFO:TEST:  0.160930 0.120700 0.051131 0.162311 0.122840 0.053025 0.174737 0.134243 0.060109
INFO:
INFO:EPOCH: 44
INFO:NDCG@10, IoU=0.3	NDCG@10, IoU=0.5	NDCG@10, IoU=0.7	NDCG@20, IoU=0.3	NDCG@20, IoU=0.5	NDCG@20, IoU=0.7	NDCG@40, IoU=0.3	NDCG@40, IoU=0.5	NDCG@40, IoU=0.7	
INFO:VAL:  0.160138 0.117975 0.045068 0.161585 0.122114 0.048728 0.173594 0.132764 0.055142
INFO:TEST:  0.159038 0.119447 0.048381 0.160404 0.121589 0.051772 0.172971 0.133303 0.058477
INFO:
INFO:EPOCH: 44
INFO:NDCG@10, IoU=0.3	NDCG@10, IoU=0.5	NDCG@10, IoU=0.7	NDCG@20, IoU=0.3	NDCG@20, IoU=0.5	NDCG@20, IoU=0.7	NDCG@40, IoU=0.3	NDCG@40, IoU=0.5	NDCG@40, IoU=0.7	
INFO:VAL:  0.161131 0.117452 0.046910 0.162330 0.119594 0.047924 0.176634 0.132129 0.055532
INFO:TEST:  0.158609 0.118613 0.049393 0.160278 0.121793 0.052491 0.172465 0.132467 0.058678
INFO:save checkpoint: results/XML_top40_20240327_152350/model.ckpt
INFO:
INFO:EPOCH: 44
INFO:NDCG@10, IoU=0.3	NDCG@10, IoU=0.5	NDCG@10, IoU=0.7	NDCG@20, IoU=0.3	NDCG@20, IoU=0.5	NDCG@20, IoU=0.7	NDCG@40, IoU=0.3	NDCG@40, IoU=0.5	NDCG@40, IoU=0.7	
INFO:VAL:  0.162129 0.117724 0.049016 0.162306 0.119872 0.050639 0.175461 0.131474 0.057059
INFO:TEST:  0.161480 0.121362 0.050603 0.161735 0.122754 0.052191 0.174297 0.133951 0.058987
INFO:save checkpoint: results/XML_top40_20240327_152350/model.ckpt
INFO:
INFO:EPOCH: 45
INFO:NDCG@10, IoU=0.3	NDCG@10, IoU=0.5	NDCG@10, IoU=0.7	NDCG@20, IoU=0.3	NDCG@20, IoU=0.5	NDCG@20, IoU=0.7	NDCG@40, IoU=0.3	NDCG@40, IoU=0.5	NDCG@40, IoU=0.7	
INFO:VAL:  0.157579 0.115031 0.046013 0.160633 0.119637 0.049110 0.173927 0.131545 0.055490
INFO:TEST:  0.161700 0.121090 0.050550 0.161826 0.122247 0.052221 0.174271 0.133707 0.059240
INFO:
INFO:EPOCH: 45
INFO:NDCG@10, IoU=0.3	NDCG@10, IoU=0.5	NDCG@10, IoU=0.7	NDCG@20, IoU=0.3	NDCG@20, IoU=0.5	NDCG@20, IoU=0.7	NDCG@40, IoU=0.3	NDCG@40, IoU=0.5	NDCG@40, IoU=0.7	
INFO:VAL:  0.164690 0.119645 0.047550 0.164910 0.121805 0.048720 0.176046 0.132785 0.055631
INFO:TEST:  0.162088 0.121558 0.050252 0.162463 0.123199 0.052656 0.174391 0.134298 0.059508
INFO:save checkpoint: results/XML_top40_20240327_152350/model.ckpt
INFO:
INFO:EPOCH: 45
INFO:NDCG@10, IoU=0.3	NDCG@10, IoU=0.5	NDCG@10, IoU=0.7	NDCG@20, IoU=0.3	NDCG@20, IoU=0.5	NDCG@20, IoU=0.7	NDCG@40, IoU=0.3	NDCG@40, IoU=0.5	NDCG@40, IoU=0.7	
INFO:VAL:  0.161090 0.117330 0.048081 0.162909 0.121607 0.050605 0.176495 0.134151 0.058181
INFO:TEST:  0.160882 0.122833 0.052630 0.161314 0.123791 0.054387 0.173533 0.134708 0.060560
INFO:
INFO:EPOCH: 45
INFO:NDCG@10, IoU=0.3	NDCG@10, IoU=0.5	NDCG@10, IoU=0.7	NDCG@20, IoU=0.3	NDCG@20, IoU=0.5	NDCG@20, IoU=0.7	NDCG@40, IoU=0.3	NDCG@40, IoU=0.5	NDCG@40, IoU=0.7	
INFO:VAL:  0.155180 0.116192 0.045899 0.159771 0.122016 0.049056 0.173386 0.133743 0.057082
INFO:TEST:  0.161458 0.121421 0.051304 0.162540 0.123440 0.052892 0.174756 0.134740 0.059666
INFO:
INFO:EPOCH: 46
INFO:NDCG@10, IoU=0.3	NDCG@10, IoU=0.5	NDCG@10, IoU=0.7	NDCG@20, IoU=0.3	NDCG@20, IoU=0.5	NDCG@20, IoU=0.7	NDCG@40, IoU=0.3	NDCG@40, IoU=0.5	NDCG@40, IoU=0.7	
INFO:VAL:  0.161381 0.119759 0.047432 0.163871 0.122898 0.049696 0.176950 0.134571 0.057240
INFO:TEST:  0.159429 0.120847 0.050805 0.160476 0.122439 0.053031 0.173531 0.133433 0.059665
INFO:save checkpoint: results/XML_top40_20240327_152350/model.ckpt
INFO:
INFO:EPOCH: 46
INFO:NDCG@10, IoU=0.3	NDCG@10, IoU=0.5	NDCG@10, IoU=0.7	NDCG@20, IoU=0.3	NDCG@20, IoU=0.5	NDCG@20, IoU=0.7	NDCG@40, IoU=0.3	NDCG@40, IoU=0.5	NDCG@40, IoU=0.7	
INFO:VAL:  0.159304 0.117862 0.044180 0.161691 0.120612 0.047939 0.175761 0.133288 0.055419
INFO:TEST:  0.159346 0.121196 0.050788 0.160465 0.122820 0.052639 0.173002 0.134011 0.059600
INFO:
INFO:EPOCH: 46
INFO:NDCG@10, IoU=0.3	NDCG@10, IoU=0.5	NDCG@10, IoU=0.7	NDCG@20, IoU=0.3	NDCG@20, IoU=0.5	NDCG@20, IoU=0.7	NDCG@40, IoU=0.3	NDCG@40, IoU=0.5	NDCG@40, IoU=0.7	
INFO:VAL:  0.158712 0.116088 0.043189 0.161772 0.119866 0.048206 0.174553 0.131677 0.056068
INFO:TEST:  0.159651 0.119808 0.049866 0.161619 0.122901 0.053075 0.174357 0.134307 0.059453
INFO:
INFO:EPOCH: 46
INFO:NDCG@10, IoU=0.3	NDCG@10, IoU=0.5	NDCG@10, IoU=0.7	NDCG@20, IoU=0.3	NDCG@20, IoU=0.5	NDCG@20, IoU=0.7	NDCG@40, IoU=0.3	NDCG@40, IoU=0.5	NDCG@40, IoU=0.7	
INFO:VAL:  0.157731 0.114173 0.044175 0.160135 0.117556 0.047594 0.173388 0.130149 0.054245
INFO:TEST:  0.160938 0.120549 0.049762 0.162396 0.122749 0.052422 0.174568 0.133816 0.059246
INFO:
INFO:EPOCH: 47
INFO:NDCG@10, IoU=0.3	NDCG@10, IoU=0.5	NDCG@10, IoU=0.7	NDCG@20, IoU=0.3	NDCG@20, IoU=0.5	NDCG@20, IoU=0.7	NDCG@40, IoU=0.3	NDCG@40, IoU=0.5	NDCG@40, IoU=0.7	
INFO:VAL:  0.161512 0.118687 0.044726 0.162971 0.121272 0.048271 0.175085 0.132631 0.055185
INFO:TEST:  0.158842 0.120657 0.050170 0.160588 0.122747 0.052608 0.173402 0.134220 0.059149
INFO:
INFO:EPOCH: 47
INFO:NDCG@10, IoU=0.3	NDCG@10, IoU=0.5	NDCG@10, IoU=0.7	NDCG@20, IoU=0.3	NDCG@20, IoU=0.5	NDCG@20, IoU=0.7	NDCG@40, IoU=0.3	NDCG@40, IoU=0.5	NDCG@40, IoU=0.7	
INFO:VAL:  0.162044 0.119973 0.047991 0.163573 0.122723 0.051105 0.177136 0.134829 0.058623
INFO:TEST:  0.161565 0.120748 0.050164 0.162832 0.123068 0.052928 0.175290 0.134375 0.059564
INFO:save checkpoint: results/XML_top40_20240327_152350/model.ckpt
INFO:
INFO:EPOCH: 47
INFO:NDCG@10, IoU=0.3	NDCG@10, IoU=0.5	NDCG@10, IoU=0.7	NDCG@20, IoU=0.3	NDCG@20, IoU=0.5	NDCG@20, IoU=0.7	NDCG@40, IoU=0.3	NDCG@40, IoU=0.5	NDCG@40, IoU=0.7	
INFO:VAL:  0.163515 0.121489 0.047158 0.164255 0.124214 0.050426 0.176693 0.135575 0.058161
INFO:TEST:  0.162411 0.122841 0.051427 0.163648 0.125011 0.053919 0.176081 0.136429 0.060709
INFO:save checkpoint: results/XML_top40_20240327_152350/model.ckpt
INFO:
INFO:EPOCH: 47
INFO:NDCG@10, IoU=0.3	NDCG@10, IoU=0.5	NDCG@10, IoU=0.7	NDCG@20, IoU=0.3	NDCG@20, IoU=0.5	NDCG@20, IoU=0.7	NDCG@40, IoU=0.3	NDCG@40, IoU=0.5	NDCG@40, IoU=0.7	
INFO:VAL:  0.160378 0.119228 0.047422 0.162082 0.121429 0.049728 0.174599 0.133678 0.058313
INFO:TEST:  0.163168 0.122987 0.051281 0.163163 0.123899 0.053312 0.175817 0.135251 0.059680
INFO:
INFO:EPOCH: 48
INFO:NDCG@10, IoU=0.3	NDCG@10, IoU=0.5	NDCG@10, IoU=0.7	NDCG@20, IoU=0.3	NDCG@20, IoU=0.5	NDCG@20, IoU=0.7	NDCG@40, IoU=0.3	NDCG@40, IoU=0.5	NDCG@40, IoU=0.7	
INFO:VAL:  0.157024 0.117312 0.045358 0.158003 0.118781 0.047856 0.171571 0.130933 0.055834
INFO:TEST:  0.161996 0.120833 0.049316 0.163458 0.123232 0.051973 0.175656 0.135000 0.059069
INFO:
INFO:EPOCH: 48
INFO:NDCG@10, IoU=0.3	NDCG@10, IoU=0.5	NDCG@10, IoU=0.7	NDCG@20, IoU=0.3	NDCG@20, IoU=0.5	NDCG@20, IoU=0.7	NDCG@40, IoU=0.3	NDCG@40, IoU=0.5	NDCG@40, IoU=0.7	
INFO:VAL:  0.156036 0.115143 0.044814 0.157905 0.118859 0.047162 0.171448 0.131623 0.054459
INFO:TEST:  0.164198 0.123749 0.051251 0.165341 0.126246 0.053657 0.177065 0.137226 0.060024
INFO:
INFO:EPOCH: 48
INFO:NDCG@10, IoU=0.3	NDCG@10, IoU=0.5	NDCG@10, IoU=0.7	NDCG@20, IoU=0.3	NDCG@20, IoU=0.5	NDCG@20, IoU=0.7	NDCG@40, IoU=0.3	NDCG@40, IoU=0.5	NDCG@40, IoU=0.7	
INFO:VAL:  0.164320 0.117425 0.046234 0.165009 0.121486 0.049658 0.178970 0.133580 0.057525
INFO:TEST:  0.162485 0.120878 0.051293 0.163340 0.123427 0.053824 0.175674 0.135002 0.060601
INFO:
INFO:EPOCH: 48
INFO:NDCG@10, IoU=0.3	NDCG@10, IoU=0.5	NDCG@10, IoU=0.7	NDCG@20, IoU=0.3	NDCG@20, IoU=0.5	NDCG@20, IoU=0.7	NDCG@40, IoU=0.3	NDCG@40, IoU=0.5	NDCG@40, IoU=0.7	
INFO:VAL:  0.160642 0.118609 0.045997 0.163150 0.122428 0.049549 0.173851 0.132735 0.055721
INFO:TEST:  0.164571 0.122893 0.050965 0.165051 0.125269 0.053088 0.177786 0.136954 0.060299
INFO:
INFO:EPOCH: 49
INFO:NDCG@10, IoU=0.3	NDCG@10, IoU=0.5	NDCG@10, IoU=0.7	NDCG@20, IoU=0.3	NDCG@20, IoU=0.5	NDCG@20, IoU=0.7	NDCG@40, IoU=0.3	NDCG@40, IoU=0.5	NDCG@40, IoU=0.7	
INFO:VAL:  0.156509 0.115759 0.045735 0.159043 0.120892 0.048309 0.173635 0.132183 0.055940
INFO:TEST:  0.162860 0.121685 0.051696 0.164199 0.124171 0.053865 0.175892 0.135456 0.059986
INFO:
INFO:EPOCH: 49
INFO:NDCG@10, IoU=0.3	NDCG@10, IoU=0.5	NDCG@10, IoU=0.7	NDCG@20, IoU=0.3	NDCG@20, IoU=0.5	NDCG@20, IoU=0.7	NDCG@40, IoU=0.3	NDCG@40, IoU=0.5	NDCG@40, IoU=0.7	
INFO:VAL:  0.161386 0.119635 0.048194 0.164380 0.124171 0.052535 0.176442 0.135163 0.059334
INFO:TEST:  0.164287 0.122991 0.051567 0.165191 0.125326 0.053669 0.177405 0.136580 0.060195
INFO:
INFO:EPOCH: 49
INFO:NDCG@10, IoU=0.3	NDCG@10, IoU=0.5	NDCG@10, IoU=0.7	NDCG@20, IoU=0.3	NDCG@20, IoU=0.5	NDCG@20, IoU=0.7	NDCG@40, IoU=0.3	NDCG@40, IoU=0.5	NDCG@40, IoU=0.7	
INFO:VAL:  0.154199 0.113116 0.044996 0.158305 0.119631 0.049838 0.171371 0.130549 0.055996
INFO:TEST:  0.164368 0.122672 0.052684 0.165333 0.125763 0.055022 0.176738 0.136223 0.061184
INFO:
INFO:EPOCH: 49
INFO:NDCG@10, IoU=0.3	NDCG@10, IoU=0.5	NDCG@10, IoU=0.7	NDCG@20, IoU=0.3	NDCG@20, IoU=0.5	NDCG@20, IoU=0.7	NDCG@40, IoU=0.3	NDCG@40, IoU=0.5	NDCG@40, IoU=0.7	
INFO:VAL:  0.163057 0.119216 0.044709 0.163559 0.122339 0.046766 0.176369 0.134357 0.054968
INFO:TEST:  0.165407 0.124543 0.052056 0.165999 0.126631 0.054803 0.177955 0.137335 0.061643
INFO:
INFO:EPOCH: 50
INFO:NDCG@10, IoU=0.3	NDCG@10, IoU=0.5	NDCG@10, IoU=0.7	NDCG@20, IoU=0.3	NDCG@20, IoU=0.5	NDCG@20, IoU=0.7	NDCG@40, IoU=0.3	NDCG@40, IoU=0.5	NDCG@40, IoU=0.7	
INFO:VAL:  0.159295 0.116838 0.045122 0.161450 0.120191 0.048655 0.173885 0.132709 0.055995
INFO:TEST:  0.163212 0.124224 0.051512 0.163707 0.125502 0.054082 0.175865 0.136499 0.060701
INFO:
INFO:EPOCH: 50
INFO:NDCG@10, IoU=0.3	NDCG@10, IoU=0.5	NDCG@10, IoU=0.7	NDCG@20, IoU=0.3	NDCG@20, IoU=0.5	NDCG@20, IoU=0.7	NDCG@40, IoU=0.3	NDCG@40, IoU=0.5	NDCG@40, IoU=0.7	
INFO:VAL:  0.157464 0.114195 0.043583 0.159799 0.118410 0.047936 0.173127 0.131831 0.055892
INFO:TEST:  0.163057 0.122777 0.051884 0.164221 0.124567 0.053825 0.176448 0.135574 0.060654
INFO:
INFO:EPOCH: 50
INFO:NDCG@10, IoU=0.3	NDCG@10, IoU=0.5	NDCG@10, IoU=0.7	NDCG@20, IoU=0.3	NDCG@20, IoU=0.5	NDCG@20, IoU=0.7	NDCG@40, IoU=0.3	NDCG@40, IoU=0.5	NDCG@40, IoU=0.7	
INFO:VAL:  0.155276 0.112846 0.042675 0.157116 0.117644 0.046256 0.171946 0.130245 0.054046
INFO:TEST:  0.163170 0.122126 0.051581 0.163910 0.124084 0.053731 0.176023 0.135264 0.060449
INFO:
INFO:EPOCH: 50
INFO:NDCG@10, IoU=0.3	NDCG@10, IoU=0.5	NDCG@10, IoU=0.7	NDCG@20, IoU=0.3	NDCG@20, IoU=0.5	NDCG@20, IoU=0.7	NDCG@40, IoU=0.3	NDCG@40, IoU=0.5	NDCG@40, IoU=0.7	
INFO:VAL:  0.155847 0.116398 0.043475 0.158087 0.119543 0.046255 0.171442 0.131248 0.054024
INFO:TEST:  0.162661 0.122454 0.050153 0.163884 0.124554 0.052800 0.176240 0.136217 0.060295
INFO:


INFO: BEST EPOCH 47 (based on NDCG@20, IoU=0.5)
INFO:VAL:  0.163515 0.121489 0.047158 0.164255 0.124214 0.050426 0.176693 0.135575 0.058161
INFO:TEST:  0.162411 0.122841 0.051427 0.163648 0.125011 0.053919 0.176081 0.136429 0.060709